*** Life<ConwayCell> 12x11 ***

Generation = 0, Population = 25.
...*.......
....*...*..
*..........
.......*...
..*.......*
...........
..*....**.*
**.*.*.*..*
.....*.*...
....*.*....
..*....*.*.
*..........

Generation = 5, Population = 23.
...........
...........
...........
...........
......*....
..**.**....
.*.*.....**
.*...*.....
..**.**....
..**.......
.....****..
......**...

Generation = 10, Population = 17.
...........
...........
...........
...........
...*.......
..*....*...
......**...
..*........
..**.*.....
.*....*....
..****.....
....**.....

Generation = 15, Population = 8.
...........
...........
...........
...........
...........
...........
.....**....
.....**....
**.........
**.........
...........
...........

Generation = 20, Population = 8.
...........
...........
...........
...........
...........
...........
.....**....
.....**....
**.........
**.........
...........
...........

Generation = 25, Population = 8.
...........
...........
...........
...........
...........
...........
.....**....
.....**....
**.........
**.........
...........
...........

Generation = 30, Population = 8.
...........
...........
...........
...........
...........
...........
.....**....
.....**....
**.........
**.........
...........
...........

Generation = 35, Population = 8.
...........
...........
...........
...........
...........
...........
.....**....
.....**....
**.........
**.........
...........
...........

Generation = 40, Population = 8.
...........
...........
...........
...........
...........
...........
.....**....
.....**....
**.........
**.........
...........
...........

Generation = 45, Population = 8.
...........
...........
...........
...........
...........
...........
.....**....
.....**....
**.........
**.........
...........
...........

Generation = 50, Population = 8.
...........
...........
...........
...........
...........
...........
.....**....
.....**....
**.........
**.........
...........
...........

*** Life<ConwayCell> 6x6 ***

Generation = 0, Population = 13.
*.**..
*....*
****.*
..*..*
...*..
......

Generation = 2, Population = 3.
......
*.*...
.*....
......
......
......

Generation = 4, Population = 0.
......
......
......
......
......
......

Generation = 6, Population = 0.
......
......
......
......
......
......

Generation = 8, Population = 0.
......
......
......
......
......
......

Generation = 10, Population = 0.
......
......
......
......
......
......

Generation = 12, Population = 0.
......
......
......
......
......
......

Generation = 14, Population = 0.
......
......
......
......
......
......

Generation = 16, Population = 0.
......
......
......
......
......
......

Generation = 18, Population = 0.
......
......
......
......
......
......

Generation = 20, Population = 0.
......
......
......
......
......
......

*** Life<ConwayCell> 8x9 ***

Generation = 0, Population = 14.
........*
**...**..
..**....*
*..**....
.......*.
......*..
......*..
.........

Generation = 10, Population = 6.
.........
.........
..**.....
.*..*....
..**.....
.........
.........
.........

Generation = 20, Population = 6.
.........
.........
..**.....
.*..*....
..**.....
.........
.........
.........

*** Life<ConwayCell> 5x6 ***

Generation = 0, Population = 14.
*..*..
..**.*
.**..*
.*.***
..*.*.

Generation = 1, Population = 11.
..***.
...*..
.*...*
.*...*
..*.**

Generation = 2, Population = 11.
..***.
...*..
..*.*.
.**..*
....**

Generation = 3, Population = 11.
..***.
......
.**.*.
.**..*
....**

Generation = 4, Population = 11.
...*..
.*..*.
.***..
.**..*
....**

Generation = 5, Population = 9.
......
.*..*.
*..**.
.*...*
....**

Generation = 6, Population = 12.
......
...**.
******
...*.*
....**

Generation = 7, Population = 7.
......
.*...*
.*...*
.*....
....**

Generation = 8, Population = 5.
......
......
***...
....**
......

Generation = 9, Population = 3.
......
.*....
.*....
.*....
......

Generation = 10, Population = 3.
......
......
***...
......
......

*** Life<ConwayCell> 10x9 ***

Generation = 0, Population = 20.
..*....*.
......*.*
......*..
.....**.*
.......*.
.*......*
..**.....
..**.....
...*.**..
.**......

Generation = 10, Population = 17.
....**.**
....**.**
.........
...**.**.
...**.**.
.....*...
.........
.........
.........
.........

Generation = 20, Population = 2.
.........
.........
.........
.........
.........
.........
.........
.........
....**...
.........

*** Life<ConwayCell> 9x9 ***

Generation = 0, Population = 20.
.*.*.....
.........
........*
........*
....***..
.*.*..*..
.**..*.**
...*.*...
.*.*.*...

Generation = 5, Population = 26.
.........
.........
.....*...
...*****.
..**...*.
.**..*..*
**...**..
*.*****..
.***.....

Generation = 10, Population = 9.
.........
.........
.........
..*......
.........
.........
...**.*..
...****..
.....*...

*** Life<ConwayCell> 9x8 ***

Generation = 0, Population = 26.
......*.
...*....
*..**...
**.....*
**...*.*
....*.*.
****.*.*
...**.*.
**....*.

Generation = 5, Population = 21.
........
........
....***.
.**.**..
.*......
.*.***.*
.*..*..*
.***..**
........

Generation = 10, Population = 13.
........
.....**.
....*...
.....**.
....**..
....*.*.
......*.
...*....
...**...

Generation = 15, Population = 10.
........
........
........
........
........
...**...
..**.*..
.*...*..
..***...

Generation = 20, Population = 19.
........
........
........
...*....
..***...
.*.*.*..
***.***.
.*.*.*..
..***...

*** Life<ConwayCell> 9x9 ***

Generation = 0, Population = 21.
.*.......
....*....
.**..*.*.
.**......
*.*.*..*.
.*..*....
.*....*.*
..*......
...*...**

Generation = 5, Population = 18.
..*......
****.....
*..**....
*........
**.......
*..*.....
*.**.....
.**......
.........

Generation = 10, Population = 22.
****.....
*...*....
*...*....
.*.......
.*.**....
....*....
*.*.*....
*...*....
****.....

*** Life<ConwayCell> 5x10 ***

Generation = 0, Population = 8.
..........
........*.
..........
*..*..*.*.
*.*....*..

Generation = 2, Population = 3.
..........
..........
..........
......***.
..........

Generation = 4, Population = 3.
..........
..........
..........
......***.
..........

Generation = 6, Population = 3.
..........
..........
..........
......***.
..........

*** Life<ConwayCell> 11x12 ***

Generation = 0, Population = 22.
..*..*..*...
...*...***..
..*....*....
.....*..*..*
............
....*.......
...*.....*..
..*......*..
....**...*..
............
*.....*.....

Generation = 5, Population = 5.
............
............
............
............
............
............
............
....**..***.
............
............
............

Generation = 10, Population = 3.
............
............
............
............
............
............
.........*..
.........*..
.........*..
............
............

Generation = 15, Population = 3.
............
............
............
............
............
............
............
........***.
............
............
............

Generation = 20, Population = 3.
............
............
............
............
............
............
.........*..
.........*..
.........*..
............
............

*** Life<ConwayCell> 10x10 ***

Generation = 0, Population = 13.
.**.....*.
.........*
**........
..........
.........*
...*...*..
..........
...*......
..*.......
......**..

Generation = 2, Population = 0.
..........
..........
..........
..........
..........
..........
..........
..........
..........
..........

Generation = 4, Population = 0.
..........
..........
..........
..........
..........
..........
..........
..........
..........
..........

*** Life<ConwayCell> 10x11 ***

Generation = 0, Population = 14.
....*.....*
.....**....
...*.......
...........
.*......*..
....*......
...*..*...*
...*...*...
.........*.
...........

Generation = 10, Population = 4.
....**.....
....**.....
...........
...........
...........
...........
...........
...........
...........
...........

Generation = 20, Population = 4.
....**.....
....**.....
...........
...........
...........
...........
...........
...........
...........
...........

Generation = 30, Population = 4.
....**.....
....**.....
...........
...........
...........
...........
...........
...........
...........
...........

*** Life<ConwayCell> 5x11 ***

Generation = 0, Population = 20.
*.......**.
.*...*.....
....*.*.*..
**.*...***.
.*....*****

Generation = 5, Population = 15.
..*......*.
..***..*..*
....*...*.*
..**....**.
..*........

Generation = 10, Population = 11.
...........
...........
.***..*..*.
......*...*
.*.*...*.*.

Generation = 15, Population = 15.
..*........
..*....***.
.*.*..*...*
..*...**.**
..*........

Generation = 20, Population = 16.
.**........
*.*......**
**....**...
*.*......**
.**........

*** Life<ConwayCell> 6x10 ***

Generation = 0, Population = 11.
*.........
.......*.*
.*........
..*.....*.
....*....*
...*.*.*..

Generation = 5, Population = 4.
..........
..........
..........
..........
...**.....
...**.....

Generation = 10, Population = 4.
..........
..........
..........
..........
...**.....
...**.....

*** Life<ConwayCell> 8x12 ***

Generation = 0, Population = 20.
*..*..*.....
...*........
...*........
........**.*
..*.*.*.....
.*...**.*...
..*.*...*...
.........*.*

Generation = 2, Population = 14.
...*........
...*........
..*.*.......
............
..**.*.*....
......*.....
.....****...
........*...

Generation = 4, Population = 14.
...*........
..***.......
............
...*........
...*.*......
......*.....
.....**.**..
.....**.....

Generation = 6, Population = 13.
..*.*.......
.*...*......
..*.**......
....**......
...**.......
.....*......
............
......*.....

Generation = 8, Population = 2.
............
..*.........
..*.........
............
............
............
............
............

Generation = 10, Population = 0.
............
............
............
............
............
............
............
............

*** Life<ConwayCell> 12x10 ***

Generation = 0, Population = 21.
..........
.*.*..*.*.
..**.*..*.
..........
..........
*.........
...*.*.*..
.....*....
.........*
.**.*...*.
...*......
....*..*..

Generation = 10, Population = 6.
..........
..........
..........
..........
..........
..........
..........
..........
...*......
..*.*.....
..*.*.....
...*......

*** Life<ConwayCell> 7x7 ***

Generation = 0, Population = 17.
...****
.**..*.
......*
..***..
.*.*.**
.....*.
...*...

Generation = 10, Population = 12.
.......
..*.**.
**.**..
.*****.
.......
.......
.......

Generation = 20, Population = 4.
.......
.......
**.....
**.....
.......
.......
.......

*** Life<ConwayCell> 5x8 ***

Generation = 0, Population = 16.
...*..*.
**.....*
..***...
..***.*.
..**..**

Generation = 2, Population = 9.
........
....**..
....***.
...*...*
.....*.*

Generation = 4, Population = 6.
........
.....*..
.....***
......**
........

Generation = 6, Population = 3.
........
......*.
....**..
........
........

*** Life<ConwayCell> 8x12 ***

Generation = 0, Population = 17.
**....*.....
............
...****.....
*........*.*
......*.....
.....**.....
.*..........
..*....**...

Generation = 5, Population = 14.
....*.......
....**......
...*..*.....
...**.**....
...*........
.......*....
.....**.....
......*.....

Generation = 10, Population = 0.
............
............
............
............
............
............
............
............

Generation = 15, Population = 0.
............
............
............
............
............
............
............
............

*** Life<ConwayCell> 8x7 ***

Generation = 0, Population = 23.
.*....*
.*.**..
..***..
.*.*..*
***.*..
***.*..
***....
......*

Generation = 5, Population = 16.
.**.*..
*..*.**
*......
.......
.....*.
.*...*.
.*..**.
.**....

Generation = 10, Population = 12.
.......
.......
.......
.......
..*.**.
.****.*
......*
...***.

Generation = 15, Population = 11.
.......
.......
.......
.......
.**....
.*..*.*
..***.*
....**.

Generation = 20, Population = 9.
.......
.......
.......
..*....
.***...
.*..*..
...***.
.......
