*** Life<FredkinCell> 6x9 ***

Generation = 0, Population = 9.
---------
-------00
--0---0--
0------0-
0--------
0------0-

Generation = 5, Population = 28.
2---003-0
-0012-3--
--20-0202
--2--00-2
-----0-00
5----0011

Generation = 10, Population = 26.
------3-0
3216314--
--5---4-2
-2--33312
3-2-0----
50--3--41

Generation = 15, Population = 28.
--3-2---0
-23--152-
-0--2060-
236544---
-020----1
--0-4245-

Generation = 20, Population = 18.
4---2-7--
--6-5-8--
3---4-9-7
----5--34
5---1----
--53---6-

*** Life<FredkinCell> 5x8 ***

Generation = 0, Population = 13.
0-0---0-
---0--0-
0-00-0--
---0----
-0---0-0

Generation = 10, Population = 21.
2------5
--35-2-1
-0-341-3
1-22-110
2-1--5-3

Generation = 20, Population = 17.
5257---9
46599---
-0--7---
-6-5----
-45-0---

Generation = 30, Population = 24.
--79-47-
87-+-88-
8--++-6-
58-656--
+68+-+-6

Generation = 40, Population = 20.
-++++--+
-8+-+++9
-0---+8-
-9---9-8
+7---+--

Generation = 50, Population = 18.
++------
----+++-
+-7-+-++
9-+-9+--
+--+0-+-

*** Life<FredkinCell> 8x5 ***

Generation = 0, Population = 11.
0--0-
0-0-0
0----
----0
0----
--0-0
-----
---0-

Generation = 25, Population = 23.
+-++6
6--4-
----9
92863
-1---
+--8-
62367
-5+-9

Generation = 50, Population = 21.
-9+-+
-66-9
-77+-
----6
7-4--
+7-+8
+5--+
-9+--

*** Life<FredkinCell> 5x9 ***

Generation = 0, Population = 11.
--0--00--
------00-
--00-0---
-0-00----
---------

Generation = 2, Population = 23.
0-----000
-0-1-1--1
00201-01-
-010-0-0-
--01-0---

Generation = 4, Population = 23.
00-1-12-0
--13--1-3
204--0-1-
0--222-21
---1--1--

Generation = 6, Population = 30.
22-303--2
-2-31-325
204-2--31
201---12-
1-130-101

Generation = 8, Population = 25.
4203----4
1--33-54-
-0414-251
-23-2314-
---3--1--

Generation = 10, Population = 23.
4203-4-04
3-2--1-47
---3--4-3
--3223--2
--1--1-1-

*** Life<FredkinCell> 10x10 ***

Generation = 0, Population = 20.
-0--0--0--
----00----
--00----0-
----------
0--------0
-----0--00
00-----0--
----0-----
----------
--0--0---0

Generation = 25, Population = 52.
-5--+-8-4-
6-57-2-7-2
-6--576--8
--710-----
-926-984--
--46-64646
595-98-45-
75--0-11--
-+3-5-4---
-8+83----3

Generation = 50, Population = 46.
-9-----7-+
9--96-98--
-+-++-+---
--+--7---+
-+6-7++--+
--++--+-+-
-+--++7--+
+++--9865-
----+----+
7-+--85+39

*** Life<FredkinCell> 5x7 ***

Generation = 0, Population = 9.
--0--0-
---0---
0------
0------
--000-0

Generation = 10, Population = 14.
316----
22---3-
-02---6
7-35---
3-----2

*** Life<FredkinCell> 9x7 ***

Generation = 0, Population = 23.
---0--0
00---0-
-0-----
000--0-
000-0--
--0--0-
--0-0-0
-0---0-
--0--0-

Generation = 5, Population = 25.
1---1--
----2--
113----
1---32-
-331-0-
---2--1
---011-
-0-00--
0-0-0-2

Generation = 10, Population = 40.
11126-3
--215--
245--31
623-53-
1----10
-03210-
-25-63-
11--1--
0213-23

Generation = 15, Population = 34.
---3633
1--25-1
2----64
974-76-
-66-32-
--54-1-
35-59-1
4---6--
--4-544

Generation = 20, Population = 29.
--4--43
22--7-1
38--66-
+-7----
3----4-
22--6--
-876+--
-5--882
---7-56

*** Life<FredkinCell> 10x7 ***

Generation = 0, Population = 22.
00--0-0
-0-0-0-
--0----
--00---
---0-0-
---00--
------0
0--000-
-----0-
--00---

Generation = 25, Population = 33.
8-67-74
---39-3
6-2--4-
-524--2
--4--65
--8--3-
7---7--
-786+3-
--6-++6
--+-4--

Generation = 50, Population = 35.
-+--8+-
5+-----
--9-8+-
8+6-9-9
---9--7
-+++-8-
--++-8+
-++-+-+
--+-+--
-+++++9

*** Life<FredkinCell> 9x7 ***

Generation = 0, Population = 12.
0---00-
----0--
-------
---0--0
-------
------0
------0
--0----
---000-

Generation = 5, Population = 29.
--1---4
--11-0-
10-04-2
----1-0
-0-----
0031-0-
001---2
10--2--
-3-11-0

Generation = 10, Population = 31.
-144125
--112--
-11-5-5
11--323
0--22-0
----4--
---225-
-2---2-
1--2--0

Generation = 15, Population = 37.
447-42-
2-6-303
311-75-
4---536
2--5-13
-0635--
-2-5--6
221-6--
36---5-

Generation = 20, Population = 30.
---9529
3-6-6--
51-48-8
4-30---
--5-7-3
4---8--
-4--5-6
2-308--
4-4--8-

*** Life<FredkinCell> 7x9 ***

Generation = 0, Population = 16.
--0------
--00----0
0-----0--
0--0-0---
---000---
--0-----0
--0----0-

Generation = 5, Population = 33.
0-2-3110-
-10-2-21-
300--1014
--4-22010
---1-----
1-13---00
0----2--0

Generation = 10, Population = 35.
1-4---3-2
---37136-
8123-2214
-6-35-3--
-0-2--412
-1-33322-
----0-11-

*** Life<FredkinCell> 11x5 ***

Generation = 0, Population = 20.
-0-00
--0-0
-0---
-0--0
0-0-0
0--0-
-0---
----0
-0-00
-----
--0-0

Generation = 2, Population = 24.
-01--
010-2
120--
0----
-----
2-0--
001--
0-002
---2-
----0
01-0-

Generation = 4, Population = 25.
---21
0--0-
-4-11
211-1
-----
---1-
--3-1
210-4
-004-
1--1-
--00-

Generation = 6, Population = 21.
--2-3
----3
-61--
4--1-
-111-
-0---
20-1-
4--2-
10---
----1
2---1

Generation = 8, Population = 31.
012-5
0-115
28---
4-3-3
-11-2
---1-
-0---
4-2-6
122-1
1-023
23---

Generation = 10, Population = 29.
--237
011-5
--32-
6-5-5
--12-
-0---
2--3-
6-4-8
3--5-
100-3
2--13

*** Life<FredkinCell> 7x5 ***

Generation = 0, Population = 16.
----0
0--0-
0----
0-000
00-0-
-0---
000-0

Generation = 10, Population = 18.
2-4--
3431-
-2504
--364
2--63
-----
--4-2

Generation = 20, Population = 16.
87+2-
-9---
43--6
---+-
3--+5
--631
---2-

*** Life<FredkinCell> 5x9 ***

Generation = 0, Population = 16.
-0---0-0-
0--0---0-
--0-00-0-
-0-0--0--
-0----0-0

Generation = 5, Population = 17.
-32----2-
--3-2----
---322--2
--2--12--
--120--01

Generation = 10, Population = 20.
2-53-1333
--5----0-
2------52
---223-1-
--2226---

Generation = 15, Population = 21.
-6-4543-4
407-4---1
-1-6--0-5
--42----5
---538---

Generation = 20, Population = 24.
--8564487
6--0--3-1
-259+--+-
55--5463-
-+---+---

*** Life<FredkinCell> 11x8 ***

Generation = 0, Population = 24.
--00----
--0---00
---000--
-------0
0-------
----0---
--0-----
--0--0--
-----0-0
0-000---
-0-0--00

Generation = 10, Population = 47.
-14--322
--335453
--5--6--
021321--
0-1--62-
-1-1531-
1-323704
-3--5-21
-1-0--4-
-----2--
14----57

*** Life<FredkinCell> 11x11 ***

Generation = 0, Population = 19.
-----0-----
-0---0-----
-0--0------
0-------0--
-0---0----0
----0------
--------0--
------0----
--0--0-0---
------0----
--0-----0--

Generation = 25, Population = 67.
3-+5-+87-++
3--4+9+----
6+4-38+33+6
-1---2---1-
-79-13-2-+5
-6-22---54-
4884--5+--+
8-0-0-7-7-1
3657--25--6
--52-7--9-5
5-----+31--

Generation = 50, Population = 52.
7-+-+-++-++
--0-+-+6+--
-+87--+--++
--1-1-----1
5++7----6++
------+7+-+
-++-++-+7-+
-----------
-------+++-
------75+-+
-515--+--51

*** Life<FredkinCell> 10x6 ***

Generation = 0, Population = 17.
----00
------
----0-
-----0
-0-00-
----0-
-0-0-0
--0-00
---0-0
0-----

Generation = 10, Population = 30.
-114--
-2---4
-----1
3-3---
33143-
5--1--
23-262
--24--
-5-12-
12014-

Generation = 20, Population = 32.
-2--7-
2-----
--67+7
+78-96
-558+3
--3-44
3755-5
---7-5
0-8-48
-4----

Generation = 30, Population = 34.
-----5
4653-+
+4-7++
+8---+
----+9
--3--7
--8-+7
96-++6
8+85--
7-557-

Generation = 40, Population = 32.
+87-++
-+6-++
-8+8+-
-++7--
+6---+
+-5+9-
5--8+-
--+---
-+--8+
-+-9--

Generation = 50, Population = 25.
----+-
6--9-+
-+--+-
+---++
--++++
----++
--+---
--+---
-+--++
+-69++

*** Life<FredkinCell> 8x9 ***

Generation = 0, Population = 24.
--00-0-00
--000-0--
0------0-
-00----00
--00-----
-0-0-----
-00-00---
-0-------

Generation = 10, Population = 31.
-45-4--64
7-3-4-29-
---------
-2332-1--
5--42----
1--45-1--
-24--271-
2----202-

Generation = 20, Population = 38.
-8-2775--
-3--9---2
---6--465
8---246-3
-1--7-1-5
4--55-4-6
847---937
34-7-51-6

Generation = 30, Population = 36.
+++9+8---
97----8--
676-2779+
-97----8-
+-97--3--
9-9---5-6
9-+--8+5-
--9-38---

Generation = 40, Population = 36.
-+-+-+--+
++-6+5++-
---7-+-++
-+--8-+-3
----+--47
9+-+-8+88
-++-9--9-
--+8-+---

Generation = 50, Population = 41.
++-++-+++
+-+8+--++
8-9----++
---+++--6
-8+----68
-+-+-++--
-++-++++-
96-+-+8-+

*** Life<FredkinCell> 5x8 ***

Generation = 0, Population = 20.
00000--0
-0--0--0
000-----
---000--
-0-000-0

Generation = 5, Population = 21.
-300-24-
2012--1-
2310-1--
---1-1-0
4---5-1-

Generation = 10, Population = 25.
461--55-
204-5--6
3523--22
02222---
-2-1-2-2

Generation = 15, Population = 20.
47-2----
--6-516-
664--2-2
----3-4-
4--25313

Generation = 20, Population = 20.
-+1-1-8-
-2-4+-8-
-954-4-2
---46-52
----7-35

*** Life<FredkinCell> 5x11 ***

Generation = 0, Population = 19.
-0---0-000-
0-0----0-0-
----00---00
-0---0-----
-0---0--0-0

Generation = 5, Population = 25.
0--2-00-1-2
0-0--12----
2-22--4---3
--2-----0--
030-12-4-30

Generation = 10, Population = 29.
-4-34-12--2
-----------
-1-53-75--4
223-211-111
1--135-5443

Generation = 15, Population = 26.
-4366-45--3
-----------
4--8-3-855-
-46-53---34
-4244-78--4

Generation = 20, Population = 26.
-539+-7--23
044-643-033
4-5+45--5-+
-----------
---7-99----

*** Life<FredkinCell> 5x7 ***

Generation = 0, Population = 15.
-00-0--
0-0----
0-00---
0-0000-
-0--0--

Generation = 25, Population = 17.
--7-93-
+3--6--
-1--62-
7+-+++3
-+9----

Generation = 50, Population = 20.
+----75
+--0-6-
+-+-+--
++0+++7
--+-+++
