*** Life<Cell> 6x9 ***

Generation = 0, Population = 13.
-0----0-0
---------
0-0----00
---0---0-
-0------0
-0-0-----

Generation = 10, Population = 33.
.0.***-**
-*0*-*-**
**-*-*.-.
-10*-10**
**...0-0*
0.**-10.-

*** Life<Cell> 10x7 ***

Generation = 0, Population = 21.
----0-0
-------
-------
---0---
-----00
0-0-0--
0-0000-
-0-0---
0-0-000
-----0-

Generation = 5, Population = 30.
1-1--*0
---0100
*0--0--
01-1-*-
*1.00..
11.1.1-
*-..-.-
..-.---
.1.*...
10-1-*-

Generation = 10, Population = 25.
.0-11.-
*---*10
.1.1.0-
1.....-
*.*.-**
.*...*1
...**.1
.*-.-**
..*....
.--.-.-

*** Life<Cell> 6x9 ***

Generation = 0, Population = 20.
-0--0--0-
--00-000-
0----0---
-----0--0
00-0----0
--0-0--00

Generation = 5, Population = 32.
*-0.1-**-
-1-.--0*-
00--*0---
--101.***
*.-.1110*
1-*0101*0

Generation = 10, Population = 19.
..-.-0.**
-.1*--1.*
*---*1.11
-.*-.....
*.-...1*.
.1**....-

Generation = 15, Population = 23.
.*.**-*..
*...*-**.
**-....*-
*..-.**..
******...
.***....-

Generation = 20, Population = 22.
....*-*..
.******..
*.*..**..
.*.***...
..**..*..
...***..-

*** Life<Cell> 8x5 ***

Generation = 0, Population = 16.
---0-
---0-
---0-
--0--
0000-
0-000
00---
0---0

Generation = 2, Population = 18.
-0---
-01--
0-0--
--*--
0-0-0
000-*
-*---
*-010

Generation = 4, Population = 22.
1*01-
0-110
010--
-1.1-
*1--*
0*-1.
-.-1-
.1-1-

Generation = 6, Population = 14.
-.*-0
--..-
-*0--
-1.--
**-1*
-.-..
**1--
.1-*-

Generation = 8, Population = 17.
-.*10
--..*
1.**0
--.*1
.*0..
-.-*.
*..-0
*.-*-

Generation = 10, Population = 14.
1..--
-0...
-...-
1**.-
..-*.
1*0**
.*.*0
..-.-

*** Life<Cell> 5x8 ***

Generation = 0, Population = 11.
0-000--0
-----00-
--0---0-
------0-
-------0

Generation = 25, Population = 16.
...****-
.**.*..*
.***..**
.......*
.....**.

Generation = 50, Population = 4.
......**
......**
........
........
........

*** Life<Cell> 10x7 ***

Generation = 0, Population = 23.
0-000--
0----0-
-00--0-
---00-0
-0-00-0
----0--
--0-0--
-0-0---
---0---
---0---

Generation = 10, Population = 30.
.*1-1*.
**.--.*
0*.***.
..1-...
0.**-0.
-*.1-.*
..-*-.*
-10--.*
0..-*..
1*-.-1-

Generation = 20, Population = 15.
..*-...
..*-*..
-..***.
...***.
-...--.
....-..
..*.1..
-**--..
*......
*.-.---

Generation = 30, Population = 28.
***..**
****...
1.*...*
.**....
..*.*..
.**.-*.
...*...
..**...
....*..
.***11.

Generation = 40, Population = 0.
.......
.......
.......
.......
.......
.......
.......
.......
.......
.......

Generation = 50, Population = 0.
.......
.......
.......
.......
.......
.......
.......
.......
.......
.......

*** Life<Cell> 9x8 ***

Generation = 0, Population = 16.
0-------
0-------
0-------
-----0--
--0--00-
-00-----
-0-----0
0-------
--0-00-0

Generation = 10, Population = 29.
**-*-..1
-*1-1..1
--.**.-*
*.-1--..
*.*--.1.
-.**..--
*..*..**
-.-*1.0*
.-0.-.00

Generation = 20, Population = 13.
..***...
-.*1.*.-
...*..*.
..-**...
....1...
-.....-.
........
-.*.....
.-0...-.

*** Life<Cell> 5x6 ***

Generation = 0, Population = 14.
-0----
0--0--
000-00
---00-
-0000-

Generation = 10, Population = 13.
..*.*0
*.*.**
*...-.
*..0**
.*.---

Generation = 20, Population = 5.
.....-
...**.
...**.
....*.
......

Generation = 30, Population = 0.
.....-
......
......
......
......

Generation = 40, Population = 0.
.....-
......
......
......
......

Generation = 50, Population = 0.
.....-
......
......
......
......

*** Life<Cell> 5x7 ***

Generation = 0, Population = 21.
--00000
0-000-0
----000
000-0-0
-00---0

Generation = 10, Population = 14.
..0**-*
*-.-...
-.*..**
.**...*
1*-..*.

Generation = 20, Population = 4.
..-....
.......
...*...
..*....
..*..*.

Generation = 30, Population = 0.
..-....
.......
.......
.......
.......

Generation = 40, Population = 0.
..-....
.......
.......
.......
.......

Generation = 50, Population = 0.
..-....
.......
.......
.......
.......

*** Life<Cell> 5x5 ***

Generation = 0, Population = 16.
0---0
00000
00-00
--0-0
00-0-

Generation = 10, Population = 10.
.-1-.
.*-*.
*.0..
1.-*.
*..*0

Generation = 20, Population = 7.
.-.0.
..1..
..-..
.**..
.**.1

*** Life<Cell> 8x9 ***

Generation = 0, Population = 22.
-----0-0-
-------0-
-00-----0
-00-00-0-
---0000-0
-0--0----
-----0--0
--0-----0

Generation = 1, Population = 36.
----0--10
-00--001-
0--000-0-
0--0--0-0
---1-110-
0-0-100--
-00---001
-0-0-0-01

Generation = 2, Population = 33.
-000----1
-11-0--*-
1------1-
100--01--
---*0--1-
-010*1100
----00-1-
010---0--

Generation = 3, Population = 33.
0-11-----
---0-00*-
*0--00-*0
--1--1*0-
0-0.-11*-
01-1.*--1
0------*-
1-100----

Generation = 4, Population = 39.
--*-0001-
-1-10--*-
.1--11-.1
--*0-*.1-
101*0**.-
1*1-**-0-
--0-000.-
*-*-10-0-

Generation = 5, Population = 27.
--*1----1
0*1*10-*-
.*-0--0*-
10.--..--
-1-.1..*-
-.*1..--1
----1-1*-
.-.---0-1

Generation = 6, Population = 31.
0-.--0---
1.*.-10*-
..01--1*1
*1.00.*--
-*-*-...-
-.****10-
--0----.1
.-.-1010-

Generation = 7, Population = 32.
10.-01-1-
*.**1-1.-
*.----*.*
*-.11**-0
-*1.1..*-
-*..**-1-
-01----.-
.-.0*--1-

Generation = 8, Population = 38.
-1*--*0-1
*.**-1*.0
*.0---*..
*-***.*11
-**.-..*-
1...**-*1
0-*--0-.-
.1*1.01-1

Generation = 9, Population = 36.
-**-0*--*
*..*--..1
*.-11-..*
*1...****
1.*.-...0
*.****-**
10*----.-
.****-*--

Generation = 10, Population = 38.
-**11.01.
*...11.*-
*.0-*-*.*
*******.*
-.*.1...-
*...*.-**
-1.0-01*1
*..*.-.1-

*** Life<Cell> 5x10 ***

Generation = 0, Population = 11.
--------0-
------00--
-0-0-0----
----------
000-----00

Generation = 5, Population = 25.
---1-1*011
--*--1*--1
*---0.0*01
00-0--0---
.0**-1*..-

Generation = 10, Population = 26.
.0-*--.---
0*.1*-*..*
*0.--*1.-1
1-011.0***
*-*.1...**

Generation = 15, Population = 15.
.**.**.-1-
0*.-.-....
.0..-*..-1
----1*-...
.-..***...

Generation = 20, Population = 8.
..*....---
-.*..-....
.1..-...--
**0--.....
**........

*** Life<Cell> 7x8 ***

Generation = 0, Population = 14.
---0----
-0-00--0
---00--0
---0----
-0-----0
--------
---0--00

Generation = 2, Population = 25.
-1--00-1
-00---1*
--1*--1-
---*00-0
---10010
---1----
---01-**

Generation = 4, Population = 24.
-*-**--*
1---1-1.
0--.-0**
--0.*--*
-0-.--10
-0-11-0-
-01-*-..

Generation = 6, Population = 26.
0.0*.--.
*-01.-..
*--*1-.*
-00*.0-.
1*-.1-1-
-0-.-0-0
1-*1*1..

Generation = 8, Population = 21.
*.0..--.
*0-**-..
*--*.1..
-00*.--.
*.0.-11-
---.---0
--*-*1*.

Generation = 10, Population = 21.
*.-**--.
.*-**0..
.11.*-..
-**..-1.
*.-.*.*0
---.-1-0
--.1.1..

Generation = 12, Population = 22.
..-*.1-.
*.-.*-..
*.1**1..
0.**.1*.
.*-....-
--0.-.**
1-.1*..*

Generation = 14, Population = 27.
.*1*.1-.
.*-*.-*.
*.1..-*.
*.*..-**
**-*.*.1
-1-.*...
--******

Generation = 16, Population = 24.
..-**10.
*.-..1*.
*....***
*....-.*
*.-.*..*
-*0....*
--*****.

Generation = 18, Population = 24.
..-.**0.
.*0..*..
**..**..
..*..*.*
*.-....*
-*0.*..*
--*****.

Generation = 20, Population = 22.
..*.***.
*.*...*.
*....*..
.....**.
..1*.**.
0.-.*..*
--.****.

*** Life<Cell> 6x6 ***

Generation = 0, Population = 18.
00---0
-0-000
--0-00
0--0--
00-0--
0--0-0

Generation = 5, Population = 18.
*1-1.*
1.*...
.-0-.1
1-*...
*.10*-
**-**-

Generation = 10, Population = 18.
..--..
**..*.
*10**.
.-***.
....*1
.****1

*** Life<Cell> 5x8 ***

Generation = 0, Population = 21.
00-0-0-0
0--0-000
--000000
-0-----0
0---0--0

Generation = 2, Population = 17.
----0-1-
*-001--*
1-*-0**-
0-----0-
--01---*

Generation = 4, Population = 16.
----*111
.---*--*
1-*-0.*-
---1--*0
-1-.-00.

Generation = 6, Population = 17.
----*111
.01-.--*
10.--..*
-1-1-0.-
11-.1*-.

Generation = 8, Population = 17.
-*1-*1-1
*-.1.-1.
**.*-...
--0--*.*
.--**.-*

Generation = 10, Population = 21.
-*.****1
.1...1-.
...***..
*-0-0.**
.-1***1.

Generation = 12, Population = 13.
-*...**.
*...*11.
.*.*....
.1*-0...
.--...1.

Generation = 14, Population = 14.
0*.**...
*.*.**-.
*.......
*1.-0...
.*-*..-.

Generation = 16, Population = 14.
-**...*.
*.....*.
*.*...*.
*1*-0...
**-...-.

Generation = 18, Population = 16.
-*....*.
*.*****.
*..***..
*.*--...
.*1...-.

Generation = 20, Population = 13.
-***.*..
*.*...**
*..*.*..
*..--...
.*-...-.

*** Life<Cell> 10x6 ***

Generation = 0, Population = 11.
-0----
-----0
--0-0-
-----0
------
-0---0
---0--
0--0--
------
--0---

Generation = 10, Population = 33.
-.*1..
*1*.--
*.*0*1
..*-1*
0.*-.1
10..-0
*..-*.
1.0*-*
-.0*0*
-****-

Generation = 20, Population = 14.
1.....
.**...
*..-*-
.*..*.
..*-.*
....**
...-..
..*...
...*..
..*...

Generation = 30, Population = 4.
......
......
..*-..
.*....
**....
......
......
......
......
......

*** Life<Cell> 8x10 ***

Generation = 0, Population = 11.
---00-----
----------
----0---00
--0-------
-----0----
--0-------
-0--------
-------00-

Generation = 2, Population = 36.
-01*-10-00
--0-------
--1101-1-*
0-0-1-----
-0-01--000
0-0-0--00-
---0-0----
--0--01**1

Generation = 4, Population = 34.
1-**1*-0-*
--0-------
11.1-*-1-.
0-----001-
-0-**----*
0-----100-
----1*-0-1
---01-1.**

Generation = 6, Population = 31.
-1*.-.---.
--*110000-
-..--.-.-.
---0-0-*.-
1--.*-00*.
--0-1-***1
-00--.---.
001*---*.*

Generation = 8, Population = 41.
******---*
0-*1-0--*1
1.*-*.1.-.
-0---0-.*-
111.*100.*
-0--*0**.*
---0-.--1*
*-*.--**..

Generation = 10, Population = 36.
.....**--.
0-*1-*0-.1
*..-..-.-*
*-*----.*0
*-.*.1*0**
0*-0.-**.*
1-1--.0-.*
.1..1-**.*

*** Life<Cell> 9x8 ***

Generation = 0, Population = 23.
0-0--0--
--0-----
---0000-
0---0--0
00---0--
-0---0--
----0-0-
00------
0----00-

Generation = 5, Population = 33.
0--1--*1
-1-0*---
*-0..1..
.-1*1--1
.--1-.-*
-.-01--*
-11-*0-0
*.-00.-*
*-001*--

Generation = 10, Population = 28.
.-*.-1*.
*.*0.-.1
.*-.....
.***.-1.
.1--*.-*
-.*-*--*
*..-.*-.
*.11**.*
.0-1....

Generation = 15, Population = 22.
.-..-.**
...-.1..
..***..*
**.***.*
...-..-.
***-***.
...-..*.
...**...
.--.....

Generation = 20, Population = 19.
.-..-...
*.**....
*.*...**
.....*..
...-....
...1..**
...**...
**.**...
.-**....

Generation = 25, Population = 9.
.-..-...
........
.....**.
.....**.
........
........
........
.***....
.**.....

Generation = 30, Population = 4.
.-..-...
........
.....**.
.....**.
........
........
........
........
........

*** Life<Cell> 6x5 ***

Generation = 0, Population = 17.
0000-
-0-00
00-0-
--0-0
---0-
0000-

Generation = 10, Population = 10.
..-..
0**.1
.-*.1
.110.
..-..
.---0

Generation = 20, Population = 4.
..-..
.....
.....
...**
....*
....1

*** Life<Cell> 8x7 ***

Generation = 0, Population = 23.
--000--
-0-----
000----
-----00
----000
-0-0-0-
--000-0
--000-0

Generation = 5, Population = 28.
1**0*-1
0--.0-1
*-*-1-*
0*0*0..
*.-11-*
0.-.-10
1.---1.
--*..-.

Generation = 10, Population = 24.
.*.-.1.
0**.1*1
.-..*1.
1.*.-*.
..-.1**
1.1.1.-
*..-**.
-*.*...

Generation = 15, Population = 21.
...***.
..*.*..
..**.*.
-.*.*.*
.*-.***
.*.*-*1
.*.-*..
.......

Generation = 20, Population = 17.
.......
.*.*...
.**....
*..*...
*.-*...
*.**-.-
.*..*..
.****..

Generation = 25, Population = 22.
.......
***....
***....
**.....
**-.**.
*..*-**
*......
.*****.

Generation = 30, Population = 11.
.......
.......
.......
.......
..**..*
.*..**.
*....*.
.***...

Generation = 35, Population = 10.
.......
.......
.......
.......
.*.....
*.*..**
*.*..**
.*.....
