*** Life<Cell> 10x14 ***

Generation = 0, Population = 35.
-0---00-----00
--00-0----0---
----------00--
-0----0--0--0-
-0-----0-0-0--
---0-----0----
--00---00---00
----0----00-0-
-0----0-------
-------00-----

Generation = 8, Population = 55.
--*---.***0..1
-1..-.1*-..--1
**---.*0.-..*-
-.*-1.*-...*-0
.....-1*11--*.
-**..110.11.-.
*.1-.*-...-*1*
*-**-.**0.*-..
*..0.-..*---..
-*----0***-**-

Generation = 16, Population = 45.
1-*-***.......
-...-..*1.*--.
..*--*...*....
1....*.*....-1
.....*.*1***..
**...*...*....
*.11**.....***
.-..1**.-....*
...-.....*.**.
-...-.***.-**-

*** Life<Cell> 15x12 ***

Generation = 0, Population = 30.
-0----00----
----0-----0-
-----0------
-----0-0----
--------00--
------------
-----0---0--
---------00-
-0-0---0----
---0--------
-00---------
0-00-0----0-
--------0--0
---------0-0
------0-----

Generation = 8, Population = 75.
**1..0....**
---0---**00*
-*-.-*.*-1-0
..01-.**-.--
1.0.**.11..*
-1-111.1..-0
-*.-.1-*..-.
-1*.-**110**
*-..0-.*-*0*
-...--1.01-*
-.*-.*00-.--
.*1..---..**
--.-*.-10*.*
---..-----0*
-----1-0-1*-

Generation = 16, Population = 63.
**...****...
*1-.1...*11.
.*-**.**..**
..-**...*..*
-...*...*.**
..........1.
...1..-.....
-*.*.*.*1*..
*.**-..**..*
*...-..*....
-.*1.......*
....*-****..
-*.***-*-...
*....10-..-.
.1-1*.0--..-

*** Life<Cell> 13x13 ***

Generation = 0, Population = 35.
--------0----
-0-----------
-0------0----
----0----0--0
0--00-0-00---
-----------0-
------0------
0-----0------
---0-----0---
--0-------0--
00-------0---
0---0-0---0--
0-000---00-0-

Generation = 8, Population = 80.
**----0*-0*0.
-*0*0.*0-..--
-*00.*----.-0
1*11***--*.0-
*-0.---...**.
*.--..--0*.*-
.1---..*-*10-
--0101101.-**
-**--.1.10*.-
*-10-1-*1.1..
-.-..1-1.--.1
*0*1.-*--0.1-
.-****..***1.

Generation = 16, Population = 59.
...........**
1.-...*-0*..*
**....--...*.
*.....**....0
*.*..***....*
..*-..**....*
.*1-..*.1**.-
.-*11**.1*.*.
..*-*....0**1
.-**1.....**.
1***..-...*.*
.0.-....-*..*
.-.........*.

*** Life<Cell> 10x15 ***

Generation = 0, Population = 38.
------0-000--0-
-0---00--0---0-
----------0-0--
0-----00----0-0
----000-0------
-0----00--0----
-0-00----------
-00-0---0---00-
--0-0---0------
------0--------

Generation = 9, Population = 61.
0**..-1-....1**
**.--**..-**.**
**0...11..**..-
1..-.*-*.1--.1.
*.--.1.*..*-..-
.....-1.....*-*
.-**.*1-*-.--0*
10*1......1...1
--.0*.1*.**...0
-.*0*--1010-...

*** Life<Cell> 15x15 ***

Generation = 0, Population = 28.
---------------
-------0----0--
--0---0--------
-0-----0-0-----
---0--------00-
----0----------
------0---0----
---------------
0----0---------
-0-0-0---0-----
----00--------0
0-0------------
---------------
0----00--------
----0----------

Generation = 7, Population = 104.
0----*1---111*1
00-..--1-0-.*--
-*.*--1--1--*-*
---.----00--11-
*---*.----0.1**
0.01--***0---0-
---0.10-000*--1
..**-.---*--**0
---..*-1*-0-*1-
*--*1-..-0-0-1-
..*0*-...*0*-11
0-*..0*---1-010
*-0-**0-01-010-
0-*..*-**-00-00
.-00*.--*---10-

Generation = 14, Population = 82.
-.*...**1-.-..*
...*.-..-....*1
1*..***...1*..*
..-.*.0-.11*.1-
..-1*.*1*--.*.*
-..--**.*1.*0.*
.-.0**.--01..-*
....0.-..**-**.
-1.*..1..--*...
.****1.....10.-
*....1...*1.-..
**...0..--..1..
*-....11**.-.*0
.1*...-....0-.*
.*1......-*1.*-

Generation = 21, Population = 53.
-..........-...
.......**...**.
......*..*...*.
......-..*.**.*
..*...**.0**...
1***1.......*.*
.-.1*...*.-*.*.
....1........*.
-........1-**..
....*......1*.-
......***......
..*.*...*.*.-..
.**....-.**1..-
*-*...-....*...
.*-......-.-...

*** Life<Cell> 12x12 ***

Generation = 0, Population = 33.
-0--0--0--0-
0-0---0---0-
----00------
-0----0-----
0--00-----0-
---------0--
-0-0---0--0-
-------00---
0-00-----0--
-0-0--0-0---
----------00
------------

Generation = 3, Population = 71.
0-1*00----.0
-*1--0--001-
-**-11-0000-
-0-*---0---0
1--.*-*-101-
-*---010-00-
01-1*-01--1-
0*---100.-*0
-0.-*1-00---
---.**-1-0--
--1*-0--*0-.
--0100--10-0

Generation = 6, Population = 70.
10-*01-0***1
-.*0-0*---10
1*.-.1*0---0
--1.-0-**--1
10-..-.0..*1
-.--0---1-.-
0*0.*1-.--10
-**-0*.**-.-
-..-..*1*0*0
1**...1.1-.0
-01.-1*-.1-.
-*0.1-0---10

Generation = 9, Population = 71.
.-1*-1....*-
0*.-*1*--1-1
*.*-*..-1-0-
-1**-1-**-1-
.1-..-.****-
1*--.-1--0.-
1*-****.--.*
-**-0**.**.*
*.*1..*..-.0
*..***-**..*
--.*-**-.-1*
-*1*1-.-*1*-

Generation = 12, Population = 65.
.-*.0...*..-
-**0*..*0*-1
.***.**0...-
-1***-0*.*1*
.1-..1...*.*
1*-***.-11.*
-*0..*..-0..
*..--.......
...1.....0.0
***...1...**
01**-**1.1-.
.*-*.-*1.-.1

Generation = 15, Population = 58.
***.1...**.-
-**1....1.--
*......*.*.-
0.*.*--*.*1.
**1*...*....
*.1*.*.*.**.
.*.*.*..01.*
*..01......*
*.*1.....1.*
**.*.......*
0-..-..-.***
..-..0.***.-

Generation = 18, Population = 46.
....-..***.-
1......*..*-
***...*.*..1
0*....-.****
***....*....
*.1..*.*.**.
*..**....*.*
...1.......*
...**....-.*
........**.*
*-..-..-.*.*
..-..-..**..

Generation = 21, Population = 40.
....-...**.-
.......*..*-
.......**..*
1.*...*.**.*
......*.**.*
...**.****.*
...***.*...*
..**...*...*
..*....*....
........***.
.-..-..-**..
..-..-......

Generation = 24, Population = 27.
....-..*..*-
......*....-
.....*......
-....*.*....
.....**....*
..........**
...*....*.**
..**..*....*
..**.*......
......*....*
.-..-..-***.
..-..-......

*** Life<Cell> 13x10 ***

Generation = 0, Population = 19.
-0--------
----------
--00----0-
----------
----0---0-
----------
---0--0---
----000---
0---------
-----0---0
--------0-
----0-----
0----00---

Generation = 8, Population = 64.
-..*11*--1
01-1-.---1
**1.*-*--*
0---**.0*-
---1.0*-0-
-.*0.**0*-
.1011*.---
1*0-**.*.*
.0*.--.*.-
1-*-0*1-**
*-1*------
--*--**--*
*.*--..***

Generation = 16, Population = 39.
....**....
-....*.-..
....***.*.
**..*..*..
*--.*-.*..
***....-..
.*-...**1*
......**..
...*-.....
..*...****
.-..*....-
*-*0-.....
**.1-**...

*** Life<Cell> 13x13 ***

Generation = 0, Population = 24.
0-------0-00-
-00---0------
-0-----0-0---
-------------
------------0
-------0-----
0------------
--------0-0--
---------0---
-----------0-
------00-----
----0----0---
000----------

Generation = 3, Population = 74.
-1*--0**--1.*
1--*0000*-00-
*--1--0-1-*--
0-1---1*-----
1----0-*0----
-00-0-0-*--0-
---0-000010-1
--0--0--101*-
-0--001---0*-
-0001-001----
1----*--*00--
-0*----------
.11**---0----

Generation = 6, Population = 84.
-**-0-..--..*
.11*--0*.1..1
..0*110-.-.-0
-*11-01*--*00
.--10-1.0-10-
01.*-1.-*-0--
10-1-011-.1-1
-0001-***.*.1
---1-1100-1.-
----100--010-
*-00-.*-.-10-
-1.-*-*-0---0
.*.*.*-00-0--

Generation = 9, Population = 71.
-**---..-1...
.***0*-*.1..-
.***1*-*.-*10
0...0-1.*0..-
*--.11...1.--
1-..-*.1.--1*
-.**01.1*.*1.
0--0.1.*....*
-1*.--1-0--.-
0---*111-*---
*0.-...1.--0-
-.*-.*.-1-111
.*....-10-1*-

Generation = 12, Population = 57.
-..-0-..***..
**..1*-*.**.1
....*****1.11
1...-0-..1***
.0-.--**.*.**
...*0..*.--1*
1...1..*...-.
1--*.......*.
-..*0*.-1-*.-
.---.1.-1..--
.-.-.*...--*0
-.*-.*.-.-11.
......-.---.-

Generation = 15, Population = 53.
1**0-1*.****.
.***.*-*.**.*
.......*...-.
***.-.1*.**..
*1-.1-...*...
..*.-*.**---.
.......*...-.
*01..........
.*.*-*.1.1..-
.0**.-.....0-
.-*-....*--.*
-..-..*-.*.*.
......-.--..-

Generation = 18, Population = 49.
...--1.......
**..***......
*.***..*...-.
*...-....**..
*-0*1-**..**.
...*0....-*1.
....****.*.-.
.-.*.**......
.*..0**-.-..1
.0...*.....1*
.-*-**...0-*.
-..-...-.....
......-.-1..-
