*** Life<ConwayCell> 14x14 ***

Generation = 0, Population = 63.
.**.*..***..**
......*..*..*.
..*...*....*.*
....*.....*..*
*....*........
..*.**.*.*.*..
.***.......**.
.....**...*..*
.**...**..*.*.
....*..*****.*
.**...*.*.....
.....*...*....
.*...*.*..**..
....*..**.*...

Generation = 7, Population = 42.
..**.......*..
.*..*.....*.*.
..*.*....*...*
...*....**...*
....**..**...*
...****...***.
...**.*...*.*.
.**.*.........
.**......**...
**.*..........
..............
..............
..............
..............

Generation = 14, Population = 36.
..**..........
.*...*....**..
.*..*.........
..*...****....
...**.*.......
.......*..**..
....**.*****..
....*..***.*..
.....****.*...
..............
..............
..............
..............
..............

Generation = 21, Population = 33.
.****.........
**...*........
*..**.........
****..........
.**.......***.
..............
............**
......*.....**
......**....**
.....*..*.....
......**......
......*.......
..............
..............

*** Life<ConwayCell> 12x11 ***

Generation = 0, Population = 48.
.*.........
..*.*...*..
......**.**
.*..*.**...
**...**.*..
*...*...**.
..**..**..*
*.*.......*
.*.****.*..
....****..*
*..**......
*.....**.**

Generation = 6, Population = 36.
......***..
.....***.**
.*...*.....
*.*.***....
*..****....
.*.**......
...........
.*.........
*........*.
*.*....**.*
.*.....*..*
........**.

Generation = 12, Population = 22.
........**.
........**.
...........
...*.......
..*.*......
..*........
...**..***.
.......*..*
.....**....
.....*.....
.....*....*
......*..*.

*** Life<ConwayCell> 11x10 ***

Generation = 0, Population = 27.
.*...*...*
..*.**....
.*...*...*
...*......
.***......
.*..***..*
..........
..**.....*
........*.
.......*.*
.*..*.*...

Generation = 9, Population = 18.
..........
...*......
..*.*.....
..*..*....
...**.....
..........
......*.*.
......*..*
.....*...*
......*..*
......***.

Generation = 18, Population = 11.
..........
...*......
..*.*.....
..*..*....
...**.....
..........
..........
..........
......**..
......**..
..........

*** Life<ConwayCell> 15x11 ***

Generation = 0, Population = 42.
.....*..*..
**.**..**..
...*...*..*
..*.....**.
*....*.....
....**.*...
.*........*
..*...*....
.*.......*.
**..*.*.*..
......*....
.**......**
.*.*.......
..*...*..*.
*...*......

Generation = 7, Population = 36.
........*..
..***...**.
.*...*...**
..*.......*
....**..***
....**.*.*.
...........
.......*...
...*****...
...**.**...
.*.........
.........*.
**.......*.
...........
...........

Generation = 14, Population = 26.
...**...*..
.........*.
..*...*.**.
..*..****..
...........
...........
...***.....
...****....
.....**....
...*.......
..**.......
..*........
...........
...........
...........

Generation = 21, Population = 14.
...........
.....*.....
....*.*.*..
......*.**.
......*.*..
...**......
...........
...........
...........
...........
..*..*.....
...*.......
...........
...........
...........

*** Life<ConwayCell> 13x11 ***

Generation = 0, Population = 42.
.....*.**..
...***.*.*.
......*..**
*....*...*.
..*.....*..
.***.......
.*....*.*.*
....**.*..*
...*......*
.*.*.......
..***...*..
.**...*..*.
...*....**.

Generation = 7, Population = 14.
...........
...........
....**.....
....*.*....
...........
.........**
.........**
...........
...........
...*.......
...*.......
........**.
........**.

Generation = 14, Population = 12.
...........
...........
....**.....
....**.....
...........
.........**
.........**
...........
...........
...........
...........
........**.
........**.

Generation = 21, Population = 12.
...........
...........
....**.....
....**.....
...........
.........**
.........**
...........
...........
...........
...........
........**.
........**.

*** Life<ConwayCell> 13x15 ***

Generation = 0, Population = 40.
......*.*......
.**.......*....
....*........*.
..*...........*
....*..*..*....
....*........*.
..........**...
....*.*.*......
.*.............
...*..*..***...
...*.**.*..**..
.*.*.......*.**
...*..*...*.*..

Generation = 4, Population = 34.
...............
..**...........
.*..*..........
..*.*..........
...*...........
...............
...............
....*.*........
...**.**.......
...***.**....*.
....*.......***
...*.**....*...
...*.**....****

Generation = 8, Population = 22.
...............
..**...........
.*..*..........
..*.*..........
...*...........
...............
...............
.......*.......
.......**....*.
...........**.*
.........*....*
......*...*..*.
..........***..

Generation = 12, Population = 16.
...............
..**...........
.*..*..........
..*.*..........
...*...........
...............
...............
...............
..........*....
........*.*....
........*..*...
.........*.*...
.........**....

Generation = 16, Population = 28.
...............
..**...........
.*..*..........
..*.*..........
...*...........
...............
...............
..........*....
.........***...
........**..*..
.......***..**.
.......*..***..
.......*****...

Generation = 20, Population = 35.
...............
..**...........
.*..*..........
..*.*..........
...*...........
..........*....
.........***...
........**.**..
.......**.**.*.
......*.*...***
.....**.**.....
......*.*....**
.......*.....*.

*** Life<ConwayCell> 12x13 ***

Generation = 0, Population = 27.
.............
*.*..*....**.
.**....**....
.............
*...........*
........*..*.
............*
.**..........
.............
.......*...*.
*.....*.*..*.
**.....**..*.

Generation = 3, Population = 19.
.............
.**..........
*..*.........
.**..........
.............
.............
.............
.............
.............
.......**.*..
**....*..*.**
**.....*.*...

Generation = 6, Population = 17.
.............
.**..........
*..*.........
.**..........
.............
.............
.............
.........*...
.......*..*..
.......*...*.
**.........*.
**........*..

Generation = 9, Population = 13.
.............
.**..........
*..*.........
.**..........
.............
.............
.............
..........*..
..........*..
.........*...
**...........
**...........

Generation = 12, Population = 10.
.............
.**..........
*..*.........
.**..........
.............
.............
.............
.............
.............
.............
**...........
**...........

Generation = 15, Population = 10.
.............
.**..........
*..*.........
.**..........
.............
.............
.............
.............
.............
.............
**...........
**...........

Generation = 18, Population = 10.
.............
.**..........
*..*.........
.**..........
.............
.............
.............
.............
.............
.............
**...........
**...........

Generation = 21, Population = 10.
.............
.**..........
*..*.........
.**..........
.............
.............
.............
.............
.............
.............
**...........
**...........

Generation = 24, Population = 10.
.............
.**..........
*..*.........
.**..........
.............
.............
.............
.............
.............
.............
**...........
**...........
