*** Life<FredkinCell> 10x10 ***

Generation = 0, Population = 12.
----------
----------
----0-----
--00------
----------
----000---
-------0--
------0---
------0-0-
--------00

Generation = 2, Population = 26.
----0-----
--00------
--1---0---
01----0---
----1--0--
----2--00-
-----11-10
-----12--0
----0-202-
-------10-

Generation = 4, Population = 25.
----0-----
----001---
1------10-
2------0--
------0-0-
000-------
---00----0
---0----12
--0-0-2---
-------10-

Generation = 6, Population = 57.
0-0-2-100-
1-020-3-1-
3-2-11--21
-3--0-1--0
0--0--02-1
2-2-4--011
-1--221012
0-0--14-32
0-010-2-21
---0-003--

Generation = 8, Population = 32.
------100-
----215-10
--4-----2-
--1-2---0-
----3-0-1-
412----23-
-----4-2--
2---11----
----2-2---
100-1-----

Generation = 10, Population = 47.
--1-40-000
---3-----2
4-----22--
-4---132-1
----50-3--
6--16-1-33
---0-6-413
2--21-5-4-
--1-21222-
-021322---

*** Life<FredkinCell> 6x9 ***

Generation = 0, Population = 10.
---------
--00-----
--0------
--0------
--------0
-----0000

Generation = 3, Population = 26.
0-2000---
-----10-0
-----00-1
1---1-1-2
00-0--20-
-0--21001

Generation = 6, Population = 23.
--5-0----
21031-0--
0-----1-1
-12-1---3
1-2-2-5--
-3-05-1--

Generation = 9, Population = 27.
--601000-
-1--2-302
-01---2-2
3--2-0-1-
---0-0--2
--11622--
