*** Life<ConwayCell> 4x4 ***

Generation = 0, Population = 4.
....
.**.
.**.
....

Generation = 1, Population = 4.
....
.**.
.**.
....

Generation = 2, Population = 4.
....
.**.
.**.
....

Generation = 3, Population = 4.
....
.**.
.**.
....

*** Life<ConwayCell> 5x6 ***

Generation = 0, Population = 6.
......
..**..
.*..*.
..**..
......

Generation = 1, Population = 6.
......
..**..
.*..*.
..**..
......

Generation = 2, Population = 6.
......
..**..
.*..*.
..**..
......

Generation = 3, Population = 6.
......
..**..
.*..*.
..**..
......

*** Life<ConwayCell> 6x6 ***

Generation = 0, Population = 7.
......
..**..
.*..*.
..*.*.
...*..
......

Generation = 1, Population = 7.
......
..**..
.*..*.
..*.*.
...*..
......

Generation = 2, Population = 7.
......
..**..
.*..*.
..*.*.
...*..
......

Generation = 3, Population = 7.
......
..**..
.*..*.
..*.*.
...*..
......

*** Life<ConwayCell> 17x17 ***

Generation = 0, Population = 48.
.................
.................
....***...***....
.................
..*....*.*....*..
..*....*.*....*..
..*....*.*....*..
....***...***....
.................
....***...***....
..*....*.*....*..
..*....*.*....*..
..*....*.*....*..
.................
....***...***....
.................
.................

Generation = 1, Population = 56.
.................
.....*.....*.....
.....*.....*.....
.....**...**.....
.................
.***..**.**..***.
...*.*.*.*.*.*...
.....**...**.....
.................
.....**...**.....
...*.*.*.*.*.*...
.***..**.**..***.
.................
.....**...**.....
.....*.....*.....
.....*.....*.....
.................

Generation = 2, Population = 72.
.................
.................
....**.....**....
.....**...**.....
..*..*.*.*.*..*..
..***.**.**.***..
...*.*.*.*.*.*...
....***...***....
.................
....***...***....
...*.*.*.*.*.*...
..***.**.**.***..
..*..*.*.*.*..*..
.....**...**.....
....**.....**....
.................
.................

Generation = 3, Population = 48.
.................
.................
....***...***....
.................
..*....*.*....*..
..*....*.*....*..
..*....*.*....*..
....***...***....
.................
....***...***....
..*....*.*....*..
..*....*.*....*..
..*....*.*....*..
.................
....***...***....
.................
.................

*** Life<ConwayCell> 10x10 ***

Generation = 0, Population = 20.
..........
....*.....
...*.*....
..*.**....
.*.*..**..
..**..*.*.
....**.*..
....*.*...
.....*....
..........

Generation = 1, Population = 16.
..........
....*.....
...*.*....
..*..*....
.*....**..
..**....*.
....*..*..
....*.*...
.....*....
..........

Generation = 2, Population = 20.
..........
....*.....
...*.*....
..*.**....
.*.*..**..
..**..*.*.
....**.*..
....*.*...
.....*....
..........

Generation = 3, Population = 16.
..........
....*.....
...*.*....
..*..*....
.*....**..
..**....*.
....*..*..
....*.*...
.....*....
..........
