*** Life<Cell> 10x10 ***

Generation = 0, Population = 50.
0-0-0-0-0-
-0-0-0-0-0
0-0-0-0-0-
-0-0-0-0-0
0-0-0-0-0-
-0-0-0-0-0
0-0-0-0-0-
-0-0-0-0-0
0-0-0-0-0-
-0-0-0-0-0

Generation = 1, Population = 16.
-0-0-0-0--
0---------
---------0
0---------
---------0
0---------
---------0
0---------
---------0
--0-0-0-0-

Generation = 2, Population = 16.
--------0-
---0-0-0-0
--------0-
-0--------
--------0-
-0--------
--------0-
-0--------
0-0-0-0---
-0--------

Generation = 3, Population = 20.
---0-0----
--0-------
-0-0-0----
0-0-------
-------0-0
0-0-------
-------0-0
----0-0-0-
-------0--
----0-0---

Generation = 4, Population = 16.
------0---
---0------
------0---
-0---0-0-0
------0---
---0------
0-0-0---0-
---0------
------0---
---0------

Generation = 5, Population = 28.
---0-0-0--
--0-0-----
-0-0-----0
0-0-0-----
-0-0-----0
0-----0-0-
-----0-0-0
0-----0-0-
-----0-0--
--0-0-0---

Generation = 6, Population = 20.
----0---0-
-------0-0
----0---0-
-----0----
0-0---0---
---0---0-0
----0-----
-0---0----
0-0-------
-0---0----

Generation = 7, Population = 16.
---0-0----
------0---
---0------
0-0-----0-
---------0
0---------
-0-----0-0
------0---
---0------
----0-0---

Generation = 8, Population = 16.
--0-------
-------0--
0---0-0-0-
-------0--
--0-------
-------0--
--0-------
-0-0-0---0
--0-------
-------0--

Generation = 9, Population = 28.
-0-0---0--
0-0-0-----
-0-0-----0
0-0-0-----
-0-0------
------0-0-
-----0-0-0
0-----0-0-
-----0-0-0
--0---0-0-

Generation = 10, Population = 28.
--0---0-0-
-----0-0-0
0---0---0-
-----0---0
--0---0-0-
-0-0---0--
0---0-----
-0---0---0
0-0-0-----
-0-0---0--

*** Life<Cell> 5x5 ***

Generation = 0, Population = 8.
-0---
000--
-----
--000
---0-

Generation = 1, Population = 14.
-1---
1110-
00-00
-0111
---1-

Generation = 2, Population = 6.
-*-0-
-----
-1-1-
-----
-0-*-

Generation = 3, Population = 6.
0.--0
-----
0---0
-----
0--.0

Generation = 4, Population = 4.
-.-0-
-----
-1-1-
-----
-0-.-

Generation = 5, Population = 8.
-.0-0
-1---
0---0
---1-
0-0.-
