*** Life<FredkinCell> 13x24 ***

Generation = 0, Population = 47.
0--------00---0---------
----0---------0--0------
----00--00--------0---0-
--------------00--------
00----0-----0----0---0--
------0-0---0-----------
0-------------0---------
00-----0---0---00-------
----0-------------------
-0---0-0---0---0--0--0--
0-------0--0------------
---------0--0--0--0-----
------------------------

Generation = 4, Population = 125.
012-----124-014--0---10-
0---2-2---1-202--00--1--
12--02--1-0-010---1-----
01-----0--1----23-10----
21---1--12---10-11---1-2
-11--1-02-012-00201--1--
2-0--0---000----------1-
-41201-0-1----04--101---
-1----2-2---1----0---1--
---0-01002--3-10-3-1--10
2-0----1----0-01--------
10---0-010--111---20--1-
0---0---0--0------------

Generation = 8, Population = 112.
024-3---3-----6--20---2-
-10--0-311-2---3--0--210
322---1-3-21-22-2-1--22-
------30-2--1-3---1---11
4-----2--4---31---100-42
----------------42--1---
4-------202---2-------2-
---4-221----3-----32---0
--1-----43233-2---------
---01----403--3--51--032
6--0-20--0------3-00--1-
3---0-----20--1-21--1-13
-0----1-----0-1--0---1--

*** Life<FredkinCell> 6x7 ***

Generation = 0, Population = 10.
00-----
--0-0--
----0--
0--0-0-
0---0--
-------

Generation = 2, Population = 24.
-2001--
--00210
-01-2-0
21-000-
2---0-0
1--0-0-

Generation = 4, Population = 22.
242-10-
--2-2--
-0----2
-11-02-
200---0
3-1010-

Generation = 6, Population = 21.
4-2--2-
11---11
---0-0-
--11241
-220---
5---120

Generation = 8, Population = 16.
6---2--
1--2-3-
1------
2-1126-
24--2--
--2-3--

Generation = 10, Population = 19.
8---2-0
-3--4--
122----
233---3
---0--0
--20531

Generation = 12, Population = 18.
842---0
25-3---
1-2----
-5---8-
3-4-200
--4-5--

Generation = 14, Population = 21.
-641---
4-33---
-22--1-
35413--
3-61---
61---32

Generation = 16, Population = 14.
88--4--
4--3-4-
-2--2--
--4-5--
----2--
6--2-5-

Generation = 18, Population = 22.
---1--0
66-354-
2231--2
3-4-5-4
-57-4-1
-3--7--

Generation = 20, Population = 20.
9-6-430
-65-56-
----414
5--3-9-
-5----3
75-3---

Generation = 22, Population = 19.
9-82---
--54783
44-1-1-
-6--7--
---1-1-
9-53---

Generation = 24, Population = 16.
----4--
6-547+-
-4-----
5-547+-
4------
9--3-6-

Generation = 26, Population = 24.
-99-6-1
687---5
6--24--
-874-+5
478----
+6-386-

Generation = 28, Population = 18.
-9----3
-+---+-
-5--62-
78948--
4-8----
-67-88-

Generation = 30, Population = 22.
---2-4-
7+848--
75-----
-++4-+6
-78--2-
--74++4

Generation = 32, Population = 12.
+------
--8-+--
77-----
-------
-7--4--
+-74++-

Generation = 34, Population = 23.
+++----
7-8-+-6
-9427--
8--5-+-
5792--3
+89---6

Generation = 36, Population = 20.
+-+----
9--6-+-
9+6-72-
+-+59+-
----625
-+---+-

Generation = 38, Population = 21.
-++--5-
-+--+--
+-6--4-
+---9+7
79-2-2-
+++4+--

Generation = 40, Population = 14.
-+--6--
9-97++-
+---8--
--+-+--
-9-----
--+-+--

Generation = 42, Population = 25.
+++3--3
-++7-+7
+---8-5
--+5++8
9--36--
+-+-+-7

Generation = 44, Population = 20.
----855
+++7+--
++6---5
--+-+--
-+--83-
+--6-+-

*** Life<FredkinCell> 26x23 ***

Generation = 0, Population = 17.
-----------------------
-----------------------
-----------------------
-----0---------------0-
-------0---------------
-----------------------
-------------------0---
----------0------------
-----------------------
-----------------------
-----------------------
0----------------------
------------------0----
0--------00-----0------
-----------------------
---0-----------------0-
-----------------------
-0---------------------
-0---------------------
-----------------------
----------------0------
-----------------------
-------0---------------
-----------------------
-----------------------
-----------------------

Generation = 2, Population = 56.
-----------------------
-----0---------------0-
-------0---------------
---0---1-----------0---
-----1---0---------0---
-----0----0----------0-
-------0---------0---0-
--------0---0----------
-------------------0---
0---------0------------
------------------0----
--0------00-----0------
----------------1---0--
--00---01--10-0---1--0-
------------------0----
0----0---00-----0--0---
-1---------------------
---------------------0-
---0------------0------
-1---------------------
-0-----0------0---0----
-----------------------
-----0---0------0------
-----------------------
-------0---------------
-----------------------

Generation = 4, Population = 63.
-------0---------------
-----------------------
-------------------1---
-0-------10------0---0-
---1-------0-----------
-----------------------
---------------0-------
0----00-------0------1-
-------0----------1----
0--------10-----0------
-------------------1---
--010-----2----------0-
--------------1-------0
-12-101-----200-----0--
-0---------------------
0------0---------1---0-
----------------1-0----
02---0---00-----1------
-2---0-0---------------
---1-----------------0-
------------0-------0--
-1---------------------
-0-0-------0-----------
-----------------------
----------------0------
-----------------------

Generation = 6, Population = 163.
-----0-0-0---------0---
-0-------00------0---0-
---0---1---0-----1---1-
---1---21--00--0-------
-1---2---1---0-0---1---
00---10--00---0--0-----
---0---0---0-0---00----
--001--0000-0------0---
-----1---1-----01--10--
---000011-210-----1----
-------0------0--01--10
--------022--01-1--11--
-1----------1---2--01-0
---13-3-2--34-01002---1
---0----------1-0-1---0
----001---1-00000---1--
-----1-1------0-3-0-0--
--10---11--10-0--11----
-----2-0-1--0---1-0-0--
03-------00-----0--0---
---1-0-0--01--0---0---0
---------------------0-
-2-0-0---0--10--0---0--
-1---------------------
-0-0-------0--0---0----
-----------------------

Generation = 8, Population = 60.
-------------------0---
-----------------------
-------3---------------
01---1-----------1---1-
---------------2--1----
2--------02-----1------
-----------0-------0---
--22--------------0--1-
-----------------------
-0---------------------
-0---------------------
-----00-2------------0-
-------0--1-----2---1--
-24---3----------02---1
-------0-----------1---
---0------10-0---2-----
-----------------------
-----1---1-------------
-----2---3-------------
2----------------------
--------1---------0---0
0--------11-----1------
-------0-------1-------
---0-----------------0-
----------------0------
-1---------------------

Generation = 10, Population = 164.
-------0---------0-0-0-
00---0-----------1---1-
-----1---0-----0--01---
--1----3-21----21------
-------0---0-0--00-20--
-1-0-1-01--00-0--2-----
---------1---0-0-01--2-
----31---11--------11--
-1---------0-------1---
--1--10-2---------2----
---0---1--0-----0---0--
--112--12-4------001--1
-2---1-001--2-2----1--2
1----13---24-0-102-0-11
-----0-0-01-----00--10-
--1---2-0--210---211--0
-----3-2-1---------0---
1---------2--0---2-----
---0----1--0------1---0
--0--1----0-----1------
-----001-01----01-----0
--00---10--10-0---1--0-
-----0--11---1--000---0
0----0---00-----1--0---
-------0------01--0----
-1-------------------0-

Generation = 12, Population = 163.
-------0----------0----
2--------11-----1------
---1-------------------
---302---2---1---11--1-
-----------2--0-------0
-10-011-----200-----1--
-1---------------------
-1-----01-----0------10
-------0--0----12-1-1--
0-1--32--34-----112---0
-1---1-3---1-----------
-0--4----3-111----0----
---1--1----02-2-3---2-2
1-5---5--22--01---3-111
-1-1-2---2-1---0-------
0----2--02---210-2-----
-------21-0-----4-1-2-1
1-2--30---2--0--322---1
-3---4---5---1-0---1---
--0-1-----20-0---1---0-
----1-------1-0-1-1-0-0
-32-1-0--3--210-----1--
---1-2---1---------0---
02-----1---------0---0-
--------1---0---0-0-0-0
11-0-0---00-----0----0-

Generation = 14, Population = 284.
---0-0-0-2------1-0-0--
2-0101-113-1000--3---2-
-0---3-3---1--0---2---0
1--30----23-210--------
-3-2-----3--01--0---2-0
3120213--13040-112-----
---1---2--00--000-2-1-1
13-3422------10--011---
-------202-1000-21--1-0
--121--335---0-01--1-1-
---1-31---130110--1---2
--32-123-35----0-2---0-
-3-103-11-1-20-03---4--
145-42-23--64-1--3-1---
-1-1-400022-1-2--23----
0-11-43--22-241----130-
---0-30-1221001-6--1---
1--213-2324-1--03-20-13
----0--12-1-2100-----1-
-40--20-0-42-20-210-0-0
-202--1---2-30-1-------
-5-23-0-1--321012-3---1
-3-112--2--0--1--1---1-
----0-1--11-10002---00-
---1-10--0------2--0---
3300---002211-0-2110---

Generation = 16, Population = 58.
-----------------------
22-------32-----1------
-0----------------2----
1----3---------------1-
-------0--------2------
-----------------------
---1---2---0-----------
----4-----3---------3--
-------------------3---
-----------------------
-------4---------------
-----3--------1-3----0-
--0---------2----------
3---44----------1---11-
-------2---------------
-----6---4-4-------1---
----------------8------
-------------2---2-----
-4-----------3---1-----
-4---4---------------1-
1------2------1--------
---4-----------------0-
-------1-----------0---
1--------1------2------
------------------0----
5----------------------

Generation = 18, Population = 161.
-1----------------0----
--22-2-22--20-0---1--2-
---2---4------------0--
-213---5-24-----2--1---
-4-2-4-0-3-2--1--------
4---21----4---------11-
-1-----2-----0--0--0---
--3---3-2---0-----2---1
---0-------2-----1---0-
----23----4---0-1---01-
--0--4---0--0------1---
0--353-4----3-1---0120-
1---2-----2---4--------
3--2--74-2-7----1----32
--0--5---4--1---1------
0--226---4-4----2---4--
-1-----3-----21--02----
-3-------3-----------1-
1--0---1---0--2-3--1---
---1---1-----4---2-0-1-
131--1-2-1--32--10-0---
1--------4------3--1-0-
1----3-1-3----1--11--3-
--00---2---0--1---1--0-
-------0--------3--20--
5-0------3------2------

Generation = 20, Population = 160.
-1-----2--------1-2----
3-4-0-0--54-200-1---0--
-2-2-5-4---3--1-------0
-21------26------3--01-
---4-------22------43--
43-------14-----2------
-1-1---2---0---2--3----
------3-2-------------1
--0----2----0--22------
0---43----------1---21-
-----------------------
-2--73-----35----323-2-
1-----3-1----------2---
556-5---44--51--3---354
-3-3---3---2-1---3-----
-----6-1-6---63-4------
0-1----3------3-----3--
1--323---3---4--44--11-
-5---5---6---4---2-3-2-
2--------1-4----44-0-1-
--322-----43----1------
1------1-----3-------2-
-5-2-------2-2-2-3-----
242-2-------31------12-
1------2----------0---0
5-010----3------4----0-

Generation = 22, Population = 286.
---------4-0--------1-0
-24---03-7-----034--031
---2-------3-0----22--0
2235--063--1-212--3-0-0
-5-------41--3-2-1---0-
63-0--41-3626-0--41-320
-30----2---0---2-1-1---
-5---33-22-----------31
12-113-2-213-1-4-2-----
02-465-44--12-0--22--3-
1-0---140---2--11--3---
-2---5343-7-7-2045--223
35113-323-21-2-------0-
-7-3-----6-77133343-55-
-513--251--2-12-----3--
-13-----06----30421---0
--101--5---10---8-32-02
-4-5--23---2-6---4-0-15
2--21--2--21--3-42--12-
2-1335-----6-6014-1-03-
14524-1-1--35313--11-0-
15--40------45-351--3--
371-13-3-41-----0320--0
--4---23-120-1312-31--0
1103-2---1-0-1-251----0
---12102-3-1200-4-201--

Generation = 24, Population = 146.
---1---3---0-------1---
-46--32--9-------62---3
-----5---21-----1---1--
44----2-5-----1-33-----
-50-----0---3--4--2---1
-5--42---38---------54-
-------4---2---2---1---
-----3---2-0-------3---
-----------3----2--3---
22-------54--1--22-----
-------------3-1-21----
2-----3-5--------7-----
5---------2---6-4---5--
-773--8----------45--56
---3-------4---2---2---
1--43----844-6--62--5--
--------1---------32--4
2----4---4-------------
-------4---------------
26-------2----0-45---5-
--7-----1---7--5--1---1
---460---5-3-5---1--32-
-----------2---3-------
-6-1-24--3-0-----0-1-40
3------2--1---1-5---2--
-4---30-0----2---2---1-

Generation = 26, Population = 269.
-2-1-2-3-610-0--22-131-
-6----4----4--01-8-0--3
-31----4------32--34---
6--5----7---3-1335-1122
0--51612-424-514-2-64-1
872--4---5--8-0-253---1
-51--0--1--41--21-43-31
2--353---2-0----1---4--
-------3-2-5--0----5-1-
--34-535-7-13-1--23----
2---------2--51-24-----
---48---55---3-25-23-34
7-23----4--2-46-4114--4
59--668--649-1-4----5-8
17---6--152---4-1-42412
--54---10---364--412-2-
---2--07--32---0+1-4-14
252-3-----6--61-----12-
--0--7---6--2--0---4---
--1-3--2----1703672-15-
3---6-14---3-32521----1
263------5-5-52-7-33---
3-1----4342-3-33243-1-2
---1-46------1-3-0---62
3-1--3--11-0--125-----2
---13-24-53--2-----0--1

Generation = 28, Population = 228.
-401-2--08100--04-2-3-1
4---0----+----0--+-----
-3-3-60--2--12542---1-0
-4-------3-2-4----5332-
06-518142--63-1---364-1
--2--4--279---2--73--5-
---1-0-5-31--1-433452--
-----3-1-4---12-3------
231----51-1---254-2---1
-4-6-7----6-5-1---5--40
---1---5-1-3-51--4-4-33
3--4+7------9---78-335-
--4-5-4-6-242-8-----5--
7-7---+6------4-4-6-7-8
-------5---5-2-3-444---
217-57------5--0-4--6-2
2-2-2---1-3-----+------
------4----2------3-3-5
-----------3-------4---
4-3--60-----19--8942-70
----8-34--658----------
-----12--7---5-371---31
-----------3---5---1---
2-5--48-0-4--13-323-2--
3--40-123--0---4-------
-41--54---5-3------03-3

*** Life<FredkinCell> 11x21 ***

Generation = 0, Population = 56.
----0----000---0-0-0-
0-0-0--0--------0----
-0-0---00---00-----0-
0--00----0-0--0---0--
--0--0-0--0--0-------
-----0-0---0-----0---
--0-0----00--0-0-----
-0-0----------0---00-
0-0---000-0--0-------
-0------0--0---------
---------------------

Generation = 4, Population = 109.
0213--21--011-1----0-
0--1-13-0---1---01--0
-03432-021--12-11----
022140--0-0--1-1---10
-1001-0101---001---0-
0-022---01---2-31----
-0-0-0-1-2-01-0--1---
00-010-1-100---1---21
0-00-1-0-1-2300--0---
----1---1---0--1-1---
0---0-0031-----0-----

Generation = 8, Population = 123.
22-34-2-2--12-----0--
-00-21332-3-1--1-21--
1-5543-2-32--2--2---0
14215---220-2-1-24121
--0233-30-1-3--2--11-
1-234--305-2-3-532-1-
120--40-124131-2--1--
-2---20--50---013-443
----132-3-14-0233411-
--123----3-0-----5-1-
-101-0--4-2-1------0-

*** Life<FredkinCell> 7x20 ***

Generation = 0, Population = 3.
--------0-----------
0-------------------
--------------------
--------------------
--------------------
--------------0-----
--------------------

Generation = 5, Population = 38.
0-0010-----0-00-----
----10--0---00-0----
0-0-0--0-0----0-----
--------------------
0------0-00---0---0-
-0------00-0-0-0-0-0
0---------0---0---0-

Generation = 10, Population = 15.
--1-----------1-1-0-
----2-0-0-0---------
0---------------0---
--------0---------0-
--------------------
----0---1-------0---
--------------------

Generation = 15, Population = 68.
0-2-50-000--4-2-20--
----5000-000-----01-
0-00-0--0--0----1-20
--0020-----01--0-0-0
00-0--0-1-2-002-2-10
2000-------0--00-00-
10--0-0-1-0----010--

Generation = 20, Population = 18.
--2-------1-5-------
1-----------3-2-3-3-
------1---------2---
--------------------
------0---------3---
3-0-0-1---0-----1---
--------------------

Generation = 25, Population = 35.
-0----1010---0--801-
2----0--10----205--0
------2-0-------4-3-
--------------------
--1---2-1---------1-
-0-0-0---0-------0-0
--0---2-1---------0-

Generation = 30, Population = 32.
--3-6-----5-6-6---6-
--5---1-3-----7---9-
------2-3---3-------
0-----0-----2-------
--1---3-2-3-1-----2-
5---0-3---0-------2-
2-------1-----1-3---

Generation = 35, Population = 48.
-0-0--3-3-5-6--0---0
2-6--0-------0--9---
-0--3-2-----4---60-0
0--0-0-0---0---0-00-
--1-2-3-2-4---3-6-3-
-0-0-0-0-----0-0-0-0
--0---2-------1---0-

Generation = 40, Population = 12.
------6-3-5---9-----
2-6-------------+-+-
--------------------
--------------------
--------------------
--1-----2---0---5---
--------------------

*** Life<FredkinCell> 3x23 ***

Generation = 0, Population = 7.
0--0--0----0--0--------
--0---0----------------
-----------------------

Generation = 4, Population = 7.
----1----------0--0----
3-1---1---0------------
-----------------------

Generation = 8, Population = 10.
0-------0--1--1----0--0
3---0-----0---0--------
-----------------------

Generation = 12, Population = 13.
--2----0--0-2-------1--
7-3-0-3-2-1---1---0----
-----------------------

Generation = 16, Population = 10.
2--0----0--1--5-------0
--------3---1-----1---1
-----------------------

Generation = 20, Population = 13.
--5-------2-2--1----2--
----0---4---2-2-3-1-2-5
-----------------------

Generation = 24, Population = 10.
2-------4--1--5----1--2
8---1-----5---3--------
-----------------------

Generation = 28, Population = 13.
--6----1--2-4-------5--
+-6-1-6-5-6---4---1----
-----------------------

Generation = 32, Population = 10.
4--1----4--1--9-------2
--------6---6-----2---6
-----------------------

Generation = 36, Population = 13.
--9-------4-4--2----6--
----1---7---7-5-6-2-5-+
-----------------------

*** Life<FredkinCell> 22x19 ***

Generation = 0, Population = 107.
----00---0----0----
00--------0--0-00--
0--00-0-0--0-0-0---
------0--0-----00--
----000--00--0-----
---------0------0--
-----0---000----00-
0--000--------0----
0-0------000---0---
----0-----00--0----
---00---0-0-----0--
-0----00--00-0-----
---0----0--0-00----
0-0--0-------------
0----0-0-----00--0-
-0----------0--0---
-0--0--0---00-0----
------------0--0---
-00-00----0--0-----
---0----0000----0--
0----000-0---00--0-
-------------------

Generation = 1, Population = 201.
00-0110-0-------0--
-100-00-0---010-10-
1-011-1------1--0--
0--0---0-1-0--0-10-
---01--001100-00---
----0-0-0-00-0-01--
0--0-10-0--10-00-10
10-1--0------0--00-
1----0--011-0-0-0--
0-0-10--0-1-00--0--
-001-00----0-000-0-
0-0-001100---1--0--
00--000--0-1--10---
1---01000--0-----0-
1-0-01--0----11-0-0
-10-00------1-0-00-
0100-00-0-011--0---
--0--0-0--0-1---0--
0110110-0-1---000--
00----0-11110-00---
-0-001-101-00110--0
0----000-0---00--0-

Generation = 2, Population = 226.
1-0--2--10--00001--
0-11--1-10-0121-210
20--202-00-0-200-0-
10--0--10201--10-10
0-0--0--122-10--00-
0--01010-0-1---12-0
1-01021-10--1-1---1
21-20010-0000-0----
--00-1-0----1------
101021-01020--0-1--
01-2-1---0--01-1--0
1-10------0-0200---
11-01-1001-20-21-0-
--001-1---0100-0---
201-12--10-0-2--1--
0-10-1----0-2010-1-
12-10110----20--00-
-0-0----00-0200010-
-22--2-010---0-1-0-
-1---0102222-011--0
01-1----120-12--0--
---0----0100----0--

Generation = 3, Population = 206.
2-1-1--0--0--11---0
-1-2-02-21--2-2--21
3------0110-0---0-0
2--010-2--1--0--121
-0--11-0----21-0--0
-00-2-21--0-00-2-01
-01---2-21-12-2-012
-2-31-2-0---1-10--0
-0-1--0----020--0--
-12--2---1-10--0-00
1---0200-10----2-0-
--21-01100-01311000
-2-1-----2--1--2--0
-0-1212--01-1-01-0-
--2----021-1---0---
-------00--0---1-20
--02-2-1-00-3100-10
--01--00---13--1210
033-130--1------01-
---00--1--3301-----
1--2010-2-1-2---100
00010--0-211-0-010-

Generation = 4, Population = 191.
-0-0-------0-2-0--1
0-1-013---003230-32
4---2---22--1-001--
3-012-----21011---2
-1--2-0-1--0-2-1-0-
01--30-----11-032-2
11---2-0-202303-123
2-0-2---1--0-0-10-1
1-02--10011--1-0---
--3--300122---011-1
----1-1-0210-1--0-0
1-3-0-22-1012----1-
130----0------2--01
110---3--1212-12---
----12--3-02----1-0
---0-101-0-1-0-----
-2----1-011----1021
0-1--0--0--2----3--
1------01----0-----
-1--101-----121---0
2--3--1--2--32---11
---2----03220--12--

Generation = 5, Population = 220.
--1--20----103111-2
11-2--402-11434124-
-0----203300--112--
401-300---3212-01--
02---1---2---3-20-0
-200---100-2---4--3
2---03--23--41--2-4
-213--2020011-1--02
2-13---1-2--220-0--
114--4-1--3--012--2
1--222------0---101
204-1---0-123-1--20
24111-110----03-0-2
-2-12----2323--3-0-
202-2-0----3-21----
-11-0-12-1-2--11-2-
---2-221-221-1021-2
10-10-------30--4-0
2-3-1--1-1-0-1--0-0
0-0-2---22-3--21--1
--04--21-3--4--0-2-
0-030-0014----023-0

Generation = 6, Population = 212.
2---13--1---1422-0-
2-1-0-51-1--54---5-
4--12-314--112--3--
--2-41--02-3--11222
-300-2-0-3---4-3--1
0--1--2211----0520-
-1-114-034-2-2---2-
232---313---2-2101-
3-2-01--031--310---
2--0-5-21--10-231-3
-1033-100---1---212
31----2-1-2--3210-1
--222-2-----11-2--3
1---31-0-3-3401-0--
3--0--1-----03-0---
---0112--20-202-0--
1--3-33-----3-13-23
-11---0---0241-----
-340-30-12-102--1--
1--0301133-4--3---2
-11-01----1--21-1-1
---41--1--2-001340-

Generation = 7, Population = 228.
3010-4-----1-5-3-12
---2-1----1-65-1-62
500230-2-30-2---400
4-3----2---4-2223--
-41-2301--202---002
-2---03-2202-016---
221--5-1----4-3-2-4
-4---042400----2--2
-0331--11-2-24-1000
3-41-60-2--2-0-4-04
1--442-1121-2--23-3
4-4--0-22--23--2-2-
--3--03-020--2-3004
2201-2-----4--2--00
4021222---0-14--1--
--11-232031-31----0
---40-41-2-----4134
---1-0-00-13---1410
--5-1-11--121--1-10
-10-4-2-4-35-241-03
-22-1---2-2---20222
-0-5--0-143-112-51-

Generation = 8, Population = 195.
4----50-----16-4---
--1-0-51--21---2273
--13---3-4-13211-1-
5-------0235-3--42-
----341-----34-3--3
--0--1--3-1--12720-
3-211--23----24---5
--23----5--1-0-30--
--44211-23303--2-11
41-2--1---3--1----5
-10--31---2-3-034-4
5-5---2-3123--2--31
----2141--12--3----
-3--3-3-033--0--0--
-1------3-13---0---
0--2---3-4----21--1
---51--2-321311-245
---2---110----025-1
--6023--122-2---121
1-1---315-4-1352014
23-421-1-3--42313--
010--0------2--3---

Generation = 9, Population = 231.
-01--6----0-27-5-12
2122-1--2-3-6--3-84
50-4---445-2-3-----
-031410-13-----25--
0-104521-3--450400-
021-32--4--2-238-13
--322-23440243-0---
2434204----2212-1--
3---------41441302-
5--3-6-22---0---1--
1---44211--0-1--51-
-16110-24----3---4-
2432---2022-1-43004
24014240--444----0-
-2212-2-4--414-1--0
--13--34051-3-----2
1-06234-04----2---6
----000-2113----6--
23-1-4-123--3--1232
2120-042--5-2463-2-
3--5--222--0534---2
-21--101-4-23--4---

Generation = 10, Population = 221.
----170-101--8-6---
--3--25-31417544---
-1-----5--0-3-1-410
5-4-52---4351------
1-21--32-42-561-1--
--2-4-3252-3-3492-4
-2433---5---54-1-25
--453---5003----2--
--4-2-112352-52--31
-14-271--232112--0-
2-04----222-3203--4
5-722-235-23-4-20--
---32--31--2225---5
----5-5-0--55-2--10
-----2--5-1--5--1-1
0-241-4--6224-21-2-
---73452152131-4247
-112---13--4--0-7--
--622---3-2-4---343
32-1--535--5357-034
4326213-3----4-1---
-32-121-1-------5-0

Generation = 11, Population = 215.
--1028---1---9271--
---2---1-2--865--84
--1-3----5---3215-1
605163--1---2----22
2-324---15---7-4203
0---5--36-1--45+-15
33-4452--4026-42-3-
--56404-611---2--1-
---4-1--3--34--3--2
-253----23-32-3-115
311-44---33---1----
6-----3461------14-
2---314-22-333--0-6
----62-0-3----33-21
4-212-2061241-1---2
--35--5-0--3--3--32
12084-63263-42--358
122300--4-154--2-1-
23--3411----5--145-
----4---63-64683-4-
--373242-3-0-54-32-
---5-3--24---1-----

Generation = 12, Population = 207.
-021-900121---3-2-2
--33025---419-6429-
5-2-4--5-60-3-3-6--
---2-40224-5-32-5-3
-4-35---26---81---4
--21---4--2---6+22-
-44--6--5---745----
2-6-5----2-3-13322-
-04-22-1-3---52--33
--6----2--3---442--
-2-455-1244-3223--4
--7--0--72-33422-5-
34-3-2---3-4-4--1-7
--0-7--1-------4032
---2-2-172-52----0-
--4612---6244-41--3
-3---4-------3--4--
2-34--0151--5-03---
----45-23322---2-63
322--0-37---579---4
-34843-3---156-14-2
---614--3-3232--51-

Generation = 13, Population = 218.
413-2-1-----294731-
2-4413-1325---7--+-
--3-50364---43-1--1
60-3-5-3353-2-3-6-4
2-346-32---05-2---5
-2---23-6--3147--3-
-55---2---0-8562---
----60-2-3--22-----
-15--3-2-4-34-330-4
-27---1--34321553--
3--5----35-0-3-4---
61-2--3--32-4-3-1-1
45--3343-4-535-32-8
2----252----503514-
--23-3----2--51--12
--57-354---5-152---
--0--5-32-314-24-58
-245-0126----11--11
-3--5-13-4-35203-7-
43--4--4--56-8+30--
--5954-43----742-23
-3--2-1---434-2--2-

Generation = 14, Population = 202.
---139--12113-5---2
315-----4-61-684-+-
--4-----56-2-4----2
-1-4-6-44-45-342---
3-457---26--68-42-6
-321-344-2---58-2--
3-64463-5--29-7323-
---67-43-4--3-3-2-2
3--4-413--5-5--4---
---------4--326--15
42-65--146-1-4-55-4
7--3--4--43-5---2-2
5-3-44---526----309
3-01-36-034---462-2
42----2--2---621--3
-16--4----264---0--
---84--4--425-3----
2-560-2---1-5-2372-
----65-43-2-----48-
5---------6-59--144
436--54-43------4-4
0---34--345-523-53-

Generation = 15, Population = 192.
41-2-+10--22496----
4---13-1---29-95--4
515--0--67----3----
---56--55-5-24-----
----8532----79-----
04-2--55-3231-----5
-5--574--403-58--4-
---7--5-6-----4-32-
-155252-34----3--3-
-2--271--5---375-2-
-3--65-2-74--526-1-
---42----5-------5-
--4-5-4--6-7--5-4-+
-4-27---1------7-4-
--23-331-325-73-114
--7----4---7-----33
130-----26536-4--5-
--6710-261-56---8-1
--6--6154--3-20-59-
6-2-4-54--7-6++325-
5-79--5---2---42--5
1-264--1-56-6-4--4-

Generation = 16, Population = 178.
-2--3---12335-----2
-15-2452-2---6+62+-
--6-5136-8-2--4---2
61-6-6---5---------
34-5--43-6--8-2---6
1---536---34-58----
-6646-5---1-96-3-5-
---870--7413----432
3--6363---5-------4
5---3-------3-----5
441-7-2--8513-3---4
-1-53-447--3-4-2-6-
-------3-7--35-3---
3--------34--04--52
----24--74---8412--
0----4-5--2--1---4-
2-1-45-4-7-----4-68
2-7---2---16---39--
23--6-2----4---36--
7--1-06--3867+-43--
--8-5564---1--5--2-
2--754---6----5-5--

Generation = 17, Population = 207.
43-24-1-23--6-673--
4---356-4----7+--+4
5174--4-----4-5-6--
--57670-5-552------
4--6-5-4-7---934-0-
2422--7----5-----35
-7-57-635---+-8-26-
24-9--538--4-2--54-
415--7433-6-5---0--
--7------5--437--2-
-526--3--9-2-5----5
-276---585-4-533---
55-35--428--46544-+
-4--73-2-455-1-7-63
---33-3-8-2-295-314
117-1--6-6-742---5-
--2-5-65--53-3454-9
-287--3---2-6-24--1
34---6-5-42--20479-
8-----7-74---++----
-3----754--2--6-4-5
-3-86--13-63-26----

Generation = 18, Population = 210.
-4-3-+2--433-9--4-2
-154--7-5---98+-2+5
--8-51-6--0-546---2
-----8-5-56----262-
5-4-86--2----+-5-1-
-5-3--85633--5-+-46
3-668-74-4-3-6---7-
-56+--6-94-----36-2
-2--3854-4-3653413-
52---7-2-6---485---
4---75-----33-36---
-387----96-5564----
664---4539-75-6-50+
-5028463--66---8--4
4--444----3---614--
2--7-4570---5352063
23-86---2-----5656+
--98--42---6--359-2
---26---4--4---5-+-
93----8----67-+--54
-48955-65--357-----
24-974----7--3-45-0

Generation = 19, Population = 208.
4534-+-0-5-46+-7513
4-6--582----------6
--946-47--1--5---13
6---6--656-52------
-4-69--437--8+--2--
2--45--6744-1--+-57
----9-8---1--78--85
--7-7---+51-3------
----496-3--4-64-24-
--7-3-13-74-4--6-2-
552-8-324-5---4-5--
7-98-04----6--5-262
7-535--64-28-6746--
3-13957-------492-5
5--5553-844-2------
--7------6276----7-
-4297--537-36-6--7+
2-+910536-2761----3
34--76---42---067+3
+---------87-+--3-5
55-+6-7763--6--242-
3-2-8-1136---4-56--

Generation = 20, Population = 217.
--45-+21---5-+-8---
51-4--9352629--62+-
-1---1-8------6-62-
--57-8-76-66-4--624
5---+645-8--9+3---6
--2-63--85--25--2--
3-6------4-3+89-2--
-5-----3---4-2--6-2
---65--4446--7543-4
5-8--72--8-3--8--35
--369543596-3556615
-3+--1-5--375--33-3
--6--4475-3--7-57--
-----6---4-65--+---
622-66--95-53961414
2-87-4570738735-08-
-5-+----4--473-65--
3--+-1-4---8723592-
45-----5-534521-8-4
-3-1-08474-87--4--6
668+---87----76--3-
44-99--24-7--------

Generation = 21, Population = 209.
4-5--+3--5-66--9-1-
6-6535-----3+---3-6
-2--624-68--5--173-
6-686-0876772542-3-
-4-------9----45--7
-53-----964-368+357
-77697-4-5--+-+--85
---+7-64---53-4---3
42-76----5746-6--4-
--933--32----4-63-6
5-4---54-+----67726
74+-----9-4--6-4464
--7355-869485--6-0+
35-----3156--1--265
---577---646-+72525
3---1----8------1--
2-2-7-655--5-4--67-
42++---5-1-9--46-3-
--6-----4----3--9+5
+-22-1--8-8--++---7
---+-5-98-23-87-4--
--2-+41----3-46--4-

Generation = 22, Population = 209.
5-6---412----+6-5--
71--469-5-6-+8-64--
5-9473-8---2----8--
--7--8--8---3-5364-
-546+-453-20-+56-18
26--63--+-5----+-68
3-87+88556---8----6
2--+807-+---4--3-44
5358796--6-5-77---4
---4-7--3843------7
65--956------57--37
--+-3145+-5---555-5
-6---6---+--6777-1+
46----7-2-76-2-+--6
-2268831-757-----3-
418---57-9----5--83
-53+8-766756------+
---+---6---+7257---
---2-6--5-34541-++-
-----28---9-7+-4--8
6-8+6-7+-----98---5
-4-9+52-4--4---5--0

Generation = 23, Population = 215.
65-54----53---7961-
826--7--6--3+-+75+-
62--844-6---5561---
6--869-89677-5-47--
--5---5-4--19+6722-
--347-86-66----+--9
-798--9--7----+--8-
--7+--84+5---2---55
----8--44776688----
---5--2349--4------
76-------+-336---48
74----5-+6-756666--
-7---7486-4-788872+
57-39683----534+267
633-----9-6-3+72545
5-97--680-3--3-21--
--4+9----8---4-6--+
-2---1-7612+8368-33
--63-7-----5----++-
+-2-----84+8-+----9
-69+--8+--23--92-3-
--2-+--2-67-64--641

*** Life<FredkinCell> 19x9 ***

Generation = 0, Population = 1.
---------
---------
---------
---------
---------
---------
-----0---
---------
---------
---------
---------
---------
---------
---------
---------
---------
---------
---------
---------

Generation = 1, Population = 4.
---------
---------
---------
---------
---------
-----0---
----0-0--
-----0---
---------
---------
---------
---------
---------
---------
---------
---------
---------
---------
---------

Generation = 2, Population = 4.
---------
---------
---------
---------
-----0---
---------
---0---0-
---------
-----0---
---------
---------
---------
---------
---------
---------
---------
---------
---------
---------

Generation = 3, Population = 16.
---------
---------
---------
-----0---
----0-0--
---0-0-0-
--0-0-0-0
---0-0-0-
----0-0--
-----0---
---------
---------
---------
---------
---------
---------
---------
---------
---------

Generation = 4, Population = 3.
---------
---------
-----0---
---------
---------
---------
-0-------
---------
---------
---------
-----0---
---------
---------
---------
---------
---------
---------
---------
---------

Generation = 5, Population = 12.
---------
-----0---
----0-0--
-----0---
---------
-0-------
0-0------
-0-------
---------
-----0---
----0-0--
-----0---
---------
---------
---------
---------
---------
---------
---------

Generation = 6, Population = 11.
-----0---
---------
---0---0-
---------
-0---0---
---------
---0-----
---------
-0---0---
---------
---0---0-
---------
-----0---
---------
---------
---------
---------
---------
---------

Generation = 7, Population = 43.
----0-0--
---0-0-0-
--0-0-0-0
-0-0-0-0-
0-0-0-0--
-0-0-0---
--0-0----
-0-0-0---
0-0-0-0--
-0-0-0-0-
--0-0-0-0
---0-0-0-
----0-0--
-----0---
---------
---------
---------
---------
---------

Generation = 8, Population = 4.
-----0---
---------
---------
---------
---------
---------
-0---0---
---------
---------
---------
---------
---------
---------
---------
-----0---
---------
---------
---------
---------

Generation = 9, Population = 15.
----0-0--
-----0---
---------
---------
---------
-0---0---
0-0-0-0--
-0---0---
---------
---------
---------
---------
---------
-----0---
----0-0--
-----0---
---------
---------
---------

Generation = 10, Population = 13.
---0-0-0-
---------
-----0---
---------
-0---0---
---------
-------0-
---------
-0---0---
---------
---------
---------
-----0---
---------
---0---0-
---------
-----0---
---------
---------

Generation = 11, Population = 41.
--0-----0
---0---0-
----0-0--
-0-------
0-0-0-0--
-0---0-0-
------0-0
-0---0-0-
0-0-0-0--
-0---0---
---------
-----0---
----0-0--
---0-0-0-
--0-0-0-0
---0-0-0-
----0-0--
-----0---
---------

Generation = 12, Population = 7.
-0-------
---------
-0-------
---------
-----0---
---------
-----0---
---------
---------
---------
-0-------
---------
---------
---------
-0-------
---------
---------
---------
-----0---

Generation = 13, Population = 22.
0-0------
---------
0-0------
-0---0---
----0-0--
---------
----0-0--
-----0---
---------
-0-------
0-0------
-0-------
---------
-0-------
0-0------
-0-------
---------
-----0---
----0-0--

Generation = 14, Population = 20.
---0-----
---------
-0-0-0---
---------
-0-0-0-0-
---------
---0-0-0-
---------
-0---0---
---------
---0-----
---------
---------
---------
---0-----
---------
-0---0---
---------
---0-0-0-

Generation = 15, Population = 40.
--0-0----
-0---0---
0-----0--
-------0-
0-------0
-0-------
--0-----0
-0-0---0-
0-0-0-0--
-0-0-0---
--0-0----
---0-----
---------
---0-----
--0-0----
-0-0-0---
0-0-0-0--
-0-0---0-
--0-----0

Generation = 16, Population = 3.
---------
---------
---------
---------
---------
---------
-0-------
---------
-----0---
---------
---------
---------
---------
---------
---------
---------
-----0---
---------
---------

Generation = 17, Population = 12.
---------
---------
---------
---------
---------
-0-------
0-0------
-0---0---
----0-0--
-----0---
---------
---------
---------
---------
---------
-----0---
----0-0--
-----0---
---------

Generation = 18, Population = 11.
---------
---------
---------
---------
-0-------
---------
---0-0---
---------
-0-0---0-
---------
-----0---
---------
---------
---------
-----0---
---------
---0---0-
---------
-----0---

Generation = 19, Population = 37.
---------
---------
---------
-0-------
0-0------
-0-0-0---
--0---0--
-0---0-0-
0---0-0-0
-0-0-0-0-
----0-0--
-----0---
---------
-----0---
----0-0--
---0-0-0-
--0-0-0-0
---0-0-0-
----0-0--

Generation = 20, Population = 8.
---------
---------
-0-------
---------
-----0---
---------
-0---0---
---------
-0-------
---------
-0-------
---------
---------
---------
---------
---------
-0-------
---------
-----0---

Generation = 21, Population = 25.
---------
-0-------
0-0------
-0---0---
----0-0--
-0-------
0-0-0-0--
-----0---
0-0------
---------
0-0------
-0-------
---------
---------
---------
-0-------
0-0------
-0---0---
----0-0--

Generation = 22, Population = 21.
-0-------
---------
---0-0---
---------
---0-0-0-
---------
-0---0-0-
---------
---0-0---
---------
-0-0-----
---------
-0-------
---------
-0-------
---------
---0-0---
---------
-0-0-0-0-

Generation = 23, Population = 39.
0-0------
-0-0-0---
--0---0--
-------0-
--0-----0
-0-0-----
0-0-0---0
-0-0---0-
--0---0--
-0---0---
0---0----
---0-----
0-0------
---------
0-0------
-0-0-0---
--0---0--
-0-----0-
0-------0

Generation = 24, Population = 7.
-0---0---
---------
---------
---------
---------
---------
-----0---
---------
-0-------
---------
---------
---------
---------
---------
-0---0---
---------
-0-------
---------
---------

Generation = 25, Population = 24.
0-0-0-0--
-0---0---
---------
---------
---------
-----0---
----0-0--
-0---0---
0-0------
-0-------
---------
---------
---------
-0---0---
0-0-0-0--
-----0---
0-0------
-0-------
---------

*** Life<FredkinCell> 22x25 ***

Generation = 0, Population = 25.
-------------------------
------------0-----0------
----------0--------------
-------0-----0-----------
---0---------------------
0--0-------0-------------
-------------------------
-------------------------
-------------------------
-------------------------
-------------------------
-----------------0-----0-
-------------------------
--0---------0-0----------
---------0----------00---
----------------------0--
-------------------------
------------0------------
-------0--------0----0---
-------------0-0---------
----------------------0--
-------------------------

Generation = 5, Population = 213.
0-010---00--0-0-0-0---0--
-0020-00-0-21-3----0-0-0-
0----0-000--2020000---0--
--0-0-000---2-0-0-0------
--010-0-00-00--0-00------
-2---1-0--00-00-00-0-----
--0-0--0-0-000-0-00----0-
---1--0-0-0-0-0-0-0---0-0
0--20--0---0000--0-----0-
--1-0----0011--0----00---
0-00----0-00000-----1--0-
---------0--0-1---0-0--10
0-----0-0-0-00--0-00-000-
-0-----0-------0-1-0-0--0
0---0-0---0--100-11-1-0-1
-----0-0----02----20-0-1-
--0-----0---0000000--0--0
-0-----0----2--------01--
----0----1---01--1110----
---0----02-3----010-0-200
---------0-000-0-----22--
-----------021--0-0---0-0

Generation = 10, Population = 221.
--04--------------0------
23----1001--3--0-12--1-10
11-301----11----2---1----
1-2-31013012-21--20011-11
-101-1--1---11----1-01---
1----201102-1--1----0-00-
---2---1--1-------10--00-
--0---0-0--0--2----11---0
-------0-10-----0---1----
-------2-1------2--20-0--
---2-0--10--0-0---12--11-
0--1-012-10------13-232--
-----0-1--1-01--00--2-3-0
001-11-1----010---03--2-1
----------11--0-----2--23
0--00-0---1113-21-3------
-0-----00---2--100--211--
--0--101---15623--0-014--
-----11--402-3-0-12-1---2
--0011-2-40-11------1-30-
-------10---11-1--0---4-0
0-0-00-0--1-5---00--113-0

*** Life<FredkinCell> 20x15 ***

Generation = 0, Population = 18.
---------------
-----0----0----
0-------0------
--0----0-------
---------------
--------0------
---------------
0--------------
--------0-0----
---------------
------0--------
-----0---------
---------------
---------------
0-0------------
-------------0-
---------0-----
---------------
0----0---------
---------------
