*** Life<Cell> 14x11 ***

Generation = 0, Population = 9.
-----------
0-----0----
-----------
0--------0-
---0-------
-----------
-----------
--0--------
-------0---
-----------
--0--------
-0---------
-----------
-----------

Generation = 3, Population = 54.
--0-0---00-
-0-0-0-0110
--0---0000-
------110--
--0-0--0-0-
-0---0-00-0
------0-00-
-00----0-0-
0-*0--0-0-0
-1-000-0-0-
--0--00-0--
0------0---
-----------
0----------

Generation = 6, Population = 51.
-0-0-0-----
0----00--*1
---0-------
--01*-*---1
--0--------
011--10-0--
1---0------
1--00-011--
0-.---1----
--1--01--0-
0-1-0--10--
0*--1--1---
0----11--0-
--10-0-----

Generation = 9, Population = 76.
0-------0--
-000-0.0*.*
-01*00--0*-
-0-*.*.-1-1
--0100--00-
-110-..0---
10*01-0---0
1-*110-1.1-
*-.*-0--0-0
-..0-1----0
-**0*-11-0-
-*-0*10*0-0
1-0---*-0--
-0.1--00---

Generation = 12, Population = 69.
----1*0-.-*
-0-1--**.*.
-*.*-1-0-*-
0.0..***1-*
0-1*11---.0
01*.*..-1--
-..-*--0010
*1.-.1*-.--
.1..11.---.
-*.--.**--1
-*.-.1--.--
-.11*1-*1-1
100*01.0.-*
0-**-.0----

Generation = 15, Population = 65.
--11**-1***
-.1.--...**
1...0.--1.-
1.*.*.....*
0**.**1--.*
0-.**..1.-1
*..-.10..**
.-.-.-.-.1-
.1...-.--1*
-**-*.**-**
*..-.*--.0*
*.-*.*0..*.
1--.1*.1.**
*-..-.1-1-0

Generation = 18, Population = 54.
0.1**.1*.*.
1...--....*
.**...-*-.1
1*.***.....
1.*...**-.*
1-*..*.-.--
*..0**..*..
...-**.-.-*
....*-***.*
-..0....-*.
....*....1.
..-*.......
100.*..-.**
....-*-11*-

Generation = 21, Population = 58.
-******.**.
....*1*.*.*
.....*..*.*
-......***.
-.**....0*.
-1**...-.11
.**-....***
..*-...-.**
..***...*.*
-.*1*...1*.
.***.......
..*........
*-..*.*....
.**.-*-.1.1

Generation = 24, Population = 36.
1*.**.**.*.
.*..****..*
...**.**.*.
-..........
-.......1*.
--.....***-
...-....**.
...-...-...
........***
-..-....1..
...........
.**.*......
.-..*......
..*.1*-.-.-

Generation = 27, Population = 33.
.*......**.
.*.......**
......**.**
-........*.
-....*..-**
--....*...1
...-..*...*
...-...-..*
.......*..*
-..-....**.
...........
.****......
.*....*....
.**.*.*.-.-

Generation = 30, Population = 35.
........**.
........**.
........**.
-.....**.*.
-.....**.*.
--...*....1
...-...***.
...-...1*.*
........**.
-.**....**.
...**......
*****......
**.........
........-.-

*** Life<Cell> 15x8 ***

Generation = 0, Population = 4.
--------
-----0--
--------
--0-----
--------
0-------
--------
--------
--------
--------
-----0--
--------
--------
--------
--------

Generation = 2, Population = 11.
--------
--00---0
--------
----00--
--------
0-------
--------
0-------
-----0--
--------
---0---0
--------
-----0--
--------
--------

Generation = 4, Population = 15.
--------
01---0-0
--------
0-----1-
--------
--0-00--
-----0--
--0-----
--------
0-------
-0-----0
--------
--------
--------
-----0--

Generation = 6, Population = 27.
--------
-.*--00-
--------
-1-----1
-----1--
---0*--0
---0---0
--0--1--
-0---0-0
0-------
---0-0-0
0-------
-0---0-0
--------
---0-0-0

Generation = 8, Population = 17.
-0------
-*.*----
-1---1--
--1-1-*-
--------
----*01-
--------
-----.--
--------
-----0--
-0-0----
--0-----
-----0--
0-------
--------

Generation = 10, Population = 37.
-*-1-0--
*...1*1-
-*-----0
01101**-
-0--0*--
----.0.*
----1---
----0.0-
-0-0----
--01---0
-0-0----
----01--
-0-----0
0-------
-----0--

Generation = 12, Population = 48.
0*01----
***...*0
-.--0--0
*---.**-
-*0-0.0-
0100**..
--0*.---
---0-.--
----0---
01-.1010
-0---1-1
0----.1-
-0-----0
0-0-01--
-0-0-0--

Generation = 14, Population = 55.
0.**1--1
.*..*..0
0*-1-11*
.1*-*..1
1.---.-1
**-*.*..
1--..*0-
-00--*00
-1---111
--**-*--
-*-10.-.
01--1*11
-----1--
0--1*--1
-0-0----

Generation = 16, Population = 41.
0.*.-*-.
...***.-
-*1--*-.
.1.1...-
*.-1*.*.
..0.***.
*1-..*--
-0**-.0-
1.1--.*-
--..*.--
-.--0*-*
--1-1*-.
---11*-0
----.1--
--------

Generation = 18, Population = 49.
-...-*-.
.*.*...0
-..*-.-.
...*.*.-
.*01.**.
*.0..***
*--**.--
10*.*.*-
-**-*..-
-1....*-
0*1-*.-*
1-11..-.
-00...-0
--0*.*-*
---10*-0

Generation = 20, Population = 39.
-..***-.
....*..-
-.*.-.1.
...*.**-
.*--...*
*.-...**
*11...0-
--.*...1
-..-...1
--.....-
0.-**.-.
.1..*.1.
-*-.**1-
-00.**0*
----0.-*

Generation = 22, Population = 49.
-..***1.
......*-
-..*-.*.
..*....-
..****.*
..-..*..
*1**.***
--**....
-.*-...*
-1*..*.1
-.-***-*
*...*.**
1.1..**-
1-*..*-*
-11-*.-*

Generation = 24, Population = 42.
-...**-.
...*..*1
-..*-...
..*....*
..***...
..1....*
.-..****
-1..*..*
-..-.**.
-.*..*.1
-.1...1*
**..*..*
1...*..-
*1..*.**
-*--..1*

Generation = 26, Population = 45.
-...**-.
..*....*
-.*.-..*
....**..
.**.....
....*.*.
.-****.*
--.....*
1..1**.*
1..*...*
1.**....
**......
-****..1
.-***..*
-**1..1*

Generation = 28, Population = 47.
-.....*.
...**.**
-...1*..
.....*..
.*..**..
......*.
**.***.*
*1*..*.*
.*.1..**
1..*....
1..*....
....*...
1...***.
**..**.*
1*.1.***

Generation = 30, Population = 48.
-...**.*
...**..*
-..*-***
....*.*.
.****.**
***....*
*..*.*.*
.-.....*
..**..**
**......
**...*..
**...*..
.*......
*..**..*
1**-..*.

Generation = 32, Population = 37.
-..****.
..**.*.*
-...1...
......**
.....***
*....*.*
..*.*..*
.-.....*
.**..***
..*...**
.*......
..*.....
.**.....
*..*....
-**-....

Generation = 34, Population = 28.
-.**....
..*..*..
-...-.*.
....*...
....**..
....**..
..**.*.*
.-.**...
.....*..
...*..*.
.***....
........
.*.*....
*..*....
-**-....

Generation = 36, Population = 25.
-.**....
..*.....
-...-*..
...***..
........
........
..*****.
.1**....
.....**.
........
........
.*.*....
.***....
...*....
-**-....

Generation = 38, Population = 21.
-.**....
........
-.**1*..
...*.*..
........
...*....
..**.*..
.**.....
........
........
........
...**...
...**...
.*.**...
-..-....

Generation = 40, Population = 21.
-.......
........
-.**-...
..*..*..
.....*..
..*..*..
.*......
.*.**...
..*.....
........
........
....*...
..*..*..
..***...
-.***...

Generation = 42, Population = 16.
-.......
...*....
-.*.-...
..*.....
....**..
...*....
...**...
.*......
..**....
........
........
........
........
.*****..
-.......

Generation = 44, Population = 17.
-.......
........
-.**1...
........
..**....
.....*..
..*..*..
..*.*...
........
........
........
...*....
..*.*...
.*...*..
-.*.*...

*** Life<Cell> 20x14 ***

Generation = 0, Population = 25.
--------------
----0--0------
-0---0--------
-00-0---------
------0-------
--0-----------
---0----------
0-------------
-------0---0--
----0-----0---
--------------
--------------
--------------
0--------0--0-
-0-0-----0----
-----------0--
----------0---
----------0---
------------0-
--------------

Generation = 2, Population = 68.
-0---0--------
-1--001--0----
------11------
1--0--10------
-1-011--0-----
-10-----------
-0---000---0--
0---0-----0---
---0-0-------0
0-0---0-0---0-
-------0---0--
0---0----00-0-
-0-0-----1----
0-0----0--1---
-0-0-0-0--11--
0---------0-10
-0-0----01----
--------0--11-
--------------
----------0---

Generation = 4, Population = 69.
-*---*0-------
1.11*--01--0--
---1-0.--1----
10---01-0-----
-.1--*-0--00--
1.----11--0---
-*---*-*------
-0------------
---0--00---0-0
--0---0-01--0-
-0-------1----
0----------1--
-------1-.10--
--0--1--1-.-00
-0-----*--..01
-------1----.*
------0--.----
0-----0--0-..-
-0-0----10----
----------01--

Generation = 6, Population = 117.
0*01-**010----
1*...-1-.-1--0
--0.1*.*--1---
*--*--.1---1--
0.--*.--01--10
1*--0-..11--0-
-.10-.1.-01--0
1-11---0000-0-
-1--11-*01-0--
-0----*1*-----
------10-.11-0
0-0--00--1-.--
-----1-1-**---
---11-1---.---
---0-11.-1..-*
0-0---0.10-0**
---00--00*1--1
0-0-0---1**..0
-0-0-0-1.-01--
0-----0-1-**10

Generation = 8, Population = 106.
-.0.-*.-1--0--
-..*.*.-.0.-10
-10*....-*.--1
.--.-*.*010-0-
-.--..0--1----
1.10-1..1*1-*-
-.--0*-*---1--
1*1--1-0*--1--
-.-0*.1.011--0
----1-*-.---0-
-1---0.--...0-
-00-1--1-.-.--
-----*-1-..-0-
-01-.-*1-1.-01
-0---.**0...0*
0--1--**1-***.
--1---1*0.100-
--0-*--11....*
-0-01--1.0*10-
0-------10..1-

Generation = 10, Population = 124.
-.-.-..---10--
-*.**..-*-*-*0
1.0****.0.*0-*
.--.1.**-1*100
-.*1..-111---1
1***-......-*-
0.--*.1.1-1.--
*.*11.--*0-*-1
-.0*....--.0-0
0-0-.-.-**1---
-.-01-.1-**.-1
10-0---.-.-*-0
---00*---*.--0
-0*-.-.*-1*-*1
--0*0***-.*.*.
0-0--1*..-*...
1-*1111***--01
0-*1.11*-.....
-0-*---**0.10-
----1-0-.0...*

*** Life<Cell> 17x21 ***

Generation = 0, Population = 77.
---------------------
--0-------00---0---0-
-0----0-0------------
---0-0----------0----
--00--0-00------0----
000----00---0-----0--
--------0------------
----------------0----
----0---00-0----0-0--
0--------0---0-0-0---
---0000-0------0--00-
-0-00--00-0--0--0----
---0-0----00--0000-0-
----------0-----00---
00-000--0--0-------0-
----------00-----0-0-
---------------------

Generation = 5, Population = 177.
0--*0-------0-0--000-
0-0.11-0*1*-*-1*.0110
0*1-**0-*1*--00-*-000
1-1.*1-1-*1-*-0*-000*
.0--0.*.1.*1-*--.0-0-
1*1--*-1-1-0-**0-*---
0-.10--0-0-1-0--0-*-0
-*----0-11*0.*11*100-
*0...-1*--..-*-..-0--
.*0*--0**-.1--01-1-10
-..---1*--101-..1....
***.--*..*.0--*0.0.0-
1*-.-1-...*.-*.---00-
*.-1*0--0-1*-1*.-1*-1
**-*--*.-*0.--1-.--.-
--0-*-10**.-.-*-**-*-
..0-1100.00100--*--.0

Generation = 10, Population = 134.
.-.**01-...---.**-.1-
00*..*--...1.-.*.-111
..**...-*-.-0.*0.-*-*
*-..*1-1.**..0**.0.1.
.*.--..**.**1*1-.-.*1
-...*.0.*.-.-*....-*.
--..**.-.-..-1*..-.*0
1.1*.*.0.**-*..1.--*-
.**......-.*-.1.*...*
.*.**-....**10-.-*-..
0.*0.1..-1.0.*..*..**
.**.*-.**..*..*..-.-1
..-*1*-..*....**0*---
..-1*0---1*.-1..-*.0*
..1..-..-.0.--...--.*
--*-.-....*-.1.-.**.*
...1*-.-.-0*-11**0-*-

*** Life<Cell> 14x3 ***

Generation = 0, Population = 5.
-0-
---
---
---
---
---
-0-
---
---
---
-0-
0--
-0-
---

Generation = 1, Population = 12.
0-0
-0-
---
---
---
-0-
0-0
-0-
---
-0-
--0
-0-
--0
-0-

Generation = 2, Population = 9.
-0-
---
-0-
---
-0-
---
---
---
---
0--
-0-
0-0
-0-
0--

Generation = 3, Population = 10.
0-0
---
0-0
---
0-0
-0-
---
---
0--
---
0--
---
0--
---

Generation = 4, Population = 7.
---
---
---
---
-0-
---
-0-
0--
-0-
---
-0-
---
-0-
0--

Generation = 5, Population = 9.
---
---
---
-0-
0-0
---
--0
-0-
--0
---
0-0
---
--0
---

Generation = 6, Population = 9.
---
---
-0-
---
-0-
0--
---
0-0
---
0--
---
0--
-0-
--0

Generation = 7, Population = 7.
---
-0-
0-0
---
--0
---
--0
---
--0
-0-
---
---
---
---

Generation = 8, Population = 7.
-0-
---
-0-
0--
-0-
---
-0-
---
---
0--
-0-
---
---
---

Generation = 9, Population = 11.
0-0
---
--0
-0-
--0
---
0-0
-0-
0--
---
--0
-0-
---
---

Generation = 10, Population = 10.
---
0--
---
0-0
---
0--
-0-
0--
---
0-0
---
0--
-0-
---

Generation = 11, Population = 10.
0--
-0-
--0
---
--0
---
0-0
---
--0
---
--0
---
--0
-0-

Generation = 12, Population = 6.
---
---
---
---
-0-
0--
---
0--
-0-
---
-0-
---
---
0--

Generation = 13, Population = 8.
---
---
---
-0-
--0
---
---
---
--0
---
0-0
-0-
0--
-0-

Generation = 14, Population = 10.
---
---
-0-
0--
---
--0
---
--0
-0-
0--
-0-
0--
-0-
--0

Generation = 15, Population = 9.
---
-0-
--0
---
0-0
-0-
---
---
---
-0-
0-0
-0-
---
---

Generation = 16, Population = 7.
-0-
0--
---
0--
-0-
---
-0-
---
-0-
---
---
---
-0-
---

Generation = 17, Population = 11.
--0
---
---
---
--0
---
0-0
---
0-0
-0-
---
-0-
0-0
-0-

Generation = 18, Population = 6.
-0-
--0
---
--0
-0-
0--
---
---
-0-
---
---
---
---
---

Generation = 19, Population = 6.
0--
---
---
---
---
---
0--
-0-
0-0
-0-
---
---
---
---

Generation = 20, Population = 5.
-0-
0--
---
---
---
0--
---
0--
---
---
-0-
---
---
---

Generation = 21, Population = 10.
--0
---
0--
---
0--
-0-
---
-0-
0--
-0-
0-0
-0-
---
---

Generation = 22, Population = 9.
-0-
0-0
-0-
---
---
--0
---
--0
-0-
0--
---
---
-0-
---

Generation = 23, Population = 8.
---
---
---
-0-
--0
-0-
---
---
---
---
0--
-0-
0-0
-0-

Generation = 24, Population = 7.
---
---
-0-
0--
-0-
0--
-0-
---
---
0--
---
0--
---
---

Generation = 25, Population = 12.
---
-0-
--0
-0-
0-0
-0-
--0
-0-
0--
-0-
---
-0-
0--
---

Generation = 26, Population = 10.
-0-
0--
-0-
--0
---
--0
-0-
---
-0-
--0
---
--0
---
0--

Generation = 27, Population = 8.
--0
-0-
---
---
---
---
0--
---
0--
---
---
-0-
0-0
-0-

Generation = 28, Population = 7.
---
0--
-0-
---
---
0--
-0-
---
-0-
0--
-0-
---
---
---

Generation = 29, Population = 9.
0--
---
--0
-0-
0--
---
--0
---
--0
-0-
--0
-0-
---
---

Generation = 30, Population = 11.
-0-
0-0
---
---
---
0-0
-0-
---
---
0-0
-0-
0--
-0-
---

Generation = 31, Population = 14.
---
-0-
0-0
---
0-0
-0-
---
-0-
0-0
-0-
0--
-0-
--0
-0-

Generation = 32, Population = 7.
-0-
---
-0-
---
-0-
---
---
---
---
0--
-0-
---
-0-
0--

Generation = 33, Population = 10.
0-0
---
0-0
---
0-0
-0-
---
---
0--
---
--0
---
--0
---

Generation = 34, Population = 9.
---
---
---
---
-0-
---
-0-
0--
-0-
0-0
-0-
---
-0-
--0

Generation = 35, Population = 7.
---
---
---
-0-
0-0
---
--0
-0-
0--
---
---
---
0--
---

Generation = 36, Population = 7.
---
---
-0-
---
-0-
0--
---
---
---
0--
---
0--
-0-
0--

Generation = 37, Population = 9.
---
-0-
0-0
---
--0
---
0--
---
0--
-0-
---
---
0-0
---

Generation = 38, Population = 13.
-0-
---
-0-
0--
-0-
0-0
-0-
---
---
--0
-0-
0-0
---
0-0

Generation = 39, Population = 9.
0-0
---
--0
-0-
0--
---
---
-0-
--0
---
--0
-0-
---
---

Generation = 40, Population = 6.
---
0--
---
---
---
0--
-0-
0--
---
---
---
0--
-0-
---

Generation = 41, Population = 10.
0--
-0-
0--
---
0--
---
0-0
---
0--
---
0--
---
--0
-0-

Generation = 42, Population = 10.
---
0-0
---
---
-0-
--0
---
--0
-0-
---
-0-
0-0
---
0--

Generation = 43, Population = 10.
0-0
---
0-0
-0-
0--
---
---
---
0--
---
---
-0-
--0
-0-

Generation = 44, Population = 10.
---
---
-0-
0--
---
0--
---
0--
-0-
0--
-0-
0--
-0-
0--

Generation = 45, Population = 11.
---
-0-
--0
---
---
-0-
---
---
0-0
-0-
0-0
-0-
0-0
---

*** Life<Cell> 27x16 ***

Generation = 0, Population = 28.
----0-----0-----
---0------------
--0----0--------
---0------------
-0---------0----
----------------
0---------------
----------------
----------------
----------------
-------0-----0--
----------------
--0-----------0-
---0------------
-----0------0---
----------------
----------------
-0--0-0-------0-
----------------
--0--0----------
--------------0-
------------0---
------0---------
-0-------00-----
----------------
----------------
----------------

Generation = 3, Population = 195.
-0---01-1----0--
-1--01-000-00---
1*0-0-0-01-10---
0*01-100--00-0--
-0**000---0-0-0-
-0010--0-0-0-0--
1-1-------0-0---
-00----0---0-0--
-0----0-0---0-0-
0-0--0-0-0-0-000
-0--0-0-0---00*1
0------0-0-0-000
----1---0---0-0-
---0-*0---0--0--
-01--0--00-0--0-
0-0-10----0-00-0
-0--010-0--0100-
--0*-11--0-0100-
00--00-00----0*0
1*--00-10--01-*0
0-00--1--0-0*0--
0110------0-00*0
-00-----1--0-010
--0----1-11-0-0-
-0-0-0--0000----
0-0---0-0110----
-0-------00-----

Generation = 6, Population = 159.
*1--01.**---110-
-*-----.-0-0----
1*--*---0*-.-000
0.---*-.-0-1----
--....-*11110--0
-1-.11-1--------
---10100--0---1-
-1---0----------
-.---0-----0---1
-1-*-1--------1-
---*-01--0--.1..
-0-10110--------
-000*--00--10*.1
-----.*001--0---
1.11---0-.----00
--*---1-1---0---
10--010010---0--
*0..0.-1--01.0--
-1111--11---*1.0
*.01-0*------0*0
-10--01-1-*-.---
1.-100--0-----.0
0-.-1---*-0-0-*-
1*--1-**---1---1
--1---1---0-1---
-00--01---1--1--
----0-0-0-----0-

Generation = 9, Population = 192.
.--01***.00-.-.0
**-*-*-.0--0--00
****.1--1.-.--1.
-*-*-*-.000*0*00
*-*...0.*******0
---.-1*1-00-000-
--*..------0-01-
---*1-0-0---0-*-
0*--*-0--0-001**
0-1*0*1---000010
-0-.*---0-0*.1..
---.***--0-0001-
0--..0..--0.1.**
-1-1*.*0-.0-*0*-
1**.---1-.---*1-
-0*-*-.-.-1*----
1--0----.*-0-.*1
*-.*0.--001**1--
--.*1--*.-*-..*.
*..1--.1-0*010.-
-.1--1--.-*0*--1
..-.*----0-10-.-
--.-11-0.0--1-.*
-.--.1**-1.1----
--*---10--1-1-*0
0.00-1.---.0-1--
-0--0-------00-0

Generation = 12, Population = 190.
..1--.***-*-*-**
..*.-*-..101--01
.*...-*.*..*11-.
-.-.-.1.*11...--
*.....**.....*.-
1*-.....0001--.-
-..*.1--.*-111.-
*.0.1-1-110-.-.-
1.-**0-*-1-0-..*
--..0.**-0-1-1.0
-11..1*--0-..-.*
*.-*.***11--..*0
0-0*.***0-..-..*
-.-..*.0...1...-
**.*--1*1.1--.**
0-.-*1.**1..00*-
*00-*---*.01-*..
.*..1.-1-*....--
--..*1**.0.*....
.***00..--*1*-*-
1*11--10.*.1.**-
..*..-0*-*-*1-*0
0-.**1.1.--0.0**
*.*1.-**-**---*-
-0.------01-10.*
-*0.--.-0-.00.-1
000--0--0-0-10-0

Generation = 15, Population = 188.
.*.*-****.***-*.
*...*.-..*1*01-*
.....*....**1**.
*.-*-.*..1**..10
*........*...*.-
1.0....*-*1*--*0
1...**10..-**.**
..0..0*-*111.*.0
..1**--.*111*..*
1-.*-.*.--1.--.-
1*.*.1**-1-..-.*
*........1--....
.-*.**..11*.1...
-.-*.**0...1**.1
**.*1-*.-.-*-***
1-*-...*..*.*1.1
.-11.--*****1***
.***-.*.-.*..*-0
--**.**..1**....
**..1-.*-1.*....
**11----.*.-...-
....**-.-.1..0.0
**..**.-*1-...*.
*.*-*-.*1..-...*
--*0101----*-*.*
-.0.11.*-*....-*
**----*---1*----

Generation = 18, Population = 156.
....-.......***.
......1.*.-.1--.
......**......*.
..0****..-..***-
...*..*........-
-.0....*-.-.--.0
*......1..*.**..
.....0.1.......-
..1.**-...-.**..
.*.*-.**10...*.-
*.*.**..1*-..1..
*.*..*...-*0....
.-**.....***....
-.-....-.*.1....
......*.**1.-***
*-*1*...**...**-
.**1.*-.**..***.
*.*.*..*1*.*..-1
-1..*...**.*.**.
...*-1.*0-...*..
*.-.011***.**.*1
*..*..-*1.-*.1.-
*.*.**.-..1..*..
*.*..*..-..-.*..
.1*0-1.-0*.**..*
*.*.**..-**...0*
.*0*-0.-1-..*-01

Generation = 21, Population = 148.
....-......***..
..........1*.11*
....**......*.**
..*......-...*.1
...*..**.......0
-.-.*...1*1**0.-
.....*.*******..
..***-*..*.....-
.*-*..-.*.-.*.**
.*..1..*.1..*..1
.***.***-*1**.**
..***...*1.1*...
.*.....**.*.**..
0***...-*.**..*.
.*.**......*-..*
.-.*........*.*1
**.-..**...*..*.
......*.-*.**.*-
*-.............*
..**-.*..-.....*
..**-*-.**.*.*.*
.*....1.-.-*...-
*..*...***-**..*
*.*.....1**1....
*.**.1.-1.......
*..**.........0.
..-.1-.-1-...1--

Generation = 24, Population = 130.
....-.....**....
..........*..-**
...*...******...
...*.....-.....-
...*...........*
-.-.*.*.*....1.0
..***......*.*..
.**..-........*0
*.1*..-..**.....
*...-..*.**..*.-
**.....***-..*.*
.......**1.-*..*
...*.*...**..*..
1*****.-.*.*.**.
*.....*..*..-...
.-......*.*....-
......*.*.*.....
*.....*.....*..-
.-.*........***.
**.*.***.-...*.*
....1.1*******.*
...*..-.-...*..*
*.*.*.**....**..
*.*....*...-*...
*.**.*.*.**.....
.**..*.*.*....-.
..-**1*--0...---

Generation = 27, Population = 114.
....-......***..
...........***..
...*...*.*..*...
...*....**.*.**1
.***....**...***
1*-............*
*.........*.*...
*....1.........1
*.-*..-*...*..*.
*.*.-.........*.
......*...-...**
.......****1....
**.........**.*.
-......1*.....*.
....**.**.*.-.*.
.-..**....*..*.-
.........**..*..
.....*...*.....-
.-..*..*........
....***..-......
....1.-........*
.....***-...***.
.**.*..**...**..
.......*.*.1.*..
..*..*.*..***...
..*......***..-.
..**.****1...---

Generation = 30, Population = 102.
....-...........
................
...*............
..*.*.....**.*.-
.*..*...*...*.*.
-*-*....*.*.*.*.
..*......*...**.
.....-.........*
**-...-.*....*.*
....-..**....*..
......**..1**...
...........**...
.........*.*....
-....**-*****...
....***.....-..*
.-.***.*..*..***
...**.***.*.***.
.......***.....-
.-.......*......
...*..*..1......
...**.***....**.
........-*.**.*.
........*.*..*..
....*....**.**..
.**.*.*....*....
.*.....*......-.
.*....*..-...---

Generation = 33, Population = 123.
....-...........
................
...*.......***..
....*......****1
..*.*....*....*.
*.***....***....
*..*.....****...
.**..-.***..***.
..1...-***.*....
....-.*...*.....
.......*.*..*.*.
..........**.*..
........***.*...
-......1*.*...*.
.........**...*.
.-..........*..*
.............***
........**...**-
.-......*****...
...**...******..
...*.*.....**.**
....**.*......**
....**.**..**.**
..*.*...*.*.*.*.
**.*.**..*...*..
***.*.*...***.-.
......*..-...---

Generation = 36, Population = 111.
....-...........
...........*....
....*.....*.*...
..**.*.......***
.**......*.*..**
.**.*.....*.....
....*...........
..***-......*...
..*...-...***...
....-....*...*..
.........*****..
.......***....*.
.......***.****.
-......*..*.....
........*....*..
.-......*....*..
..........***.*.
...............-
.-..******....**
..**.....*......
..*...*****.....
..*.**...**.*...
.........**.**..
.*...**..**...*.
*.*****.**....*.
*......**.....0.
.*...***.1*.*1--

Generation = 39, Population = 87.
....-...........
................
..............*.
...***...**...*.
.*.......**.....
.**.............
*...............
.**.*-.....***..
..**..-....*.*..
....-......***..
................
............*..*
......****..****
-........*......
......**.*.....*
.-....**...*...*
..........*....*
.............*.*
.-...........***
.**.............
.*..........*...
..**...**..*.*..
..**....*.**..*.
.....*.*...*...*
.*.*.*...*.**..*
...*.....***..**
..............01

Generation = 42, Population = 105.
....-...........
................
................
...***...**.....
**.*.....**.....
*.*.*...........
**.**......***..
*****1....*...*.
.***..-.........
..*.-..........*
...........*.*.*
........*....*.*
......****...*.*
-.....**.*...*.*
.....**......*.*
.-....*.***...**
.......**......*
...............*
***.........*..*
.........**....*
........****..*.
***.******.....*
....*.**...*...*
...**.*...*.....
...***.........*
.........*...*..
.........**..*--

*** Life<Cell> 3x25 ***

Generation = 0, Population = 1.
-------------------------
--------------0----------
-------------------------

Generation = 1, Population = 4.
--------------0----------
-------------0-0---------
--------------0----------

Generation = 2, Population = 2.
-------------------------
------------0---0--------
-------------------------

Generation = 3, Population = 8.
------------0---0--------
-----------0-0-0-0-------
------------0---0--------

Generation = 4, Population = 2.
-------------------------
----------0-------0------
-------------------------

Generation = 5, Population = 8.
----------0-------0------
---------0-0-----0-0-----
----------0-------0------

Generation = 6, Population = 4.
-------------------------
--------0---0---0---0----
-------------------------

Generation = 7, Population = 16.
--------0---0---0---0----
-------0-0-0-0-0-0-0-0---
--------0---0---0---0----

Generation = 8, Population = 2.
-------------------------
------0---------------0--
-------------------------

Generation = 9, Population = 8.
------0---------------0--
-----0-0-------------0-0-
------0---------------0--

Generation = 10, Population = 4.
-------------------------
----0---0-----------0---0
-------------------------

Generation = 11, Population = 15.
----0---0-----------0---0
---0-0-0-0---------0-0-0-
----0---0-----------0---0

Generation = 12, Population = 4.
-------------------------
--0-------0-------0-----0
-------------------------

Generation = 13, Population = 15.
--0-------0-------0-----0
-0-0-----0-0-----0-0---0-
--0-------0-------0-----0

Generation = 14, Population = 8.
-------------------------
0---0---0---0---0---0-0-0
-------------------------

Generation = 15, Population = 26.
0---0---0---0---0---0-0-0
-0-0-0-0-0-0-0-0-0-0-----
0---0---0---0---0---0-0-0

Generation = 16, Population = 2.
-------------------------
0-------------------0----
-------------------------

Generation = 17, Population = 7.
0-------------------0----
-0-----------------0-0---
0-------------------0----

Generation = 18, Population = 4.
-------------------------
0-0---------------0---0--
-------------------------

Generation = 19, Population = 13.
0-0---------------0---0--
---0-------------0-0-0-0-
0-0---------------0---0--

Generation = 20, Population = 4.
-------------------------
--0-0-----------0-------0
-------------------------

Generation = 21, Population = 13.
--0-0-----------0-------0
-0---0---------0-0-----0-
--0-0-----------0-------0

Generation = 22, Population = 8.
-------------------------
0-0-0-0-------0---0---0-0
-------------------------

Generation = 23, Population = 22.
0-0-0-0-------0---0---0-0
-------0-----0-0-0-0-0---
0-0-0-0-------0---0---0-0

Generation = 24, Population = 4.
-------------------------
------0-0---0---------0--
-------------------------

Generation = 25, Population = 14.
------0-0---0---------0--
-----0---0-0-0-------0-0-
------0-0---0---------0--

Generation = 26, Population = 6.
-------------------------
----0-0-0-----0-----0---0
-------------------------

Generation = 27, Population = 19.
----0-0-0-----0-----0---0
---0-----0---0-0---0-0-0-
----0-0-0-----0-----0---0

Generation = 28, Population = 8.
-------------------------
--0-0---0-0-0---0-0-----0
-------------------------

Generation = 29, Population = 23.
--0-0---0-0-0---0-0-----0
-0---0-0-----0-0---0---0-
--0-0---0-0-0---0-0-----0

Generation = 30, Population = 10.
-------------------------
0-0-0---0---0---0-0-0-0-0
-------------------------

Generation = 31, Population = 26.
0-0-0---0---0---0-0-0-0-0
-----0-0-0-0-0-0---------
0-0-0---0---0---0-0-0-0-0

Generation = 32, Population = 2.
-------------------------
----0-----------0--------
-------------------------

Generation = 33, Population = 8.
----0-----------0--------
---0-0---------0-0-------
----0-----------0--------

Generation = 34, Population = 4.
-------------------------
--0---0-------0---0------
-------------------------

Generation = 35, Population = 16.
--0---0-------0---0------
-0-0-0-0-----0-0-0-0-----
--0---0-------0---0------

Generation = 36, Population = 4.
-------------------------
0-------0---0-------0----
-------------------------

Generation = 37, Population = 15.
0-------0---0-------0----
-0-----0-0-0-0-----0-0---
0-------0---0-------0----

Generation = 38, Population = 6.
-------------------------
0-0---0-------0---0---0--
-------------------------

Generation = 39, Population = 21.
0-0---0-------0---0---0--
---0-0-0-----0-0-0-0-0-0-
0-0---0-------0---0---0--

Generation = 40, Population = 4.
-------------------------
--0-----0---0-----------0
-------------------------

Generation = 41, Population = 15.
--0-----0---0-----------0
-0-0---0-0-0-0---------0-
--0-----0---0-----------0

Generation = 42, Population = 6.
-------------------------
0---0-0-------0-------0-0
-------------------------

Generation = 43, Population = 18.
0---0-0-------0-------0-0
-0-0---0-----0-0-----0---
0---0-0-------0-------0-0

Generation = 44, Population = 8.
-------------------------
0---0-0-0---0---0---0-0--
-------------------------

Generation = 45, Population = 25.
0---0-0-0---0---0---0-0--
-0-0-----0-0-0-0-0-0---0-
0---0-0-0---0---0---0-0--

Generation = 46, Population = 6.
-------------------------
0---0---0-----------0-0-0
-------------------------

Generation = 47, Population = 18.
0---0---0-----------0-0-0
-0-0-0-0-0---------0-----
0---0---0-----------0-0-0

Generation = 48, Population = 4.
-------------------------
0---------0-------0-0----
-------------------------

Generation = 49, Population = 13.
0---------0-------0-0----
-0-------0-0-----0---0---
0---------0-------0-0----

Generation = 50, Population = 8.
-------------------------
0-0-----0---0---0-0-0-0--
-------------------------

*** Life<Cell> 26x20 ***

Generation = 0, Population = 22.
----------------0---
---------------0----
-----0--------------
------0-------------
--------0---00------
--------------------
--------------------
---------------0----
--------------------
-00-----------------
---------0----------
-0------------------
--------------------
--------------------
--------------------
--------------------
--------------------
0-------------------
------------0-------
-----------0----0-0-
--------------------
---------0----------
--------0-----------
--------0---0-------
---------------0----
--------------------

Generation = 4, Population = 74.
-----0--0----0------
-----------0---0---0
-0-------1------0---
--0-----.-0----*----
----0---10--*-.--0--
-00------------*----
-----0---1----------
-*----0----0-------0
-0------1---01------
*.1.-10-------------
-0---0-------0------
-*---0---------0----
--------------------
101-----------------
---------0--0-------
-1---------0----0-0-
--------------------
--0-0----0----------
----------------0---
-------01-----00--0-
---------------0----
0----0-------1------
----0---------------
----0---1--00-----0-
--------.--0---0---0
--------*1--0-------

Generation = 8, Population = 125.
--------0*-*----*---
-00----00.-----*-1--
-1-------.--.--1----
**--.1-0*11..00.1.--
1.*--.*1.1-..*.*.--0
....-1-------*0.-.--
1-1-.----.-.-0--1---
-..----0..---.-*-*--
-11---0--.-*-..*1---
*.-.*-.*-01----0----
--0---1-----10-.-1--
...-1*---1-1----1-1-
000--1--1---*0------
.0*1-----1----------
--1-----1-.---------
*.------0---0--0----
---------------0----
-1*---0-1-----0-----
----0----0---1.0----
-0-0----*-0-----0*-0
------------*--*.---
-0---------0**---1--
0------110--1---1---
0---1-111-0-.---0---
----.0-0.--1-----0--
0----0--..------0-0-

*** Life<Cell> 11x14 ***

Generation = 0, Population = 5.
--------------
--------------
--------------
----0---------
-----0--------
--------------
----------0---
--------------
-------00-----
--------------
--------------

Generation = 1, Population = 16.
--------------
--------------
----0---------
---0----------
------0-------
-----0----0---
---------0-0--
-------00-0---
------0110----
-------00-----
--------------

Generation = 2, Population = 16.
--------------
----0---------
-----0--------
--0---0-------
---0---0--0---
----0---------
-----0-0----0-
--------------
-----01--1----
--------------
-------00-----

Generation = 3, Population = 32.
----0---------
---0----------
--0-----------
-0--------0---
--------00-0--
----------0-0-
--------0--0-0
------00-0--0-
----01*11-0---
-----00000----
------0110----

Generation = 4, Population = 18.
-----0--------
--------------
----------0---
0-------0-----
-0-----011----
--------------
------0-------
----0---------
---01*.----00-
--------------
-------**-0---

Generation = 5, Population = 46.
----0-0-------
-----0----0---
0-------00-0--
--------1-0---
--0---01**0---
-0----0000----
----00-0------
----1-0----00-
--01**.---0110
---000-00-000-
------0..--0--

Generation = 6, Population = 45.
---0-0-0--0---
0-------0-----
-0---0-0-1--0-
0-0---0---1---
---0-0-*..-0--
0---0---1-----
-0-0-1-1-0-00-
--0-----------
-01*...111---1
----1-011-----
---00--*.--1--

Generation = 7, Population = 63.
0-0------0-0--
---0---0--0-0-
0---0-0-0--0-0
-0---0-0----0-
----0-0*..--0-
---0-0-0----0-
--0-0---0--110
-010-0--0--000
01**..*-**0-1-
-000*-1----0-0
--01-0-**-0-0-

Generation = 8, Population = 39.
-------00-0---
--------------
-----0---1----
--0-0--1----1-
-0----1**.-0-0
------01------
--1--1--100---
----1--0------
1-....*-**1-*1
----.0*--00---
----0-0*.--1--

Generation = 9, Population = 56.
------011--0--
-----0-0000---
--0---000-0-0-
-------*-0----
0---00-.*.0-0-
-00-----1000-0
-0-0---1*-11--
0-10----0---00
-1....*1*.--.*
0---.1.-----00
---1-0-*.0--0-

Generation = 10, Population = 59.
------1*----0-
--0-0--1----0-
-0-0--1---1--0
0-0-00-.--1---
--00111*..10--
--1-00--*---0-
-1-10-0*.0----
--*-1-00-00-1-
1-*...*-*.--..
---0**.-10-0--
0-0--1-..-011-

Generation = 11, Population = 73.
--0-00**1--010
---0-00*0-001-
----0----1*0--
-01---0*-0---0
001----*.*-1--
--*-1-01*-0--0
0--*11-..1----
0-*0*-1-0-1--0
--*...*1..11..
--01***1-101--
-----*0..-1**0

Generation = 12, Population = 63.
-0-011..-0--*1
------1.-0----
-00-------.--0
---0001*----1-
11*01-1..*1-0-
--*0*01*.---0-
111.-*0..-1---
1-*1.0*0-0*-1-
11.....-..*-*.
-0--*..--*-*-0
--01-.-*.--.*1

Generation = 13, Population = 77.
0--1-*..1100.*
--000--.010-1-
011-00-0-1.---
0-1-1-**1010*-
*-.-*--.*.*--0
-0.1.1-*.0-010
--*.-.1.*-*1--
--.**-.1-1*-*0
--.****1*..1**
-1--...11.0*-1
--1*-.0..0-.*-

Generation = 14, Population = 57.
-0-*1...-*11*.
---1-0-*---0--
--*01111--.0--
-0*--0*.*1*-*-
*-*-*-1....101
--*-*-1*.-----
--*.1*-..-.-1-
--*..-.*-*.-.-
-1**.*.-...-..
0---...--.1.-*
--*.0.-**--**-

Generation = 15, Population = 62.
0--**...1.-**.
-0---11*01----
--.1--*--1.1--
-1.-1-..*-*-.-
.1*-*1-.****1*
00*-*1-*.--0-0
-1*.-*-**1.1-0
--...-*.-..-.-
-***...1...-..
---1*..11.-*-.
00..-.0..0-**-

Generation = 16, Population = 71.
--0.***.**1...
--0--**.1-0-1-
--*---*-0*.-0-
0*.-*-.**-.0.0
.*.-.-1**...-*
1-.-.*-*.---1-
--**-*1*****-1
--.*.-*.0..0.0
1.***.***..1..
0---*.*-*.1*-.
11..0.-**--**1

Generation = 17, Population = 69.
-01**.*.*.-*..
-0-1-...--1-*0
0-*11-*11.*-1-
1**0.0...-.-.1
.*.-.-*.....-*
--*1**-..00--0
11**-**..***1*
1-...-..-..-.1
***.*.*.*..-..
--0-*.*-..*.-.
-*..1*-**0-***

Generation = 18, Population = 69.
0--**.....-**.
-1--0.*.-1*0*1
1-.-*1*-**.-*0
-..-.-...-.-**
*..-.1*.....1*
10.*..1..-----
--..1**..*.*-*
-0..*0**0**0.*
*.*....*...-..
011-*.*-..**0.
1..*-*0**11**.

Generation = 19, Population = 57.
--1***....-..*
0-0--.**--.1.-
--.1*-*-**.-.1
-..-*-.*.1.0..
**.0.**.....-*
-1....-*.0-01-
1-**-....*.*-.
--.**1..-*.-..
*.*.*......-..
1--1*..1....-.
*.**1*1**-*.*.

Generation = 20, Population = 62.
00-****...-...
--11-.**-1.-*-
1-.**-*-.*.-*-
1.*0.-.*.**-*.
***-****...*-.
1*.**.-.*1--*-
-1**-....*.*-.
--...*..0.*0..
.**........-..
-11-...**...0.
.**.**-**-....

Generation = 21, Population = 66.
111*****..-...
--**0..*-*.1.1
*1..*-*1.*.1*1
-..-.0.*.**0*.
...-.***...*1.
-.....1**-00*0
--.*-......*-.
--.*....-**-..
.**....***.1..
1**1..***...-.
.***..-**1....

Generation = 22, Population = 42.
*-*..****.-...
-1..1...-..*.*
.**.*1.*.*.*.-
1..-*1...*.-..
...-.*......*.
-....*-.*-1-.1
--..1..**...-.
-0.*....-*.0..
*.....*....-..
*..-..*...*.-.
*..*..-..*....

Generation = 23, Population = 44.
.1...***..-...
-*..*...1.*.*.
***..-*.*...*1
-*.0.*..*.*0..
...-.**..*....
-...**1**--0.-
-1..-..**.*.-.
--.....*-..-..
**........*1..
**.1........-.
......1.......

Generation = 24, Population = 45.
.*...***..1...
-.......**.***
*..**-..*.*.**
-*.-**..*.*1*.
...0.....*.*..
-...*.*..---.-
1-..1*...*..-.
1-.....*-**0..
***........*..
***-........-.
......-.......

Generation = 25, Population = 42.
......****-**.
0...***.*....*
...**-.**.....
-.*0.*..*..*.*
...-.....*.**.
1..**....--0.-
*1..-**.**..-.
--......-*.-..
..*........*..
*.*1........-.
.*....-.......

Generation = 26, Population = 46.
......*.**-.*.
-..**.......*.
..*..1..**..*.
-.*-...*****..
..*-.......*..
**..**..*-11*-
**..-*..***.-.
10......-**0..
.***..........
..**........-.
.**...-.......

Generation = 27, Population = 42.
..........1...
-..***.*...***
..*.*-.*....*.
-**0...*...**.
..*0...*......
*.*.**..*1-**1
..*.-*..*...1.
-1......-..1..
*..*......*...
............-.
.***..-.......

Generation = 28, Population = 48.
....*.....-**.
-..****....***
.*...-.**.....
1*.-*.***..**.
...-..**..*..*
..*.******-***
..**-*..***.**
--*.....0..-..
..............
.*.*........-.
..*...-.......

Generation = 29, Population = 45.
...**.....1*.*
-..*****...*.*
****.1..*....*
**.0.*...*.**.
.*.-*.....*..*
..*.*.....-...
.**.1*....*..*
-1**....1..-..
..*...........
..*.........-.
..*...-.......

Generation = 30, Population = 39.
...*..*...**..
0*....**..**.*
*....-.**.**.*
...1.*...*****
**.-**....***.
..*.*.....-...
....-*........
1-..*...-..-..
..............
.***........-.
......-.......

*** Life<Cell> 16x24 ***

Generation = 0, Population = 38.
---------------0--0-----
--------0-----0---------
---000------------------
----------------0-----0-
---------------0-0--00--
--0---0-00--------------
--0------------------0--
------------------------
-0-----0---------0-0----
---------------------00-
----0-------------------
-------0----------------
--------0-0---00--------
---------0----------0---
-0-00---0----0----------
------------------------

Generation = 3, Population = 187.
--01-1----0----1--1--00-
-00-001--0-----00------0
01**-*-1000-0---01---1--
---0001-0-0--0-0-0--*000
00---10000000---01-0-*11
1-10--11*-*100-0--0-0010
-*-0-0010000--0----0*---
0-*----01-0------0-0--1-
-0---1-0-10---0----1-000
-0-000-*-00---0---0**11-
0110--1*1--0-011---10000
--000-000-----000---1-10
0---0--0-0-----1*1--00--
--0--00-0--10-0-0--0-0-0
01-.--00--0100-0--0-0-0-
-000-0----00--0----0-0--

Generation = 6, Population = 153.
0-0**.--0--00-0*11-*-1*1
1-1-.1*---*10-*---*-1-1-
**.*1.-*-100--0---0--*0-
1----0---1---00-1-0-.010
-11---0110-1--1-.-.-1.**
*-*---.-.-.1..*0--101..-
-.--1-----0---100010.110
--*1----10--01---1--1-.-
----0.--*1.*-*--1-0-0--.
11-1---.--11---1--..*-.1
....---.*--111----1-----
---.--1-00------011--1-0
-011--*.-1*-*11*..-101--
-1-*-.---1----01--10-.-1
--*.-.0*-*-*.----010----
-0-*-1-----0-1--0-0-01--

Generation = 9, Population = 186.
100...**1--0-0-****.0**.
-*****.101*1--.--0.--111
*..***-.**11-1---*0-0.--
.*-*00*0-11001.0*0-**---
-*1---1--1-.----.-.0*..*
.-.**1.........10--1-.*-
**-1--*-*-0--0**1-.0*.**
10.*--1.*-0---000.-0*1.0
----0.-0.*..-.---*-1---.
.*--001.-1..-10111*.*1*1
*.**---*.1-1-*11--.-0*-0
0-**--*1110--001*----*10
*-----..-..*.*...*1101-1
0.0*0.---10.-10-1--11..-
**..1.-.-.1*.1.-1.1---0-
-10.-----*0.0-0-00--1**0

Generation = 12, Population = 158.
.*1.....-1-.0-1****.***.
-......1-***--.---.111.*
......-**.-**.0*1.---.-*
..-..-..*.*.1-.*.-*..--*
-..0-..11*1*0*-*...-*..*
.*.*.*...*.*..*10*1-1*.0
*.*1--*-.----....1.1.*..
-1**-**.*-10-1---.-*.*.-
0-1--.0-*.*.1*--1.-*---*
*.-1-0...-**--..1..***.*
*...1-.**--1-***-0..0*--
-1..**..****0-1..1.-1.-.
.*--.-..0....*****1.11-.
-...1*--1.0*-**-*---*..1
*.....-.0.*....-1.-11--1
1-1***-*-*-.1*--1---.***
