*** Life<ConwayCell> 18x3 ***

Generation = 0, Population = 11.
.*.
**.
...
.*.
...
*..
...
*..
*..
*..
...
**.
...
...
...
*..
...
...

Generation = 2, Population = 5.
**.
..*
**.
...
...
...
...
...
...
...
...
...
...
...
...
...
...
...

Generation = 4, Population = 2.
...
.**
...
...
...
...
...
...
...
...
...
...
...
...
...
...
...
...

Generation = 6, Population = 0.
...
...
...
...
...
...
...
...
...
...
...
...
...
...
...
...
...
...

Generation = 8, Population = 0.
...
...
...
...
...
...
...
...
...
...
...
...
...
...
...
...
...
...

Generation = 10, Population = 0.
...
...
...
...
...
...
...
...
...
...
...
...
...
...
...
...
...
...

Generation = 12, Population = 0.
...
...
...
...
...
...
...
...
...
...
...
...
...
...
...
...
...
...

Generation = 14, Population = 0.
...
...
...
...
...
...
...
...
...
...
...
...
...
...
...
...
...
...

Generation = 16, Population = 0.
...
...
...
...
...
...
...
...
...
...
...
...
...
...
...
...
...
...

Generation = 18, Population = 0.
...
...
...
...
...
...
...
...
...
...
...
...
...
...
...
...
...
...

*** Life<ConwayCell> 12x5 ***

Generation = 0, Population = 6.
...*.
.*...
.....
.....
.....
.....
.*.*.
.....
...*.
.*...
.....
.....

Generation = 4, Population = 0.
.....
.....
.....
.....
.....
.....
.....
.....
.....
.....
.....
.....

Generation = 8, Population = 0.
.....
.....
.....
.....
.....
.....
.....
.....
.....
.....
.....
.....

Generation = 12, Population = 0.
.....
.....
.....
.....
.....
.....
.....
.....
.....
.....
.....
.....

Generation = 16, Population = 0.
.....
.....
.....
.....
.....
.....
.....
.....
.....
.....
.....
.....

Generation = 20, Population = 0.
.....
.....
.....
.....
.....
.....
.....
.....
.....
.....
.....
.....

*** Life<ConwayCell> 6x16 ***

Generation = 0, Population = 21.
..........*.....
.....*.*.*....*.
...*..*......**.
.**......*...*..
.***...**..***..
................

Generation = 4, Population = 20.
................
........*....**.
........**..*..*
.......*...**.**
........****..*.
........*...**..

Generation = 8, Population = 19.
............***.
........*...*.*.
......*..**.*.*.
.....*.......*..
..............*.
......*....****.

Generation = 12, Population = 12.
.............*.*
............*..*
............*...
............*.**
............*..*
.............**.

Generation = 16, Population = 5.
................
................
................
.............*..
............*.*.
............*.*.

Generation = 20, Population = 0.
................
................
................
................
................
................

*** Life<ConwayCell> 24x6 ***

Generation = 0, Population = 29.
**....
......
......
.**.*.
......
.*....
.*....
...*..
*.*...
*.....
...**.
**....
..**..
*.....
**....
*..*..
.**...
*.....
..*...
......
..*...
*.....
*.....
......

Generation = 3, Population = 20.
......
......
......
......
......
.**...
*..*..
......
*.....
..*...
***...
*.**..
..**..
*.**..
......
......
..**..
.*....
......
......
......
......
......
......

Generation = 6, Population = 10.
......
......
......
......
......
.**...
.**...
......
......
......
......
.**...
.*.*..
......
..**..
......
......
......
......
......
......
......
......
......

Generation = 9, Population = 8.
......
......
......
......
......
.**...
.**...
......
......
......
......
.**...
.**...
......
......
......
......
......
......
......
......
......
......
......

Generation = 12, Population = 8.
......
......
......
......
......
.**...
.**...
......
......
......
......
.**...
.**...
......
......
......
......
......
......
......
......
......
......
......

Generation = 15, Population = 8.
......
......
......
......
......
.**...
.**...
......
......
......
......
.**...
.**...
......
......
......
......
......
......
......
......
......
......
......

Generation = 18, Population = 8.
......
......
......
......
......
.**...
.**...
......
......
......
......
.**...
.**...
......
......
......
......
......
......
......
......
......
......
......

Generation = 21, Population = 8.
......
......
......
......
......
.**...
.**...
......
......
......
......
.**...
.**...
......
......
......
......
......
......
......
......
......
......
......

Generation = 24, Population = 8.
......
......
......
......
......
.**...
.**...
......
......
......
......
.**...
.**...
......
......
......
......
......
......
......
......
......
......
......

Generation = 27, Population = 8.
......
......
......
......
......
.**...
.**...
......
......
......
......
.**...
.**...
......
......
......
......
......
......
......
......
......
......
......

Generation = 30, Population = 8.
......
......
......
......
......
.**...
.**...
......
......
......
......
.**...
.**...
......
......
......
......
......
......
......
......
......
......
......

Generation = 33, Population = 8.
......
......
......
......
......
.**...
.**...
......
......
......
......
.**...
.**...
......
......
......
......
......
......
......
......
......
......
......

Generation = 36, Population = 8.
......
......
......
......
......
.**...
.**...
......
......
......
......
.**...
.**...
......
......
......
......
......
......
......
......
......
......
......

Generation = 39, Population = 8.
......
......
......
......
......
.**...
.**...
......
......
......
......
.**...
.**...
......
......
......
......
......
......
......
......
......
......
......

Generation = 42, Population = 8.
......
......
......
......
......
.**...
.**...
......
......
......
......
.**...
.**...
......
......
......
......
......
......
......
......
......
......
......

Generation = 45, Population = 8.
......
......
......
......
......
.**...
.**...
......
......
......
......
.**...
.**...
......
......
......
......
......
......
......
......
......
......
......

*** Life<ConwayCell> 13x21 ***

Generation = 0, Population = 26.
....*......*......*..
*....................
.....*.........*...*.
..................*..
...............*.*...
......*.....*........
................*....
.......*.......*.....
.....................
.......*.....*.*.....
.....*.*.....*..*....
*.........*..**......
.....................

Generation = 2, Population = 8.
.....................
.....................
.....................
.....................
.................*...
.....................
.....................
.....................
.....................
..............**.....
............*..*.....
............***......
.....................

Generation = 4, Population = 9.
.....................
.....................
.....................
.....................
.....................
.....................
.....................
.....................
.....................
..............**.....
............*..*.....
............*.*......
............***......

Generation = 6, Population = 12.
.....................
.....................
.....................
.....................
.....................
.....................
.....................
.....................
.....................
..............**.....
.............*..*....
...........**.**.....
...........**.**.....

Generation = 8, Population = 13.
.....................
.....................
.....................
.....................
.....................
.....................
.....................
.....................
.....................
.............***.....
............***.*....
...........*..*.*....
...........**..*.....

Generation = 10, Population = 12.
.....................
.....................
.....................
.....................
.....................
.....................
.....................
.....................
.....................
.............*.*.....
...........***..*....
...........*.*..*....
...........**..*.....

Generation = 12, Population = 13.
.....................
.....................
.....................
.....................
.....................
.....................
.....................
.....................
.....................
............****.....
................*....
..........*..*..*....
...........*****.....

Generation = 14, Population = 12.
.....................
.....................
.....................
.....................
.....................
.....................
.....................
.....................
.............*.*.....
............*..*.....
............*...*....
...........*....*....
...........*.***.....

*** Life<ConwayCell> 17x11 ***

Generation = 0, Population = 33.
.....*...*.
........**.
...**....*.
..*....*.*.
.........*.
*.*....**..
*......*...
...........
...........
.........*.
.....**....
.**......*.
.*.*...*.*.
........**.
...**......
.....**....
...........

Generation = 1, Population = 37.
........**.
....*...***
...*.....**
...*.....**
.*.....*.*.
.*.....**..
.*.....**..
...........
...........
...........
...........
.**...*.*..
.*.......**
..***...**.
....**.....
....**.....
...........

Generation = 2, Population = 31.
........*.*
...........
...**......
..*........
..*....*.**
***...*..*.
.......**..
...........
...........
...........
...........
.**......*.
.*.....*..*
..****..***
...........
....**.....
...........

Generation = 3, Population = 27.
...........
...........
...*.......
..*........
..**....***
.**...*..**
.*.....**..
...........
...........
...........
...........
.**........
.*..*.....*
..***...***
.........*.
...........
...........

Generation = 4, Population = 27.
...........
...........
...........
..*......*.
...*....*.*
.*.*......*
.**....***.
...........
...........
...........
...........
.**........
.*..*.....*
..***...*.*
...*....***
...........
...........

Generation = 5, Population = 27.
...........
...........
...........
.........*.
...*......*
.*.*...*..*
.**.....**.
........*..
...........
...........
...........
.**........
.*..*....*.
..*.*...*.*
..***...*.*
.........*.
...........

Generation = 6, Population = 30.
...........
...........
...........
...........
..*......**
.*.*....*.*
.**....***.
........**.
...........
...........
...........
.**........
.*.......*.
.**.**..*.*
..*.*...*.*
...*.....*.
...........

Generation = 7, Population = 32.
...........
...........
...........
...........
..*......**
.*.*...*..*
.**....*..*
.......*.*.
...........
...........
...........
.**........
*..*.....*.
.**.**..*.*
.**.**..*.*
...*.....*.
...........

Generation = 8, Population = 32.
...........
...........
...........
...........
..*......**
.*.*....*.*
.**...**.**
........*..
...........
...........
...........
.**........
*..**....*.
*....*..*.*
.*...*..*.*
..***....*.
...........

Generation = 9, Population = 38.
...........
...........
...........
...........
..*......**
.*.*...**..
.**....*..*
.......***.
...........
...........
...........
.***.......
*.***....*.
**...*..*.*
.***.*..*.*
..***....*.
...*.......

Generation = 10, Population = 34.
...........
...........
...........
...........
..*.....**.
.*.*...**.*
.**...*....
.......***.
........*..
...........
..*........
.*..*......
*...*....*.
*....*..*.*
*....*..*.*
.*.......*.
..***......

Generation = 11, Population = 41.
...........
...........
...........
...........
..*....***.
.*.*...**..
.**...*....
.......***.
.......***.
...........
...........
.*.*.......
**..**...*.
**..**..*.*
**......*.*
.****....*.
..**.......

Generation = 12, Population = 37.
...........
...........
...........
........*..
..*....*.*.
.*.*..*..*.
.**...*..*.
......*..*.
.......*.*.
........*..
...........
***.*......
...*.*...*.
..*.**..*.*
.....*..*.*
*...*....*.
.*..*......

Generation = 13, Population = 44.
...........
...........
...........
........*..
..*....*.*.
.*.*..**.**
.**..******
......**.**
.......*.*.
........*..
.*.........
.****......
.....*...*.
...*.**.*.*
...*.*..*.*
....**...*.
...........

Generation = 14, Population = 39.
...........
...........
...........
........*..
..*...**.**
.*.*.*.....
.**..*.....
.....*.....
......**.**
........*..
.*.*.......
.****......
.....**..*.
.....****.*
...*...**.*
....**...*.
...........

Generation = 15, Population = 42.
...........
...........
...........
.......***.
..*...****.
.*.***.....
.**..**....
.....*.....
......****.
.......***.
.*.**......
.*.***.....
..**....**.
....**....*
..........*
....*...**.
...........

Generation = 16, Population = 37.
...........
...........
........*..
......*..*.
..*****..*.
.*.**...*..
.***..*....
.....*..*..
......*..*.
......*..*.
...*.*..*..
.*...*.....
..*......*.
...**.....*
....**....*
.........*.
...........

Generation = 17, Population = 50.
...........
...........
...........
...**.****.
..*...****.
.*....**...
.*.*.*.*...
..*..***...
.....*****.
.....*****.
....***....
..*.*......
..***......
...***...**
...***...**
...........
...........

Generation = 18, Population = 31.
...........
...........
.......**..
...*.**..*.
..**.....*.
.*...*.....
.*..**..*..
..*........
....*....*.
.........*.
...**...*..
..*........
..*........
.........**
...*.*...**
....*......
...........

Generation = 19, Population = 35.
...........
...........
......***..
..***.**.*.
..**.**....
.*.*.*.....
.**.**.....
...***.....
...........
...**...**.
...*.......
..*........
...........
.........**
....*....**
....*......
...........

Generation = 20, Population = 25.
...........
.......*...
...*.**.*..
..*.*......
.*.....*...
.*.........
.*....*....
..**.*.....
.....*.....
...**......
..***......
...........
...........
.........**
.........**
...........
...........

Generation = 21, Population = 34.
...........
......**...
...*****...
..******...
.**........
***........
.*.........
..*.***....
..*..*.....
..*..*.....
..*.*......
...*.......
...........
.........**
.........**
...........
...........

Generation = 22, Population = 33.
...........
....*..*...
..*.....*..
.*.....*...
*...***....
*..........
*..*.*.....
.******....
.**........
.**.**.....
..*.*......
...*.......
...........
.........**
.........**
...........
...........

Generation = 23, Population = 33.
...........
...........
.......**..
.*...***...
**...**....
**....*....
*..*.**....
*....**....
*.....*....
....**.....
.**.**.....
...*.......
...........
.........**
.........**
...........
...........

Generation = 24, Population = 32.
...........
...........
.......**..
**...*..*..
..*........
..*.*..*...
*...*..*...
**..*..*...
....*.*....
.*.**.*....
..*..*.....
..***......
...........
.........**
.........**
...........
...........

Generation = 25, Population = 40.
...........
...........
.......**..
.*.....**..
..**.......
.*.........
*...*****..
**.**.**...
***.*.**...
..***.*....
.*...*.....
..***......
...*.......
.........**
.........**
...........
...........

Generation = 26, Population = 36.
...........
...........
.......**..
..*....**..
.**........
.*******...
*.***...*..
...........
*..........
*...*.**...
.*...*.....
..***......
..***......
.........**
.........**
...........
...........

Generation = 27, Population = 34.
...........
...........
.......**..
.**....**..
....**..*..
*....***...
......**...
.*.*.......
...........
**...**....
.**..**....
.*...*.....
..*.*......
...*.....**
.........**
...........
...........

Generation = 28, Population = 35.
...........
...........
.......**..
......*..*.
.*..**..*..
....*...*..
.....*.*...
...........
***........
***..**....
..*.*......
.*.****....
..***......
...*.....**
.........**
...........
...........

Generation = 29, Population = 28.
...........
...........
.......**..
.....**..*.
....**.***.
....*.***..
...........
.*.........
*.*........
*....*.....
*..........
.*.........
...........
..***....**
.........**
...........
...........

Generation = 30, Population = 25.
...........
...........
......***..
....**...*.
....*....*.
....*.*..*.
.......*...
.*.........
*..........
*..........
**.........
...........
..**.......
...*.....**
...*.....**
...........
...........

Generation = 31, Population = 32.
...........
.......*...
.....****..
....****.*.
...**...***
.....*..*..
...........
...........
**.........
*..........
**.........
.**........
..**.......
...**....**
.........**
...........
...........

Generation = 32, Population = 24.
...........
.......**..
....*......
...*......*
...*......*
....*...*..
...........
...........
**.........
...........
*.*........
*..*.......
.*..*......
..***....**
.........**
...........
...........

Generation = 33, Population = 20.
...........
...........
...........
...**......
...**....*.
...........
...........
...........
...........
*..........
.*.........
*.**.......
.*..*......
..***....**
...*.....**
...........
...........

Generation = 34, Population = 21.
...........
...........
...........
...**......
...**......
...........
...........
...........
...........
...........
***........
*.**.......
.*..*......
..*.*....**
..***....**
...........
...........

Generation = 35, Population = 23.
...........
...........
...........
...**......
...**......
...........
...........
...........
...........
.*.........
*.**.......
*..*.......
.*..*......
.**.**...**
..*.*....**
...*.......
...........

Generation = 36, Population = 29.
...........
...........
...........
...**......
...**......
...........
...........
...........
...........
.**........
*.**.......
*..**......
**..**.....
.**.**...**
.**.**...**
...*.......
...........

Generation = 37, Population = 22.
...........
...........
...........
...**......
...**......
...........
...........
...........
...........
.***.......
*...*......
*....*.....
*..........
......*..**
.*...*...**
..***......
...........

Generation = 38, Population = 26.
...........
...........
...........
...**......
...**......
...........
...........
...........
..*........
.***.......
*.***......
**.........
...........
.........**
..****...**
..***......
...*.......

*** Life<ConwayCell> 15x24 ***

Generation = 0, Population = 23.
..*.....................
.........*.......*......
..................*.....
........................
........................
....**......*......*.*..
......................*.
...........*............
..*....*................
.....................*..
...*............*.......
......**................
..................*.....
............*...*...**..
........................

Generation = 3, Population = 0.
........................
........................
........................
........................
........................
........................
........................
........................
........................
........................
........................
........................
........................
........................
........................

Generation = 6, Population = 0.
........................
........................
........................
........................
........................
........................
........................
........................
........................
........................
........................
........................
........................
........................
........................

Generation = 9, Population = 0.
........................
........................
........................
........................
........................
........................
........................
........................
........................
........................
........................
........................
........................
........................
........................

Generation = 12, Population = 0.
........................
........................
........................
........................
........................
........................
........................
........................
........................
........................
........................
........................
........................
........................
........................

Generation = 15, Population = 0.
........................
........................
........................
........................
........................
........................
........................
........................
........................
........................
........................
........................
........................
........................
........................

Generation = 18, Population = 0.
........................
........................
........................
........................
........................
........................
........................
........................
........................
........................
........................
........................
........................
........................
........................

Generation = 21, Population = 0.
........................
........................
........................
........................
........................
........................
........................
........................
........................
........................
........................
........................
........................
........................
........................

Generation = 24, Population = 0.
........................
........................
........................
........................
........................
........................
........................
........................
........................
........................
........................
........................
........................
........................
........................

Generation = 27, Population = 0.
........................
........................
........................
........................
........................
........................
........................
........................
........................
........................
........................
........................
........................
........................
........................

Generation = 30, Population = 0.
........................
........................
........................
........................
........................
........................
........................
........................
........................
........................
........................
........................
........................
........................
........................

Generation = 33, Population = 0.
........................
........................
........................
........................
........................
........................
........................
........................
........................
........................
........................
........................
........................
........................
........................

Generation = 36, Population = 0.
........................
........................
........................
........................
........................
........................
........................
........................
........................
........................
........................
........................
........................
........................
........................

*** Life<ConwayCell> 10x24 ***

Generation = 0, Population = 46.
...*.*.*...*...*....*...
..*.......*.........*...
.........*..............
*...**.......*...**..**.
*.**.**..**....*..*.....
*..*...*...*......*.....
....*......*..*....**...
...*....*..........*.*..
..*....*.*.......*...*..
........................

Generation = 3, Population = 38.
........................
........................
....**...**.......*.....
....***...........**....
***...****.*.....*.**...
......*...*.......***...
....**...........*****..
....*.............*..*..
...................**...
........................

Generation = 6, Population = 27.
........................
....*...................
..*..*............**....
.**..**.**.........*....
.***.*.*..*.............
.....*....*.............
....*.****..............
....**..................
........................
........................

Generation = 9, Population = 32.
...**...................
..*....*................
.*....***.........**....
.........*........**....
...*..*..**.............
..**..*..**.............
...**....**.............
.....**.*...............
.....**.................
......*.................

Generation = 12, Population = 36.
..**...*................
..***.**................
.....***..........**....
......****........**....
..*..*..*...............
.*...**.*...............
..**...*.*..............
..**.**.................
....**..................
........................

Generation = 15, Population = 31.
......*.................
....***.................
....**............**....
...**.............**....
......*.**..............
..*..**...*.............
...**..***..............
..*.*...................
...**...................
...***..................

Generation = 18, Population = 41.
......*.................
....***.................
...**.............**....
..*.*.**..........**....
..*..***................
.***...***..............
..**...**.*.............
.*..**.***..............
.*****..................
...*....................

Generation = 21, Population = 26.
.....*..................
.......*................
...*..............**....
...*...*..........**....
........................
....**...*..............
....****..*.............
....**....*.............
....**...*..............
.....***................

Generation = 24, Population = 18.
........................
........................
..................**....
..................**....
........................
...**...................
...**....**.............
...*.*...**.............
....**..................
....**..................

Generation = 27, Population = 22.
........................
........................
..................**....
..................**....
........................
...**...................
..*..**..**.............
..**.**..**.............
..**..*.................
....**..................

Generation = 30, Population = 19.
........................
........................
..................**....
..................**....
...***..................
..*...*..*..............
.*........*.............
.*........*.............
.*......**..............
..*...*.................

Generation = 33, Population = 21.
........................
........................
....*.............**....
...**.............**....
..**.*..................
.*......................
**..*....**.............
*..*.....**.............
.*......................
........................

Generation = 36, Population = 11.
........................
........................
...*..............**....
...*..............**....
........................
........................
.*.......**.............
.........**.............
........................
........................

Generation = 39, Population = 8.
........................
........................
..................**....
..................**....
........................
........................
.........**.............
.........**.............
........................
........................

Generation = 42, Population = 8.
........................
........................
..................**....
..................**....
........................
........................
.........**.............
.........**.............
........................
........................

Generation = 45, Population = 8.
........................
........................
..................**....
..................**....
........................
........................
.........**.............
.........**.............
........................
........................

*** Life<ConwayCell> 22x24 ***

Generation = 0, Population = 3.
........................
........................
........................
........................
........................
........................
........................
*....*..................
........................
........................
........................
........................
........................
......................*.
........................
........................
........................
........................
........................
........................
........................
........................

Generation = 2, Population = 0.
........................
........................
........................
........................
........................
........................
........................
........................
........................
........................
........................
........................
........................
........................
........................
........................
........................
........................
........................
........................
........................
........................

Generation = 4, Population = 0.
........................
........................
........................
........................
........................
........................
........................
........................
........................
........................
........................
........................
........................
........................
........................
........................
........................
........................
........................
........................
........................
........................

Generation = 6, Population = 0.
........................
........................
........................
........................
........................
........................
........................
........................
........................
........................
........................
........................
........................
........................
........................
........................
........................
........................
........................
........................
........................
........................

Generation = 8, Population = 0.
........................
........................
........................
........................
........................
........................
........................
........................
........................
........................
........................
........................
........................
........................
........................
........................
........................
........................
........................
........................
........................
........................

Generation = 10, Population = 0.
........................
........................
........................
........................
........................
........................
........................
........................
........................
........................
........................
........................
........................
........................
........................
........................
........................
........................
........................
........................
........................
........................

Generation = 12, Population = 0.
........................
........................
........................
........................
........................
........................
........................
........................
........................
........................
........................
........................
........................
........................
........................
........................
........................
........................
........................
........................
........................
........................

Generation = 14, Population = 0.
........................
........................
........................
........................
........................
........................
........................
........................
........................
........................
........................
........................
........................
........................
........................
........................
........................
........................
........................
........................
........................
........................

Generation = 16, Population = 0.
........................
........................
........................
........................
........................
........................
........................
........................
........................
........................
........................
........................
........................
........................
........................
........................
........................
........................
........................
........................
........................
........................

Generation = 18, Population = 0.
........................
........................
........................
........................
........................
........................
........................
........................
........................
........................
........................
........................
........................
........................
........................
........................
........................
........................
........................
........................
........................
........................

Generation = 20, Population = 0.
........................
........................
........................
........................
........................
........................
........................
........................
........................
........................
........................
........................
........................
........................
........................
........................
........................
........................
........................
........................
........................
........................

Generation = 22, Population = 0.
........................
........................
........................
........................
........................
........................
........................
........................
........................
........................
........................
........................
........................
........................
........................
........................
........................
........................
........................
........................
........................
........................

Generation = 24, Population = 0.
........................
........................
........................
........................
........................
........................
........................
........................
........................
........................
........................
........................
........................
........................
........................
........................
........................
........................
........................
........................
........................
........................

Generation = 26, Population = 0.
........................
........................
........................
........................
........................
........................
........................
........................
........................
........................
........................
........................
........................
........................
........................
........................
........................
........................
........................
........................
........................
........................

Generation = 28, Population = 0.
........................
........................
........................
........................
........................
........................
........................
........................
........................
........................
........................
........................
........................
........................
........................
........................
........................
........................
........................
........................
........................
........................

Generation = 30, Population = 0.
........................
........................
........................
........................
........................
........................
........................
........................
........................
........................
........................
........................
........................
........................
........................
........................
........................
........................
........................
........................
........................
........................

Generation = 32, Population = 0.
........................
........................
........................
........................
........................
........................
........................
........................
........................
........................
........................
........................
........................
........................
........................
........................
........................
........................
........................
........................
........................
........................

Generation = 34, Population = 0.
........................
........................
........................
........................
........................
........................
........................
........................
........................
........................
........................
........................
........................
........................
........................
........................
........................
........................
........................
........................
........................
........................

*** Life<ConwayCell> 21x10 ***

Generation = 0, Population = 46.
*......*..
***.*.....
..*.......
*.**..*.*.
*......**.
.*.*..*...
*.*..*....
*.........
..***.....
.....**...
......*...
..*.....*.
..........
..*....*..
....*.....
..*.....*.
.......*..
...*......
*....****.
.*..**.*..
..........

Generation = 3, Population = 38.
..........
..........
.**.......
.***...*..
*...*.*.*.
*.**..**..
*...***...
..*..*....
.**.***...
......**..
......**..
..........
..........
..........
..........
..........
..........
........*.
....**...*
....***.*.
..........

Generation = 6, Population = 23.
..........
..........
..**..*...
*......*..
........*.
...*...*..
.***......
..........
.*..*.....
.*.*......
..........
..........
..........
..........
..........
..........
..........
......*.*.
.....**..*
......*.*.
.....*....

Generation = 9, Population = 24.
..........
..........
..........
.......**.
.......**.
..***.....
....*.....
.*........
.*.*......
..*.......
..........
..........
..........
..........
..........
..........
......**..
......***.
.....*...*
......***.
......**..

Generation = 12, Population = 19.
..........
..........
..........
.......**.
...**..**.
..*.**....
....*.....
..........
.*.*......
..........
..........
..........
..........
..........
..........
..........
.......*..
....*....*
....*.....
....*....*
.......*..

Generation = 15, Population = 15.
..........
..........
..........
....**....
....*****.
......*...
....**....
....**....
..........
..........
..........
..........
..........
..........
..........
..........
..........
..........
...***....
..........
..........

Generation = 18, Population = 6.
..........
..........
..........
..........
..........
..........
....*.....
....**....
..........
..........
..........
..........
..........
..........
..........
..........
..........
....*.....
....*.....
....*.....
..........
