*** Life<Cell> 10x10 ***

Generation = 0, Population = 4.
----------
-0--------
-0-0------
---0------
----------
----------
----------
----------
----------
----------

Generation = 1, Population = 14.
-0--------
0100------
01-10-----
-0010-----
---0------
----------
----------
----------
----------
----------

Generation = 2, Population = 9.
-1-0------
----------
-*-*-0----
-----0----
-0-1------
---0------
----------
----------
----------
----------

Generation = 3, Population = 18.
0---0-----
-----0----
0.-.-10---
----010---
0--*00----
-0010-----
---0------
----------
----------
----------

Generation = 4, Population = 10.
-1-0------
-----1----
-.-.-*-0--
-------0--
---.------
-1--------
-0-1------
---0------
----------
----------

Generation = 5, Population = 31.
0---00----
-1-00*00--
-.-.0.-10-
-----1010-
-0-.---0--
0*01------
01-*0-----
-0010-----
---0------
----------

*** Life<Cell> 5x5 ***

Generation = 0, Population = 25.
00000
00000
00000
00000
00000

Generation = 1, Population = 12.
-111-
1---1
1---1
1---1
-111-

Generation = 2, Population = 12.
-*-*-
*-0-*
-0-0-
*-0-*
-*-*-

Generation = 3, Population = 12.
-*1*-
*---*
1---1
*---*
-*1*-

Generation = 4, Population = 12.
-*-*-
*-0-*
-0-0-
*-0-*
-*-*-

Generation = 5, Population = 12.
-*1*-
*---*
1---1
*---*
-*1*-

Generation = 6, Population = 12.
-*-*-
*-0-*
-0-0-
*-0-*
-*-*-

Generation = 7, Population = 12.
-*1*-
*---*
1---1
*---*
-*1*-

Generation = 8, Population = 12.
-*-*-
*-0-*
-0-0-
*-0-*
-*-*-

Generation = 9, Population = 12.
-*1*-
*---*
1---1
*---*
-*1*-

Generation = 10, Population = 12.
-*-*-
*-0-*
-0-0-
*-0-*
-*-*-

*** Life<Cell> 2x2 ***

Generation = 0, Population = 2.
0-
-0

Generation = 1, Population = 0.
--
--

Generation = 2, Population = 0.
--
--

Generation = 3, Population = 0.
--
--

*** Life<Cell> 2x5 ***

Generation = 0, Population = 3.
-0---
0---0

Generation = 2, Population = 2.
-0-0-
-----

Generation = 4, Population = 0.
-----
-----

Generation = 6, Population = 0.
-----
-----

Generation = 8, Population = 0.
-----
-----

Generation = 10, Population = 0.
-----
-----

Generation = 12, Population = 0.
-----
-----

Generation = 14, Population = 0.
-----
-----

Generation = 16, Population = 0.
-----
-----

Generation = 18, Population = 0.
-----
-----

Generation = 20, Population = 0.
-----
-----

*** Life<Cell> 6x6 ***

Generation = 0, Population = 6.
0-----
-0----
--0---
---0--
----0-
-----0

Generation = 1, Population = 0.
------
------
------
------
------
------

Generation = 2, Population = 0.
------
------
------
------
------
------

Generation = 3, Population = 0.
------
------
------
------
------
------

Generation = 4, Population = 0.
------
------
------
------
------
------

Generation = 5, Population = 0.
------
------
------
------
------
------

*** Life<Cell> 4x4 ***

Generation = 0, Population = 6.
0--0
0--0
0--0
----

Generation = 1, Population = 12.
1001
-00-
1001
0--0

Generation = 2, Population = 12.
*11*
0110
-11-
1--1

Generation = 3, Population = 6.
****
----
1--1
----

Generation = 4, Population = 8.
.**.
-11-
-11-
1--1

Generation = 5, Population = 6.
.**.
0**0
----
----

*** Life<Cell> 8x8 ***

Generation = 0, Population = 8.
--------
--------
-0------
--------
---000--
--------
-----000
-------0

Generation = 1, Population = 19.
--------
-0------
0-0-----
-0-000--
--01-10-
---00-00
----01--
-----0-1

Generation = 2, Population = 7.
-0------
--------
----00--
--------
--1*----
-------1
--------
-----1--

Generation = 3, Population = 24.
0-0-----
-0--00--
---0110-
--0000--
-0*.0--0
--00--0-
-----1-0
----0-0-

Generation = 4, Population = 18.
-0-000--
--------
-0----10
---1---0
01..1---
---1---1
--00----
---0-1--

Generation = 5, Population = 34.
0--1-10-
---00000
0-00-1*-
0-0----1
1***-1--
00-*--0-
-01101-0
---1--0-
