*** Life<FredkinCell> 3x3 ***

Generation = 0, Population = 4.
000
-0-
---

Generation = 1, Population = 5.
111
-1-
-0-

Generation = 2, Population = 6.
222
---
010

Generation = 3, Population = 4.
3-3
---
1-1

Generation = 4, Population = 0.
---
---
---

Generation = 5, Population = 0.
---
---
---

*** Life<FredkinCell> 2x2 ***

Generation = 0, Population = 2.
0-
-0

Generation = 1, Population = 0.
--
--

Generation = 2, Population = 0.
--
--

Generation = 3, Population = 0.
--
--

*** Life<FredkinCell> 6x6 ***

Generation = 0, Population = 18.
0-0-0-
-0-0-0
0-0-0-
-0-0-0
0-0-0-
-0-0-0

Generation = 1, Population = 8.
-0-0--
0-----
-----0
0-----
-----0
--0-0-

Generation = 2, Population = 8.
----0-
---0-0
----0-
-0----
0-0---
-0----

Generation = 3, Population = 4.
------
--0---
-0----
----0-
---0--
------

Generation = 4, Population = 8.
--0---
---0--
0---0-
-0---0
--0---
---0--

Generation = 5, Population = 4.
-0----
0-----
------
------
-----0
----0-

*** Life<FredkinCell> 4x4 ***

Generation = 0, Population = 12.
0000
0000
0000
----

Generation = 1, Population = 10.
-11-
1--1
-11-
0000

Generation = 2, Population = 10.
-22-
-00-
0--0
1111

Generation = 3, Population = 6.
0--0
----
1111
----

Generation = 4, Population = 10.
-22-
-00-
2--2
1111

Generation = 5, Population = 6.
0--0
----
3113
----

*** Life<FredkinCell> 6x6 ***

Generation = 0, Population = 16.
0--00-
--00--
-0---0
-0--00
0--00-
--000-

Generation = 1, Population = 18.
-0--10
0-1--0
01-0-1
-10---
----1-
0011-0

Generation = 2, Population = 11.
---02-
1-----
-----2
--1-00
0-----
1--20-

Generation = 3, Population = 26.
0-0130
-0-000
0-0--3
01--1-
1000-0
201310

Generation = 4, Population = 19.
-0124-
1---11
1---04
1-1--0
2-1--1
-124--

Generation = 5, Population = 19.
-1----
2-1-2-
-100-5
--20--
30--12
-23510
