*** Life<Cell> 36x8 ***

Generation = 0, Population = 102.
00-0----
0-00----
-----0--
0--0--0-
-----0-0
00----0-
00-0----
-------0
-00-0--0
0000----
-00-0--0
------00
----00--
--0----0
----0---
-----0--
0-0--0--
---000-0
----0-0-
00-0-00-
-0--0-00
-0------
---00-0-
0----0--
0-0--000
0000---0
--000-0-
0--00-0-
-00--0-0
00--0---
---000--
---0----
----0--0
-0-0-0--
0-0-0---
---00---

Generation = 2, Population = 127.
--1-----
*1*0110-
00---0--
0--0110-
01------
--1-0-00
0--01---
--11-01*
-----11-
-00*100-
00-10-0-
01-000--
-0-1--0-
0---0-1-
0---0-0-
--1-0*-0
--000-11
1-0-----
11---0-0
*-00----
--1-010*
-*----0-
1-----0-
--------
---0-0--
-00--11*
--0--0--
0010-1*0
1-*-1-1-
---0*---
---0*-10
00-*1---
0--1--10
-0--00-1
------00
--0-0-0-

Generation = 4, Population = 128.
11.-11--
*..-1.-1
*00----0
----1.*-
0*0-01--
----*0*-
--------
1-.--0**
-1--0..1
--0..*--
0--.*-*-
-.0*--*0
---.*1--
-000*-11
*11--1*0
1-.1*.0-
1-*-0-.-
.-*1-1-0
..11----
.---01*-
1-.1---*
-*--1---
10-1--*1
--0--*-0
0110--0-
-*00-.-.
--0--0--
--1*1-.-
*1.-.1.0
-000.1-1
-1-**1.-
0-0.--00
*11.--*0
00-0-*--
0--0100-
01---0-0

Generation = 6, Population = 129.
1..*1.1-
...-..*.
.--1000*
-00-*.*-
-.---1--
11*-.-.-
1-0-*00-
1-.1-*.*
0-01-..*
--0*..11
0--..1.1
-.**--.*
--0.**--
10--.-1-
.*1-1*.-
-0....*-
.0*0--**
.-.1*1--
..11-0-1
.01--1*-
10.1--1.
-.111--0
*--110.-
1-*-1*0-
**----00
0.--1.*.
0-010---
101*.*.-
*-.0.*.-
-*0-.10.
-*-..-.1
---*-0--
*.-.0-.0
---***-*
--101---
0*1*-*-0

Generation = 8, Population = 119.
-....**1
...0...*
*11**00.
-*--*..0
*.--1-0-
1-.1.1*1
1-*-.*--
-1..-..*
-10.1..*
-1-...**
---.*1.1
-...11..
-1-.**-1
.--0.-1*
...-*..-
-0.**..-
.0.010**
.1*..--0
**11*--1
*-1--1*0
.0**-1..
0.*---0-
.-1---.-
--.11.0-
..-001--
0*-0....
---*--*-
*-.*.**-
*-.-.**-
1.*0*1-.
-.0.*1.-
-**.-0--
*.1*--.-
*0-..*0.
--1--11-
-*..-.--

Generation = 10, Population = 116.
-......-
***-...*
**1..0**
-.--...-
**10.---
1-.-.-.*
*-.0**-0
1...-.*.
-.*.-***
-.0**.**
-*0..-*.
0*...*.*
-1-...-*
.1*0.-..
*..-**.-
-**....*
*0.0.0.*
**..*--0
**--*---
*-1*-1.0
***.-.*.
0..11001
.1*--0.-
--.--*0-
.*---*11
-.--....
---*10*-
.-.....-
***1..**
*.*0.*-.
1*0.*..1
-...--10
*.-.--*1
.*-...-.
1-1-----
**..0.--

Generation = 12, Population = 112.
-**....*
*.**...*
.*1***..
-*1***.1
..-**111
--.-.-..
*-.-..**
....-.*.
-...-...
1.*.....
0.0*.1..
-.......
--1***-.
.-.-*1*.
*..0..*-
*.**.**.
.-.0.-.*
...**-1-
..-1.0-1
.-1**-.0
....*..*
*.**1*-*
.**-10.*
--*-*.0-
..*1-***
-.0-**.*
---.--*-
.-....**
...1.***
...-..1*
-.-....*
-...-*1*
..-.--.-
**0.*.1.
.011*11-
**..0.--

Generation = 14, Population = 104.
-**.....
*.*.....
*.1...*.
-*....*.
*.1*.*11
--.**-..
.-.1*..*
....-.**
**..-...
*.**....
-.-**1..
-..**...
--.*.*1.
.1.*..*.
...*...1
.*.*.*.*
.1.-.-.*
....**1-
.*-1.-**
.-*..-*-
.*......
..**1.1*
..*-*0.*
-0.-..**
.*..-..*
-.*1*.**
-01.*0.1
.-......
...1*...
...-.*1.
-.-..**.
-..**.1.
.**.*1.*
*.-.*.**
.-*1.-1-
***.-.--

Generation = 16, Population = 117.
-***....
*..*....
*.*.....
1..**.*.
*****.**
--**.-..
.-.1*...
.*.*1..*
*.*.1...
*.**....
*.-*....
1**.***.
0-.*.*1*
.1.*.*.*
...*.*.*
....*.**
.**1.0.*
....**--
..--*0.*
.-***-.0
*.......
*...1..*
...-*-.*
*-.1....
**.***..
1**-....
1--**-..
*-*.....
...*.*..
...1..-.
-.0*..**
-***...*
.**.**.*
..-.*..*
.1...**-
.*.*1**0

Generation = 18, Population = 100.
-***....
*...*...
.*..**..
-*.*..**
.....***
*-...-..
*1*.*...
******..
*...*...
*...**..
*.-.....
*.**...*
-*.**..*
.1.*.*.*
..**...*
.......*
..**.-.*
.**...--
.**-.-**
.1.**-.*
..*.*...
...**...
...-.-..
.-*..*..
.*...*..
...-.*..
11-*.*..
.0......
..**....
..*1*.**
-.0....*
-*.....*
**...*.*
*.1..*.*
....*.*-
.***-..*

Generation = 20, Population = 100.
-****...
*.....*.
*.*...*.
*.*....*
.*...*.*
.-...*..
....*...
.*..**..
*...**..
*...**..
*.-.....
*...*...
-*.*....
.*.*..**
..**...*
.*..*.**
..*..-**
.**..**-
...-*-..
.*..*-.*
..*.....
..*.....
...-.*..
.-.*..*.
.****.*.
****..*.
.11.....
*-****..
.*......
**.*****
1.-....*
-..*..**
*.**...*
.*1**..*
.......-
...*-**.

Generation = 22, Population = 101.
-**.....
*.*...*.
*.....**
*.....**
***..**.
.*..**..
...**...
..***...
**.*.*..
...*..*.
..0.**..
...*.*..
-*.***..
**....*.
**.*....
.*...*..
...*.-*.
.....**1
.*.-.-*.
.....-..
..***...
...*....
..**....
.-******
**.**.**
.*.**...
.1...*..
.1.**...
*.*...*.
*.*****.
..-.....
-*.*..**
......**
.....*.*
.....**1
....-.*.

Generation = 24, Population = 95.
-**.....
*.*...*.
*.....*.
*.......
*.......
**......
**......
........
**..***.
..*.*.*.
..-..***
....*..*
1.*..**.
..*..**.
....*...
....**..
....*-..
....**.*
...1.-**
..*.*-..
..*.*...
...***..
......*.
.1.....*
***...**
.**...*.
*1.*.**.
**..***.
*.....*.
..******
.*-.*..*
-*....**
.....*..
....***.
....**.1
....1**.

Generation = 26, Population = 72.
-**.....
*.*.....
*.......
**......
**......
**......
........
***.**..
...*....
.*......
..1..*..
.....***
1.....**
......**
......*.
..*.....
..*..*..
...*...*
...1.0.*
...*.**.
..*.....
...*..*.
.**...*.
**.....*
*.*...**
..*...**
...**...
..*.....
....*...
*...*...
**-.*..*
-...****
.....*.*
........
.......-
....-...

Generation = 28, Population = 65.
-**.....
*.*.....
.*......
........
.*......
.**.....
*.......
.*..*...
....*...
...**...
..1...*.
......*.
-.....*.
......*.
......*.
........
..**....
.*..*...
.*.1.*..
.*.....*
.*....*.
*......*
*.*...**
*.*...**
*.*....*
......*.
.******.
..*.*...
..**.*..
*....*..
..-...*.
*.*....*
....***.
........
.......-
....-...

Generation = 30, Population = 66.
-**.....
*.*.....
.*......
.**.....
*.*.....
*..*....
*.*.....
........
...*.*..
...*..*.
..1*....
.......*
-...*...
.....*.*
......*.
........
..**....
**..*...
..*1.*..
..*..***
......**
*.....**
*.......
.*......
...*..**
...*..**
...*..*.
....*.*.
..**....
....*.*.
..*...**
.....*.*
.....**.
.....**.
.......-
....-...

Generation = 32, Population = 66.
-**.....
*.*.....
*.......
*.**....
*.......
*..*....
.**.....
........
........
..***...
..***...
..**....
-....**.
.....***
.....**.
..*.....
.***....
.*..*...
.*...**.
..*..**.
...***.*
........
........
.*......
..*.***.
..*....*
......*.
..*.....
..*.....
...*****
.....*.*
.......*
....*..*
.....**.
.......-
....-...

Generation = 34, Population = 68.
-**.....
*.......
*.**....
*.......
*.**....
*.......
.**.....
..*.....
...*....
..**....
.***....
....***.
-..***..
....*..*
..***.*.
.*.**...
........
*....*..
*.....*.
.*....*.
..*..*..
...***..
........
..*.***.
..**.**.
...**.*.
........
.....*..
......*.
...*...*
.....*.*
.......*
.....*.*
.....**.
.......-
....-...

Generation = 36, Population = 65.
-.......
**......
**......
**......
**......
*.*.....
*.......
.*.*....
.*.**...
..*.*...
.....*..
........
-.......
..**....
...*.*..
...***..
....**..
.....*..
**...**.
**.....*
..**....
..**....
......*.
...*.***
.**.*.**
..*.*.*.
....**..
.....*..
........
......**
......**
.......*
.....*.*
.....**.
.......-
....-...

Generation = 38, Population = 68.
**......
**......
..*.....
.***....
.*......
........
*.**....
*..**...
**......
...***..
........
........
-..*....
...**...
..*..*..
....***.
........
.....**.
**...**.
**...**.
..**....
.....**.
.*...**.
......*.
....*...
.*..*.**
..*...**
...**.*.
......**
......**
......**
......*.
.....*.*
.....**.
.......-
....-...

Generation = 40, Population = 71.
**......
*.*.....
*..*....
**......
**......
*.......
*...*...
*....*..
***..*..
.*.***..
........
...**...
-.*.*...
..*.**..
......*.
....*.*.
....*...
....***.
**..*..*
*.*.*.*.
.**.....
.**.***.
.......*
......*.
.....*..
...*.***
..*.*...
...*....
........
........
....***.
....**..
....**..
.....**.
.......-
....-...

Generation = 42, Population = 79.
**......
*.*.....
..**....
.*......
........
**......
**......
*.*****.
*.*...*.
*.......
.**..*..
..***...
-....*..
....**..
...**...
........
...**...
..*...**
***.*.*.
*..****.
*...*.*.
.*******
..*..*.*
.....***
....*..*
...*...*
..*...*.
...***..
........
.....*..
....**..
........
....**..
.....*..
.....*.-
....-...

Generation = 44, Population = 76.
***.....
*..*....
........
..**....
*.*.....
***.*...
*.....*.
..*...*.
*.*.*.*.
*.*..*..
*...**..
.*...*..
-....**.
...*.**.
...*.*..
...*....
...*....
.**.**..
..*.....
*..*....
*.*...**
*.*.....
.***..*.
...***..
...*...*
...*...*
..*....*
...*....
...*..*.
......*.
....**..
........
....***.
....***.
.......-
....-...

Generation = 46, Population = 67.
*.*.....
*.......
........
.*.*....
*.......
*.***...
......*.
.*.*****
.....**.
.*....**
.....**.
.....*..
-.......
........
..***...
........
.*..*...
.**.*...
....*...
....*...
..**....
*.*...*.
.....*.*
..*.***.
..***...
.*..*.**
.*..*...
..**....
...*....
.....*..
.....**.
......*.
......**
....*.*.
.....*.-
....-...

Generation = 48, Population = 57.
........
........
........
........
........
***.....
..*...**
......**
........
......*.
.....*.*
.....**.
-.......
........
..***...
.*..*...
.....*..
.*...*..
........
..*.**..
.*..*...
*.......
.*..****
......**
.***....
**.***..
.*...*..
.*......
..*.....
......*.
....*.*.
.....*.*
......**
.....*.*
......*1
....-...

Generation = 50, Population = 67.
........
........
........
........
.**.....
.**.....
.**...**
.....*..
.....*..
.....*..
.....*.*
.....**.
-.......
..***...
..*..*..
..*.....
...***..
........
...*.*..
..*...*.
**....*.
****..*.
****.*.*
**.*...*
**.*.**.
*....*..
**..*...
.**.....
........
......*.
.....*.*
.....*.*
....**..
.....*..
.......1
....-...

*** Life<Cell> 33x33 ***

Generation = 0, Population = 134.
------------------------0---0---0
------------------0------0-------
-0-----------------0-------0----0
0---0-0-0----------------00---0--
-----------------0------0-0------
-----0--0------0--------0-------0
------------00-------------------
---0-----0------------0----0-----
----0-------0--0----0--0---------
-------------0---------0--0-0----
---0--0------------------0---00--
-----------0--------------0------
---------0------------0----0---0-
---------------0-------0----0--0-
---00----0-----0-----------------
-0-------0----------0---00-------
----------0--------------0-------
---------------------------------
------0-------0--0---------00----
-------0-0--------------0-0------
-------------0---0--------0------
0------------------------0---0--0
----0------------------------0000
-----0-0--------------00-0--0----
0---------------------0-0----0---
---------0--------0--0-00-0000---
0----------------0-----0----0----
-0--0------0--------0--------0--0
-----0----------0------------0---
-----------00-00-----0-0-----0-0-
----------------------------0----
----------------------0------0---
----0----0---0--0-----0----------

*** Life<Cell> 50x7 ***

Generation = 0, Population = 63.
-------
0---0--
0-----0
-0-----
-0-----
-----0-
-----00
00000--
-0----0
0------
-----0-
-0----0
-0----0
--0----
---0---
-0-----
-------
0---00-
---0---
----00-
0----0-
-------
-------
-------
-------
--0----
---0---
-0-----
-------
-00---0
-------
-0----0
---0---
0------
-------
---00--
--00---
-------
-0--0--
0---0--
-------
---0-00
-0-0---
-------
-------
----0--
0-----0
----0-0
----0--
-----0-

Generation = 10, Population = 142.
.*1**-.
.*....*
.*-0..*
-.-*..-
-..**..
.01-.*-
-*-*1-*
*..**01
*...**1
-.**-0*
-...-.*
*...11.
0-.-.-.
-1***1.
--*10-*
1*...1*
----0.*
0-..*.*
.1-....
*-*..0.
.***1..
-*.-.1*
*--0-.-
11.*..*
.------
.1.*.--
1*-0-.0
-1*.-.*
**1**1-
*.-..-*
-.-**--
.-*.---
..*11*-
-.*..-1
..1**-*
-1.0.*.
*1..---
..-.-**
*.-..-*
.0*.1.1
*.*.*-*
.-1.-.*
*--.-.*
..-.*..
..0..--
..1**01
.--**0.
*.-.*-*
*.--.**
*-*-.0.

Generation = 20, Population = 100.
..*....
.*...*.
.*....*
-.....-
-**..*.
*-.*...
*.*.1-.
*......
.*..*..
....*-.
.***...
*.*....
**.....
.*.....
.1*.**.
.**.*..
-.*-.*.
.......
**.....
**.....
.......
-..-...
....-*.
-.*..**
...**..
.******
**..0..
.******
.***..1
*....*.
*.1....
......-
..*-*.1
...*...
....*..
**...**
..*.-**
...**..
..-*...
...*..-
*..*...
.......
*...-..
..*....
.***.--
..**.1.
.***...
..-....
...-***
.-...*.

*** Life<Cell> 10x29 ***

Generation = 0, Population = 25.
----------0-----00-----------
-----0---0-----0-0------0----
-------------0-----------00--
-------0--------------0----0-
--0----------0---------------
------------0-------------0--
---------------0----------0--
-----------------------------
-----000--------00-----------
-----------------------------

Generation = 2, Population = 69.
--------0-0-0000*010-----00--
---0---0---0-1-0-*-0------10-
--0-------00-0-101-----00--00
------------0--0-0--0----10--
0---0------0-0-----------0---
-------0--0---0-------0-0--10
--0--000--------1-------0---0
------------0-------------1--
---01*-*10----0---10------0--
-----------------------------

Generation = 4, Population = 74.
--0---0-----**0-.---10---*0--
-0---------*1--0-.-*10--1-1-0
---------1*----.0.---01---*-*
---0-------1------1----1--*0-
0----1-1-00------1-----------
-----1--11-----110----0-*--.0
-----------0-0-----0--1--1*-*
-----0----------------0---.1-
-0-*1.0.1*101---1*.-10-------
-----1-1----0-------------1--

Generation = 6, Population = 119.
0-0---0-00--***1.-101---0.-1-
---------10.110--.-.**--1--0-
0-0--00-1..1-1-.0*-1-0*1--.1*
--------0--110-----1--0-1*.*0
0-01-.--1-*-00-10*---0---11--
-----.1-*-0--11.-0-10--0.-*.*
00-0010011--00-1*1-----1-..1*
--------1---1--01-0-1-*---.10
-0-**.-*..1-1--1...-.--0-0--0
-----1----1-*-0--10---0-0-110

Generation = 8, Population = 96.
--0--100*0-1.....-*0--01-.-*1
-------0---.1----.-...-0.1-01
--0----0*.**-10.*.0.--..-*...
--------0--1.*1----.1---.**.-
---.-.1*10.--*-.0*-0-00-011-0
----1..-.-*--...---**-*-.-.*.
--0----0-.------*101--1.-.*1.
---0-1--*---1------0-0*--1*1-
1--.*.-....-1-0*...-.-1--01--
-----1-*--*0.0--1**1--0-01*--

Generation = 10, Population = 125.
0--1-*-*.---....**.---*1-*1.1
-----1--1--.11-01*-*..--..---
0-0-0-*0....11-*..0.-0.***.**
----001-0-0..*1*0*-*---1...*1
---.-...*-.--.0.-*-*-*0-**-10
--111..-*1.10*..1--..-.-.-..*
------*0-.--1--*.10.0-1.1****
-0-0--10.-01.11-*--*1*.-11.-*
1-0.**-.**.0.1*....1.111--.-0
----01-.11.**-0-..**1-*0*..*0

Generation = 12, Population = 129.
01---.-..1--....****--*.1.**-
---10.-11*1.-10-*.1...11*.*--
0--0--.*.**.1*-*..0.--*.***.*
---1--1-*-0...*.-*-.-01..*..*
0--.0....1*11.-.*.0.-.-1*.-1*
0-.-*..1*...-...111..1.1*-.*.
1-1---.0-.11.-0...-.*-1.1..*.
-010011-.-*-*11-*-0**.*011.1.
--0*..0....0*1..*..1.-*1-*.00
-01101-.--..*--1...**1****..0

Generation = 14, Population = 127.
*.1--*0...01..*.**.*-1**...*-
-111*.11-.1.-1*-..-...*1.**-*
0-1-1-*......*0...**0-*....*.
00-.0111*-0*....-.*.*-1..**..
*-1.-***.*.-..-...*.-*1-.*-1*
0-.*.**-*...-...1--*.-*-.-...
*-.10-.-1*1**0-*..1.*-**1*.**
----0110*-.1.*--*--**..-*1.1.
-1-.*.-....*.1...**1*-.*-**00
1*.*-.-.--.**--1.....1....***

Generation = 16, Population = 122.
.*.1-*0**.-*.****...1..**.**-
-.1-*...-...-1.1**-...*-*.*-*
--.11*.......*0.*...0-*.*.***
**-.0.-*.-*.....0....*-..*..*
.1-*1.**...-*.-.*...-.*-.*-*.
-1.**..-**..*...-**.*1*1.-..*
.-.1--.-*.1*.0-*..1.*-*.***..
1*--*-1-*0*-.*-1.-*..***.**1.
1.*.****..**....*...*-.*-*.-0
*...0.0.--***0*1....*1.......

Generation = 18, Population = 118.
...-1.-**.-***...**.-.*.**.*-
0.-1.*.**..**1*-.**..*.*..*-*
-1.*-.**....***..**.0-......*
*.-.0*-*.1*.***.-...*.*...*.*
.-1..***...-.*-.*.**1..1.*1**
-*.*.*.1.*...*..1*..*1...-.**
*1**-1.*..-*.*1*..1.*0.......
-.1-.-*1*0.**.1*.1...........
-.*.......**..*..*.*.-*.-..0-
...*-***1*...-.*...*.**......

Generation = 20, Population = 99.
...1-.1*..1....***..-*......-
0*-**.***..*.-*-...*.......1*
-1..-....**...*..*.**0*.....*
.*1.*.-....*..*.-.*.*....**..
.1-.....***-..1***.*...1*....
0..*..*1*..*..**1...*1...1*..
***.-*.*.*-..**...1*.-.......
*.1-.1***-....**..*..........
1....*.....****...*..-*.-..0-
....-.*.-.***0.....**.*......

Generation = 22, Population = 89.
.***1*-*..-...***...-......**
**1*.......*.-.1............*
--.*-*.....*....*....-*.***.*
*.*...-.........-**...*..*...
..1.....***-.***.***.*.......
-....***...****.1......***...
*.*.1....**.....**1*.-.......
*..*....*-*...**.....*.......
****.**..*....********..-..0-
....-...-....0......*........

Generation = 24, Population = 80.
.*..-.1...-...*.*...-.....***
*.*..........1*..*..........*
-*.*1...........*...*1.......
*..*..1*..*...**-.*..*.....*.
....**.....-..***..*......*..
*..*........*..***..***.**...
.*..-.....*.**.***1.*1.......
*....*...-**.*.*.....**......
*..**....*...*.....*.**.-..0-
*...1...-....-**....**.......

Generation = 26, Population = 86.
.**.-.-...-..*.**...-......**
*..**.......*....*.........**
-...*........*......*-.......
.*....*......***-..*.*.......
..*...*....1**...******..**..
...**......***......*******..
**..-.....*..**..*.**.*......
...***...1*..*..**.**........
**...*....*.**.**.****..-..0-
..**.*..-....-*......*.......

Generation = 28, Population = 68.
.*..-.-...-..*.*....-......**
*...........*.**...........**
-*...*......*.**.....1.......
..*..**.........-............
.*.*.......-.....*.......*...
.*.......**.....***....**.*..
....-*.....*....**.....***...
.****...*...***..............
.*....*..*.***.**...*...-..0-
.**..*..-.***-***...*........

Generation = 30, Population = 67.
....-.-...-.........-......**
**...........*..*..........**
-...*.*........*.....-.......
***.*.*........*0*...........
.*.*.*.....-.....**.....**...
.**......**.*..*..**...*..*..
.*..-....*..*****.*....*.*...
**...*......***..*......*....
*....*...**..**.**......0..0-
.*......-....1.*.............

Generation = 32, Population = 65.
....-.-...-.........-......**
...........................**
1.**..........**.**..-.......
.*.............*-**..........
...***....*1..**...*....**...
....*....*.*...**..**..*..*..
....-...*...*....***..**.**..
**.......*.*....*.**...*.*...
**........*....***.....***.0-
........-......***...........

Generation = 34, Population = 70.
....-.-...-.........-......**
...........................**
1**.............***..-.......
.*.**.........**0*.**........
..**.*....*-.**..*.***.***...
........**..*.*..****.*...*..
...***..*....*.......******..
**......*...*.........**...*.
**.......***....*.......**.--
........-...............**...

Generation = 36, Population = 75.
....-.-...-.........-......**
**................*........**
*.**.............**..1.......
*...*...........-.....*.**...
.****...***-*.**......****...
..*.*..*.****.....**.......*.
..*.**.*..*.......***....***.
*.**...**....*.....**...*....
*.*.........*...........***10
........-***............**...

Generation = 38, Population = 71.
.*..-.-...-.........-......**
*.**.............**........**
*.**.............**..1.......
*...**......*...-....**..**..
.*.******..*.*........*****..
.**....**...............*..*.
....*......***..........*****
.**.*.*.....*...........*...*
..**........*..........***.1*
........*...*..............*.

Generation = 40, Population = 65.
.**.-.-...-.........-......**
*..*.............**..........
*................**..**...*.*
*.*.............-...*.....*..
*......**..***.......**....*.
***....**..*.*........**....*
...****....*.*.............*.
.*..***...................*..
.*.**.......*..........**.*1*
..*.........*..........**.*.*

*** Life<Cell> 8x30 ***

Generation = 0, Population = 84.
---0--------0-00-------000-0--
--0-------0-0-00------0-000-0-
-0-----00-0--00000-----0---0-0
----------000-00-------0--0-00
--00----0--0-0-0----0----00---
00----0---000--000--00-0-0----
-00--00--00--0---0-0-----00--0
00---------000---0-0--0---000-

Generation = 1, Population = 110.
----0-----001---0------11-0---
-------0001-1011-0---0---11---
0-----011---01---10----1-00--1
-000---0-0-11--1-0--0-010-101-
0-110-00-00---0--0-01---0--000
1-00--100--1100---0--1----0--0
011001-001-00100---1-0000-----
1----00--0-1--0-01-100-0----1-

Generation = 2, Population = 119.
---0-0-00-----0------00**010--
0---0---1--0*1-*01--0-0---*0-0
--00-01--00-1---0*1000-*0-1---
011---0-010*--------1-1*-0-1-0
10*-1--10-10--1-0101--0-100-1-
-0110----0--*11----0-*-0-0---1
1-*1----1--11*-1-0-*01-1100-00
*-00--1--1-*--101*----01---0-0

Generation = 3, Population = 113.
0-0-0--1-0-01---00---11**-*-00
-000-00-*--1**1*1---1-10--.---
---101-11---*----.---1-.10*0--
-**-0-10-*-.--0----0*0-.-1--1-
--.1*0-*------*-1-----1-*-10-0
1--*-0-00--1.*--0---0*01--0-0*
*1.*--00-10-*.-*01-*--0*-11011
.---00-0---*--*1-*010-1--0--11

Generation = 4, Population = 117.
-010----0-----0--10--**.*-.-11
-11---1-.-1-..-*---0----01.000
--0-1-------*--00.-00*-**1*1--
0.*---*10.0.10110-01*--*0*11--
10.-.-0.-0-0--*-*1-1-0*0*0-1-1
*-1*01111---**------1.-------.
****-1111*1-**-.1-0.0-1.--*--*
.0--111101-*-0*-1*-*1-*-01----

Generation = 5, Population = 118.
0-*10-01-00--0--0*1-0..**-.---
0-*-00-0.0-1..-*-1-1--1-1-.-1-
0----1-11--0*--1-*-11*-..-.*-1
1.*000*-1*-.--**101-.0-.-.**10
*1.1*--.0-1-00.0**0*-1*1.-1*--
.--.-*-*-00-..---00-*.-10000-.
*...-*---.*1..-**1-.--**1-.01.
*1--****1-0*0-*--*0*--.-1*---1

Generation = 6, Population = 107.
1-*--01---1-1-0-1**0-..**0.-1-
--*0--1-.11*..1*1-0*1--0*1.---
-0-11-1--00-*1--0.1--*-..-*.-*
-.*111*1*.-.--..*--1.--.-...--
**.-.00.1-*-11.-..-.1-.-.-*.-1
*0-.-*-.111-*.--01-0*.0*1-11-.
**..-.--1..-*.-*.*0.01*.*1.-*.
**00*****--.1-.--*-.1-.--*00--

Generation = 7, Population = 94.
--*-01-1--*0--10-..--..*.-.0-1
0-.----0.--...-.*11.*-1-.-*-10
0--*-1-----0**---.*1-.0.*-..0.
1..***.-*.-.--...0--*0-.-...--
*..1.1-.-0*--*.-**-.*1.1.0**1-
.11.0*-.*---*.--1-01..-.-0-*-.
...*0.1--..1**0...1.1-*..-.0*.
*.--*****1-.*0.11*-**-.--*-1--

Generation = 8, Population = 119.
10.-1*-*00.110*1-*.-0....-.-1*
11.00-11.-1..*1**--..-*-.1.0--
-00*1*111-01*.0-0..*1.1*.1.*1*
-***.**1.*0*1-..*1--.--*0**.--
*..*.-0.11.0-..0*.-..-*-*-.**1
.**.-.-..-1-..10*1-*..0.111.0.
.**.1.*--*.*..1...*.*-...-.1*.
..--*.****0*.-.*-*0**0.-1.-*--

Generation = 9, Population = 94.
--*--*1*-1**-1.-1..0-....0.-*.
-*.-1--*.-*...-..--**0*-**.11-
-11.*.--*01*..11-...**-..-.*-.
-......-..1.-0...*11.-1.1...--
*..**-1.*-.1-.*-..-..1*1.0..**
*...0*-**1-1..-1.*0*.*1.--*.-.
.**.*.*--..*..*......-.**1.-*.
..00..****-*.-..-*1.*1.1-.0*--

Generation = 10, Population = 104.
--.1-*-*-***--.1-..1-*..*1*-*.
1*.0*--*.1..*.1*.-1*.1*-**.--0
0-**..--*--*..**0.....1.*1**-.
1**.**.-*.*.1-.*..-*.0*.-...10
...**1-.*-.*1.*-*.-..-.**-....
*.*.1.-.**--*.1-..-.**-.11**-*
.**.*..1-..**...*....-.***.-..
.*-1.****.-..-..1.*..***-*1*--

Generation = 11, Population = 107.
10**1.-.-***--**1.**-******-..
-*.1.-1*.*..**-..1**.-*-...1--
--...*--*--**...1.**..-.****-*
-....*.1*.*.*0....1..1*.-.***1
*....-1**-*.*.*0..-..-.**-**.*
..*.-.-***11..*1..-...1.***.-.
*...*..*1*.***.*.*..*-.....-*.
.*0-*****.-..-..**....**1*-.1-

Generation = 12, Population = 92.
*1.**.1.0***--***..*-******-..
-*.*.-**.*...*-..*...-*-...*10
-1..**-1.--.....-...**-*.*..1*
1....*.-..*..1**.***.**.-....*
.....-*..1..*..-..0..1..*0...*
.*..1.-...*-...*..-...-.*.*.0.
..*.*...-..***.*.*...1*...*1..
.*1-***..*-.*0..**.....*-.1.*1

Generation = 13, Population = 110.
*-.****.1**.1-***...-******-*.
-*.*.-...*....-**....1.0...**-
-**.**1**01..*..-*.**.-*...*-.
-...**.1.....**..***...*1*...*
.....-...-**.*.-**1******1..**
...***1...*-.**.*.0..*1**.*.-.
..*.*...-.**.*.*.*...***..**.*
.*--**....0*.-*.**....*.1.*.**

Generation = 14, Population = 92.
.-****..***.--*.*...0*.****0*.
-*...-.....*.*-..*...*.-.*..*0
0**...-*.1*..*.*-*.**.1*..**-.
-..**..*...*.**.........***..*
...*.-...1**...0*.-......-*.**
...****..*.1.*....1...-...*.0*
..*...*.-*...*....*.......*..*
..-1**....-**-****...**.-**.**

Generation = 15, Population = 96.
.-***....**.--......1**.***-**
-...*0.....***-*.***...-.....1
1***..1.****.*..-.*.****...*-*
1*.**......*.*.........**....*
..*..1*.*-.*.*.1..1......-*...
..*****.**.*..*..**...-..**.-.
..*...*.1..*.*.**.*.......*...
..-***....0.*0****......1*****

Generation = 16, Population = 85.
.1.***....**11....****...*.-**
1....1..*....*-..**....0****.-
-.....-..*...*..-**.*****...-*
-...*.*.*..*.*.....*.*.**...*.
.....-*.*-.*.*.-.**.....*-*...
.**.*...**.*.*....**..-..***-.
..*...*.*..*......*.....*...*.
..-***....-**1...*......*****.

Generation = 17, Population = 86.
.-..**.....*--...****....*.-*.
-....*...***.*1........-..**.-
1....*1***...**.1*..**....**-.
-....*..***..**....*.*........
...*.1..*-.*.**-.*..*..**1*...
.***.*..**.*.......*..-.*.**-.
.**....***.*.*...***....*...*.
..-***....0***..........*****.

Generation = 18, Population = 88.
.-..**.....*11....**......*-..
1......*.*.*.*-**....*.-.*..*-
-...**-*...*....*...**....**1.
1....*....*.....****.**.*..*..
...*.-**.1.*.**1..***..**-**..
.*.*..*....*.**..*.**.-...**-.
.*...***.....*....**...**...*.
..-**...**1*.*....*.....*****.

Generation = 19, Population = 80.
.-........**--*............0..
-.......*..*.*-***.*.*.-.*..*1
-...**-.*..**.....**.....**.-.
-....*.**.***.*.*.....*.*.....
..*.*-**.-.*.*.*......***-..*.
....*...*.*....*.*....-...*.-.
...*.*****.*.*...*..*..**...*.
..1.******-.*.....**...******.

Generation = 20, Population = 74.
.-........**1-***..........-*.
-........*...*1***.**..-.*.***
-...**1.*.....*...***...***.1.
-..*....***...**......*.*.....
...**1*..-...*.*......*.*1....
....*.....**..........1..*.*-.
...*.......**...**.*...*....*.
..-**....*1.*.....**...*.****.

Generation = 21, Population = 75.
.-........***1...*.........-**
-....*...****.-..*..*..-**...*
-...*****.*......**.**.**.*.**
-..*....**...*.*...*.*....*...
...*.-...1.*...*.....**.*-*...
..........**....*.....*..**.-.
...*.....*..*....*.*..**.*..*.
..1**.....*.*....***....*.***.

Generation = 22, Population = 87.
.-.......*...*.............0**
-...**.**....*-.**.***.-**.*..
-...****....*...***..****.****
-..*.**.......*.*.**....*.*...
.....-..**.**.***...****.1**..
.........*.**...*.........**0.
..***....*..*...**.*..**....*.
..***......*.....*.*...******.

Generation = 23, Population = 67.
.-......*...........*.....*-*.
-...*..**...**1.*..***.-**....
-..*....*....*.......**.....*.
-.......*..**.*...**..........
.....1..**.**.*.*..*******..*.
...*.....*..........*...**..-.
..*.*.......*...**....**.....*
..*.*...........**....*******.

Generation = 24, Population = 75.
.-.....**....*.....***...*.-..
-......***..***....*..*0.*.*..
-.......**.*...*..*..**.......
-......**.**..**..**....*.....
.....-..**.**..*..*..***.*....
...**...******.***.**....*..0.
..*.*...........**...**....**.
................**....*.*****.

Generation = 25, Population = 73.
.-.....*.*..***....****.*.*0..
-.........*.***...**...1*.*...
-..........*...*..*.***.*.....
-......*......*******...*.....
.....-...............***.*....
...**...*....***...**..**.**1.
....*....****.......*****....*
................**...***.**.*.

Generation = 26, Population = 65.
.-.........**.*...*****.*.*1..
-.........*....*..*....**.**..
-..........**........**.*.....
-.............*****.....**....
.....-.......*...*...**..***..
...**....******....*......***.
...**....********..*.........*
..........**........*....*....

Generation = 27, Population = 52.
.-.........*......*****.*.*-..
-.........*..*....*.....*.**..
-..........*..*...*...*...*...
-...........*******.....*.....
.....-....**.....*......*...*.
...**....*......*.*.*....*..*.
...**..........*...**.....***.
.........*...***..............

Generation = 28, Population = 62.
.-................****.*..*-..
-.........***....**.*.*...**..
-..........*....*.**...*..**..
-.........*.*****.*....*.*....
.....-....*****....*....**....
...**.....*.....***.*....**.**
...**..........**..**.....***.
..............**...........*..

Generation = 29, Population = 55.
.-.........*.....**.***...*-..
-.........***.........**.*....
-.............*.*.....****.*..
-.........*.....*.*....*.*....
.....-...**........*..........
...**.....*.***.***.*...*...**
...**.........*...***....*...*
..............***.........***.

Generation = 30, Population = 56.
.-........***........***...1..
-.........***....*.......*....
-.........*....*.*.......*....
-........**....*.*....**.**...
.....-...**..*.**..*....*.....
...**....***.***.*..*.......**
...**.............*.*....**..*
..............**...*......***.

Generation = 31, Population = 55.
.-........*.*.........*....-..
-........*..*...*.....*.*.*...
-................**......*....
-..........*...*.**....*.**...
.....-..*...**...**....***....
...**....*.***.*.**.*....*..**
...**.....*..*..*.*.*....**..*
...................*.....****.

Generation = 32, Population = 37.
.-.........*...........*...-..
-..........*.....*.....*.*....
-.................*....*......
-...........*......*...*..*...
.....-....*..*.........*......
...**....***................**
...**.....**.**.*.*.*...*....*
...................*.....*.**.

Generation = 33, Population = 29.
.-......................*..-..
-.....................**......
-.................*...**......
-.....................***.....
.....-...**.*.................
...**....*...**.............**
...**....*.**......*.......*.*
...................*........*.

Generation = 34, Population = 25.
.-.....................*...-..
-.....................*.*.....
-....................*........
-.....................*.*.....
.....-...**..*.........*......
...**...**...*..............**
...**.....*.**.............*.*
............................*.

Generation = 35, Population = 27.
.-.....................*...-..
-.....................**......
-....................**.......
-.....................**......
.....-..***............*......
...**...*..*.**.............**
...**....*..**.............*.*
............................*.

Generation = 36, Population = 29.
.-....................**...-..
-....................*.*......
-....................*........
-........*...........*.*......
.....-..***...........**......
...**...*..*.**.............**
...**.......***............*.*
............................*.

Generation = 37, Population = 31.
.-....................**...-..
-....................*.*......
-...................**........
-.......***..........*.*......
.....-..*.*...........**......
...**...*.**..*.............**
...**.......*.*............*.*
.............*..............*.

Generation = 38, Population = 33.
.-....................**...-..
-...................**.*......
-........*..........**........
-.......*.*.........**.*......
.....-.**.............**......
...**.....**.*..............**
...**......**.*............*.*
.............*..............*.

Generation = 39, Population = 35.
.-...................***...-..
-...................*..*......
-........*.........*..........
-......**...........*..*......
.....-.**.**.........***......
...**.....**.*..............**
...**.....**..*............*.*
............**..............*.

Generation = 40, Population = 37.
.-...................***...-..
-...................**.*......
-.......*..........**.........
-......*..*.........**.*......
.....-.**.***........***......
...**.................*.....**
...**.....*...*............*.*
...........***..............*.

Generation = 41, Population = 37.
.-..................**.*...-..
-..................*...*......
-..................*..........
-......*..*........*...*......
.....-.*****........*..*......
...**....**..........***....**
...**......***.............*.*
...........***..............*.

Generation = 42, Population = 34.
.-..................*.*....-..
-..................*..*.......
-.................***.........
-......*..**.......**.........
.....-.*...*........**.**.....
...**................***....**
...**........*........*....*.*
...........*.*..............*.

Generation = 43, Population = 28.
.-...................*.....-..
-.................*...........
-.................*..*........
-.........**......*...........
.....-....**.......*...**.....
...**...............*...*...**
...**.......*........***...*.*
............*...............*.

Generation = 44, Population = 29.
.-.........................-..
-.............................
-................***..........
-.........**......**..........
.....-....**.......*...**.....
...**......*........**..*...**
...**................***...*.*
......................*.....*.

Generation = 45, Population = 31.
.-.........................-..
-.................*...........
-................*.*..........
-.........**.....*..*.........
.....-......*.....**...**.....
...**.....**........**..*...**
...**...............*..*...*.*
.....................***....*.

Generation = 46, Population = 32.
.-.........................-..
-.................*...........
-................*.*..........
-..........*.....*..*.........
.....-......*.....**.*.**.....
...**......*........***.*...**
...**...............*..**..*.*
.....................***....*.

Generation = 47, Population = 27.
.-.........................-..
-.................*...........
-................*.*..........
-................*..*.........
.....-.....**.....**...**.....
...**....................*..**
...**...............*...*..*.*
.....................****...*.

Generation = 48, Population = 28.
.-.........................-..
-.................*...........
-................*.*..........
-................*..*.........
.....-............**....*.....
...**..............*...*.*..**
...**................**.**.*.*
.....................****...*.

Generation = 49, Population = 32.
.-.........................-..
-.................*...........
-................*.*..........
-................*..*.........
.....-............***...*.....
...**.............***.**.**.**
...**...............**...***.*
.....................*..**..*.

Generation = 50, Population = 26.
.-.........................-..
-.................*...........
-................*.*..........
-................*..*.........
.....-...........*.....***....
...**.............*...**....**
...**..................*.....*
....................**..**.**.

Generation = 51, Population = 24.
.-.........................-..
-.................*...........
-................*.*..........
-...............**......*.....
.....-...........**...***.....
...**.................*.....**
...**................*.*...*.*
........................*...*.

Generation = 52, Population = 23.
.-.........................-..
-.................*...........
-...............**............
-...............*.......*.....
.....-..........***...*.*.....
...**................*..*...**
...**.................**...*.*
............................*.

Generation = 53, Population = 24.
.-.........................-..
-................*............
-...............**............
-..............*..*....*......
.....-..........**......**....
...**............*...*..*...**
...**.................**...*.*
............................*.

Generation = 54, Population = 30.
.-.........................-..
-...............**............
-...............***...........
-..............*..*.....*.....
.....-..........***....***....
...**...........**....*.**..**
...**.................**...*.*
............................*.

Generation = 55, Population = 28.
.-.........................-..
-...............*.*...........
-..............*..*...........
-..............*...*...***....
.....-.........*..*...........
...**...........*.*...*..**.**
...**.................***..*.*
............................*.

Generation = 56, Population = 41.
.-.........................-..
-................*............
-..............*****....*.....
-.............***.**....*.....
.....-.........*****...*..*...
...**............*....*.******
...**.................******.*
.......................*....*.

Generation = 57, Population = 28.
.-.........................-..
-................*............
-.............*....*..........
-.............*.....*..***....
.....-........*....*...*..*.*.
...**............*....*......*
...**.................*......*
......................**.****.

Generation = 58, Population = 30.
.-.........................-..
-.............................
-.......................*.....
-............***...**..***....
.....-................**.*....
...**.................**....**
...**................**...**.*
......................**..***.

Generation = 59, Population = 27.
.-.........................-..
-.............................
-.............*........***....
-.............*.......*..*....
.....-........*......*...*....
...**...................*.****
...**................*....*..*
.....................***..*.*.

Generation = 60, Population = 30.
.-.........................-..
-.......................*.....
-......................***....
-............***......**.**...
.....-..................**.**.
...**.....................****
...**................*.*..*..*
.....................**....*..

Generation = 61, Population = 24.
.-.........................-..
-......................***....
-.............*.......*...*...
-.............*.......*....*..
.....-........*........**....*
...**...................*....*
...**................*....*..*
.....................**.......

Generation = 62, Population = 28.
.-......................*..-..
-......................***....
-.....................*.***...
-............***......*.......
.....-.................**...*.
...**..................***..**
...**................**.......
.....................**.......

Generation = 63, Population = 25.
.-.....................***.-..
-.........................*...
-.............*.......*...*...
-.............*.......*.......
.....-........*.......*..*..**
...**....................*..**
...**................*..*.....
.....................**.......

Generation = 64, Population = 25.
.-......................**.-..
-......................**.*...
-.............................
-............***.....***......
.....-......................**
...**...................**..**
...**................**.......
.....................**.......

Generation = 65, Population = 26.
.-.....................***.-..
-......................**.....
-.............*.........*.....
-.............*.......*.......
.....-........*.......***...**
...**.......................**
...**................***......
.....................**.......

Generation = 66, Population = 24.
.-.....................*.*.-..
-.............................
-.......................*.....
-............***......*.*.....
.....-................**....**
...**................*..*...**
...**................*.*......
.....................*.*......

Generation = 67, Population = 24.
.-.........................-..
-.......................*.....
-.............*........*......
-.............*.......*.*.....
.....-........*......**.*...**
...**................*..*...**
...**...............**.**.....
..............................

Generation = 68, Population = 27.
.-.........................-..
-.............................
-......................**.....
-............***.....**.*.....
.....-...............**.**..**
...**...................**..**
...**...............*****.....
..............................

Generation = 69, Population = 26.
.-.........................-..
-.............................
-.............*.......***.....
-.............*......*........
.....-........*......**.....**
...**...............*.......**
...**................*****....
.....................***......

Generation = 70, Population = 23.
.-.........................-..
-......................*......
-.....................**......
-............***.....*........
.....-..............***.....**
...**...............*...*...**
...**...............*...*.....
.....................*........

Generation = 71, Population = 24.
.-.........................-..
-.....................**......
-.............*.......**......
-.............*.....*..*......
.....-........*.....*.*.....**
...**..............**..*....**
...**...............**........
..............................

Generation = 72, Population = 24.
.-.........................-..
-.....................**......
-....................*..*.....
-............***.......*......
.....-..............*.**....**
...**..............*..*.....**
...**..............***........
..............................

Generation = 73, Population = 27.
.-.........................-..
-.....................**......
-.............*.........*.....
-.............*......*.**.....
.....-........*......***....**
...**..............*..**....**
...**..............***........
....................*.........

Generation = 74, Population = 25.
.-.........................-..
-......................*......
-.......................*.....
-............***.....*..*.....
.....-..............**......**
...**..............*...*....**
...**..............*.**.......
...................***........

Generation = 75, Population = 26.
.-.........................-..
-.............................
-.............*........**.....
-.............*.....**........
.....-........*.....***.....**
...**..............*........**
...**.............**.**.......
...................*.**.......

Generation = 76, Population = 25.
.-.........................-..
-.............................
-.............................
-............***....*..*......
.....-.............*..*.....**
...**.............**........**
...**.............**.**.......
..................**.**.......

Generation = 77, Population = 23.
.-.........................-..
-.............................
-.............*...............
-.............*...............
.....-........*...***.......**
...**................**.....**
...**............*...**.......
..................**.**.......

Generation = 78, Population = 24.
.-.........................-..
-.............................
-.............................
-............***...*..........
.....-.............***......**
...**.............**..*.....**
...**.............*....*......
..................*.***.......

Generation = 79, Population = 23.
.-.........................-..
-.............................
-.............*...............
-.............*....*..........
.....-........*......*......**
...**.............*..**.....**
...**............**.*..*......
...................*.**.......

Generation = 80, Population = 29.
.-.........................-..
-.............................
-.............................
-............***..............
.....-..............***.....**
...**............******.....**
...**............**.*..*......
..................*****.......
