*** Life<ConwayCell> 40x8 ***

Generation = 0, Population = 75.
....*...
....**..
.**...*.
........
........
.***.*..
*..*..*.
........
..*.....
........
.*.*...*
........
.......*
....**..
.*......
**...**.
..*.....
.......*
*...*..*
....*...
....*.*.
.***..*.
...*....
....**..
...****.
*.*.....
......*.
**......
.*..*..*
.**.....
.......*
*...*...
........
....*.*.
.***...*
.*......
*......*
...*.*.*
....**.*
.*.*...*

Generation = 10, Population = 32.
........
........
........
........
........
........
........
........
........
........
........
........
........
..*.....
.*..*...
*.......
....*...
....*...
*..*....
..**....
..**.*..
........
..**....
..**...*
...*...*
....*...
........
........
.*......
*..*.*..
.*..**..
........
........
........
........
........
........
...**...
...**...
........

Generation = 20, Population = 49.
........
........
........
........
........
........
........
........
........
........
........
........
........
........
........
........
........
....*...
..***...
.*..*...
.**.....
.*......
..*.....
..*.....
.....**.
....**..
.**.***.
.**.***.
***.***.
***.***.
.**.**..
..***...
...*....
........
........
........
........
...**...
...**...
........

Generation = 30, Population = 45.
........
........
........
........
........
........
........
........
........
........
........
........
........
........
....*...
...*..*.
..*...*.
.**.***.
.**.....
.*......
..*.*...
...*.**.
..***...
..******
..**.**.
...*.*..
....*...
........
...*....
..*.*...
........
........
........
........
.....*..
.....*..
..*..*..
..*..*..
...**...
........

Generation = 40, Population = 36.
........
........
........
........
........
........
........
........
........
........
........
........
..*.*...
.*..*...
..*..*..
...*..*.
....**..
........
........
........
........
........
..*..*..
.**..**.
.**..**.
..*..*..
...**...
........
........
........
........
........
.....*..
....*.*.
...*...*
...*...*
...*...*
....*.*.
.....*..
........

Generation = 50, Population = 12.
........
........
........
........
........
........
........
........
........
....*...
....*...
....*...
........
......**
........
........
........
........
........
........
........
........
........
........
........
........
........
........
........
........
...*.*..
...*....
........
........
*.......
**......
*.......
........
........
........

Generation = 60, Population = 3.
........
........
........
........
........
........
........
........
........
....*...
....*...
....*...
........
........
........
........
........
........
........
........
........
........
........
........
........
........
........
........
........
........
........
........
........
........
........
........
........
........
........
........

*** Life<ConwayCell> 18x32 ***

Generation = 0, Population = 121.
*.*....*.*.****..........*......
.*........*..............**...*.
*..*.......*...*..**.......*...*
*.......*...*.......**.*.....*..
..*.....*.*.*.........*.*..*....
..*..*......**................*.
.....*...*....*.......*..*...*..
.**..*.....*.........**.**..*...
..*......................*......
...**.**...........*............
*..*...*.......*...*........*...
............*.....*.*.*.***....*
**....**..*......*.**....*...*..
....*...*.........*.......*...*.
....*...*......**...*..*.**.....
...*....*.*......*........*..**.
..*...**.......*.....***..*...*.
*.....*......*.....*.........*..

Generation = 2, Population = 116.
***.......*****..........**.....
..*.......*..**............*....
..........****.....*..*..***....
.**.......***......*...*........
........**..............*.......
.**..*....**....................
.***.*.....*.*.......*....*.....
*....................*....*.....
....*.**..............*...*.....
.*.................*....**......
.*..*...*.........*.**..***.....
.....*..*........**.....*.*.....
.......*........*......**.*.....
....*.*..*........****..*.**.**.
...**..*.......*..*....*.....**.
...**.*..*......*.....***..*...*
......*..............**......**.
......**........................

Generation = 4, Population = 100.
.**.......**....................
...*.....*.*.*.............*....
.**.....................*..*....
.............*..........****....
.........*..**..........**......
..***....*...*..................
*........*..*.............*.....
.**..*.....*.............***....
..**...................**.**....
..................********......
......***........*...*******....
........*........*..*..**.**....
.........*..........**.**....*..
....*....*.......*....*.*....**.
.................*....***......*
........*................*****.*
.....................**.........
......**........................

Generation = 6, Population = 74.
..........*.*...................
..**......*..*..................
...........................**...
...........*..*........**..**...
.........*.*..*.........*.......
...**....**...*.........**......
....*.....**............***.....
.*..*...............*....*.*....
.*.*..............*..*..........
..*....**.........*..*..........
.......*.*........*.*......**...
....................**.....*....
........**..........**.....*..*.
.....................*...***...*
.......................**......*
.......................**....*..
............................**..
...........................*....

Generation = 8, Population = 67.
................................
................................
...........................**...
..........*...*............**...
.........*....*........**..*....
...***..**.**.*.................
..*..*...**.............**......
..*..*....*.........*...........
.*..*.............**.*..........
..*....**.........*.............
.......*...........***....***...
..........................*.....
......................**....*...
........................**..****
..........................*.*...
......................***..**.*.
...........................*..*.
............................**..

Generation = 10, Population = 67.
................................
................................
...........................*....
..........................*.....
...***..***.*.*...........**....
...*..*.*.*.*.*.................
.*....***.*.....................
.....**..*........*.*...........
.*......**........*..*..........
..*....**.........*..*....**....
.......**..........*..*...*.*...
...................******...**..
.....................*......*...
.......................*....*.**
.......................*..*..*..
..........................*.....
...........................*....
............................**..

Generation = 12, Population = 71.
................................
................................
................................
...***..**................**....
..*..****.*...............**....
..**.**.*.*.....................
.....***..**....................
.....***..**......***...........
.....**..........*....*.........
.......**.............*..****...
.....................**..**..*..
..................***...***...*.
......................**......*.
..........................*...**
.............................**.
..........................*..*..
..........................*.*...
...........................**...

Generation = 14, Population = 61.
................................
................................
...***..........................
...***...*................**....
..*.....*.*...............**....
..**............................
...*......**......**............
.........*......................
.....***..........***.*...***...
......**..........*....**....*..
...................*.....**...*.
..................*.....*..*....
...................**..**....*.*
.............................*.*
.............................*.*
...........................*....
..........................*...*.
...........................***..

Generation = 16, Population = 75.
................................
....*...........................
...*.*..........................
..***.....................**....
.**.....**................**....
.*.......*.*....................
..**............................
......**.*.........*.......**...
.....*.**.........*.*..**..*.*..
.......**........*..*.**.**.**..
.................**.*.*...**.*..
..................*.*.*...**....
...................*...***.**.*.
...........................***..
............................*.*.
.............................*..
...........................*.**.
...........................***..

Generation = 18, Population = 69.
................................
................................
...***..........................
.**......*................**....
**......*.*...............**....
.*.....*...*....................
..*.....*.*.....................
.......***.........******...*...
..................*.*.*****..**.
.......**........*..*....*..***.
.......*........*...*.*.....**..
.................*..*.*.**......
..................**............
.......................**.*.....
................................
................................
............................***.
............................***.

Generation = 20, Population = 66.
................................
....*...........................
.....*..........................
*...*...***...............**....
.......*...*..............**....
**.....**..*.........**.........
.*........**.......****.........
........***........**.*.........
.........*........*.**...*.**...
.......*.*......**..**.*....**..
.......**.......*...*.**.*.*....
................*...*..*........
.................***............
................................
................................
.............................*..
............................*.*.
................................

Generation = 22, Population = 62.
................................
................................
........***.....................
........***...............**....
**.....*...**.............**....
..*...***.***...................
**.....*..**..........**........
.................***........*...
........*.......*.*.........**..
.......*.......*...*.......*.*..
.......**......*..***...........
...............**....****.......
....................****........
.................***............
................................
................................
................................
................................

Generation = 24, Population = 60.
................................
.........*......................
........**......................
.......*..................**....
......*.*.................**....
.**..**...**....................
......*...*......***............
.......***.......***........**..
...............*...*.........**.
.......**.....*..**.*.*.....*...
.......**.....*...******........
..............*.......*.*.......
...............**......*........
.....................*..........
..................*.**..........
................................
................................
................................

Generation = 26, Population = 67.
................................
........**......................
.......*..*.....................
......**.*................**....
.....*.***................**....
....*....*.*......*.............
.....*.....*....**.*.........*..
......**........*****........**.
.........*...........*......*.*.
.......*.*...*...***.*..........
.......**....*...**.**.*........
.............*..*.****.*........
...................*..**........
....................*..*........
....................*.*.........
................................
................................
................................

Generation = 28, Population = 64.
................................
.......***......................
.......*..*.....................
.......*.**...............**....
....**...*................**....
....*..****......*..............
....*..*........*.*.*........**.
...............***.***........**
......***.......****.*.......*..
.............*.***..*...........
.......**....*..................
.............*.........**.......
...................*..*.........
...................**.***.......
....................*...........
................................
................................
................................

Generation = 30, Population = 57.
.......***......................
......*..*......................
......*...*.....................
........***...............**....
...**.....................**....
...**....**...................*.
.....*...**.....*...**........**
......*.*.....**.....**......*.*
......**......*......*..........
..............**....*...........
.............***................
....................***.........
...................*............
..................*....*........
...................*.*.*........
....................*...........
................................
................................

Generation = 32, Population = 63.
.......****.....................
......*...*.....................
.......**..*....................
.......*..*...............**....
...**...*.................**....
...*.*..*.*..........*........**
.......**.*...**.....**........*
....*...**....**.......*......*.
.....****.....*......**.........
..............*.....*...........
..............*.....**..........
..............*.......*.........
..................*...*.........
..................*...**........
..................*.............
...................***..........
................................
................................

Generation = 34, Population = 64.
.......*****....................
......*.........................
......*....*....................
..........................**....
...**..*.*................**....
...*....**...........**.......**
....*.........*......*.*......**
....**...*...*.*.......*........
.....*..*...*..*.....***........
.....*......*.......*.*.........
.............*.*....*.*.........
..............*.....*.*.........
..................*..*..........
.................***...*........
.................*....**........
................................
...................**...........
................................

Generation = 36, Population = 64.
.......*..*.....................
................................
................................
..........................**....
...**...**................**....
..*..*....*..........**.......**
...*.*..**....*.....**.**.....**
...*........*..*....**.**.......
....***........*....**.**.......
...............*...**..*........
............*..*......**........
.............**.................
.................*....**........
................**.**..*........
..................*...**........
................................
................................
................................

Generation = 38, Population = 63.
................................
................................
................................
..........................**....
...**................**...**....
..*......**..........***......**
..***...............*****.....**
..**.*........*.*...............
....***......*.....**...........
....**.......*..................
.............*..*...............
.............*****..............
...............**.*...**........
...................***..*.......
................**.**.**........
..................*.............
................................
................................

Generation = 40, Population = 49.
................................
................................
................................
..........................**....
.........................***....
..**...................***....**
.***....................*.....**
.....*.................*........
......**....*.*.................
.....*.........*................
................................
............**...******.........
...................*****........
..................***...*.......
................**.....*........
.................**.............
..................*.............
................................

*** Life<ConwayCell> 5x23 ***

Generation = 0, Population = 84.
*..*.********.**.***.**
***.*.*.******.********
*..*..***.**..*********
.**.********.*.*****.**
..**...**.***.**.*****.

Generation = 10, Population = 11.
..*....................
.*.**..................
.......................
******.................
....*..................

Generation = 20, Population = 14.
.......................
***.**.................
*...*.*................
......*................
.*****.................

Generation = 30, Population = 12.
......*................
.....***...............
....**.**..............
.....***...............
......*................

Generation = 40, Population = 14.
.......................
...**...**.............
..***...***............
...**...**.............
.......................

Generation = 50, Population = 33.
..***...***............
**.*.*.*.*.*...........
**.*.*.*.*.*...........
**.*.*.*.*.*...........
..***...***............

*** Life<ConwayCell> 3x28 ***

Generation = 0, Population = 38.
.**..*.**.**.*.*.*.**..****.
...***.*.....*......**......
**...*.*...*....*.*******.**

Generation = 2, Population = 24.
..**...**..*.*.*....*.......
..**.*.**..*.*.*..**.****...
....*.*.....................

Generation = 4, Population = 20.
..*******..........*...*....
..*.....*..........*....*...
...*****............*..*....

Generation = 6, Population = 14.
..*******...................
..*.....*...................
...*****....................

Generation = 8, Population = 14.
..*******...................
..*.....*...................
...*****....................

Generation = 10, Population = 14.
..*******...................
..*.....*...................
...*****....................

Generation = 12, Population = 14.
..*******...................
..*.....*...................
...*****....................

Generation = 14, Population = 14.
..*******...................
..*.....*...................
...*****....................

Generation = 16, Population = 14.
..*******...................
..*.....*...................
...*****....................

Generation = 18, Population = 14.
..*******...................
..*.....*...................
...*****....................

Generation = 20, Population = 14.
..*******...................
..*.....*...................
...*****....................

Generation = 22, Population = 14.
..*******...................
..*.....*...................
...*****....................

Generation = 24, Population = 14.
..*******...................
..*.....*...................
...*****....................

Generation = 26, Population = 14.
..*******...................
..*.....*...................
...*****....................

Generation = 28, Population = 14.
..*******...................
..*.....*...................
...*****....................

Generation = 30, Population = 14.
..*******...................
..*.....*...................
...*****....................
