*** Life<FredkinCell> 45x37 ***

Generation = 0, Population = 45.
-------------------------------------
--------------------0----------------
-----0-------------------------------
------------------------------------0
0------------------------------------
-------------------------------------
-------------------------------------
-----------0-----------------0-------
----------0----------------------0-0-
------------------------0------------
-------------------------------------
-------------------------------------
-------------------------------------
----------------------------------0--
---0---------------------------------
-------------0--------------0--------
------------------0------------------
-----------------------0------------0
0---------------0--------------------
--------0----------------------------
--------------------------------0----
------------------------------------0
-------------------------------------
-------------------------------------
---------------------------0-0-------
-------------------------------------
---0---------------------------------
-------------------------------------
0----------0---------------------0---
-0--0-------0------------------------
-------------------------------------
-------------------------------------
---------------0-------0-------------
--------------------0-----------0----
-----------------------------------0-
-------------------------------------
-------------------------------------
---0--0---------------------------0--
--------------------------0----------
--------------------------------0----
-------------------------------------
------0------------------------------
-------------------------------------
----0---------0----------------------
-------------0-----------------------

Generation = 10, Population = 458.
02------0-1-10-----------------0-----
----------1---0-------0-----1-------0
3-30-10-0-21---0-----------------0-0-
------------0-------0---0-0---3-1---0
11--3-402-0--0-----------------------
---1---------0----01-10-------0-1----
-02---2-0----------------0-0---1-2---
-0---2-----0---000-0-0----0---0-0-0-1
---001----------1------1-1-2---4-1-0-
---0----0----00----1--1--2--2-1------
---0---0------0---1------0-0---111---
------0---0-----1---1--1--1-------0-0
--00-0-----0----0-------------0---0--
-----0--0--1--------01--3---010-----0
10---1---1---0------------10-1--21-0-
---1---0-1---0-0--01--211-221-1-3-1--
------0----1-------------1-312---1-1-
0----0-----0-1--10--000-----1-2-51--1
21--12--0--0----------0-3--1-0----00-
211-1-------0-22--0-----0------0--2--
2-1---0--0---0--------0-1-2----11--13
0-10--0---0--20-0---------0---2-----1
02---0-----0---0--00-0-20--------010-
-1--0------01--1----0--2--0-1---2-1-0
0----------0-1-----21--4-0-------2-1-
--------0----0----1--01--0--0-0-----0
3121-00-10---001-----0-1-0------1--0-
--0021---10-0----------0--------2-0--
10-2113-2-00----00---0-0--10--01--0--
2333-10---11--0---0---0-----------0--
---2--110------0---0---001-100-010---
--0111---0----------0---0---0-0---0-0
---2-0---0---0---0---0----3------0---
--------0-0-----------0-------0-----0
00---0-0---0-0-0-------1-0-3-1-0-----
11002------10-0-0-------1-0-1---0-0--
3-01-----0-2---0--0--------0------10-
03-3-52--11-200-0-----------0-3------
1------------0--0---2--2--------22--0
-0132------0----0---1-0---------1---0
-----------------00--0---0--------10-
1-----1-0-----0-0-0-----0-----0-0----
-----0---------0-----0-0--0------0---
------0-0-0-------------0-----0-0-0--
---0-0-0-----------0-0-00-0-0------0-

Generation = 20, Population = 439.
5------1-2-----------00---------1----
0---0---1----------0---11--0--0---0--
--6504----3-12---10-1----1-------1-0-
---20------010--2-2-----1-00---------
---14-----0-1----1-11--3-01101------1
----0---3-----------0--3----1---2-4--
---1--2--0----1-3----1-------3-3---0-
--------24-----4-2--1-23-------2----1
-----1--3--1-1124--3--1--4-3-3152----
-1----------------3-1---------1------
--6-5--0--03-------0-------------2-0-
-3-4-------133-------------2-20-2-3--
-2-----1-0-------0-0-----150------4--
24---2-01-----1---------3---3---4-20-
---4-5-2------1-1------0--------5--0-
-5---23-2-------2-------303------11--
1----10---------3---------54--3--5--1
-1--1-4----26---3-----1---2-3--1--236
-26-1----1354-----224-----2-6--1---62
-21-------021-------0-------4-2---4--
----6-----0121-1----2-04-----522-454-
--1---4---0-----0-2-2-3---4---3-3--02
0----1-----3--1-0--1--0-------1-3--2-
----1-00------23--------21--1----1---
1--4--11-1---5-3----------0--5-6-2---
---4--2------1---0--0-2--------------
---4---0-----1---------2--2----------
0---5---1-22-45---0---------31--5----
---------0-03----2--1--3-------3-1---
2---0----5---71--2---3-20-1---3-0---1
3------1-2-2----13-----2-------------
2---1----13---2--20-----2------------
-----------2-1--21----2--35----22----
1--3--2----013---01-----4--02-0-----0
--203-----1-01-1---40--5---7----1----
------------301-3---------3---------0
-------0----------1---3----10041----3
--3---5-2-3-4-3-3-3---------1-4---1-3
4--1--0-------101--2--------2-------4
2-------1-2-1---------1---------5----
20---------2-----------1-14--0--3--1-
---30-2-1--23---1--1--0---1-1-----2--
13-----0--1----------------1-0--32---
4-4-0-0---1---0-----0---2-----0---1--
-61200-0---------------3-0-0-----0-0-

Generation = 30, Population = 851.
-812-3-1-2----424-2505-1-613-21------
-113-03--0-25-0-1---13----4--12----0-
5-+709-1---767--2-4--31-1411--036----
6---22--54-2-2--4--21--33--1---4-1---
4-3-937--92--31-----5548-6---3--2-23-
532-43----4343-442--52-------223-2---
2-554326---232-2---43-----36--1-250-2
3--3-4-3--5-16--23-21-5-9---33-73-46-
336261-174-4-7-4--1-3--92-33-5585-5--
-5-423-053-----36-------6--7--53-23-1
4-7--55--53542--342024--1------4-----
3814-3-2-3-44-2-2--42---111--4--41--4
36--55-31-254--4652--1--3--2--68-55--
--6674-3-6461443-1---4-5--534--5-021-
9-3---743307---43--3-300323-1----4-14
--2-3564-6256----2-564---3--5223-4-32
122-0-1-4----4244323234-56-83-------4
8-0---82-5---5---65---40---76-45+4--+
7-8---16-8---4224--3--227-35815--558-
------436-244---32-01---315--35-4-8--
52--8844-1--5-2--5-3-1--55+-69--+7-9-
3-4-73-2-5--1--3--41-4--4-735----1---
1-5-03-30--416---4-4-6-4---2-33------
-----2-148--653--0---1476-2-5--59--1-
25-+--3--32427-----+-2-74417---+-----
2-565-92---3--632-132-647463-----45--
--------3431-33------3143-3-532--1-6-
-2---622-3---5---2--113-2--2-2--9---1
-1-+---26--55---8---2-553-35--2955---
6-65-84329-2--432--5--0------773-12--
---3-43-3-03--2----23-353---633---0--
-33422-55453-43-14--5-5---0-513-3--12
4---346-342-22---87---26-6+-4---8---0
-5-44641-422-5-2----6-----50-12-3-3-1
4--374413-222--54--8333-333--11---5-4
6--5-210221857427-+---1-31325--15--03
-3----3-142--1---5441454-6-421-63-7-3
3-5--9-2-641-3---47-5-+0-24-518-4-2-7
-----6--2--0---0-32455---5---366+79-7
8---9-423333--82---6-1-0----3---7---8
-6-21--22----2-4-2-8---5-4-5--23-3422
5-1-2---1233-5--13+23-8-----1-0-1-3--
5714-3--32---3-4123-34-3-2-5312-7---2
5-----4----230-150----6-3-5-----0-3--
--45-6153-4---023-221144-220442-2220-

*** Life<FredkinCell> 8x42 ***

Generation = 0, Population = 66.
--0---0-----0------------0------0---------
---0--0-0--0----00-0----0-----0-----0----0
-0----0---0------------------0------------
---0-0------0-0----0-0------0----0--------
--------0-0-----0---0---0--00---0-00-----0
---------0-0--0------------0------0------0
---------0-----0-0--0-0-0--0-000-0----0000
------------0------0--0-0---0--------0----

Generation = 1, Population = 121.
-0---0100----0--00-0------0---00-0--0----0
-0--00---0-----011--0--0-------00--0-0--0-
0-0---1000--0-0-00---0--0--------0--0----0
-00-----0--0---00-0-0-0-0---1------0-----0
---0-0-0-0--0--0-0-----0-00--0-0-0-10---01
---------10-00--00----0---0--0000-1---00--
--------01000-----0---1-100101-1------1---
---------0-0-0-0-00--01-10----00-0--0--000

Generation = 2, Population = 142.
010-----1---0-0--------0-0-0-01-0-0-------
-1-01-0-010-00-1-20---0---0-----100---00-0
--100-2-1-0-----1---0---10--0--0--00-----1
-1---000100-0--------0-01-00---0--010-----
-0------01--1-01-1--0-0-01-0-1010-0-100-1-
---0-0-0-2-0110-1----01-00---1--10--00-1-0
-------01-11-0-00010-----11------00-002000
---------1010----1-001-----00-1---00-0-1-1

Generation = 3, Population = 173.
121-0-102-0010---00-------0--12-1010--00-0
-2----1-1----10-131000--00--000---1--011-1
-021-0-0---0-0----00--0--10--001--1---0002
02-0-11--1--100000--0-012-1--0---012--0-00
0100--00-2---0-20-00--101-01---2-0112110--
-00----1-30-22--2000-1---1-002----1011-2-1
---0-00-2--2-10111----1---2-010----0-----1
-------0-2121--0-20--21--0-11--0---1010202

Generation = 4, Population = 144.
232-------1---------00--0--0----2-210----1
--001-2-210--21-24-1-1-01-001-1-1---01-20-
-1---1---00-0-00-0--0-1-1--0-1120-----1113
-3-----0120-2--11100--12-0--11--0---------
--1-0-------1-0-1------1-1----0-----322---
---0-0020-1033-0311---10----1--0----2-03-2
-0---11--113---22210-020-1--121-----0-2---
---0-0--03-32--10-1003-01-02----0-0-------

Generation = 5, Population = 169.
3---0-1-2-20-00-00--1-0-10-1--203-3----0--
02--20--3210-3-13----2012-1-2020-01--21--1
02-1---0111-10-----0-02-2--1--2-10--0-2224
04--0111-3---00-22-1-0--211-2-0-10--00-000
---0--0--2---0---1-0--1--20-----0--1-----1
-0--0-1-13-1440--2-----10--02-0-1--0-114--
0-0-02--2-240103-3--0-311-----2-0-001-3--1
-00--1-01-1-300--2-1--1-2013-010---10-0---

Generation = 6, Population = 148.
4--010--30----10-100-010-10----14041-0--01
1-0--1--43--0-12---1----30--3------0-3-2-2
13--0---2--021-0-001-1-0--0-0--2-1-01--335
--001-2-1----11-3----112-2-0--1-2-1--10-11
0-1-0-----00--0----10---1------2--12--2--2
----102---1-5---3-100-1----13-1--0--22250-
--1------1-5---4--1----22-2-1--11-1--0--0-
-1-0-2-1--23-1--03---320---4-121------12-2

Generation = 7, Population = 147.
53-1--10--2-10---2---1-11-110-22-----10-1-
-2--22205-1-13-33-1-0-014-1040--1---04-3--
-42-1-20--113--111---221-1-111--1-1-20--46
----2---230----1--0-----2-1--1---022-2-0-2
--20----02-1--12------------0-0----3-2--13
0--0--32--2--40----1-------2---0--1-333---
----0-102--6-10-2-2-003-3---2-2-20-0-1301-
0-0-----1-3---0-14--04------12----0---230-

Generation = 8, Population = 129.
6--------03---10------1----2-133------10-1
--------6--02------------0------2010-51-02
1-3--1--2-2---02220--33-----22222120-1235-
-4--312--4-02------1-11--2--22---13-0-----
013---0-----1---1-01----1-0--1---0143---2-
-0-1-0--1--15-1-3----11-0-0-3-1-----4----2
--1----1-12---1-33-0-14--1--32-131--1--1-1
---00-0-2-----1--5-1----2--4-3--0------4-2

Generation = 9, Population = 164.
-3-------14-10210----1-1-11--2-4-041---112
--0--2-07-1133--341--2--4-104--0-12---2---
-4-1-2-031-1-11---1-0--1---1-3--3---2-3---
050042-1--01-111-202---2---0-3-0-24-1-00--
1-4-001002-1-0122-1-0--1221102--0-2-42-0--
-1---------2--2---1-0---111-4---1-1--3-5-3
---002---23-01-----1---23-----2242102132--
---11--1--3--121-6-20420--1-142-1---0-25-3

Generation = 10, Population = 163.
6----0-0-2-0-1----0-12--12-----5--520--2-3
-2--23-----2441----1-301-0-150212---053-02
-5-21--142--32--22-1--32----2422-1-03-----
-611532-2412-2--33-30-1--2--2----3---2--1-
2-50-1-1-30----331-1101-33221-0-10----2-23
---1--321--3-43-322111-122-25-1--0--4-3---
-01-131123-61-14-3-201------------2-32431-
--0---0-2-43---2---------0--2--12-0-11----

Generation = 11, Population = 175.
-----1-----112---2-02---2-1202-6-06-----14
-30---2-7-1-5-2334-20-1-41-2613-3-201-431-
1-3-22-25--1-3-2------4-2---353-32-1-13--6
--2-643---23231-44-4-1---3-----0--42---02-
-1-102-2---1---4-212-1-1---32-1-212-4-3--4
0102-0---3-455-------2123-1---20-1-053---3
01-02--2-43721--342-1-423--1--224-3-435-21
--111-11335----316-204--2-14-4223-1----50-

Generation = 12, Population = 177.
-32-1---3--223-1-3---21132231-3-41--0-1--5
-4-023-08---6-34------2-521----14--125---2
-5-----3-222-4-32---0-5-31---6-2-3--32-35-
0-317-41243--42-5-05-2-2--10-31-23---20132
-2--131-03--1---3-----12-3-43-2-32--52---5
---3-13-14256-303--1--2----2523--2-1--3---
---1---325483-1--5322--341223-3--240-463--
0-22--22-4--31242-1315--3-2--533--2111-6--

Generation = 13, Population = 178.
6-312---42433422--0-232-433-2--6-26-11-216
1-0134----127-45-4--0--16---61---122---3-3
-6---2----3335---21--362--013733-42--33--6
--4--4-23-----31--160--3-32-2--0-44-13-24-
---1-422140-2----21-------25-----32-6-30-6
-1041--22-367------2-2323--3--40--12-34--3
0---231-3-5941-4364----45-33----4-514-7-2-
--3-123-35----3-36-4262-403--6443--2--270-

Generation = 14, Population = 164.
7--2---05-544-3-0-----31--4-3-3----222----
24-24-2-8-2-8----512132-----7---42-3---41-
--32--2352-4461-2---04-3-----8---53---43-7
----7-4----3--42542-1--4-43-3--1-55-----52
-2521------1301433-2111-3-----2-3-347---27
-2-5-13-34478--03-2--3-3-21-5251--2--45--4
----34-3-5-+521547522-4-61--32-25---54-33-
01---3---6-33--4--15--30----27---0-3-1---3

Generation = 15, Population = 180.
8-33---1----------002--243--4--6426--3121-
-5035-3--33-----36--24-1--128-315-24-5--2-
1-4-223-633-5--332--1-64310-3-33-6---35--8
-6-18-5-343-2453-536-2-5254-----2-6-1-0--3
2--3----14-24-2----3222--3----3--34-8-30-8
0306--4245--95314-3214----2--36-123-5-6-05
0---451-3-5+----5--3315-7--3433-6-5-657441
123--43237-----5-----6-1-0-4--44----1227--

Generation = 16, Population = 141.
-3------525-----0-1---3--4--52--5---2----6
26-4-44----28-------352-62--9------5--4-3-
--5-3-4---4-6---43--2-7-42114-----31---3-9
0-4--46-4--33-6-5----3--3--03-----7-23--5-
32------25035--433143-3--42---423-5---412-
1----------7--4---4--53-3-----7--34--4---6
-1--562---6+-21567--4-64-----442726-76-55-
--42--4-48-3--3----5-73-4--5---5--23-33--3

Generation = 17, Population = 185.
-433-1116-6-4--2---02-42-543-336-2---31---
3-0-55-08333-4---612--3--3------5--6-5-4-3
--62---363---613-4113-8-53-258---6---3----
1651-5--5-3-4--3-5361-15454--31125-234-26-
43---422-----0254-2-4-42353-32--43-4825---
23--114-454---51-25-1643--2----11-52-5--0-
----6--33-7+-3---8----757--34553-371877661
--53--5-59543-4-361-28-1-03-27-6---41-4---

Generation = 18, Population = 170.
-5442--2-274--3-03--3--3---4-4-75-622-2--6
-6--6-41-44485--3-2335------9-3--22---4---
--7---4---44-----5-----4-413---3373---5-59
-76--6-264---46-5--72-26----34--36--450373
54-3-53325---13-5--4-25-464-4--25-559-6---
--06-2-------5--4------43-3--------3--6-1-
011-7-244-8-5-15--5--1--8-3456-4748-988-72
-264-4-2--6541--472-39324145--4730---35-03

Generation = 19, Population = 163.
8----1-3--8------4--4-4-4-4-5-3862--3-321-
370-7--------6-54-3-463--312-1-15-3-25-43-
-6823-5363----1-4----4-5-5-458-44--13--3--
----87--7--34---6-3-33-------5114-7-----8-
6--4-6-43-0-52---32543------5-43-366-2---8
-3--134--54--65-5252---542---3---3545---2-
122---355-9+6-266-63-2-5-145-75-8591+99-8-
--751-53-9--52--5---4+--5-5---584---------

Generation = 20, Population = 175.
9-4-----62-4-4-2---0535--554-44973-24343-6
-8-48-4-844-8-46-6---7----2--23262-63645-3
--9-426-74446--3-5--3-8--61--9355732--545-
1761---2---4--637547-426-5-03-2--68245----
--5---35-513----5--65-5246-5----5---9-6-2-
24--24-2465-9--1-3-3--4----3-471-4---5653-
23----466-------78--43-6--56---4-6+2+-+-92
1---2---5----3--672-5-3--16-------24135-0-

Generation = 21, Population = 180.
-5--2-13--8-4-330411-4634665--5+8---545--7
---5-55-9---9657-733483--3--93---33747-634
16+----3-555-61-4-----9-5------66-4333-56-
2--2-763--3--47486---5--4-4-453-4-935603--
-46-1-463-2---3563-76363-----2---36-+-7138
---635-357-7-65--4-41-5542---5--15-456--4-
3-2---577-9-63---9---4--8---57-5--+3---6+3
2--5-45-69--5-45-83-6+--52-----8---52---1-

Generation = 22, Population = 179.
9-4--1-4-2--54-4-52-5-7--7-6--6-9-6--56--8
3---86-------7----44-94-64--+4--6448-84-4-
--+2--647666672-551134+-6-1----7-75--456--
376-8874----4--5--47-62-5---564156+4-71483
-57-2----53--24674--747-464-----5------249
240746-4-8--9----------6533---7-2---67-5-6
4--176-88--+--267--345---1-66--6--+4+9+7-4
32---5-3-+-56356--4-7-32-36-27594---33--2-

Generation = 23, Population = 165.
+--4-2----846----6-1-483-8------+37-5--3--
48--9---9-449--7475---5-----+5---5-9-956--
---342-5----78336-----+--6-4---8-86335--69
4872--8-----547686---73----06--267+5--2-9-
6684-64-3-4353-7-5--85-357-552----66+--35+
-518---559-------4-4---76---55-1355---6-4-
-3--87-9959+6--789-456-----7--5786+-----+5
-375-6-46-----6--8-58+43--75---+502-------

Generation = 24, Population = 163.
+-4-2-1-62-5-4-4-72--594--6-54-++482---41-
-905+6-----5+---586---------+632---+-----4
----536---6-894-751----56--55939697---5--+
-983-89-7-3-6-8-9-4-----5-41--4--8-65--4-3
---5-7-6455-6-487-2-9-7-68----4--377+274-+
-62-------5--6-----51-5----3--7-466-67-5-6
4-219--+-6--73-8-+-56---8--8--6---+4--+7-6
3--627----6563---9--9+-4538-2---61-5----23

Generation = 25, Population = 173.
-55432--73-66---0--156-548----6-----5-652-
-+1---5-94---75---74-95-6-2-+-436-4+4-56-5
---3---576769---8621--+6-6--6+-+-+8335--6-
4+--89-484---4-6-6-73-3--55-----------25--
--86-8475-6-73----37+-8--9---2-3-488-3-5--
-7-846--596797--54--2-67-33455--577-------
53-2--5---9--4---+--7-7-9--9-777-6----+-+-
43--3854--7-7-666+4--+-56-95-75+72263-5-3-

Generation = 26, Population = 183.
+-6--3-4---77-34-7----9659--547-+-8-6--63-
4--5+--1+5--+867---54---7---+6-475-+59----
1----3------+94-9732--+76715-+3+6+944656--
5+-39-95--3465--97-8----56616-------573---
669--9-86-73-4487548+---6-45-3--5-99--765-
-829--4-----+8516-----786--5-6-16----7654-
-4-3976-9---75-88--5868-+-5-688---+4+9+-+6
--7-4-656+8--37--+55--46--+---6+-3--4-6-43

Generation = 27, Population = 166.
+------5-388-4----2156+-6+66-58++4-27-6748
-+-6+65--64-+9------59-1-42--7----------4-
----5---767-+--3-8-3-4+--82----+7+-5--676-
6-84+-+--4-5768-+8----3-67--7642-8-6-8459-
---6----7----559-6-9+58--9-6544-6-++-387-+
-93--65---6---6-7-5-----73365-72-7-----65-
55--+-7++-9+-6--------9-+-6979-78-+-+++7+-
---658--7-95--8--+-----7-3+52--+----537---

Generation = 28, Population = 162.
---433----99753--73-67+67+77-----5-38-7-59
---7+-6--755--67-875-+--753-+8------5--6--
16+3---58--6-9--99--3----9-56------64--87+
--95---5853687--+94-37--78---75--9+-------
6697-9-8--73---+-74+---36-4--55---+---98--
--4--7---97--871-4--26-8-44-6-----746-67--
6---+-----+---2-8+6--6-6+-7--+8896---++8-6
437769--8---7--66-5-----64+6--6+--26-4--4-

Generation = 29, Population = 160.
--6-44-----+----0--178--8+88-5--+--4---76+
4+-8-6---866-9-85986-+-------94--5-+-9-74-
2-+4-----67-++---+3-44--6-26-+3--+-7-66--+
-++6+9+69-4---8----8-83----1---26+--5-4-93
7----+-9-58----+785++-8---56---3----+3--5-
--5--8555+8-+98-7-5-3----55--6-26---777856
7---+7--+-++7-3--+-5-7-------+99-7+---+-+-
----7+65-+95-3-7-+65-+----+72-----37-5----

Generation = 30, Population = 169.
+--45-1--3-+75--1-----+69--9-6-+--85857-7+
-+-9+76-+-7-++-96+9---5--5--++-4-6---+5--5
3--5--65--86+--3----55-7--3--------84---7+
6++7-+-7+--68---+-49---67-6-77----+-6-5---
---7------93755+8-6+-593----555-64-++-9--+
-9-9-9-66+97---18-6-4-7-76--67737-74-88--7
-523-87++-++--4--+-6889--1-9----98--+++8+-
4--7-+-68++-7-8------+4--4+-3-6+---8----4-

Generation = 31, Population = 161.
--6--425--9+8-3-2-3--8--+-8-57-++-9--6--8-
4--++-71-88-+---7-+65-61----+--5----5--74-
46---3--86-7+-449+--66+8--46---+-+-9---88-
---8--+-+5479-86+------78-7-----6-----659-
7---2-------8--+9-7-+6+-69566--3-5---3-85+
2+5--+5-7--8-98--47-5--88-5--88-8-8---9--8
---4-9--+-+--65---6799+6--7-7+-9-9-4+++---
---8-+6-9--5--97-+-5---76-+7--7+-33--57-53

Generation = 32, Population = 130.
+5---53-7-------3-4----------8--+--5--7-9+
5--++---+----+---+----------+-4--64---5-55
-7+---6--7--+--5-+----+9-9-7--3+7------99+
-++------6-8+---+-4---3--8-17--2-+-6--7-+-
8-9------5939-5--88---+-7---7-------+---6-
--6---6-8+--+----585-67--6--6-9-----78+--9
75-5--7+---+7-6--+-8+--7+1-98--+9+-5-++8+-
--79--7-++--7--8--66-+--7--8--8---4-----64

Generation = 33, Population = 160.
-664-64-83---5-4-7-1-----------+----868---
6+-++--1+-----69-+----61-5---+5-775--+6766
----53-5-88-+-4-9+---6-+-+-86+-+8+99--6+--
--+8--+-+-4-+78---59-8---9---7-36----8-5--
-6-7--4--6-4+--+--9------9---553-5--+--87-
--7--+769--8-9--869-57--875-----87---9--5-
86-6+98++-++8---8+-9+9-8+----+9+-++-+-+--6
4-8-7+86+++-83--6-7-9-4-8-+9-7--7----57--5

Generation = 34, Population = 162.
----5755-49-8-35-8--7-+6-+---8---59597--9+
7-1--7---88-+---7-+6--7--632--6--8-----8-7
47+5-466-9--++-5+--367++---9-+3--+++46-+-+
--+---+7--58+---+--+-9378-71--54-++6--7---
8--82---7-9--5------+-------7----6++-39--+
2+-9---7------8--7-5--7--866---398--7---6-
-7-7+---+6-+-6-89--+--+9+--98--+--+---+8-7
53-9-+97+--5-4987+-6++-79-++-8----4--6-766

Generation = 35, Population = 157.
+-6468-6----9-463------7-+-95---+----88-+-
8+2---7-+9----698++-5--17---++757-5---696-
---6--7--+8-++-6++-4-8---+4--+4-8+++-76+-+
--+8+--------7--+95+--489-8----5-+-7-88---
9---3+49--+-----98-+---379-6-55--7+-+4-8--
----4-7-9+98-9-----6-78--9--6-9---8------9
8--8+-8+-7-+-7---+6----+--7+9-9+--+5+-+--8
6--+7+----+6---98+---+4---+-3-8+-3585-7---

Generation = 36, Population = 170.
+6---95--4-+---7--4-7-+8+--+--8-+59-99-7++
---++-81+--------++6--7-863--+8-886--+7+--
47+7-486--9-+-4--+-56---6+-9-----++-----9-
6++9---7-6---88-+--+3-59--9---5-6--869-5-3
-69-4-5+--+----+--9-+6+-8-5-76--6--++-9-7+
-----+--+++--+8-8--7-898-+-678-------9+86+
972-+9-++8---868--7---+-+---+-+-9-+6--+8+9
738-8+-7--+-849+----++5--4++4----469--87-6

Generation = 37, Population = 151.
+764-+------9-4-3-51--------5-9--6--+-8--+
----+-92+-86+-698-+-5+819742++----7+----67
-8+85597-----+56-+36-8------6+--8---4-6+--
-----++---5--9-6----49-+9-+-7---7---7+8--4
---8-+6--6+4--5-98---7+--966---377+---+--+
2---4+-7-+-8+----79-5--9--67------8--+-9-+
-8---+--+-+--9---+--+9-+-17+-+---+--+-+-++
-4-----8----95+-8-76+--7-5---88--57-56--67

Generation = 38, Population = 172.
+--56--68-9-+-574--2-8+8++8-68-++------7-+
8--++--3+-9--+7+-+--6+----------8-8+5---7-
49--66-----7--67++47-----+--7-4+9++-57-+--
-++--++---6-++-7--5-5+5++9+18-----+8--9-+5
9-9-4+--7-+----++---+-+3-+----548--++4+-7-
----5+7-++--+-8--8+-68-+8+7878-39894----6-
-92--+8+-8--8+---+7-++----8--+--9++6+--8-+
758--+9---+6+6+--+8---58-6-+4-9+7-8--7-7--

Generation = 39, Population = 166.
+76--+5---+--5-85-5-7-----9-79-+-695+-8-+-
--2-+-9---+--+-+-+-67--19-4--+85-8-----+--
-------78-9--+---+586-++-+--8-5-+-+--86-9+
6--9+++7+678++8-+-6+--6+-----7------7++5-6
-6+--+6+86+4-5--+--+---4--6---65--++------
2+-9---7---8++------7-9--+8---9--9+57++-7-
---8-+-++9--9-6-9+8-----+19+++-+++-7+-+9+-
86-+8-----+-+7++8--6+-69--++58+--59----867

Generation = 40, Population = 164.
+--5-+-6-4+++6--68-288-8+++-8-9+----+--7-+
8-3--7+-+9-6+--+8+--8+--+752+-9-898+5+7-77
4-+8-69--+-----7--6----+6--9--6+-+-+----+-
---+-++--7-9--9-+9-+-+-++9+---557---8++6+7
9-+8--7-97+5---++8-+--+58-76---68---+--87+
3-7+5---+---+----8+-------9-7-+3--+-8--98+
--2-+----+----78--9-----+2-++--+-+---+-++-
97--9--8+-----+----7+-7+---+69+---+-5---78

Generation = 41, Population = 164.
+7---+5-8--++75----39--9++-+9--+-69-+---++
--4++8-3+++---7-9-----81+863----9+-+6-8+--
5----7+7--9-+--8++--6-+-7+4+-+7--+++5----+
--+---+7--7+++----6+--6+---1-7---------7--
+--9--8--8-----++99++-+6-+87--67-7++---9-+
4-8+-+77+++--+8-------9+--+-8-+4----9-++--
--38-+-++-+-9+-99-+-+-+-+39-+-++--+-+---++
+8-+++99+----7+----8+-8+-6+-7-+----------9

Generation = 42, Population = 161.
+8-5--669--+---86-54+8--+-+-+99-+-+5+98-++
--5--9--+-----8++--6-+-2--74-+9-++--7-9+--
-9-8--+8---7+--9++-------+5+--8+---+-86-+-
-+----+-+---++9--9--5+7---+--855----8-+8+-
+6++4--+-9+5+--+--+++-+7-+9------8-+------
5--+--88++-8--91-8-7-8+--+-89-+599--+-+---
---9+--++++-++-++--++---+4+---+-++--+++-+-
+98--+-+-++---+-8--9---+9---8-+---+-5----+

Generation = 43, Population = 173.
+96-6-7--4+-+-----65--+---++++--+6+-+--7++
8+-++-+3++--++9-+--78+----8-+-+5-+-+8-++77
5++-6--98-98--6-+-686-++7+--8+9--++--97-++
----+++---7++-+7-+-------9--896-7+-8-+---7
-7-+5+8+---6--5++9++--+8----76---9--+--97-
6---5+9-++-9+-+28-+--9-----9+---+++-++++8-
-9--+--++--+++----+++-+--5+--+-+---7+-----
+-9----++--6+--+9+8+--8+--++--++7---6-8---

Generation = 44, Population = 175.
-+757-8---+-+-5-687----9-+--++--+7+5+9--+-
9+-++--4+-+-----+++89+82+-94---6+--+-+-+-8
-++8--+--+--+--9++79-8+----+9++--+++---+-+
6-+-++-7+7--+-+--+6-5----++19---8++-8+-8+8
---+---+-9--+56-+++++-+98+--8---8---+4----
-+--6+---+-+-+-3-8-7--++-+-+-8--+++5+--+-+
9--9+---+-++-+----+++++-+6-+--++++-8+--++-
-9-++-9--++---++--9--+-+9--+8-++85--7--8--

Generation = 45, Population = 163.
---6----94+------9--+8-++---++9----6--8---
++-+-9+5+++6--9-+--9-+93+8+-+--7-+8-8+-+79
5-+-6--98+-8++-++-------7+5++-+-+-+---7-+-
-++-+++--87+-++-++7-6--+---2+-65-+-8------
+7--5-8+9-+--6-++-++---+-+-79--7-9--+-+-7-
--8+-+98-++++-+-89--7-+----++---++-6+-++8-
-93-+-8+-----+-----+-+---------+-++-+++++-
-------+-+----++9++--+8+--+-9--+9-+-8789--

Generation = 46, Population = 177.
++777+8--5----5---7-+-+---++--+--7------++
-+5+++-6--+----++-+-9--4-9-4--+-++-+9+-+8+
6-+877+-9+-9---++-7968++-+6++-+---+-5--++-
6---+--7+-8-+++-+--+-+7+---3+---8++-------
+-+-6-9++--6-7-++--++--+---8+6-88-+++-+98+
6+-+-+-9+++-+--3-+-7-9---++--8-5+++7++++9+
9+-9-+-++-++--7+----++++--++--++---8++---+
-99-+--+--+---+---+-+--+96---9+-+5+--89---

Generation = 47, Population = 165.
++888+9-9----7--698-+-----+-++++-8+6+9----
+----+---+---------9--95-+---+--+-8+++----
7+-9-8+--+---+--+--+79++------++-+++6-7---
-+----+-+8--+++--+----8+++-4+-6---+---+--8
-7-+7++-+-+--86---+++7-+8+--+---9-++-4-+9-
7-8+6+9+--------8--8-+--8+-+-9+6+-+--+++++
-+3+++-+-+++-+--+++--+---6-+++--+-+-++++-+
--++--9+-++--7+--+--+----7-+9+-++-+---+9-+

Generation = 48, Population = 133.
-----++-----+-587-95-8++----++-++9+7+-8---
-+5---+--++------+-+9--------++7--9-------
-------9--9--+-+--7----+---++--+++-+-98+-+
--+-++-----++--7-----+--+--5--7-8--88-+---
-8+-8++++9-6---++-++--+--+98+---+-++-5---+
------+--+-+--+39-+97-+--+-+----+----++-+-
-+--+-----++-+-+-++--++----+++-+----++-++-
------+-----+-++-+-+----98--+--+--+98----+

Generation = 49, Population = 161.
-+8-8+-6-5++--6-89+-+9-++--++-+---+-+--7--
++6+--+-++-6++9-----+-9----4+--8++++++-+-+
-+--78--9-+----++---79+---6-+-+-++++6+9+--
--+-----+8--+-+----+6-------+9-5---99-+---
+9---++--------+------++----+668--+-+6+---
--8---+--++-+-+--+++8+-+8++-+9--+++7-++++-
9-3+-+----+-+---+--+-+-++-+-++-+--+---++--
-9--++-+--+--7+--++-++8++9+-+-+++5+----9--

Generation = 50, Population = 165.
---89++-9-----7-9-+--++++++-----+-+7+-88++
+-7+++-6---------+++--+-+---+++9++-+--+---
-++-89-9-----+6+++--8--+-+-+-+---++--++-++
6+-++-+7-9-+---7+-7+---+--+5+--6-++-+-----
+++-8+-++-+---6-+++---+--+98+-----+--7+-9-
--9--+++++--+----+-+--++9---++-6+--8+--+++
-+-+++-+----+--+-+++--+++---+-++++-----+--
----+---+++6-8++-+++++-++---++++---9---+7-

Generation = 51, Population = 172.
+---+++6-5---7---9+-+++-+-+++++-+9+8+----+
-+-+-++7-----+-++-++--+-+++-++--+--+------
7---9-+-9+-9++-++-7+-9-+7-6+-+---+---+--++
-+-++-+8+-8-+++-+--+---+++----7---+--+---8
-+-+---+----+8-+-+-+-7++-++9+---+-+-+8+++-
7++-6+--++-++++3---+8+++--+-+++----9+---++
9-3++-8++-+-+--+-+++----+6-+----+++-+-+-++
-9--+---+--7+9----++-+8--9-+--+--5+-8-+-8+

Generation = 52, Population = 163.
----+++---+-+878-+-5+---++--+++----9+9--+-
+----------6-----++--++5+-+--+-9++-+-+--8-
-+-9+9---+++++6-+--+--+-8--+++-----+6++++-
-+-----9-9-++-+-+---6--++-+-+--68-+9---8+9
--++8+-++9+-+9-++---+-++8-+----8--++-9---+
-+---+-+-+++-+-49--+-++--++---+6-++++---+-
+---++9-++---+-+-+++----+-++-+-+++-8--+-++
----+++-++-8++++-----+9+-+-+++-+----9-+---

Generation = 53, Population = 163.
+--8+-+6-5-++--9-++6+-+--+-++++-+9+---88++
---+--+--++7+--+--++-++-++--+-++-+-------+
-+-+-++99---+---+-----+--+6++-+--+-+-+-++-
6+----+++---+-+7-+--7+8-+-+5+-7-9--+----+-
-++----+------6-++--+7-+-+-9+-----+++-++++
---+6-++-++++--5---+8+--9++---+7+-+-+-++++
---+---+-+----7-++--+-------++++--+9+++--+
+--+-+-----9-+--9+++++-++-+----+-5----++8+

Generation = 54, Population = 165.
-+8-+--7-6+--87+-++7++++-+-++--++++9-99---
++7----7---8++9+----+++-++-4-++++--+-++-8+
-+-+-+-+--+--+6+--7+89-+8-7++----+-+---+--
7+-+-----9-++--8-+7+-+-+----+-8------++8--
--+-8-+--9+6-97-+-+-+8+--+---6-8-9-+---+--
-+--7-++----+++-9-++--+-+++----8+----+++++
+-3--+-+-+--+--+---+-+-+-6-++-++----+-+++-
-9++--++-++----+-+--++-++--+++-+---99-----

Generation = 55, Population = 170.
-----++8-7+---8--+--++++++--+---+------8++
+---+++-+++9---+++-++-----+--+-+-+-----+9+
7-++---+9--++-7++--+9++--+8+---+---+6-++-+
8-++-+++++--+++9++----8+-++-+9------++-9+-
++-+9-+-+------+++--+9---+----69+---+-+--+
--++8+--+-+--+-5+----++++-+-++-9+--+-++-++
--4------+-++--+-+-+++++-7+--+++----++-+--
-++++-+---+9+-++--+-+---+-+-+++++-++-8++8-

Generation = 56, Population = 168.
+-----+99----8---++------+-+----------9-+-
++7-++---++---9-+---++-5+++----++-+++--+++
------+-++---+--++7-+---8--+--++++++-+++-+
-+-+++++-+8---+---7+-+-+-+-5++--9---++--+9
-+-+--++--+-+--+--+++-+--++--67+-9--+-+-++
7--+9+-+++-----6-+-+8++++-+-+--+-++----++-
---+-+9---------+-+++++--8+++++++-+9++-+++
+++-+--+--++--+-9--++-9--++-+++++-++9--+9+

Generation = 57, Population = 168.
+-8-+-+-+-+-+----++7++-+-++-+--++-+9+9-8+-
--8-+++7+-+9-+--++-+-+-6+++4-----+-++-+-+-
7-++-++++++-+-7+---+++-+9+-+--++--+-------
8+------+--++---+-8---8-+++---86+++---+--+
-+--9+-+-9+--9-++-----++----+---++-++9-++-
--++-----+--+-+7+--+-+--+--++++-+----+--++
-+-+--++++++--7-+++--++------++--+++++-+--
+-++----++++++--++---++++--+-+++---+--+-+-

Generation = 58, Population = 170.
--9-+++9+-++-------8---++--+-+++++++++99-+
-+-+-+-8++++----+-+----7+-+---+------+-+++
8+-++-++----++8+++----+--+-+++---++-6---++
---++-++++8+--+9+---7-9--++-++-7++--+-----
-+--++--+-+-+-7-++++---+8++-+---+-++--++-+
-++--++---+--+-8+----++--+++++--+++-+-++-+
----+++-+-+-+-8++++-++-------++--+-+--+-++
-++-+-+--+++-+-+----+-+-+++---+++5-+---+-+

Generation = 59, Population = 165.
---8++-+-7--+---9---+-+--+---++------+--++
-+8+-+-9+-+--+9-++-------+-4+++-+--++++-++
9--+-+-++--++-9+-+--+++--+-++--+--+-7-----
8-+-++-++-9++-++++8---+--+-5+--8+-+-+++9+-
++----+-+9-6-98-+--+-9++--+9-6-----++9---+
7-++9+-+-+-++---++-+--+---+-+--+-+----+-+-
---+-++--+-+--9-+-+---+-+--+----+-++-++-++
+++-++++-++++-++-+++++--+-++-------+9---++

Generation = 60, Population = 178.
-+-----++--+--8++--8---+++++---++--+-+-9--
-+-++--+-+--++-+--+--+--+---++-+-+-++++---
+-+++--++++--++----++--+9--++--+++++-+-+-+
-+-++-+-+++--+++++9-7+--+++6--8-+-++++--+-
++++-+----+--+-+-+-+-+-+8-----7-++-++-+++-
8+++----+--++--8++++8---+++---+-+---+++-++
-+4+-+-++-+-+++++-+++-+-+8++-----++-++--+-
+-++++++---++--++++--+-++-+-+---+---+-++--

Generation = 61, Population = 172.
++98+-+-+-+---9+++--+++++--+-++-+-++++9-+-
-+8--++--+--+--+-+-+--+7--+4-+---+++--++-+
--+-++--+--+-+-+++7+-++++-------++++--+-+-
8+-+-+-+-+++++++-++---+++----+98----+--9+-
--+++-----+--+8----+-+-+9+-9-6--+++-+---+-
---+9---++++-+-9+++---+-++---++-+++-++-+++
+--++++-----+---+-++-+-++9-+--+-+++-+-+-+-
-+-+-+-----+----+-----++-+++-+-+--+++8++--

Generation = 62, Population = 164.
+++-+++--7-++8++--+-+-++++-+--+--+-+---9--
--9-+--++---------++-++8+++--+--+--+--++--
++++++---+-+-+++--8--+---+8+--+-+++--++-+-
9+-+-+--++++--+-+--+-+--+--6+--9+---++-+++
+-+----++9-6-+-++-+-----------7--+-----+--
8--++-+++-+++++++--+-+--+++-+---+-+-++++-+
--4+++++++++-----+-+----++++++++-+++--+-+-
---+++----+----+++++--+-+-----+-----+-++--

Generation = 63, Population = 165.
+-----+----+---++++8-+-++-+-+--+---++--++-
-+-+-+-+++--+----++++-+9+--4+-++++-++-----
-++++-++++++-+++-+9++--++-9----++-+-----+-
+--++++----++++-+++--+++----++9+-++++-+-++
-+-+++------++--+--+-----++9-6--+---------
9++--+--+----+-+---+--++-+-++-----+++-+-+-
++5--++++----++-+++-+++++++-+-+++++++-----
----+--++-+---++-+--++--+-+++-+--5+----+--

Generation = 64, Population = 138.
---8----+7+---++-++-+-+----+++-+-++--+9+++
-+9++---+--+--9--+---++-+++5--+-+++--+-+--
-------+++----++++-+--++-----+++--++--+++-
-+-+-+--++--+--+-+-+-+---+--++---++-+----+
+++-++--+----+--+--+++--9----7-----------+
--------++----+-++-+----+-----++---+-----+
-+-+---++++-+---++++-+++++-------+-+-++++-
++++-------+---+++-+----++----+-----+-+-+-

Generation = 65, Population = 180.
-+-9---+--+--8-+--+--+++++---++-+--++--+-+
++-+++---+--++-+---+-++9+----++-+++-++--++
--+-++++--++++-+-+-+++-+--9+--++-+++--+++-
-++-+++-+-++---+-+--7+-+--+6++-+++-+-+++-+
+++++-++-9------++++--+++----8-+-++++---+-
9-++++--+---+---+-+---+-------++++++++++-+
-+5++-++++++-++-+--+-+----+----++--++++---
++--+--+++----+++-+++++---+--+-+-5---8++++

Generation = 66, Population = 175.
-+-+-++-+--+-9-+++--+-+++++-+---+--+--9-++
+-9-+---+-+--+--++-++++---+5+-++-+---+-+--
+++++-++---++----+--+++--+---+---++--+-+-+
--+++++--+---++++--+--+--+-7--9+-+--+++---
-+-++--+---6+----+++---++++9-97--++--9-+-+
+-+--++++++---++-+++--+-+-+---+-+++--++++-
+-6+++++-+-+++-+-++++++--+++-+-+-+--+-+++-
+---++--+--+------++-+++-++++--++-++--+--+

Generation = 67, Population = 169.
--+-+++-+7---+-++-+-++-----++++---+-+--+++
+-+-+---+--+-+9--+-+-++-++---+++++-+++++--
---+++-+-+-+++++++9+-+++++----+-++++--++--
++-----++-+-++--++-+--+---+8++-+--+++-++--
-----+++---7+-----+++-+++++--+8--+-+---++-
+++++-+--+++--+--+-+--+++--+-++++--+--+---
----+-+--++--+++-----++-----+-++-++--+++--
+++-------++-+-+----+-++--+++-+-+5++-8+---

Generation = 68, Population = 170.
+++---+--8++++++++-8+---++++-+--+--++----+
--++-++-++++++-+++-+++-9--+5----+---+-++-+
-+-+++-+--+-+-+-+--+----+--++++--+++7-+++-
+++++--+++--+----------+-+-------+--+--+--
--++-++--9+---8-+++-+-+++--9-+-+--+---+-++
+----+--+-+---+-+-++--++----+--+++-++-+++-
----+-+++-+++-+-++-+-++++-+++++----++--++-
+-+++-+----+-++++--+-+-++++---+++6++------

Generation = 69, Population = 155.
+-----++--++++-++-------+-+---++++++-+9+++
++--+--+++-+-------+++--+--6--+++-++----++
-+-++-++++++-+-++-9+-+-+------++----8---+-
+++--+----++++---+++7--+--+-+-9++++-++++++
----+-+-+--7++9----+----+-+-+--+-+---9+--+
-+++-++-++--++--------+++-++++---++----++-
--6-++-----+++-++++---+--+--+--+---+-+---+
--+---+-+--++++---++-++-+---+----------++-

Generation = 70, Population = 163.
+---+++---++-+-+++-8++-++----+-++-+--+--+-
--+-+++++-------------+-++--+++--+---++-+-
+-++-+++++++++-+++-+-+-+--9+++++++--9-+--+
+++-+-++----++-+-++-8-++-++-+----++--++-+-
+-----+-+-----++-+-+--+++--9---++-+----+++
++++-----+++++-+++++-+---+---++-+-+----+++
---++-+--++--+++--------+-----+-++----+-+-
-++++----++-+++-+--+-+-----+++-+---+-8+++-

Generation = 71, Population = 154.
-+++-+--+8++---+-+-9-+++-----+++++-+++-+++
-+++---+----+-------++---+-----+++------+-
++++----+---+-----9-+--+-+---++--+-+---++-
+--+-++-+++---+-+++--+-+++--+-9-+--+-+-+++
-+-+++++--+7-++++--+---+++---+-+-+-+-9----
----------+----+-+-----++-++++-+-+++------
+-6+---++++-+++-+++----+---+++++-+-+--+---
++-+-++-+---++-+-++---+-+-++-++--6+--9+--+

Generation = 72, Population = 184.
+-+---+-+--+--+-----+--+++--++-++--+-+-+++
-+-++++-+++-++-+-++-----+++---+-+++-++-+--
-++++++-+-+++++-+-+-+++++-9--+--++-+9++-+-
++--+--+----+-++-------++++8--++-++--+--++
-----+++--+8-+++-+--++++---9++8++++--+++++
+++-+++-+---+-++-+-+--++-++++++--+-++++---
++7-++-++----++-+--+---++-+++-+----++-++-+
-+++-++++-++--+-+--+-+-+--+-+---+-+-++-++-

Generation = 73, Population = 175.
-+--+-+-+--------++9-++++--+++++----++---+
-+--+++-+-------++-+-++9++-6++-++++--+++++
-+-+-+-+++---+---++-+--++---+-+--+-++-+++-
+---++++---++-+--++---+++-+--+---+----+-+-
--+-+-+--9+9-+-+-++-+-++--++++-+-----++-+-
-+------+++---+-++-+---++++--++--++-+++++-
--8+-+--++++-++++-+-++-+++++++++++--+---+-
--+++--+--+++-+-++++---+-+++++++---+-++-+-

Generation = 74, Population = 166.
+++++++-+8------------++--+-++---++++--+-+
+-+--+-+-----+-+++-++-+--+-------++-+-+++-
-+------++++-----+-+--+++-9-+-----+++++++-
--+--++-----+---++++-+----+-++-++++++--+-+
+---+++---+-+---++-+---++-+--+8-+-+---++-+
+-++++++--++-++-----8+-+++++++-+--+--++-++
----+-+--+--++--+-+-++-++--++--+----++---+
-+-++-+----+++++--++-++++-+++++--6+-+++-++

Generation = 75, Population = 167.
--+--++++9+--+-+++-9++-++---+++-+-+--+-++-
+-+--++-+-+++--+----+--9--+--+--+-+--+----
--+---+-+--+-+-++-+-----+++-+--+++++--+---
+--+---+++--++-+---+-----+----+++--+--+-++
++----+--9+9+-++--++--+--+--++9-++--+---+-
+-+--+-++--+--++-++----+--+++-++-+++---+++
++8+-+--+--+-++---++-++++-++++-+++-+-++-+-
+--+--++-+++++-+-+-++--+--+++-+-+7+--++-+-

Generation = 76, Population = 160.
+++++-+-+--------+-+++--+++++++-+-++++-+++
---++-++-+-+++9-+++-+-+++-+6++---+--++-++-
-++---++---+-+-++---+---++--------+-+-++++
+---+-+++--+--+---++8-+--------+++-+-++--+
++-+---++--+-+-++---++--++----+----+-++--+
--+-++++------+--+++-+++---++----+---+-+-+
+-9--+-++---+--+-+--++--+-+--+--++-+---+--
+--++-++++-+--+---+-+--+-+-+-+-+-8+-+---++

Generation = 77, Population = 174.
+--+--++---++++--+++++----+++++--++-+---++
+-+---+-+----+++-+++-++-+--7+-----+-+-++++
-++--+++-++-++-+-----+---+-+++-+++-++--++-
+++------++-++-+-++-9+-+-------+-++++-+---
-++-++++-9++---++--+--+-++++++--+-++-+--+-
--++++-++--++--+---+-+-+++-++-+--++-++++-+
+-+-++-+-----++--++----+-+-+-++-+++--+++--
++-+++++++---+------+-+-+-+--+--+-++-+--++

Generation = 78, Population = 173.
++--++-+--++-+--+-++----+++++-++++--++9---
+++-------+++++---+-+++----8++++++++--++--
+-+++++++----++-+--+---+----++------+++---
+-+++---++++----+++++-+---+---++--+--+----
--++-+--+-+-+++++--+-+---+-+++----+--++---
+-+--++++---+--+-+-+--+-++++--+++-+++-+-+-
+++-+++-++-+--+-+++-++-+-++++----++--++---
-+++++-+-++-++---+++---+-+--++-++8-+-+--++

Generation = 79, Population = 160.
---+++--+9--++-+---+-++++--+-+-++---+-----
++----+-++-+---+-++-+-+-++---+++++-++++++-
-++++-----------+-+++++-+-+---+-++--++----
+-+--++-+-++----+---++-------+++++++--+---
-++-++---9++---+-+--+-+--+---++-++-----++-
++---++-+-+-+-++-+++-+-++-+++-+-+++-+----+
-+++------+-+--++---++++++++--+-+--+---+-+
--+-+-+-+-++++----++-+++-+---+-+--+--+-+++

Generation = 80, Population = 153.
++++-+-+--+-++-+++--+++---+--++-----+-9++-
+------------+++++--+--+++-8+-++---+-+--++
+-+-+----++-----++---+--++-+-+--++-+--+++-
----+-+--+--+---+-+-+-+-+++-+------+----+-
+---+++-++-----+++--+------+--+++++++--++-
++++--+--+-++-+++--+-+-----+++--++++-+---+
--++-+---+-+----+--++-+-+++---+++-+--++++-
--++--------+++++++++-+-++-++-+--8--+-----

Generation = 81, Population = 148.
---+----+9--+-+-+-++--+-+----+-------++---
---+++-+-+-----+-+++++-++-+-+--+-++++-++++
+---+++-+-+++++-+---+---++++----++--+-+-+-
--++-+++---+-+------++---++---++------++-+
+-+---+-++++-----+--+-+-++-++-+-+++-+-++--
--+--+++----+-+++-++----++---+++++--++--+-
+-++----++-+++-+---+-++--+++------+-----+-
-+--++---+--+---+--+--+---+++-+----+--+++-

Generation = 82, Population = 170.
--++-+--+-++---+-+-----++++---++-+++-+--++
+-+-+-+--+-+-++--++++++++++8--+-+----++-++
-+++-----+++-+++--+--+---+-+--+++---+---++
-+-++--++++-++--++-+++--++-8++-++-+--++-+-
-----+--+----+++----++---+++++---++-++---+
-+--+++++-+++++++++--+-+-+---++-+-++-+--++
-+-+--+-+--+-++++----+-+--+--+-++---+++--+
----+++--++-+----++++-++---++--+----+++--+

Generation = 83, Population = 193.
++-++--+-9+-++---+-+++--++---+-+++-+-+-+--
-+---+-+-+-----++-+--+-++-+-++--+-++--+-++
--+-+-++-++-++++-++++--++-+----+++++-+-++-
+++-+-++++-++++++++++++++++9+-+--++++-+-++
---+++-+---++++-+-+--+++-+-+++-+++++++--++
+++-+++-+-++----+-++---+-+++-+++++-+---+++
++--++-++-++--++-+-+-++-+----++--++----+--
-+--+--+-+++--++-+--+++-+--++-++---+-+-+++

Generation = 84, Population = 185.
+--++-++--+-++++--++--+--+---+-+++++--+--+
-+-++-+---+-----+-++++--+++-+-++---+++---+
+++-++-+++++-+++---+-+-+++---+-+++-++--+++
+--+-+----+----+++-++++-++++-+-+++-----++-
--++---+++-+++-+-+-+--+++--++---+-+-++--++
-++++-+-+--+-+--++--8-+++---++++++-+-++-+-
-+-++-+--+++++--+++++--++-+---++--++-++-+-
-++++-+++++-++---++-++--++++++-++8-------+

Generation = 85, Population = 149.
--+----++9+-+--+-+-----+-+----+--------+++
+++-+++++---+--+----------+---+++--+++-+--
-++---++---+-+--++----++-+++-++++-----+-+-
+-+++++--++++--+---+-+--++--++-----+-++-++
+--+-+-++++----+---++-+++----+++---++---++
+-+---++++----+--+-+9---+++---++++-+++----
+--++---+-++++++--+-+---+++--+-++++-----+-
+--+-----+-+--+----+-++---+--++--9-+-++---

Generation = 86, Population = 188.
+-++++--+-+-++++--+---+------++-+--++++--+
+++-+-+---+-+-++------+--++---++-+++-+++++
+-+--++--+-+--++++++--+++-+++-++-+--+++++-
++-+-+-+--+++-++-++++-++----+++-+-++++--+-
-+++++--+---+--+++++-++-+++---+--+++-+++--
---++-++--+++-+++-+-+++-++-+-+--+-+-+++--+
-+--+++-+-++---++---+-++-+++++--+-+++-++-+
++++------++--+-----+++++-+++-+--++--++++-

Generation = 87, Population = 176.
++--++-+--+---+-++-+-+++-++-++-+-----+---+
+-+++-+++-++++++-+-+-+---+--+-+-+----+-++-
--+-----+--++++--++--+++++---++-++++--+++-
---++-+---++---+-+--+++-++----++---+++++++
----+--+-+-+-+++++----++-++-++++++---+++-+
----+--+++-+--+-++++-+++-+-+++-+++---+++++
-+-+---+--++--+--+++--+---+-+--++++---+-++
++-+-++-++--++--+--+--++++-+-+-+-+---++++-

Generation = 88, Population = 175.
-+---+++-9+-+-+++--+---+--+--++-----++++--
++---+++---+++-++-++--+----8+-+++-+++++---
++++----++++++-++++--++-+++--+++-----+--+-
---+----+-++--+++--++++--+--+++-+----+--+-
-----+-++++--+++++-++++-++++-++-+-++-+-+--
-+--++++--+-+--+--+--+---+-+--++-+--+--+++
-+-+-+-++++---+++-+++--+++--+++++-++-+--+-
+--+-+++++--++-+---+++---++-+--+++--+++---

Generation = 89, Population = 181.
-++-+-+--+++++++-+-++---++---+--+-+--++++-
-+-++-+---+---++++--+-+-+++9+-+++-+-+---+-
-+--+++---+-+-++---+--+-+++-+---+-++---+++
++-+++----+--+--++--+-+++-+-+-+++++++-+-++
-+-+-++-+-+--++-+++-+---+---+-++++++++-+++
+++-+--+++----+-+-++++-++-++-++---++-++-++
-+-++--+++-+--+-+--+-+++-+----+---++-+--+-
--++---++--+++++----++++--+-+---++--+++++-

Generation = 90, Population = 167.
+-+++-+++++---+-++-+-+++---+----+-++-+---+
+-++++-+------+---+++-+-+-+--++-+--+--++--
--++++-+-+---+--+-+-++-+++++-+-+-++-+--+--
++--+++-++-+-++-----+---+++----+-+---+--++
+-++--+++++++---++-+--++-+--++++++--+--+-+
+-+-+------+-----+-++-+--++++++-+-+++++++-
-+---+++---+---+++-+-++++-+++-+++---+-+---
--+---+---+---++----+++-+----+++++--++---+

Generation = 91, Population = 178.
+--+-+++--++-++-++++++++----+++++-+----++-
+-+---+---+---++---+--+-+++9+-+++-++--+-++
---+-+++++++++++--++++++-+-+-++++-++---+-+
-+++-+---++++-++-++-+-++----+---+---+-+++-
-+-++---++--+-+++--+++-++-+--++++---++-+-+
++++----++-----++--+++-+--++-++--++---+++-
--+--++++--++------+-----+-+--+++-+---+-++
---+--+--+---++--+--++-+++++-+++++++-+--+-

Generation = 92, Population = 172.
++---+++++-+-+-++--+--++-++---++--+----+--
+--+-+-++--++++--++-++--++-+--+-+-+-++----
++++--+--+-++--++--++---++++-++++-----++-+
+--+++-+++++++++++-----+-++--+-+-++-+++-++
---++--+-+--+---------+++-+---+---++-+----
+++--++-+-++-----++++--+------++++-++--+-+
+-+++++--++++-+++++++----+--++++------++++
----+-+---++-++++-+-++-+-+---++++-++---++-

Generation = 93, Population = 189.
-++++--+++-++++++-----+++-+--+-+-++++++-+-
-+-+-+---++++++++++--+---+-++---+-+-++---+
+--+-+-++++++++--+-+------+---++-----+-+++
+--++++----+---++++++--+--+-++-+++-+++-++-
-+---+-+-++++-+++-+++++-++++--++++---+-++-
---++--+----+-++--++-+-+-++-+-++-++-+--+++
++--++++-+--++-+++-++---++++++-++++-+++-+-
+-+-++++----++++-+++-+---++---+++-+++-----

Generation = 94, Population = 173.
+--++-++--+-++++--+---+-++------+++-+++---
-++-+++-+++----++++-+--+---++-++-+++-+-+++
+-+-+-++-++-++-++--+-+-+--+---+-+++++---+-
+-+---+++-+-+++-+++--------+++-++--+-+-++-
--+-++++-+-+-----++-+++-++-++---++-+++-++-
+-++-+--+-+--+-++--+-++--++-++-+-+--++---+
-+--++++--+++--+---+++--+---++-++++++-+++-
++---++-++-+-+--+---+-+-----+-++-+----+-+-

Generation = 95, Population = 178.
---+-+-+--+-+-----++++-++++++-+-++-++++-++
++-++-+-++++---++--+---+-+-++--+-+---+++++
++--+++---+---+-+++-+--+++-+--+--++-++-+--
+--+--+-+-++-+++-+--+-++++--++++++---+--++
-+-++++-------+++--+++--+-+-++-+----++----
-+-+--++-+++----+--+-+-++-+++--+---++---+-
++--+-+++--++++++-+-+-++--+++-++-----+----
+-+----++++++-+--+--++-++--++++-++-+++++++

Generation = 96, Population = 164.
+++++-+---++-+-+++++-+---+-+---++--+-+-+--
------+++--+---+--+++++---++-++-+--++++++-
+-++--++---+--+--+++++-+++-++-++-++-+++++-
++++++-----+-+---+---+++-----+++----+-+-++
-+-+--+-++-----+--+-+--+-++++-+--+----+--+
---++-+-++---+-+-+-+-++---+++---+-++-+-+-+
---------++++-+--+-++-++++--++---+--++-+-+
++-++---+--+-++----+-++-++--+--+++-+-+---+

Generation = 97, Population = 189.
+---+-+-+++-------+-++--+-++++-+-+++++++--
-+--++++++--++-+-++-+-+-++++++--+---+-+--+
++--------+-+---+-++++---++-+-+-++++++-++-
-++--+++++++---++++++--+--+-++--+-++++-+--
-++-+-+---++--++++-+-+++-+++-++----++-+---
-++-+-+--+-+--++-+++-+-+++-++-++--++++++--
++----+-+--++-+-++-++-+-+---++++++-+++-+--
++-+++-+---+++-+-+++++-+--+++-++----++++++

Generation = 98, Population = 159.
---+++++-+++++-+--+--+-+++-++---++--+-++++
++++--+-+-++-+--++++-----+-+----++-+--++--
++--+----++++--++-++-+-+--++----+-++--+-+-
-+-+-++----------++--+-+++-+--++++----++--
+++-++--++-+++--++--+--++-+-----+-+++-++--
-+--+--+--+--++--+-+++--+-+---+---+--++-+-
-+-+--++--++-++-++-+----+-+++----++--+---+
---+-++---+-+++-+--++++--++--+---+---+-+-+

Generation = 99, Population = 158.
++----++++++------+-+--+----++-+--+----+-+
-+--+-++--++-+++----+----++----++-++-++-++
-+-+-----++++-++--+--+-+-++++-+---+-++---+
+-+---+++-+--+-++----+-+++-++++--++-+++---
+-++----++++---+++--+++-+++-----++--+++---
----+--+--++-+-++---+++-----++-++------+--
++-+----+++++++-----+-+++++-+-+-+--++--+-+
-+++-+---+++++--+-+---++-+----+-++--++---+

Generation = 100, Population = 172.
+-+-++-+--+-++++-+--+++-++++++-+-++--+--++
--+------++++++-+--++---+----+--+-+++-++++
-++------+-++--+-+-+-+-+++++-++-+--+-++--+
++++-++----+--++--+---+-++--+--+----+--+-+
+--+--++----+-++-+++---+-++---+----+-+----
-+++-++-+++++++----++++----+-++++--+-+-+++
+-++-+--++--+-+---++++++-++-++++--++--++-+
------+---+++--+---+++--++--+++--++--+++++

*** Life<FredkinCell> 14x26 ***

Generation = 0, Population = 67.
-00--0--00---------------0
-0--0--0----00------------
---0--00--00-----------0--
-0--------0------0--------
------0------------0------
00-0-0---------0--00-00---
-0----0---00-----0--------
-----0-----0-00---0-------
---0-------0-----00------0
0-0-----------0-----------
--0---0-0-00--------0-----
--------00---0-----0------
----------0----0--0---0--0
0--0-------------0--------

Generation = 1, Population = 149.
0-10--0-110-00----------0-
01-----1-00-110--------0-0
--0--01-00-1-0---0----0-0-
0-00---0-01-----0-00---0--
0--0---0--0----0-0-1000---
1-----0---00--0-0-1--110--
-100-0-0-01-00000-00-00---
-0-00--------110-010-----0
0---00----0100--01-0----0-
--1---0-0-0--0-0-00-0----0
0010-0--1011000------0----
--0---00-1000-00------0--0
0--0----0--0-00-0----0-00-
-00-0-----0----00-----0--0

Generation = 2, Population = 143.
102100-022----------------
-200-00--1-0--10-0--------
--1-012-11--01-----0-0----
1---00-10----0----1--00---
-0-10--10------------1-0--
2-0----0--11--1-1020-2-10-
----0-0--1-011-1-01------0
-10--0-0-0-0022---21000---
--0--1--00---1-012-1---0-0
--2-00--10-00-0-0-10------
1--1--0--1-211-0-00-------
--10--11--1---11-----0----
--0---0---0101--10--0--110
-110-0--00---0-1-0--------

Generation = 3, Population = 167.
2132--01--00--00-0--------
-----1--0-----21--00-0----
0-20---0--0-1--0-0---1----
--0-1-0-1----10--0--011---
0-02--02-000-00-00-10-01--
-0-----1--2----02131-3--1-
01-0-0-002112---0-200-00--
02-0-10-0---1-3000-2--1---
---0--0--10-02-123---0----
00301--0-1------1---0--0-0
-012--1--21-22-101---0----
00--00220-20-02---0---0000
---0--1-0------02-00--02-1
0221---011-0-1--010-0--000

Generation = 4, Population = 145.
3--30-12-21100-----0-0----
-2--0--1-1-011-20011-10---
---1-1--11----01-1-0------
-0----1----0------1--2----
-0-3-0--0111---0-10----2--
21---0---0-100-1-242--11-0
-2-1-10-1-2--101----10-1--
-------010---241--23--2---
------1---1--30---01---0-0
114-200---0----0-0-0-00---
112-0-20---23-0212------0-
1--01----1-10-31--1----1--
---1--2---0----1-011-0-3--
1---0--122----0----0-0----

Generation = 5, Population = 176.
--34--2----21-0000-1-1----
--001--20-0-2-2--1-2--10--
--2-0---2-0-1-1-02-10-0---
110--0-1---10-0--02-0-10--
-----1-212-2-001--1--1-300
320-0---01----1---53--22--
-3----102----21200-021-200
-2-0-101210-13--00-----0-0
000-0-2-0-210--1---2000---
-2----1--11-00011111-11-00
22-2-0-112---------0-00--0
2----0-20-2----2-02--002--
--0200--00--0-02-12--1-41-
-2---0-2-3---1---1-1-100--

Generation = 6, Population = 155.
-1---0--2--3-------2---0--
-211-1-3--10----0------10-
0--11--03-11----130----0--
2--0-1-210---1-----012---0
-----2--2--301-20------4-1
431---011-21-0-12----3331-
---10--1322---2-1-2--203--
--0-02-2---0---1--2----101
1-10-1-01-3-13-22----1--0-
1--02-2-1--0---2---2022-1-
-----12-2-1-320-1-01-11--1
3-1-----1--10--3----011--0
0-1--120---1-11--2--0--521
1--1-1--240----1020-------

Generation = 7, Population = 188.
32-4012--2-41---0-0-0-01--
----12-401-12--21-12--1210
1--22121-1--11-1--1-0101-0
310112---1---200-0-1-31-01
-00303-2-----2---1-10--502
5-2-0-1221--011-325-0-4-2-
0302---24--1----2-302-1400
021-----210--3-20033----12
2----22-----24-33302-2----
22--3-30-11-0--31-------2-
--22-2--------1---1--220-2
4-20----21---03--02--2----
--2-0--100-20222-3-11--6--
22---2--3-1--1-2-3110--000

Generation = 8, Population = 140.
43-5123--3---0--1-12-----0
-2-123---2--3-2---230-2---
2-------3-1---1---2-12----
-21--3--121--3---122-----2
0--4--03------02--1---06--
6---102-322-122--3----5--0
14-3----52----2---41------
13---20---1--4---1-4-02---
-01--3--1--1---4-41---0--0
-3-----1-22-1------2--2---
----0--12-1-3-2-1-210--10-
--3--0----21--4-0----3---0
--32--22--03--3-------07-1
33----0-44---203---2-10--1

Generation = 9, Population = 190.
5---2342241----0------0-0-
03--3----3-1-1321134-1-2-0
-0222--14-211-21-----3---0
332-1------10-0002-3-3100-
1----3-42---02-3012--1-70-
---02--2-33-2-3-3-53-36-2-
2------2--2-2232-05-22---0
-4-00-12----1--202-5-1-1-2
-12004----3--40---22---00-
24--3032-3-020031113-23-20
-222--2-32-24-3-2-321--21-
-04-----213--0--1020-----1
0--30--3----0---2--1-1-8--
44-1-21255-003140-1--2--02

Generation = 10, Population = 176.
6--5-----52--0-1-012---1--
------0-04-2324----5-22-11
213-3122513--1321-2-1----1
-4-12-------13--1-2--4-1--
2-040---3-1-13---2-10---12
--213-2-34----4-4-6404733-
--------5-3-3-4-----33-4-1
-51--22-2--0244----602-213
-2-1--2-----2--4-4-30----0
3540-143142-31--2--4034-31
-333--31-31---42--4-2--3-2
---01-2--24-0--32-31-3----
10--1--40-0-123---22-2----
-5-203-3-6-11-------030-13

Generation = 11, Population = 191.
-33-2-4---3--10--1--01---0
-3113-14-5-3---2113603322-
3242--3-624-124---31-301-2
35--3-12-2-1-4--223-1-----
-0--130442------0----107-3
63-2----453---5--375-5-4-0
-4-301-2-2-142-22-51441--2
1-2-03--31-1-----23------4
---204---13--4--3--412000-
4-51-2-4-5---2-3------5042
--44--4-3422--5-225-32--13
4-----32--5-1-4-3-4-0412-1
2-33----1-132-4-23--1---21
-6-314-45-12--1---1-141-24

Generation = 12, Population = 176.
6--53-5-----121--2-----1--
-4-2--2506----43-2471-4331
--5-31--7-5-235--34---1-0-
-6--432---1-15-0---3-4----
2-0---1553-3-30312-1-----4
74-33-22--4-2---448-0--5--
250-1-----3--3433-62-52-0-
-5--142-4212---203-6---2-5
--2-1520-24-250----5--11-0
---2334-1-20330-2114-3-1--
-3--0-5-4533--62------23-4
50---0-32---2-----5-15-3--
304--1242-24-----422-2---2
--2--5-5-----3240-----2---

Generation = 13, Population = 183.
--3-4-6-25-42---13-20--2-0
--133---17---254-35-2--442
-2-2--3-826--4-21--11-211-
--21-4----21-6-1---4----02
3-----26-4-----42-22-1-71-
8--4------51-2-155-------0
--13---25----4-44---463---
-62025-253-3--4-143-022316
---22--1--5--6------1-22-1
-5-3-4542-3144133-------4-
-44-1-615-4-4--3-2-23234--
-1---1--3--1-043--612-140-
-1-312----35-242-53313-82-
4-331616--1214--1-12---0-4

Generation = 14, Population = 195.
-3455------53-1-2-13-10301
---4-3-528-3------6--3-55-
3--------3--2-532-----3222
3-3---2212-2-7--2----41113
400---37--1---05-23----8-4
94-53-2-4-62-3-2-6-50-75--
2--4-11---3-454-5062-7--0-
173-36-3641-24-2--4-13-4--
---3-5--1-61-704-42522---2
4654-56---4-55-44--4-3-1--
2554---26-5-526-2-5-4-4-1-
5--012--42522-5430--3----1
-24-23-420-6235-26--2409--
-64427-756-3-----3---4212-

Generation = 15, Population = 196.
64-66--2253-4------4---412
04-53--6---43--4-37-24-662
4252-13-8-61-46--34--3----
-641-4-3--2-1-013-3-152-24
51--134-5-23-31-2-4-010-15
+-2-40-2--7324-35---158--0
-5-5-------1--5-617--8-4-2
--4-47247-23-5-3-4---4---6
--242---2272-8-53536332-0-
-765--7--5-1-6----15-45--2
3665---3-5-363---2-252-4--
614-2-3353633-6----1---4--
----34---1373--2-733-51--2
4-5-3---6--4-42--41---3234

Generation = 16, Population = 136.
-----36---4552-1-3---10-2-
1516---7281--------73---7-
--633-4------5-3--511--2--
375-4---12----1--2--------
--0---5---3-------5-1-1--6
+--5--2--5-----46--5------
----1-1-5-3--5---282--3---
--5------4-4-644--46---4-7
--35-----383-----647-----2
---6-5----4-5-1441-6-5----
------646-547---2-53--4514
-2-03244--7-40---------501
-2-345-42-4---5---4--6-9-3
----4--7---5153-1---------

Generation = 17, Population = 177.
6446647-2----3----14-21-32
2-2--328----3----3----4-82
-274------6-2-6-2-62-33---
4-6154-323------3-34--21-4
--1-136754-3--152--2---81-
-4---0-2--7--4557-86-----0
2-1---2-----46---39348---2
-76-4-2--5-5---514571----8
-2--25--2-9--8----5833-203
---7---42---6-2-5------14-
-6--12-57-6-8-6-326-5-562-
63--435553-3-1--3--1-5-612
33----253-5--36227-32--+24
-6--5-18---6-----41--4-2-4

Generation = 18, Population = 163.
--5--5-2-5----1---25-3----
3--6--39--144-5---7--4----
43----4-8---3---33---44-2-
-7726-2-3--21------51---2-
5-24----6-3-1--6325-1---26
--2--1-3------66-6-7-5-5-1
--251-3--23-5---6---593-0-
----5734--2---46-5--24-4--
23---6--33-----5---944--1-
--6-3-7-35-1763-6--6-5-25-
-76---6685-4937-4-73-26-3-
-440-46--4--426--0-2--17--
-44---3--1-73---3-4-361+35
-754--------1534--2----335

Generation = 19, Population = 197.
64--6-73---55321-3-6-41---
4---3-----2---641-8-3---8-
----31-29361-56344-2--5-32
4-837-3--3-327-1---6--21--
-13--36-7--323---36-2-----
+4-5--2--5---47--78--68--2
-5----4253---6-4-3----4---
176--845-535265-1-5-352-1-
34--272----32806-65-552223
477--58446--87-471--0-5362
3-7-1-7-96----8-5284----44
65-1-57---7353-43--3-52-12
3553--4532-843---7534-2-4-
4-655-1--6-----5-43214--4-

Generation = 20, Population = 190.
-5567-842--6--3-2-2-05243-
5--6--3-2-34427--------69-
--7-4243-47-3-7-5563-462-3
-7----4-34243812---7-5-2-4
5--4-47--43-34-63--2---8-6
+52-4---4673-58-78-7-7-53-
2--5--53-4-1----649-59-402
--70----7--63-----6--6342-
45353-313-----1-----66-3--
58-73---5-4-----821-15-4-3
--85---6---4-3--63---2--55
7--2468--4846-65-06-36--2-
4664--5---5-5-6---6---3---
57-66-2--716153---4325-355

Generation = 21, Population = 180.
-6-78----5-7--4-----1--5-2
--273---38-55-84-3-73-47--
4--45--4--8----36------334
---374-34----92-32---62---
61--15-7754--5----6-2-1-27
+-3-----5-8-2-968-8818-6-2
3-26-164-53--654-5-36+45-3
---1---58-3-465-1-7737----
-64---4-439328-636-9-72--3
---8-5846----734-32--6-564
--9612---6659----48-5-6---
8-43----5595-3-63---4--73-
57-54--5-2---3-------6---5
--6-7-38682-2--5-4---634-6

Generation = 22, Population = 168.
6-5--5---6-8-35--3--25-6--
5-3-43--4-3-6---1--8--58--
-3-56-459---357--5-3146--5
-78----4----3-32-3---7----
-2---------3-616--723-283-
-54-4-236------798-9---73-
4----2---6415------4-----4
1772584----6----2-8-4834--
4755--5-5-+-39--4--+683--4
-8793-9--6--8---84---7-6--
37-----69-76+38-----62-6-5
95-446--6-+-64-74-635--84-
-8---5-6--58-46-37---7---6
5--68-49-93---3---4-2--5-7

Generation = 23, Population = 199.
7-67-68---4-5461--2-36273-
6547----58-572-4-38934--92
-4-6-256-4814----6---5--3-
489-7--5----4-4--4--182224
6-3-1-7-7-4-3727-3834139-7
--5--13-7-8-25---98-------
55-61364-7-266-4-5-5-+4---
2883-9-5853746-63----9452-
---63----3-3-+16---+7--32-
598+4-+-6-4--734-5261-576-
-8---2-7-6---49--48-----5-
-6-5--857----5-8-07--62-52
596-4657--695--2-8634-3--7
--67975--+----451-----3--8

Generation = 24, Population = 181.
86---7942--8-5--2-36-7----
-6584---6-----85--9-45--+3
4--763--9--25-736--31----5
-9-38-46-4---95-3-----333-
72--25878-5-4838-49-524-38
--6-4-43869336--9+-91--7-2
------7--8---7-5669-----0-
-9-4-+4-----57574-----56-8
--57--5154-43+27-6----3434
6+-+-5-4----88----37--6874
-------8----+5-3659-62----
--4--6--8-+5-669-18--7----
6+---7----7-6---3-7-57-+--
5---+8--6--625562-43264559

Generation = 25, Population = 178.
9--7-8---64--------7382-32
6--9-33--8--7---13+---58+-
-4-8-4--+-836584-6-4--6336
4+--9------44-6-4-37-----4
8---3-----63--49--+3------
+---515497+-47-7-+-+-----3
-5261----9-26-5--7+-6-45-4
2-85-+5-8-----6--58--9---9
476837-2-5-5--3-4--+-84-45
7+8+--+--6--99--85-8---98-
3896--79--7--69--6+47--655
9--5478----6------935-28--
-+----5--28-74-248-3-83+-7
6--7+-59-+-73-------37-6-+

Generation = 26, Population = 184.
+668-9--2-585---23-8---7-3
7-5--449-93-8-8-24+94-69+3
45-965-6-494--95-7-515-44-
--9-+---4-25-9---4-81-33-5
---4--878---4------45-----
+-6-6----8---8-8-+-+--8734
5637-3-45+43-76-68-5-+56--
3-96--65-5--57-7-----+56--
58------56----4-56-+--54--
8--+--+467--+-34--3--7--94
49+7--8+9-----+3--+--2-766
+6----9--5+---6941---7-9--
6-6-----3-9--5-3-974--4+-8
--68+--+-+38---624--4-47-+

Generation = 27, Population = 171.
--79-+---6---561--39---834
--69-5--6-4-9-95-----57-+-
-6-+7-57+------66-66-6-5-6
4---+-4654--4--245-9284-3-
8-3-359---6--8-9--+5-2--3-
+57---5-99-3-99-9+-----8-5
6---1-7----4687-7--6---7-4
----5-7-----6---4---4--72-
69-----2-7+---5-675-78---5
-+-+45-5--41--4---4-18-9--
5+--129+-67-+6+4--+47---7-
+-45-7+-86-6------93582---
7+7-4-5-----7-6--+-5---+-9
67--+85-6+49355----------+

Generation = 28, Population = 179.
-6---+9------67-234+38-945
---+46--79---2-6----4-8-+3
--7--5-8+-9----7-77-1-----
5-9--45765-5--6356-+--534-
-24---+--5---94+34+-53--4-
+--5----+++44+-8-+---88936
7-372--45+4-79----+---5-05
-9-66-8--53-7--7--8-5-5-39
7-68-7-3-8--3+6-----8-5---
8--+5-+-6752----8--82----4
---7--+-9---+-+566+5826--6
---6--+59-+-66-9----6-3-52
8+-55--7--9985734-76-8---+
---8----7---4--6-4-3---75+

Generation = 29, Population = 185.
+-79--+426--5-813---492+5-
-6-+-7---+--9397-----5-9--
468---5-+----5--6-8626-5-6
-+-3+-687-2-4---67--2-6--5
83----+-8-----5-4-+56-49--
+-76--5---+-5+999+8---9---
864--3-56-548-7---+66--716
3--7-+-5-6---7--459-6-----
8979----5-+---7-6-5---644-
9+-+65+5-8-3+9--9---3---95
5-+--2-+----+6+67--6---7--
+64--7-6--+67---41-37-4-63
9+-667-832---6--5+8-5--+4-
6769-----+4-5--72-444748--

Generation = 30, Population = 184.
-68-8-+---5866-243-+5+-+65
77-+--497+45-4+-2-+94-8--3
5-9+7-68+-9-66--779-3-66-7
5-94+-7-8-----63783+-87346
----35-795----6+------5+48
---76-6--++4----+-9+-8+936
9--7247-7+----8--8+--+-8-7
-998-+-6--37--67--+77+5--9
9+-+--53----3+---76+-87---
+----6--6-54+-4--54--869-6
--+---+-9676+7--8-+78---7-
+7--------+--66-5-9------4
++--------998-7-6+----4---
-8---8-+--5---58-4--5-----

Generation = 31, Population = 189.
--99--+-2--9--83544-6+2+--
---+475+8----5+7---+5599--
-6----79+4+47-9-88+-467-4-
6--5+48---2-4--4894+29--57
8-4446-8+--3-9--44---36--9
+-7-7-7-++-55----+-+--+-47
---835-58-5--99--9+6---91-
3--96+-7--48---845+8----3+
--7+376----5-+776---898---
+-8+6-+-78-5+--4--58--7+9-
---7-------7+-+696+-9-6--6
------+-9--67----1+-7-4---
-+7--7-8-2+-96-3----58-+-+
-96-+---7+6-55-92544-74---

Generation = 32, Population = 146.
-6+---+4365-6--4--5+-+3-6-
-7-----+9-4--6--2-++------
--9--58++-+--6+--9--5--65-
7---+5-8--3-5--5--5-3+73--
---5---9---4--6--5-----+4-
+-8-----+++-6+9---9+1-+9--
------7--+64-++--++76--+27
-9-+-+88-6--7-6-56+--+5--+
-+---8--58--3+-----+9----5
-----6+-89-6--4-9--93-8-+-
5--8-----678+-+7-7+7+-----
-746---6----8-6------85---
+--6--5----9+--4----------
6-------8+---------55-5--+

Generation = 33, Population = 182.
+-+9-++54-----8--4---+4--5
786--75+++-5-7---4---599--
5--+-------4--+---+-6---67
-+9-+-8--545--6-89-----45-
-----6++-56-4-7-4-+5-36+59
------7-++--7++9-+-+--++47
9648--8--+75--+5---8--5---
3+----998---8-7-67-87+6---
9+7+3-6--9+--+7--7-------6
++-+6-+--+57+-54---+4-----
---912++---9--+898-8----7-
+8-74---96+6--79-1+3-969--
+--767--32++-6--6--658---+
79-9--5+9+695--9--466--85-

Generation = 34, Population = 182.
+6-+--+6---9---4555-6---6-
8--+4-6+++-6--+-25----++--
669--5-++---7-+789----76-8
-++5-59-8-5--9---+5+3+--67
-34--7-++6-459-+5-+--47---
+587---4+++-----+-9-1-++5-
-7-935--8--68-+---+-----27
4+9-6++-96---7-87------7-+
+--+--------3+8--86--98-4-
--8+76--8-68+96---5-58--+6
--++--++--7--7+---+--26--6
-9-857+--7+78------47--+-4
-+7878--4--++--4--876-----
-+-+--6-++7+6-5--557--596-

Generation = 35, Population = 170.
-7-+-+---65+6--5666--+4--5
-8--57--++-7-7+-36--55---3
-7-+-6--+-+--6--9+-66---69
-+-6-6+--5--5+--8-6---7-7-
-45548+----5---+-5--6----9
+-9---7--++5-++-+----8----
9---4----+-79+---++86-5+--
-++--++--74888-98----+---+
+-7+3-6--9+------9-+--9456
++---7------+-74----698+--
---+12-+---9+--8-8+-+-7---
++-968---8+8--79--+------5
++--8-5852+++6--6----84-4+
7+6+-------+----266--76-7+

Generation = 36, Population = 170.
+8--8++----+7--6777+--5+66
8-6+686+---89-+747--------
6--+7--++------7+-+7--76--
7-+-+7-8----6-6-9----+--87
--66-9++---6-------5--7---
+5+---84+--67-+9-+9+1--+-7
+--9----8--8++-57+--7-6+27
4+--6+-998599--+97+---6--+
+---4-735----+8------9-5--
-+--78-5-+6-+-8-9-5------6
--+-23--96---7+--9--+28--6
----------+98-8---+479---6
++-8986--3+--7--7---6----+
-+-+--6+++-+-5-9--776-----

Generation = 37, Population = 170.
-9---+----5--6--88-+6+6--7
-87+-97---4---+---+-----+3
-79-86-++4-4--+-+++86-87-9
8-+---+--------5++6-3-7-98
--774-++--675--+55-6----5-
---7---5-++7-++-+--+-8++58
-7---585---9-++68++-8--+-8
5++--++----+-8--+8+87-77-+
++-+--8--9-53+---9--9-9-5-
---+8-+6--7------5-+6-8++7
------+-+-79+8+8--+--3977-
++49--+-98--9-995-+-----6-
+----------+-8---+-7----4+
-+-+------7--6---68--7---+

Generation = 38, Population = 180.
++-+8+---66+7--6997+--7+-8
898+6+8-+-5---+7-7++-5--+4
--++9--+-5+-76+7-+-----8--
-+----+8855-6-------4-84--
84-85---+--86-----+7-4---9
-5-8-18--++87----+-+19-+6-
-8-94-9-8+---++--+--9-6-2-
--+-6-+--85-9-----+-8---3+
--7+----5-+---8----+----66
++8-9-+7--88--84965+-99+-8
5++-23-++6--+-+---+--4+88-
---+68+--9-9+--+61+--96---
++7---6-53--+9-4-+--68-+--
----+----+--675-2-9-6-6--+

Generation = 39, Population = 182.
--+-9----77-86---+8-6-8+69
-+9--+9+-------848+----++-
67-+--8+--+---+--+-866-9-9
-+---7+996-5--65-+6--+9-98
95--6---+66-79----+--5----
-----2-5+--9--+-++9-2-++--
+94--5--9+79+++68+---+-+--
--+-7-+99----------89+774-
+-8+4----9--3+9-696+-99--7
-+9++8+-8--9-99---6---+--9
-+-+3------9+-+8-9--+5-99-
--4+79--9--++----2-4-+-+6-
+-8---7-64+-+-75-+87----4+
7+6+-86--+7+-869-6--77--7-

Generation = 40, Population = 187.
--+---+6488-9786------9+7+
-----++-++--97-9-----5-+-4
78+-969+-----6+7---9--8+-+
8-+6-8+++------6-----++4+-
+-78-9+++77-8+7+55-7-67+59
--+--3-6++++7++9-+----+-6-
+--9-6-5+--+--+-9--89+----
---+8++--85+---+------885-
-+9+5--35-+-4+--7-7-9-+--8
--+---+---8+--+-967-69+--+
5+-+43+---7+-8-9-+--+-+---
+--+8+-6+---+6--6-+57+--7-
++-8988--5--+9---+------5+
--7+-9-+--8+697--7--88698-

Generation = 41, Population = 185.
-+-+----599--8--9-----++--
8+----+----8-8--4--+5---+-
---++---+5-----8+-+-66-+6+
-++-+9----5-6-6--+--4----8
+-8--++--8-8-+8--------+-+
-5+87-87-+++8+---+9-29++7-
-9-+4-9--+7---+---+9-+6+--
5+-+9++9996--8--+-+8----6-
++++--8469--5+--898-+9---9
++++--+-8+9--9-4-7--7-++++
-++-54--+6--+9+--++---+996
-+4+-+-7+-+--79---+-8+-+8-
-+89+-98----++---+-7--4-6+
7-8-++6-+-9-7+8928979-----

Generation = 42, Population = 188.
-+--9-+66-+-9986++-+6+++--
9-9-6+-+-----9+--8-+--+++-
7--+--9++6-476-9-+-977-+7-
-+-6----+6-5-+7----+5-----
----6---+9-9---+--+--6-+5+
--+9-398-+++--+-++-+3++-8-
--4+56-5-+8-++-69-+-9-7-2-
-++++--++--+-9-++8+---8---
+-++--95-++56+9--+-+-+-56+
------+79-+++-+-9-7+89-+++
-++-6---+-7++---9--8------
++---++--9-++8-+-2+59+--96
---+----6--+-+75-+-86--+-+
-+9+---+-----+---9-8+86-8+

Generation = 43, Population = 177.
---++++77---++9-------+---
++-+-+--++589+-9----55---4
8--+--+++----7---+-+888--+
---7--+-+7--6-86-+---+---8
-588--+--+7-8+8----7677+6+
-5------+++------+-+4+-+--
--5-6-9-+---+-+-+-+9++--38
-+-----++96+--7-+9--9-9--+
-+---8-6-++-7+--8+-++++-7-
++-++8-8-++-+9+-+78-----+-
--+-----+6--+-+-+-+-+--9--
+--+-++7+-+++-9+6---++6-+-
+--++89---++++----8978----
7+--+-6----+7+-92+--+-799-

Generation = 44, Population = 180.
+++--+----+--++-----6--+-+
-+--6++++---+++-48----+-+5
9-+-+---+6+478--++-+9-9+7-
8+--+9-+---57--7-+6-5-+4--
+---6+++++--------+-7--+--
+6+97--8-+-+-+----9+-+++8-
-9-----5-+----+-+-++----4-
5+--++--++7+9-8-+--8--+86+
--++-9--6++5--979+8++---8-
+-++---99+--++--+8---9+-++
---+6-++--7--9-9-++-+---9-
++-+8-+--9-++8---2--++7+-6
--8-+9+-65--------9---4+--
-+9-++7+----8--+-+--+88-++

Generation = 45, Population = 172.
++++-+-779-+---6++-+-+--7+
++9+-+------------++-5+---
+----6++---5-----+++--++--
9+-7+-+++-----8-+--+---5--
-58-7+----7-8+-+---78-7---
-7------+-------+++-4+-+-8
+--+-696+---+-+-+--+++-+--
6---+-+---8++--+--+--++--+
----5+9-7-+-7----+-++----+
---+-8--+-+-+--4-98+8++-++
-+-+-----6--+---+++-+5--+6
++4-9+---+++--9+63+5--8-+-
++9++++87-++-+-5-+-9-85---
7+---+8+-+-+-+8----8+--9++

Generation = 46, Population = 178.
-++--+-8-+--+-+7-+8+-+-+8+
+++-----++-----948-+----+5
-8+---+---+-7-+--+++9---7-
--+8---++7557--7------+6+-
-698-+-+-+--9+8-55---7-+-+
-8-97-9-+++--++---+-5-++--
+-5-67+--+8-+--6+-++++7+4-
7+--+----+--+9-----89-+-6+
+----+--8--5-+--9+---+----
-++++9-9+++--++-++9+-++--+
-+++-----77-+9+9--+---+9+-
-------7--+---++7-+--+9-+-
+-+-+-+98--+-+-67+9-79---+
---+--9-+-9+--9--+9-+--+-+

Generation = 47, Population = 156.
---++---7+++--+-+------+9-
+-++-++-+-----+--9---5--+-
--+--6---6+58--9---++8+---
-++-+9---86-8-8---6+5-+7--
+-+97-++--7--+-+66------6-
-9----+8+--+8-----++6--+-8
+--+7--6-+--++-7+--+---+--
8+-++++--+----8+-9----+8-+
++++5+9-9+--7--7-----++-8-
--++---+++---+-4-+++------
5-+--4----8-++--+----5+---
++-+9--8--+-+8---3-5---++-
---+---+-5++----8++----+-+
7----++++-+-8-------+-8--+

Generation = 48, Population = 180.
+---+-+8---++++------+++-+
----6-+-++--+++---++-6--+5
+---------+--8+-++--+9--7-
-++8---++-759+-7+-7+-+-8--
-----+----8-9-8+-7+---7+--
+----3--+--+-+----++7+++8-
+95---+7++8--++-+--+----4-
9-++-+----8---9++-+8----6-
-++-6+-6-++5----9-8+++-5--
--+----++---++-5++-+8---+-
6+++--+-+-9--++--++-+6+-+-
-+4-+-+9+--+--+-74+-++--+-
-+++-+--86-+++-69++-7--+6+
-+-+++-+++++-+--2+98----++

Generation = 49, Population = 194.
-+-++--9-+++++-7--8+6--+9+
---+7-++++----+94-++5-----
--+++-++--+-89-9-++++++-8-
-+-9+9+++-8-+------+5++9--
+6+97+++-+9-+-9-68+787-+--
+-+-74--+-+-8++9+--+--++-8
+----7+-+---+--7+++--+7--8
+-++++--++------+--9-+--7+
-+++7--79++6-+97-+--++--8-
++--+9------+-+6+---9++-++
7+-+-4+---------++-8+7+--6
-+5--+--+--+-8++--+-+-----
+++--+-+9-++--77--+98-5+--
7+9----+++--8+9--++9------

Generation = 50, Population = 190.
+----+-+7----++8-+-+-+++-+
-+-+8-----58-++-59+-6-++-5
--+-+6+++-+--++++++--+-+-+
-+-+-+--+8----87+-7+--+---
-7++--+--++--+++----9---6+
-9+9-5+-+++-9-++++++-+---9
-9-+78+---8++-----+++-----
++-++---+--++99++9--9--8--
+-++8+98++-77++---8--+-5-+
-+-+---++++--+-7-+--+-----
-++-65+++--+++-9-++9-8-9-7
++--+---++-+-9+---+----+-6
--++++--+6+--+8-9-++--6+6-
-+-+-++-++--9---2++---8+--

Generation = 51, Population = 187.
---+---+8++++-+9++8-6++--+
--++-++--+-9-++----+---+--
-8---7---6+-8--+-++----+-+
9+-++++---8--+9--+-+----+-
+8++7+++++-9-+-+68-7--7+7-
++++7-+-++++++-+--+---+--+
--5+89-7---++----+-+---+-8
--++++--+--+-++--++-+-+97+
+-+-9--9--+-8--79+-++--6--
-+-++-++-++++-+8-++--+----
-+++---++7---+++--+++--+-8
+-5--++-+-++++--7--5-+--+7
+++++--++-+-----++++89--7-
7-9++-+----+--9+-----8----

Generation = 52, Population = 171.
---+++-+-+-+++----9+7-+-9-
--+---+----+-+-95-+--6-++-
-9----+-+--5-++---++--++8-
-++-+---+89---+7--7+5-+9+-
+-+--+--+--++-+---+897----
-+--8-+--+--+--+-+-+-+++-+
+-6---+-++-+-++7++----7+4-
++++--++-+-+-++--++-+-+---
-++----+--+-9-+--+-+---7-+
-+----+++-+--+-9+--++-+--+
--+--5+-+-9-+-+----++8+-+9
+--+-++--+------8-+--+9---
+--+--++--++++8----+-+6+8-
8+-+----+---9+++-++9-98-+-

Generation = 53, Population = 191.
---+-++-------+9++--8+-+++
----8-+-++5-+-++6--+----+5
+++-+7+-+--6---++++-----9+
------+++-+5+-+8++8--+-+-8
--++7--+++-+--++----+-7-7+
+-++-5+8+++++-++++++7-+-8-
+-7-89-7++-++-+8-+-++-8+5-
-+-+++--++8++-+--++9--+97+
-+----9---+7--+--+8++-+--+
+++----+---++--++-++-++---
7---6-+++7+--+------+9+-+-
++-+--+---++-+-+---5-++--7
--+-+--+--+-++--++++-+---+
-+-++-+--++--+++-+-----+++

Generation = 54, Population = 183.
--+-++-+8++-++-+++9-9+-++-
+++-9-----6+----79---6--+6
+-+---++--+78-++-+---+---+
9+-+---++8+-+---++-+--+---
+8-+8-++----++++6---+78+--
+-+-----------+--+-+8--+--
+98--++--+-++-+-+--+--9+6-
-++++----+9-----++++++++8-
---+9---+--89++-----++---+
-++++-++-++-+--+++----++++
-++----+---+-++-+-+++-+---
-+5-+++9+-+++----4-6++-+-8
++--+++-+--+++-7++---+-+--
8-9+----++-+---+2+-9-98+--

Generation = 55, Population = 179.
+-+--+-+---+++-++++-+--+--
--+-+-+-+-7-++++-+----+---
--+-+7+---+8--++--++++---+
+-++--++---5---8-----++--8
+-+-9-+--+++--+--8-8--9-7-
--+-85-8-+-+----+-----+---
-+9--++7++8++-+-++--+----8
--++--+---++-+-+---+++++--
--++++9--++9+-+---8---+-8+
+-++--+-+++-++++++-+------
7++--5+--7++-++++-++-9+++-
-+---+++--+--+++85+-+-++--
--+--+-+---+++--+++---6-8+
9+++-+++-+-+-++-3-------+-

Generation = 56, Population = 191.
--++--+----++-+--++--+--+-
++--+-++--8--+++7+++-----6
++-+--+-+6-----++-+---+-9+
+-+++-+++8+-+-+9++8----+-9
+--++++++--+++------+-----
+------9+------+++-+8+++8+
+++---+8-+9-++-8-++-+--+6-
--+--+--++++-----+-++-++--
+++---++---+--+79--++-+79+
+++--9--+-+--+-+++-+++-+-+
-+--6-+----+++--+---+++++9
-+5-+++-+-++-+++-6+6-++-+8
+++-+---+6---+8-++-+8+7+-+
+-++-------+9-+-4-+---8++-

Generation = 57, Population = 188.
+-++-++----++++-----+-++--
---+--++-----+++8+-+66+-+7
+-+++7----+-8++++----+-+++
-++--+++-9+5+++++--+5---++
-8--+-+-+--+++----+-+-9-7-
--++85++--++--+---++---+9+
---+--+----+++-9+++---9+--
-+-++-+++++--++--++-+--+8+
-+++-++++++++-+8-+8+++----
---+--+----+-++--+--------
--++7-++--+--+-+++++--++++
-+--+---+++-++++-----++--9
-++++-++-7----97-----+---+
++-+----+++++++-5+--+--++-

Generation = 58, Population = 196.
--+--+----++-+--++--++-+-+
--+--+-++-8+++-+9+-+77----
-+-+--+---+8----+---++++-+
----+-+++++6--++-+-+--+-+-
+9+-+-----+++-++68+-+--+-+
--++9--+-+++++--+-++--+-++
-+--8--8++9----+-++-++++6-
++++++++++-++--+-++++----+
+--+++-++++++-+9-+9-+++79+
-++----++++++--+--+-++++++
--++---+--+------+-++-----
++5+-+-+++--++++-6+6+-----
-+-+--++--++-++--+---+-+-+
+-++--+-++-----+6++9--8++-

Generation = 59, Population = 204.
-+++++++8+--+++---+-------
--+-+++++-9----+---+-8----
+-+---++--+9-+++++-+-++++-
+-+-+------7-+---+8-5-+--+
+--+-++-+++--+-+79---79--+
++--+5+++--+++-++-++8-+---
-+++---9+--+-++++-+---+--8
-+-+-+---+---+---+--++--8+
+++-+-++--+-+-++--+++++8++
-+-++9++++-+-+-++++++++++-
7++-75+-+7+--++-++--+-++++
++6+--++-++-++++-7-7---+-9
++--+---+7+++--7--+---7+8-
-++-++++++-+-+-+-+-++-9++-

Generation = 60, Population = 163.
+++-++++9+-++-+--+---+----
+--+-+---++-+-++-+-+-9-++-
+--+-----6-----+--+++-+-+-
--++---++++8----++9+-----+
-------+--++----8-+8+8++7+
---++6+++----+++++--9+-+--
-+--------9+++-+-++---++-9
---++------+-++---+---+--+
+-+-+----+-+--+--+-+--+9--
+--+-+-++---++--++++-+--++
-----6+------+---+-+++--+-
+-7++--+-+++-++-88+---+--+
-++-+--+--++-+--++-+8+----
--+-----+-+++--+--+++--+-+

Generation = 61, Population = 176.
--++++----++--+-+++++++++-
---+++-+-++++----+++7+++-7
++--+7-+--+98--+-+--++-++-
+++-+-+--++-+------+5+-+++
--+-++--+---+++----9+9-+--
-+++---+++-----++-+-------
+-+--++9++++-+-++--++----+
++-+-+---+--+----++--+-+8+
+---+--+---+-+++-+-++--+--
++--+++++---+--++--+++---+
--+---+++7++----+------+++
-+-----+-++--++---+7-+-+--
-+++++++--++++------9+-+--
--+++------++-+---++--9---

Generation = 62, Population = 181.
-++++-++-----+--+++++++++-
++---+-+-+---+++-+++--++--
----+-+++6++9++--+-+++++-+
-+-------+-8--++-+9--+-+++
+9-+-+--++++--+-8---+--+-+
-+-+-------++------+-+-+-+
+-++8--++--++-----+++--+-+
+++-++---+-+-++---+++-----
-+--++-+-++--+--9++--+++--
-+-+--+---++------+-+++--+
7+-+7---+8++-++-+++-+-+---
++7++++-+-++--++88+8++---+
+-+++---+--++-+----++-7+8-
---+--++-----+-+-+++------

Generation = 63, Population = 192.
----+++-9+--++--++++--++++
+--++---++-+-+++9+++7+++-7
+--+-7++---+-++++----+++++
-++++++++-----+++-+-5+++-+
++-+--++++-+-+++--+--9+-7-
+++--6-+-+-+-++-+--+------
+--+--+++-++--+--+----++-+
-+-++-+--++++-+++-++--+--+
------+----+++-++-+-+-++++
---++---+++-+-+--+---++-+-
-+++---+---+-+-+-+++--++--
++8---+--+-+--+-99+9-+++--
++------+7--+++7+-++-+8-9-
+--+-+++---+--+--+----9++-

Generation = 64, Population = 143.
+-----+---+-+----++----+--
+++--+-----+++++-+++-+-+--
+-----+-+6++----+--+++---+
+----+-------++---+-6----+
-+-+-+--+--+----89+----+--
+++++----++---++----9+-+++
++-+---++--+----+----+-+-+
----+----++--+-+-+-+-+-+--
-+---++++-+--+---+++-++-+-
-+--+++-+-+-+--+-+++-++-+-
--+--------++---+++-+++---
-----+---+-+-++--+-+------
+--+-+--+-+++---------9-++
+-+--+-+-++---+----+-----+

Generation = 65, Population = 194.
+-+----+-+-++-+++----++++-
+-+++-+-+++-+--+9-+-7+-++7
--+--7--+---------+-+-++++
+--+++---++-++++--++7--+++
++++++++----++--9--9-9++--
----+--+++++-++++++++--+--
--++8-+++++-++++---+----6+
+-----+-++--++--++++--++-+
+++-+-+--+-+-++-++++-+-+++
++-+++-++-+++-+-++--+++-++
---+7-+-+8----+-+---++-++-
+-8++++---+--+++-++--+--++
++----+----++----+---+--+-
+---++--++--++-+--+-+-9--+

Generation = 66, Population = 196.
+-+-+---9+++--++-++----+--
+-+-++-+-+++++----+----+--
-++++8-++6---++-++-+-++--+
+-+-++-+-++--+-+-+-+--+++-
---+-+-------++++-+--+-+-+
++-+--++++++-++++---+--+-+
+++----+---+--+-+-+---++7-
+--+-+-+-+---++--++++-+---
+++++++-++++----+-+-++--++
--+--+-+--++++--+-----+-+-
-+-+8-++-9+++--+++++-+++++
++9++-+++----+++9-++--+-++
++-+-++++7-+-++-+++--+-+++
+--+++-++++--+--6----9-+--

Generation = 67, Population = 201.
+-+-+---+++---++-+-+--+++-
++-++--+-+++--++9++--+-++7
++---9-+-7++-++++-++-+-+--
-++--+-++-+8+--+-+++7+-+++
-+-+++--+--++++--9----+-7+
--+++-++-------+++-+----++
++++-+-----+++-++++--+-+8-
-+++++++++--++-+++---++--+
--++--+-+++---++++++-+++-+
++++++-+-++-+++----+++++-+
-+---6-+++++-+----+--+----
-----++--++---+++-+-+++-++
+-+---+---+--+-7+---++9-+-
+-+---+-+++-++-+7-+-++-+-+

Generation = 68, Population = 188.
++-+++--++---+--+++-+-++--
+-++--++++--+-+-++-+7++++8
-+-+-+--+--+9++---+-+---+-
-++------+---++++-++--+-+-
++--+--+++--+-++----+--+8+
++----++--------+++-+++-+-
++-+-++-+++++--+--+-++++-+
-----++-+-----++-+++++-+-+
+++++++----+-+-+++--++----
++++--++-+++++--+++---+--+
-+-+--+----++++++++-+-+++-
++9-+-----+--+++--+------+
+-++---++7-+-++8++-++--+++
+-++-++-+---+---------9-+-

Generation = 69, Population = 188.
-++--+----+----+-+++++---+
+-++-++---+-+-+----+--+++9
-+-+----+7+++++---+-+-----
-++-++-++++8+--++--+7+-+--
-+-+-+----++-+--+9--+-++-+
+++++---+-++--+++---++--++
------++----++-+-+-++-+-8+
--+--++-+-+-+-+++-+--+++-+
-+++-++-++-++++-+++----+--
--++--++-+--++-++--+--+---
7--+-6+--++-+-+++++-----++
-+---++++--+-+-++++---+-++
-++--+-++8+-+-+9-+++++-++-
+----++++-----++7+-+++-++-

Generation = 70, Population = 177.
-+--++---++++----+-+-+-+-+
------+++--++++--+++7-+---
-+-+--+--8-+----++--+-+-++
+++-+--+++---+-+---+-+++++
---+-+++--+++--++++---+-8+
++-++-+------+++-+--+++--+
++-+8--++----+----++--++-+
--+-+-++++-+---+--+--++-8+
++----++--++-+--+----+++++
+--++++++---+---+++-++--++
---+--++--+++-+--+-----+--
-+-+++++-++----++-+-+--++-
--+++--+--++-+-+-++++-9-+-
--+-+--+--+-++-+--+-+----+

*** Life<FredkinCell> 48x48 ***

Generation = 0, Population = 103.
-------0-----------------0---------------------0
--------------------------------------------0---
-----0------0-----------0---------0-------------
---0------------------0-------------------------
--------------------0----------00--0-----------0
-00-------------------0-0-----------------------
-----------------------0----00-------0--0-------
---------------------0--0-------------------0--0
-----------------------------------------------0
-----0---0--------------------------0-----------
------------0-0---------------------------------
---------------------0----------------0---------
-------0----------------------------------------
---------------------------------------------0--
---------------------------------0--------------
------------------------------------------------
--------0--------0------------------------------
----------------------0--0--------0-----0-------
--------------------------0---------0-----------
------0---------0----------------------0--------
---------------0--------------------------------
---0----------------00--------------------------
----------------0-------------------------------
-------0-----------0--0-------------0-----------
----------0-0-----0-----------0---------------0-
------------------------------------------------
--------0---------------------0-----------------
-0------0------0---0----------------------------
------------------------------------------------
-----------------------0---------------0--------
--------------------0---------------------------
------0----------0-0-------------0--------------
---------------0----0---------------------------
0-------------------0---------------------------
------------------0--0----0---------------------
------------------------------------------------
--0----------0-0--------0--------------0--------
--00--------------------------------------------
--------------0--------------------------------0
--------0---------------------------0-----------
---------------0-------------------------0------
-------0----------------------------------------
----------------------------------0----------0--
---------------0-------------------------------0
------------------------------------------------
------------------------------------------------
------------------------------------------------
--------------------------------------------0---

Generation = 10, Population = 813.
-1--0-------2-2-0--2-3-2-2-22211-0-4--123--0-0-1
2---1---------1-----02--3-1---0-------1---1---1-
--03-020--202---210-----1--10----02----03--111--
-11-1----01-003----13-31----1-0-----2---2----1--
-1-004---1--00001---2----4----1--1-2-212-4-0----
--21--1-3----1----1--20-----30----2-1-00-1006-23
--------11---1----01--11-3-3333--21---5-0----2-2
----00---000-0-0000---2--2-03--04-0--0331444121-
----0--3-21-0------1-0221310-2-1121----3-2-2----
---0--1----0-------01-310-11----------0--00-1-0-
--002-2---1---0--21------20-2--0--201-23-0------
--1001--0--0-212-20--1---3-0---01-1-----21-01---
----031-----2---2-2-2--1101-0-0-----3---20---1-1
13--1120-----0--2-0-00-3--0--10----14----2--1002
0--------01-0-1-3---11-1--1-----0-----2---11--0-
-000----------2----0---1------1-001-112----1-204
0-1----2--41--1-----0----0-0023-1-0--0--10---1-0
11-0---1---02-3-0--1--0-2-----0-5--23---1-------
1-----0--02---2-1-1-0--0-01-0-------1-----2----1
2-2--1---2-0--0-20-0-04-----1-1-1------13-0----0
------------2-1---1-01--00--1-0--10---------1---
0----22--13--321-1------100-3----1---01--0-11---
--0-0-1-1------4-3----00-------0---0------0-----
0--03---11-0-1-02--10112--0---112-10---33-2--10-
--0-0-----2-00-4-330214-0---2----1--0-0-2---1---
--1--0-2-0----03-1021-0-1--00-0-12--1-12--1-0---
1-1-1---1-0--00120-1--00--1-------2-3-101-0-----
---133--2--3-1-3------1--1---0----0--0--10-----0
----1------12-23--0--2----0-0-------001--0-----1
1---001-3----20--01--------------------1-0---0-2
--2----1----02-12------00-0-0----------0-1---013
1----0--4-20-3-321------10--10---------0---0---1
-----0---10---0--40-42---0---0--0------2---001-1
00--12221--1----------2---11--0----------1-----0
----002-0-110-----3-00--0--10-2----------1-0--1-
----1--04--00----1---2-1----0----------1-----1-2
--10-3-3-14-010----51113-00------21----2-0-----4
0-1--1---1--20--11---1---0--0----0---0---1-----2
-----1--1-2----21-0--00-0------021---1-2-0-0----
--01----0-10--1--40010-1--0---10---0---1----0---
-----00--0---2---1--3----0-----0---1-1-1-000-0-2
--1---01-----1--1-13--01----0----1-----0-01---0-
--2----1-----2--0--3----0--------0-0----10--01-1
0-20-0---2----------01---0-----------1-2-2-41--2
0---0------0-023-10--00---0-------1------201-2-1
01--10--2----1---0-----0---------------1-0--02-2
--1---------01-10-------0-------0---1--0---1-0--
--00-012310----1--------------------------0-2-02

Generation = 20, Population = 882.
--02-5-605-7--7-4-1-------1-6--4-0-5-1--7-----01
---3-12-12--03---2--4-4-734-325---3-2---22--03-4
1--6223-26-3--4-4----3-4-6----72----8--2-224-114
-----5--1---3----2-7338521--4--1-1-0-4--4--12--6
1------537-----140--4--1---45-4-65-3-------3-523
----2--5762-2-3-----5-0--4--3---2---------0--2--
0--3---21--51---2-3-59---40-4--41------4-2--4918
----03--26--4---212-13-1453255--56-27--+585754--
----42144-----2-------36-74--3-735-1-3---32-1513
1--8-1--2---1---1------4437-3------31-32----2---
5-8---5------1---2--34--34-24--63--04---2---1--5
----1-3-46-13--4-6-3-3518---1--0-3---20-46--2-23
---1--2134023--14-41---432-4-2-6-----00-3-----12
1+2--45-----------33-25----3---3-1-6--34-4-3--1-
1-13-2--4-4213--5-5--1----4-84-23-33------2-0--2
241--2----2--3-----4-5-------2--6--------30-----
-1-1---7--8-67-53--0-5-52---1---3-53-1-0---5-7-2
-2-1------30-04-1--35--5----22----06---7+----33-
22----2332----6--------14----2--4----2--------23
--25----4---4----1--43-34--03----4-3-50------1-5
41--4--0-2-5--1-26-2-----04-5-20-6-05--1-1---31-
------4223-------------36-2-4---03--4-3-----2-0-
--1-303------------362--52335---2--------131--2-
0-146-+05-4404-43--254-8-4-43-----72--477142-4-3
0-3----03-31-2-7--833-5---6---5---11-0-3--22--31
----4--3-3---4-----5--047-------2---32-342---4--
1-3-5---6-2---2-3---6--1-----10-42--802-232---2-
-32---5--147-3---2-1--8632-20--2-3432-16--1132--
---1----3--1--24-2--------1-1-31----3----0----34
---030-3-0-5--0-2--4--1--2-0------11-2--00-112-2
1-4--12-3-1-3-----------1-3--1--0---2---2-1--02-
-3-413-1----3--5631-----1-1--1-----4-20-2--1-1-7
00--3--5-----3-7--1--4-3---1-1-41--1-----4------
2--5---24-24---3--12---6--2--03-1---2-17-3--22-5
-3--6----4----1-2-----2-------51216-1---15---12-
-221--3-8-1-6----4-6----1--------2--1------3---3
-4---4----84--32045---3-------2--3-2-4-3-8--232-
----3--1---3----12-5----4---------0-----0--331--
----14--6-6-4-2---5-2------1--------6-0--30---2-
-2-4--4-3-5-------164--36-1-2---22-----5--------
-04---0----628--2-41-1072-03---+--3--4-30034-14-
----1----------8--3-52-4---2----4------33------3
2---1-----2-2-2-1---232--0----2--------1--34--5-
-5--5056---31--2-4-3--011---12---4---3------2---
2-----2--2000--+-6241----1--1-21---6---6-5-1--4-
1-----204--------4--4--4---24----2-2-------3----
--------2-------42--31--111--1-----1----------05
-1210---4-1--1--0--4-2-------0---3---2-21-------

Generation = 30, Population = 1128.
-3-------8--669264---72--64-9-5--2-------83----5
-37---2-6-5544+1-3---7----43---1----83-5--3-6---
-7-7-4-9-88---92-77-6656-8-54--333-+---4+24757--
---0--6--1-05-8-77------53--5----512-7+-547-6-5-
--1---5-3--83-6-6-6--5--9-576--+-947-684-+3--87-
-38-7559-+----711+9--424--85--3-43-48-26---4+-4-
-53--824----2-67---7-+-----5-7--5--3----8-68-+-+
4----58------4-25-4--6-359----24++--+5--59+--8--
33----7-94-5442----5---+-9879+------7--773-+47-6
84-+-4-0---222-3-5----84-7--84-0---94-54--3---35
93-274--66---1-----3-5-56-665-778-42-4-56553-46+
-845587---17-6495+48-----82-35--646---1-+95----6
-----96-6616622-776---5-844835-----9--54-336--63
--26--7-----351-5479939-74---4-75-2-+--9----4436
33---45-7---------6--13648-5-6--7265-8-5545--63-
3-177-9-7---3-943-4--78-5---4-78----44-----4+776
426-4+-+63-4+96---42-+---8-17-5496653--85--6--5-
-495-26-2-----7-8---+4-7-6--6-53-5-99-5--54687-4
56--4-5-6---6-+5-7742--68-3-44-27-8-96-5-2--8-48
-3-97--7--9----5--44-----544-28-5-99--4--6-79--+
-443-4---9-8---2----87--5---745---5--3-5625-73-3
-----8-3-7--36-------3---2--61----5582456---531-
-----26-42-2--------+---7-78-83-6-12--621----1--
-8--9--3-44---+4--8------5---6-6-3-58-8+9--52-69
-18-635-7-5--47+--+-46---3767--4-36--667---24--2
--487-37----7----9--4---+7-----------89---6-9---
--5--055615-723--4357-41-3-----3-3-3--5-27--35-4
76--7-57-----------6--+94707-1-5-7--5-4-1-25---6
-3546---555--54+-6-2-2-15-3-33-354--4------31448
2----3-350-67--9------51+31-30----54226-45---2--
1342435--3---59353935---5--136-4--6----28-25-457
-85745-7---3--6--3-634--6321433-2-56737--3-41---
--637246-4--2--7-+2-79-94--2123------72-2-4--42-
7-8-467-82------432-744+8-5-8----57-3-6---56-235
----65-14--2-------258-444----7-6-946-3-3---438-
-73-7453+------29---9--+2-03-53535--35------5---
-----86---+-75-5---+-4-5-35--5---83-------1-7+7+
---55-91--6--35-3-2-6------77-1-3-2-1------7-1-+
---2-775+-9-593--4---7-2-7----734--9--2-3-3584--
--2--3-5-1-6--343--+---3-3----326483-74--2-33---
-3-255-5235+5+3--3-2------25-3--78--0-3-3568--6-
8---5484--9934------765884--14-15---45---25-5-1-
-372-473-5-----42-74----1--164205---3-3487--1-5-
+-998189--2-24--7-36432-4----43-3-4--3-4045-3-4-
3-8055-5--5--56--84-224--21-4152-----328--4-2---
53--24---2---2-+4--4--1--113-23-1-15----4-245--3
--2-22-33--3----6--2--4-4-501----5-4-63-0-1-----
--311524--4-8-48---9--2023-----426--3-4---0--3-4

Generation = 40, Population = 829.
--4--8-95++-68+6754-----+7-5--66---+7---------27
--+----5-------3---------+---8---58--6--477----5
--7+5---+-----+27-----+-8----++-----+-+5----9-3-
-9---+-3---4----9------8--66------4----9--+---+9
2--268--4+5+------+--856++----8++-----97-+-----5
7--+8-----57938-3--48548--+-----6---+6-8392---6-
1-5---2-5+---8-+--+8+--5--476--984-7---+-57+8--+
-7--3--5-+-5+--488--4--5-9-47-5-+--3--------59--
-----6--+6---5---+----7+++--------------+-------
+--+-5-----45--6-7--9--89---+45-----5-----4-5--6
--+---9-8-8----------6-6847-7-8-----7---9--5----
--------8-----8+-+68-5-5-8-5---2--7----9-+7--8-+
4-34----7-4-+66--88-----+---568-652----5--------
--58--7-6-55--44-6---6----5-260-5-59+---4--45--8
364----79-6-5---7-8----75+-9--4---997--7-7---+8-
----+-+--6-34--4-6-+9++57---6-------4--84-27-+-+
4----+------+--985--8+-6-9--9+7-9-8--7-+8-8-7-7-
--++---54-5--1--9---+---9+--+--59-2---6--7-9+-86
8-------------+-5-8---+-------+49--9+---7---8+--
--9---1--+-6-4-5-5----+---8-----7------89--9-4--
--4-4636----76-4----+-3---5-------+-7--5-6------
-49----7----------2---88---28-----7-+--99--797--
-4----848-3------61--95--6-----9-----+-3-3+65--8
-+56-------84------6----6----+-89-8--5++-5-8-88-
----9---+-8-99-+----59-+-69-+3-65-9--+9-7----59-
+-8-+-6--6----5--+-6----+---5-2--9-----4--8--6--
----91-663--8-7-----8-85--34--9-+-+----55-4---3-
----+-----5---5----6--+-6-------4----------5----
-3---34---7-8+6--8---2-4-37-3---8-+9----3-9--8--
--6--4--9-6------6-+--7-+---6-----5--------5----
--5-----7-5--7+-8------+--+-4-7--4--63-695--+8++
---+--++-5-76---8--8-45-----5-5-4----5-86766-44-
6-9------6+-4-47-+--+--------65--33-2+--2+7-----
95---7-49--6--3---4+--8+---3--------5-7+36------
6-----------6----8-37-8---7-6--4--+---7-4----48-
--6-----------9--7--+--------66--5----3-6----6-6
8-9--8---5---768-8--6---+5795---983-67--4-2-----
4---9-+3--87--7-3--+8--9-27---4-6--33--6-+4972--
5-------+++----73-9-8-+54----3-4+6---3----5-+7-5
152--------8--4-4---+-4-87---143--+---5953--67-9
-39-6----------4-67---2+-35----+----------7-6---
------+---++553----++-+--9-4----6+5-----6------7
----6-9-4835---------9----63-----56-9------6--5-
------+--7-55---+-----23-4--6-6--------6-6---+7-
------67-------+-+--3--4-2--5--44-28----0----6--
5-46----------4+-6-67-2----56--5--56-62----4----
--4-----5---7265-314---3-2---7----1--9--23--4-4-
-----7-4-5--8-8--2-+5+-37-3---3-57-----58-3-5--5

Generation = 50, Population = 1139.
------9+-+--9++--66-5-----8--9-+-2---------6-75-
-----5------+6----85+++8---+7-+3---7+---8---++6-
---+99-++-------9-------++---+-5-5++-+++-96+++-+
-+-78-+85-48+--3-+7-++++9----37---64-9+-95+-8++-
7-7--++-++--6----8+-+---+--+--++++-+++++--698-+8
---+99+++-9+-7+-5-++-78+-8+-984---++----7+-8-8-8
6-7---6-9-2+--9---+-----9-8-99-+-8--7-+--6+++-6-
6----7+--+-++89--+7----6++---+-8-+-5-8-----+-+--
+----+--+--7-96---9+7-+--++-++-+++-----++--++75-
++7-+---+7-6-347--9+-7-+-+-8-571-+-+-+---+7--97-
+6---9----+9+5-----8-+----8++6-+-+---5-+------++
4-9-----++5+5+---+8+3+6+-+--6-53-----6---+-8-+7-
43--6-+-967++9----+38--7+-++9---9-3+--77--++8-+-
6+-8+--5+--9-88-8--+-++-+-8-6+--+5-+-6------+-5-
-8--++-+-5-7----83-76-5--+-++87--2++-+9--+--5-++
9+6-----799559+7-+7+-+-78+9-+7--8-5---+-67-+++--
-78--+-+--+--+-+----++5+-+7--+9---++5+----++++-+
+-++74+-++9--3---6-8-+8+--8-+-76+7---79----+++-8
9+1---+--894-6+6--964+-+-+76-----9+------3+----+
-6+++-2-++---778-679-++--+--78+----+-+-+9----65-
9----------+987-+-9-+865-+-7+7--78+-------+---4-
8-9--++8-+7+------4+79++--36+2----+++6+++6+-+93-
+--7-5++--5--6988-35+-79--9-+9-+9+67--+4-3+-88-+
-+8+-+---6-------8+8+---8-4+++----++--++99---+-+
-3------+48---++-----+++9++-+6+6--+--+-++---++-9
-8+-+--+--7-8+8---6-8+7+-+-7--66---+--+-8--7-85-
62--+-+-7--5+8-8-9----+6+56-88+-+---+-75---37--8
---7+988+-+-84-+--3-6--+--4+67---886-6-+5-766+--
-6-79-6-7--6+-8----8------+4-775-8+-+--95-+9---9
-1-0---8-3-----+----++---5---3555-----+-+--566-6
48--7+--++99-9-----8--9+-6+--+8877-9---8---7+-++
----8-+-+7-9--9-+---8--++-848-76589--89+99---5--
-2+--7-+-8-----+-+4---4+---52--9-7-6---+8+96-849
+-++-9-6+--7-+--8+--++----+-------+-----5-889-89
-793++-4-++48+86------+-7+-49-+----+9-9+--+-65+9
-+9+9----493-7-6-86---8-------99-688----7-3-+---
++-92+++69-59+--8--+6---+---7+7+9--9--5---51--+-
---++--56-----++5-7++85++-9----2--6-57---+-+9---
+765---+-++-+--9-6+-+++-7++--7++----+-6+--+-+979
-8-+---+----+767--6--+69-8-8+3---8+69----4-5--7+
4----+-+-+-+--3579-4-3--6---48-+--376-78-+--9--5
+-+--9+--+--7------++++++-4-553--+-5+9++-6-6-927
65-4-9-9-+6-9--+4-+8-99+668-+--7-69-+8-8-++-397-
+9-9+3+--+5-----------4--7-++77---7+-57--7++5+-7
-5+-6+---++7+-++6-8+7---4--0---5-43--4---8----7+
-6---96-63-9-6---7+98--+5--6-6-95+-9------------
---1-----7-885-6+6----+584+4-------7---734------
-76---47--999---9----+4--95---6-7---7---++3---59

Generation = 60, Population = 1075.
-98----+----9----+-+--8+-++-+--+-5-+-+6-++9--7--
7-++-6-+87--+7-7+5-6+++-+-+-+-----+-----+--+++--
5+-+----++----+8--+7+------+-------+-+--+-8---9-
-+---+----8+-------+---++--++-9-8+7+9-+-----+-+-
-----+++-+-+--+-+-+--+89++-+--+++++-+-++++--9+-+
-6-------+9-+8--6--++--+6+------+8+-+-8+-+-9-+--
7-+-----+-5+--+-9++----9-++9---+---+7++++---++9-
--98-++9-++---+----++--++-98--8-----+-+-+-----9-
+--6-+---+-++--------+----+++--+++-+-8--+-5-++--
+-9+-++4+-+---7+5--++-++--+++--5+---+--++++-8---
-7+7+-++--+--9++------69-+-+-8--+--8+6--+++67--+
5-++----++-+--+-+---5-7+--6----5-9+7----++------
-5+-9-+++-+++-9--+---5------+7++---+++---+------
+-9+------8-+8+---------++-9+-5++78--9---+-++-5+
+8-+-+-+-8+8--------+3------++-6+--++--+++-+-+++
+---+--+-+-8-++99---+++++--8-+++---+---+97--+++-
+++-9--+-8---++-+7+-----9+--+---+++----+--+-+---
---+++---+-4---5+-++-++-+---+-8--8++--++---+--+9
-+-----+-++6----++----++-++-+--+++-+-------5--++
----++-+--++++88----+---+++-9--8--++++-++-+9-99+
---+---+7+-----+-++--8+-----++-+9-------99+9-95-
94++-+++++-+-----+8+---+---9+5---+++-6+-++-+++--
+-+--8---8+-+-++--78-+8-+----+6--+--9+-6+++-----
-+-++++--9++-+-+-+++----+-9-+-+--+-++--++++--+-+
87+3-8-9-6--++--7+-9-++--+++-------5-++--+-----+
+---+7++--86--+++-8--+---+-++---++-+7+++++-+++9+
+-7-+7-++---+++-8--8+----88--+-+-7+-+-+-+---8+6+
+---+-9+-++-+-9+-9-+-+-+--8--87------7+-+-7-9+--
7---+-+--+-8-----+---+8--6+-8-+5-9+--+-+7----+--
---1++-----++--+----+-+--7-3-9-------6+-++-688+7
78-4-++--+-+9++7-7-++----6-6+-+---++-66----9++++
+-+------+5+--+-+9-+-+-++--6+--7-+----++-++88+7+
-6+6+---+++-++-++--7+---+------+-++-5----+-97--+
+9-++-+9--+---+-+--++-+-+-+8+3-6+++6--8+-9---6-+
+-+----5---6+++94++-----++----+7+---+-----+98--+
--+--+---9---+---9++---+6+--+9++67+--9-7888+----
++----+-----++++-+-+96+++-++-+-+++++-+8-+-62-+-+
9+----+98---+-+-7---+--+--+------+--79--+--++65-
-++-8++-+-+---+-+-+-+-+---+-7++-+----8-+-7-----+
--4--7+-++++----8--+++7--+69+-++9++---+---8-+---
--+9-+----++----9+---79++-+--+-+-+3+-+8--++--++8
+--++++++-++--7-+-+---+---8-76-4--+7--+--++-+988
+---79-+++9+--6--++-----+---+-9-+-9--+---++98-7-
+---+-----8---4-+---+884+-8+-9+--+++---+-9++--+-
------++-+------+++-+7--5--5-2--+6----79--9--+-+
-------5-9-++-6+8---+--+---8---+8-7++--+-----+4-
---27--6-+--+-9-+9---+--+----+---+8-5---7-8--+-+
+---9-7----++5+++---6+-5++6--97+9--6+-7+---6++--

Generation = 70, Population = 1150.
-+-+-++----+---9++----++++------+8--+-++-++----+
---++-+-----+++++-++-+-++---++--+--+-9-++-+++---
---+-+-+---9--+++++8+-+--+-++-++8-++-+-+-+8+++++
+-+-++++-++-++++---++----+-+--+--+9-+----+-+++++
----+---+-++-+-8-++----+--9-+--+-++-+--+++----+-
---+++---+9-+--+--+++-++-+-+---+--+-++++---9-+8+
7--++---++9-++++--+++-+--++-++---+++9--------+++
-+++8+--+-++---++-+-+--+++-------+-8++-+++-+++-+
+-+-8+-+--+++++-+++-9--+--+--+--+--++--+++9++++-
-+---+--+-+---8--+-----+-+----+---+-+++++--+++9-
+-+-+-+++++++++--+7--+9+-+-+-+++--+9+--++++7-+--
6+++-++8--8---+--+++7++++---+-+-----9+-++---9+++
--+-9-+----+-+-++++-+7-9+-++++-+++9++----+++---7
--++---9+9-9-9+---++----+-+------7-+++++8+---+7-
+---+--+--+---+++-+-+-6+9+-+++--+----++-----9---
+++-++-+-+++-+----++-+-++++--+-+-+7++--++---++++
+-+--++----8+--+----++8--+++--+-+----+--+6-++--+
---++-+-----+---+---+-+-----++8---+-++-+--+-----
---89--++-+--9---++98-+-++--+-----++-----6--++-+
--++-----+-+-+----------+++-+---+8---+9+-+-++-9+
-+--+++-8+---++--+++--+-+-+--+--+++-++-----+-+-+
94+-+++-++-+++--++8--++-+--+-9+73-++-8+-+--++-5-
--++---+-9--++----------++++--6+--8-+++---+-++--
+-+++++-++---+-+-+++-+-----+---++--+-+--+--+8---
+---+-----9--+---+++--+--+++----94+7-+-+--+-++++
---+-8---+-9+--++-9+++-++-++---8-+-+---+++--++-+
+-+7--+-+6+6-+++++-9-+-9-+9--++-+8---3-+-++6+++-
-+++---++-+-+--+-++-9++-+-8+-9--5-+-+-++--7+-+9-
++--+-++-+-9-+-+++-++-+8-6-7-9+-+-++++-+-+---+9-
9-----+---++-+--++--+---+-+7++--8++--9++-------+
--+-++---+-+---9+++++6+-++-+-+-++-++-6-++8+---+-
++-++-+--+9+------8++----+9----------+--+--+--+-
--+8------+-++---+-+-+5-+--83+9---++-+9+++-+-+-+
+-++++-9++-++++----+-++--5++-+---+---+--++-----+
++--+--++-+-+-+-7-++-++--+--+8+-------++99----++
4-+-+-+--9+7+++-+++-----6+--++----+--+8--+---+--
+-++-++-+++7+-++--++---+--+++--+--++-+--++--+---
-+-+++-+9-+-+-++--9-+++--7+--89-++---+-9-+9++---
+-+9-++++-+---++---++-+-+--+8++-+----+-++9+++-+-
-+--9++++++-+-+-8--++--++-------+-+--+++-++7-++-
76+-++-+---+-+9-+++9+-++++++9+--+-6---+-+---+++-
-+++-++++---++9++-+++++---++8-----+8---+8++-++++
+-++9--+-+++---+----++++---7--+-+-9-+-8------+-+
+--++9-------+87-+9-+++5++9--++--+---9--89-+9+-+
8-+4-+++++-+++--++-+++-+-+37--9-+-9----+---6--++
-++--+-59+-+-+--+---+--++3-+---+9--+-----++-++--
96-----+++9+-7++--2+-++---+-6+--3----+-------+--
-----+---7+---+++8+-9---++8+-97-+-5--4---+-7-+-+

Generation = 80, Population = 926.
-++-++-++++----+-+---+-++++-------+--+-+-+-9-+--
+++++--++-++----+---------+-+----+++-+-++---+--+
-++-----+--+--+++-+---+-+++--+++-++-+---+++++---
---+-+-+----++-++-+++------------------+---+--++
+++----+---+---+-++-+-----+-+++--++---+----+-+--
--+++-+----++++--+---+-+---+-+-+---+++++++-+-++-
-----+--++---+--++--+-+++-----++--+---++-+---+-+
-+-+9++--+-+---+--+---+++--+-+-+--+---+++-++----
-++---+-++--+-+++-+-+----++-+--+++++---+-+----+-
-++---+-+--++--+--++++--+--+--++-+---+-+++++---+
--+-+-------+-+--------+---+++-+----++-++------+
-+--++--+--+-+---+-+9-++-+-9-+-8---++-----++---+
+-+-----++---+-+--+-+7--+++++---+--+--++-+----++
-+---97-++9------++++------++---+---+--+-+------
-----+-+--+----+--+-+6--+++-------+--+---+--++--
---------+---+-+-+++----+-+-++---+--+-+--8-++++-
-+----+-+---++---++--+--+----+-7-+-+-++-+7+-----
----+--++-+---+-++++-++-+-+-----+++---+++-+++---
+-9---++--++++++-++-+-+-++-++-------+-7--++---+-
++++---+++-----+---9-+-++-----+-+9++-+----+-+---
++-----+-----+++-+++----+--+-+8---+++-+---+---++
-7+--+-++-+--+-+---+-+-+-+9+++-+---++--++-++-+--
--+-+-+-+++-++------+-+-----+----+-+-----+----++
----+++-+--+9+-+---+-+-----+-+------+++++-------
+-+-+-++--+--+-+-+---+-+-----+--+---+++-+----+++
--++-+-++--++--+--+-+-+++++++--8-+---+-+++-++---
+2-----+---8++-+-+9-++-++-+-++-+------++++-+++++
---+++---+-++---+-++++--+-8+-+-+----++-+-+---+--
--+-+8----+-+-+-+--+-----8+----+-++--+---++--+-+
----++-+-+----+--+-+--++----------+-+---++--+---
----+--+-+-------++--9-------+-+------8-+-----+-
---+----+----+---++-----++-++--+-++-++----+-+--+
-9+-+--+++-----+-+-----++-+-6----+--7-+--++--+--
+-+---+---------+-----++--+----------+++++---++-
+-++--+--+-------+--+-++-++7+-++-------+-+--+---
---+-++------+-+++---+++7+9-+--+--+++-+------+6+
-+++----+---+-+--++-+-+---+-+----++++--8+-8-++++
-----+-+-+--+-+++8-++--------+------++-+-+++++9+
+++--------++--+-9-+------+--++--++-+----+---+--
--4--+-+++-------+-----++----------+--+-+-++---+
97+--+-+-----+---+--+-+-+---++-+-------+---+++++
-++++--+++-+---------+--+++-+--8-+--+--++++-+--+
-+-+------+---+-+---+--+---9+9++---8-+-++-+-+-9+
++++-+--++---+---+--+++8-+----+2+--++9---++++--+
+-+-------+-+----+++-+-+7-9-+-+++-++9-+---+-+--+
++-+--+-+------+--+++--++------------++++++-+-9-
-8---7-----+--++----+--+-+-------++-8----4+-+--+
--+-+-+-----+9-+-+-+---7--------++-+---++-59++--
