*** Life<Cell> 87x84 ***

Generation = 0, Population = 78.
------------------------------------------------------------------------------------
0-------------0---------------------------------------------------------------------
------------------------------------------------------------------------------------
-------------------0----------------------------------------------------------------
------------------------------------------------------------------------------------
--------------------------0---------------------------------------------------------
------------------------------------------------------------------------------------
------------------------------------------------------------------------------------
------------------------------------------------------------------------------------
------------------------------------------------------------------------------------
------------------------------------------------------------------------------------
------------------------------------------------------------------------------------
------------------------------------------0-----------------------------------------
----------------------------------------------------------------0-------------------
------------------------------------------------------------------------------------
--------------------------------------------------------------0---------------------
-------------------------------------------------------0----------------------------
-------------------0---------------------------------------------------0-0----------
-----------0------------------------------------------------------------0-----------
------------------------------------------------------------------------------------
------------------------------------------------------------------------------------
------------------------------------------------------------0-----------------------
------------------------------------------------------------------------------------
------------------------------------------------------------------------------------
---------------------------------------------------------------------------------0--
---------------------------------------------------0--------------------------------
------------------------------------------------------------------------------------
-----------------------------------0------------------------------------------------
------------------------------------------------------------------------------------
------------------------------------------------------------------------------------
----------------------------------------------------------------------0-------------
------------------------------------------------------------------------------------
--------0---------------------------------------------------------------------------
------------------------------------------------------------------------------------
------------------------------------------------------------------------------------
------------------------------------------------------------------------------------
-----------------------------------------------------------------------------0------
------------------------0---0------------------------------------------------0------
---------------------------------------------0--------------------------------------
-------------------------0----------------------------------------------------------
---------------------------------------------------------------------------------0--
----------------------------------------------------------------------0-------------
------------------------------------------------------------------------------------
------------------------------------------------------------------------------------
------------------------------------------------------------------------------------
-----------------------------------------------------0------------------------------
------------------------------------------------------------------------------------
----------------------------------------------------0----------------0--------------
------0-----------------------------------------------------------------------------
--------------------------------------------------------------------------0---------
-----------------------0------------------------------------------------------------
-----------------------------------------------0------------------------------------
------------------------------------------------------------------------------------
---0------------------------------------------------------------------0-------------
-------------------------------------------0--------------0-------------------------
------------------------------------------------------------------------------------
-------------------0----------------------------------------------------------------
---------------------------------------------0--------------------------------------
-------------------------------0----------------------------------------------------
--------------0---------------------------------------------------------------------
-------------------------------------------------------------------------0----------
------------------------------------------------------------------------------------
--------------------------------------------0---------0--------------------0--------
------------------------------------------------------------------------------------
--------0-----------------------------------------------------------0--0------------
-----------0----0-------------------------------------------------------------------
------------------------------------------------------------------------------------
0---------------------------------------------------------------------------------0-
---------0----------------------------------0------0--------------------------------
-----------0------------------------------------------------------------------------
-----------------------------------------------------------0---------------0--------
-------------------0----------------------------------------------------------------
--------------------------------------------------------0---------------------------
-----------------------------------------0------------------------------------0-----
------------------------------------------------------------------------------------
------------------------------------------------------------------------------------
------------------------------------------------------------------------------------
-----------------------------------0------------------------------------------------
-------------0----------------------------------------------------------------------
------------------------------------------------------------------------------------
---------0--------------------------------------------------0-----------------------
---0-----0--------------------------------------------------------------------------
------------------------------------------------------------------------------------
-------------------------------------------------------------0-----------0----------
------------------------0--------0----------------------0---------------------------
-----0------------------------------------------------------------------------------
---------------------------------0---------------------------------0----------0-----

Generation = 1, Population = 299.
0-------------0---------------------------------------------------------------------
-0-----------0-0--------------------------------------------------------------------
0-------------0----0----------------------------------------------------------------
------------------0-0---------------------------------------------------------------
-------------------0------0---------------------------------------------------------
-------------------------0-0--------------------------------------------------------
--------------------------0---------------------------------------------------------
------------------------------------------------------------------------------------
------------------------------------------------------------------------------------
------------------------------------------------------------------------------------
------------------------------------------------------------------------------------
------------------------------------------0-----------------------------------------
-----------------------------------------0-0--------------------0-------------------
------------------------------------------0--------------------0-0------------------
--------------------------------------------------------------0-0-------------------
-------------------------------------------------------0-----0-0--------------------
-------------------0----------------------------------0-0-----0--------0-0----------
-----------0------0-0----------------------------------0--------------0-0-0---------
----------0-0------0----------------------------------------------------------------
-----------0------------------------------------------------------------0-----------
------------------------------------------------------------0-----------------------
-----------------------------------------------------------0-0----------------------
------------------------------------------------------------0-----------------------
---------------------------------------------------------------------------------0--
---------------------------------------------------0----------------------------0-0-
--------------------------------------------------0-0----------------------------0--
-----------------------------------0---------------0--------------------------------
----------------------------------0-0-----------------------------------------------
-----------------------------------0------------------------------------------------
----------------------------------------------------------------------0-------------
---------------------------------------------------------------------0-0------------
--------0-------------------------------------------------------------0-------------
-------0-0--------------------------------------------------------------------------
--------0---------------------------------------------------------------------------
------------------------------------------------------------------------------------
-----------------------------------------------------------------------------0------
------------------------0---0-----------------------------------------------010-----
-----------------------0-0-0-0---------------0------------------------------010-----
------------------------00--0---------------0-0------------------------------0------
------------------------0-0------------------0-----------------------------------0--
-------------------------0--------------------------------------------0---------0-0-
---------------------------------------------------------------------0-0---------0--
----------------------------------------------------------------------0-------------
------------------------------------------------------------------------------------
-----------------------------------------------------0------------------------------
----------------------------------------------------0-0-----------------------------
----------------------------------------------------00---------------0--------------
------0--------------------------------------------0-0--------------0-0-------------
-----0-0--------------------------------------------0----------------0----0---------
------0----------------0-------------------------------------------------0-0--------
----------------------0-0----------------------0--------------------------0---------
-----------------------0----------------------0-0-----------------------------------
---0-------------------------------------------0----------------------0-------------
--0-0--------------------------------------0--------------0----------0-0------------
---0--------------------------------------0-0------------0-0----------0-------------
-------------------0-----------------------0--------------0-------------------------
------------------0-0------------------------0--------------------------------------
-------------------0-----------0------------0-0-------------------------------------
--------------0---------------0-0------------0--------------------------------------
-------------0-0---------------0-----------------------------------------0----------
--------------0---------------------------------------------------------0-0---------
--------------------------------------------0---------0------------------0-0--------
-------------------------------------------0-0-------0-0------------------0-0-------
--------0-----------------------------------0---------0-------------0--0---0--------
-------0-0-0----0--------------------------------------------------0-00-0-----------
--------0-0-0--0-0--------------------------------------------------0--0------------
0----------0----0-----------------------------------------------------------------0-
-0-------0----------------------------------0------0-----------------------------0-0
0-------0-00-------------------------------0-0----0-0-----------------------------0-
---------00-0-------------------------------0------0-------0---------------0--------
-----------0-------0--------------------------------------0-0-------------0-0-------
------------------0-0-----------------------------------0--0---------------0--------
-------------------0---------------------0-------------0-0--------------------0-----
----------------------------------------0-0-------------0--------------------0-0----
-----------------------------------------0------------------------------------0-----
------------------------------------------------------------------------------------
-----------------------------------0------------------------------------------------
-------------0--------------------0-0-----------------------------------------------
------------0-0--------------------0------------------------------------------------
---------0---0----------------------------------------------0-----------------------
---0----010------------------------------------------------0-0----------------------
--0-0---010-------------------------------------------------0-----------------------
---0-----0---------------------------------------------------0-----------0----------
------------------------0--------0----------------------0---0-0---------0-0---------
-----0-----------------0-0------0-0--------------------0-0---0-----------0----------
----0-0-----------------0-------------------------------0----------0----------0-----
-----0--------------------------0-0-------------------------------0-0--------0-0----

Generation = 2, Population = 294.
------------------------------------------------------------------------------------
0-0---------0---0--0----------------------------------------------------------------
------------------------------------------------------------------------------------
0-------------0--0---0----0---------------------------------------------------------
------------------------------------------------------------------------------------
-------------------0----0---0-------------------------------------------------------
------------------------------------------------------------------------------------
--------------------------0---------------------------------------------------------
------------------------------------------------------------------------------------
------------------------------------------------------------------------------------
------------------------------------------0-----------------------------------------
----------------------------------------------------------------0-------------------
----------------------------------------0---0---------------------------------------
------------------------------------------------------------------0-----------------
------------------------------------------0------------0----------------------------
-------------------0----------------------------------------0----------0-0----------
-----------0-----------------------------------------0---0--------------0-----------
-----------------0---0----------------------------------------0------0-0-0-0--------
---------0---0-----------------------------------------0--------------0---0---------
-------------------0----------------------------------------0----------0-0----------
-----------0------------------------------------------------------------0-----------
----------------------------------------------------------0---0---------------------
---------------------------------------------------------------------------------0--
---------------------------------------------------0--------0-----------------------
-------------------------------------------------------------------------------0---0
-----------------------------------0-------------0---0------------------------------
---------------------------------------------------------------------------------0--
---------------------------------0---0-------------0--------------------------------
----------------------------------------------------------------------0-------------
-----------------------------------0------------------------------------------------
--------0-----------------------------------------------------------0---0-----------
------------------------------------------------------------------------------------
------0---0-----------------------------------------------------------0-------------
------------------------------------------------------------------------------------
--------0--------------------------------------------------------------------0------
------------------------0---0------------------------------------------------1------
---------------------------------------------0-----------------------------0---0----
----------------------0--1----0--------------------------------------------0---0----
-------------------------------------------0---0-----------------------------1---0--
-----------------------01--00-----------------------------------------0------0------
---------------------------------------------0---------------------------------0---0
-------------------------0------------------------------------------0---0-----------
---------------------------------------------------------------------------------0--
-----------------------------------------------------0----------------0-------------
------------------------------------------------------------------------------------
---------------------------------------------------01--0-------------0--------------
------0-----------------------------------------------------------------------------
--------------------------------------------------0--10------------0---0--0---------
----0---0--------------0------------------------------------------------------------
-----------------------------------------------0----0----------------0--0---0-------
------0--------------0---0----------------------------------------------------------
---0-----------------------------------------0---0--------------------0---0---------
-----------------------0-------------------0--------------0-------------------------
-0---0-----------------------------------------0--------------------0---0-----------
-------------------0---------------------0---0----------0---0-----------------------
---0-----------------------------------------0------------------------0-------------
-----------------0---0---------0-----------0--------------0-------------------------
--------------0----------------------------0---0------------------------------------
-------------------0---------0---0---------------------------------------0----------
------------0---0----------------------------0--------------------------------------
-------------------------------0------------0---------0----------------0------------
--------------0---------------------------------------------------------------------
--------0---------------------------------0---0-----0---0-----------0--0-----0------
-----------0----0-------------------------------------------------------------------
------0---0---------------------------------0---------0-----------0--11--0-0--------
0--------0---00---0---------------------------------------------------------------0-
--------00----------------------------------0------0----------------0--0------------
0-0-------------0---------------------------------------------------------------0---
-------0---1------------------------------0---0--0---0-----0---------------0--------
0--------1---0-----0--------------------------------------------------------------0-
---------0----------------------------------0------0----00---0-----------0---0------
-----------0-----0---0-------------------0------------------------------------0-----
------------------------------------------------------0---00---------------0--------
-------------------0-------------------0---0--------------------------------0---0---
--------------------------------------------------------0---------------------------
-----------------------------------0-----0------------------------------------0-----
-------------0----------------------------------------------------------------------
---------------------------------0---0----------------------------------------------
---------0-0---0--------------------------------------------0-----------------------
---0-----1-------------------------0------------------------------------------------
-------0---0-0--------------------------------------------0---0---------------------
-0---0-0---0-------------------------------------------------0-----------0----------
---------1--------------0--------0----------------------0---0-----------------------
---0-0---0-------------------------------------------------0---0-------0---0--------
----------------------0---0----0-0-0------------------0---0--------0----------0-----
---0---0-----------------------------------------------------0-----------0----------
------------------------0------0---0--------------------0--------0-0-0------0-0-0---

Generation = 3, Population = 1037.
0-0---------0---0--0----------------------------------------------------------------
---0-------0-0-0-00-0---------------------------------------------------------------
--0---------0-0-00-0-0----0---------------------------------------------------------
-0-----------0-00-0-0-0--0-0--------------------------------------------------------
0-------------0--0-0-0--0-0-0-------------------------------------------------------
------------------0-0--0-0-0-0------------------------------------------------------
-------------------0----0-0-0-------------------------------------------------------
-------------------------0-0--------------------------------------------------------
--------------------------0---------------------------------------------------------
------------------------------------------0-----------------------------------------
-----------------------------------------0-0--------------------0-------------------
----------------------------------------0-0-0------------------0-0------------------
---------------------------------------0-0-0-0------------------0-0-----------------
----------------------------------------0-0-0----------0---------0-0----------------
-------------------0---------------------0-0----------0-0---0-----0----0-0----------
-----------0------0-0---------------------0----------0-0-0-0-0--------0-0-0---------
----------0-0----0-0-0------------------------------0-0-0-0-0-0------0-0-0-0--------
---------0-0-0--0-0-0-0------------------------------0-0-0---0-0----0-0-0-0-0-------
--------0-0-0-0--0-0-0--------------------------------0-0---0-0--------0-0----------
---------0-0-0----0-0----------------------------------0---0-0----------0-----------
----------0-0------0--------------------------------------0-0-0---------------------
-----------0---------------------------------------------0-0-0-0--------0--------0--
---------------------------------------------------0------0-0-0-----------------0-0-
--------------------------------------------------0-0------0-0-----------------0-0-0
-----------------------------------0-------------0-0-0------0-----------------0-0-0-
----------------------------------0-0-----------0-0-0-0------------------------0-0-0
---------------------------------0-0-0-----------0-0-0--------------------------0-0-
--------------------------------0-0-0-0-----------0-0-----------------0----------0--
---------------------------------0-0-0-------------0-----------------0-0------------
--------0-------------------------0-0-------------------------------0-0-0-----------
-------0-0-------------------------0-------------------------------0-0-0-0----------
------0-0-0---------------------------------------------------------0-0-0-----------
-----0-0-0-0---------------------------------------------------------0-0------------
------0-0-0-----------------------------------------------------------0------0------
-------0-0--------------0---0-----------------------------------------------010-----
--------0--------------0-0-0-0---------------0-----------------------------00*00----
----------------------0-00--0-0-------------0-0---------------------------0101010---
---------------------0-00-0--0-0-----------0-0-0--------------------------01010100--
----------------------0000-00-0-----------0-0-0-0---------------------0----00*000-0-
----------------------01*00110-------------0-0-0---------------------0-0----0100-0-0
-----------------------000-00---------------0-0---------------------0-0-0----00-0-0-
------------------------0-0------------------0---------------------0-0-0-0-----0-0-0
-------------------------0---------------------------0--------------0-0-0-------0-0-
----------------------------------------------------0-0--------------0-0---------0--
---------------------------------------------------000-0-------------00-------------
------0-------------------------------------------01*00-0-----------0-0-------------
-----0-0------------------------------------------000000-----------0-0-0--0---------
----0-0-0--------------0-------------------------0-00*10----------0-0-0-00-0--------
---0-0-0-0------------0-0----------------------0--0-000------------0-0-00-0-0-------
----0-0-0------------0-0-0--------------------0-0--0-0--------------0-00-0-0-0------
---0-0-0------------0-0-0-0------------------0-0-0--0----------------00-0-0-0-------
--0-0-0--------------0-0-0-----------------00-0-0-0-------0----------0-0-0-0--------
-0-0-0----------------0-0-----------------0-00-0-0-------0-0--------0-0-0-0---------
0-0-0-0------------0---0-----------------0-0-00-0-------0-0-0------0-0-0-0----------
-0-0-0------------0-0-------------------0-0-0100-------0-0-0-0------0-0-0-----------
--0-0------------0-0-0---------0---------0-0010---------0-0-0--------0-0------------
---0----------0-0-0-0-0-------0-0---------0100-0---------0-0----------0-------------
-------------0-0-0-0-0-------0-0-0--------010-0-0---------0--------------0----------
------------0-0-0-0-0-------0-0-0-0--------0-0-0------------------------0-0---------
-----------0-0-0-0-0---------0-0-0------------0-------0----------------0-0----------
------------0-0-0-------------0-0----------0---------0-0--------------0-0-----------
--------0----0-0---------------0----------0-0-0-----0-0-0-----------0--------0------
-------0-0-0--0-0------------------------0-0-0-0---0-0-0-0---------0-00-0---0-0-----
------0-0---0--0-0------------------------0-0-0-----0-0-0---------0-0000-0-0-0------
0----0-0-----00-0-0------------------------0-0-------0-0---------0-00**00---0-----0-
-0----0--1--0110-0-0-------------------------------0--0-----------0-0000-0-0-----0-0
--0----01-0--00-0-0------------------------0-0----0-0--------------0-00-0-------0-0-
---0---000-0---0-0------------------------0-0-0--0-0-0-----0--------0--0---0---0-0--
--0---0-000-00--0--0---------------------0-0-0-00-0-0-0---0-0-------------0-0---0-0-
-0-----00*000-0---0-0---------------------0-0-0--0-0-0--00-0-0-----------0-0-0---0-0
0-------0100-0---0-0-0-------------------0-0-0----0-0--0110-0-0---------0-0-0-----0-
---------00-0---0-0-0-0-----------------0-0-0------0--0-0000-0-----------0-0---0----
-----------0-----0-0-0-----------------0-0-0---------0-0-0110-------------0---0-0---
------------------0-0-----------------0-0-0-0---------0-0-00-----------------0-0-0--
-------------------0---------------0---0-0-0-----------0-0------------------0-0-0---
-------------0--------------------0-0---0-0-------------0--------------------0-0----
------------0-0------------------0-0-0---0------------------------------------0-----
---------0-0-0-0----------------0-0-0-0---------------------0-----------------------
---0----01--0-0-0----------------0-0-0---------------------0-0----------------------
--0-0--00*0--0-0------------------0-0---------------------0-0-0---------------------
-0-0-0010101--0--------------------0---------------------0-0---0---------0----------
0-0-0--1010100----------0--------0----------------------0-0-------------0-0---------
-0-0---00*00-----------0-0------0-0--------------------0-0-----0-------0-0-0--------
--0---0-010-----------0-0-0----0---0------------------0-0-----0-0--0--0-0-0-0-0-----
-----0-0-0-----------0-0-0-0--0-----0----------------0-0-0---0-0--0-0--0-0-0-0-0----
--0-0-0-0-------------0-0-0------0--------------------0-0-0-0-0--0---0--0-0-0---0---
---0---0---------------0-0----0-0-0-0------------------0-0---0--0-----0--0-0-----0--

*** Life<Cell> 80x56 ***

Generation = 0, Population = 86.
--------------------------------------------------------
--------------------------------------------------------
-----------------------------------------------------0--
-----------0----------------------------------------0---
--------------------------0--------0------------0-------
----------------------------------------------------0---
--------------------------------------------------------
--------------------------------------------------------
--------------------------------------------------------
--------------------------------0--0--------------------
----------------------------------------0---------------
-------0-------------------------------------0----------
------------------------------------0----0--------------
-------------------------------0------------------------
--------------------------------------------------------
--------------------------------------------------------
---0----0-----------------------------------------------
--------------------------------------------------------
--------------------------------0----------0------------
--------------------------------------------------------
--------------------------------------------------------
--------------0-----------------------------------------
------------------------0-------------------------------
------0-------------------------------------------------
----------------------0---------------------------------
----------0---0-----------------------------------------
--------------------------------------------------0-----
--------------------------------------------------------
----------0----------0----------------------------------
--------------------------------------------------------
---------------0---0---------------------0--------------
--------------------------------------------------------
--------------------------------------------------------
-------------------------------------------0------------
----0---------------------------------------------------
--------------------------------------------------------
----------------0--0---------------------------------0--
---------------------0------0---------------------------
--------------------------------------------------------
---------------------------0----------------------------
--------------0-----------------------------------------
---------------------0----0-----------------------------
--------------------------------------------------------
--------------------------------------------------------
--------------------------------------------------------
---0----------------------------------------------------
--------------------------------------------------------
---------------------------------------------------0----
0-------------------------------------------------0-----
--------------------------------------------------------
---------------0-------------0---0----------------------
----0------------------------------------------0---0----
-------0------------------------------------------------
--------------------------------------------------------
-----------------------------------------------------0--
-------------------------0----------------------------0-
------------0-------------------------------------------
--------------------------------------------------------
--0----------0------------------------------------------
----0--------------------0----------------0-------------
--------------------------------------------0----0------
---------------------------------------0----------------
------------0-------------------------------------------
---------------------------00---------------------------
---------------------------------0------------0---------
--------------------------------------------------------
--------------------------------------------0-0---------
----00----------------0---------0-----------------------
-----------------0---00---------------------0-----------
--------------------------------------------------------
--------------------0-----------------------------------
----------------0-----------------------------------0---
--------------------------------------------------------
--------------------------------------------------------
--------------------------------------------------------
------------------------------------------0-------------
-----------------------------------------------------0--
-----------------------------------------0--------------
--------------------------------------------------------
--------------------------------------------------------

Generation = 1, Population = 319.
--------------------------------------------------------
-----------------------------------------------------0--
-----------0------------------------------------------0-
----------0-0-------------0--------0------------0--0----
-----------0-------------0-0------0-0----------0-0------
--------------------------0--------0------------0--0-0--
----------------------------------------------------0---
--------------------------------------------------------
--------------------------------0--0--------------------
-------------------------------0-00-0---0---------------
-------0------------------------0--0---0-0---0----------
------0-0---------------------------0---00--0-0---------
-------0-----------------------0---0-0--0-0--0----------
------------------------------0-0---0----0--------------
-------------------------------0------------------------
---0----0-----------------------------------------------
--0-0--0-0----------------------------------------------
---0----0-----------------------0----------0------------
-------------------------------0-0--------0-0-----------
--------------------------------0----------0------------
--------------0-----------------------------------------
-------------0-0--------0-------------------------------
------0-------0--------0-0------------------------------
-----0-0--------------0-0-------------------------------
------0---0---0------0-0--------------------------------
---------0-0-0-0------0---------------------------0-----
----------0---0----------------------------------0-0----
----------0----------0----------------------------0-----
---------0-0--------0-0---------------------------------
----------0----0---0-0-------------------0--------------
--------------0-0-0-0-------------------0-0-------------
---------------0---0---------------------0--------------
-------------------------------------------0------------
----0-------------------------------------0-0-----------
---0-0-------------------------------------0------------
----0-----------0--0---------------------------------0--
---------------0-00-00------0-----------------------0-0-
----------------0--00-0----0-0-----------------------0--
---------------------0-----00---------------------------
--------------0-----------0-0---------------------------
-------------0-0-----0----00----------------------------
--------------0-----0-0--0-0----------------------------
---------------------0----0-----------------------------
--------------------------------------------------------
---0----------------------------------------------------
--0-0---------------------------------------------------
---0-----------------------------------------------0----
0---------------------------------------------------0---
-0-----------------------------------------------0------
0--------------0-------------0---0----------------0-----
----0---------0-0-----------0-0-0-0------------0---0----
---0-0-0-------0-------------0---0------------0-0-0-0---
----0-0-0--------------------------------------0---0----
-------0---------------------------------------------0--
-------------------------0--------------------------0---
------------0-----------0-0----------------------------0
-----------0-0-----------0----------------------------0-
--0---------00------------------------------------------
-0-00-------0-0----------0----------------0-------------
--00-0-------0----------0-0--------------0-00----0------
----0--------------------0-------------0--00-0--0-0-----
------------0-------------------------0-0---0----0------
-----------0-0-------------00----------0----------------
------------0-------------0110---0------------0---------
---------------------------00---0-0----------0-0--------
---------------------------------0----------0-----------
----00----------------0---------0----------0---0--------
---0110----------0----10-------0-0------------0---------
----00----------0-0-01-0--------0----------0-0----------
-----------------0--000---------------------0-----------
----------------0--0-0------------------------------0---
---------------0-0--0------------------------------0-0--
----------------0-----------------------------------0---
--------------------------------------------------------
------------------------------------------0-------------
-----------------------------------------0-0---------0--
-----------------------------------------00---------0-0-
----------------------------------------0-0----------0--
-----------------------------------------0--------------
--------------------------------------------------------

Generation = 2, Population = 305.
-----------------------------------------------------0--
-----------0----------------------------------------0---
--------------------------0--------0------------0--0---0
---------0---0------------------------------------0-0-0-
------------------------0---0----0---0--------0---0--0--
-----------0--------------------------------------0-0-0-
--------------------------0--------0------------0-------
--------------------------------0--0----------------0---
----------------------------------------0---------------
-------0----------------------0--11--0-------0----------
------------------------------------0-0--10-------------
-----0---0---------------------00--0-------0---0--------
----------------------------------0---001--0------------
-------0---------------------0---0-----------0----------
---0----0---------------------------0----0--------------
-------------------------------0------------------------
-0---00---0---------------------0----------0------------
--------------------------------------------------------
---0----0---------------------0---0------0---0----------
--------------0-----------------------------------------
------------------------0-------0----------0------------
------0-----0---0---------------------------------------
--------------------------0-----------------------------
----0---0-0---------------------------------------------
--------------------0-----------------------------0-----
------0-0-------0---------------------------------------
----------1----------00-------------------------0---0---
----------1---0-----------------------------------------
--------0---0--0-------0-----------------0--------0-----
--------------------------------------------------------
----------0--0-------------------------0---0------------
-------------------------------------------0------------
----0----------0---0---------------------0--------------
-----------------------------------------0---0----------
--0---0---------0--0---------------------------------0--
---------------------0------0--------------0------------
----0---------0--11--1-----------------------------0---0
-------------------1---0--01--0-------------------------
--------------0-0--0---------------------------------0--
-------------------------01-10--------------------------
------------0---0---------------------------------------
-------------------0---00--10---------------------------
--------------0-----------------------------------------
---0-----------------0----0-----------------------------
--------------------------------------------------------
-0---0---------------------------------------------0----
0-------------------------------------------------0-----
---0---------------------------------------------0---0--
0-0------------0-------------0---0--------------0---0---
----0------------------------------------------0--------
0------0-----0---0---------0-------0--------------0-----
--0---0--------------------------------------0-------0--
-----0---0-----0-------------0---0-------------------0--
----0--------------------0---------------------0---0--0-
-------0----0--------------------------------------0---0
-----------------------0---0------------------------0---
--0-------0--10--------------------------------------0--
----0-------------------------------------0-----------0-
0---1------01--0----------------------------0----0------
--1---0----------------0---0-----------00---1-----------
--0---------00----------------------------1---00---0----
----0--------------------0-00--------0---00-------------
----------0---0------------------0----------0-0--0------
-------------------------01--10--------0----------------
------------0------------------0---0----------0-0-------
----00----------------0----00---0-----------------------
-----------------0---01----------0--------0-----0-------
--01--10------------0---0-----0---0---------------------
---------------0-------10-----------------0-0-----------
----00----------0-----1---------0-------------------0---
-----------------00--1----------------------0-----------
--------------0---0-------------------------------0---0-
--------------------0-----------------------------------
----------------0-------------------------0---------0---
-----------------------------------------------------0--
----------------------------------------01--0-----------
---------------------------------------------------0---0
---------------------------------------0--10------------
-----------------------------------------------------0--
-----------------------------------------0--------------

Generation = 3, Population = 972.
-----------0------------------------------------------0-
----------0-0-------------0--------0------------0------0
---------0-0-0-----------0-0------0-0----------0-0--0---
--------0-0-0-0---------0-0-0----0-0-0--------0-0010-0--
---------0-0-0---------0-0-0-0--0-0-0-0------0-0-0-00-0-
----------0-0-----------0-0-0----0-0-0--------0-001--0-0
-----------0-------------0-0----0-010----------0-00---0-
--------------------------0----0-0010---0-------0--0-0--
-------0----------------------0-0000-0-0-0---0------0---
------0-0--------------------0-00**0----000-0-0---------
-----0-0-0--------------------00000--0-00*1--0-0--------
----0-0-0-0-------------------0110-----000-10-0-0-------
-----0-0-0-------------------0-00----01-*00100-0--------
---0--0---------------------0-0-0---0-0000-00-0---------
--0-0----0-------------------0-0-0-0-0--0-0--0----------
-0-0-00-0-0-------------------0-----0----0-0------------
0-0-0110-0-0---------------------0--------0-0-----------
-0-0-00-0-0-------------------0-0-0------0-0-0----------
--0-0--0-0----0--------------0-0-0-0----0-0-0-0---------
---0----0----0-0--------0-----0-0-0------0-0-0----------
------0-----0-0-0------0-0-----0-0--------0-0-----------
-----0-0---0-0-0-0------0-0-----0----------0------------
----0-0-0-0-0---0--------0-0----------------------------
---0-0-0---0--------0-----0-----------------------0-----
----0-0---0-----0--0-0---------------------------0-0----
-----0---00----0-0--000-------------------------0-0-0---
------0-00*0--0-0---0110-----------------------0-0-0-0--
--------00*000-------000-----------------0------0-0-0---
-------0-000-0--0-----0-0---------------0-0------0-0----
--------0-0-00-0-------0---------------0-0-0------0-----
---------0-00-0-----------------------0-0-010-----------
----0-----0--0-0---0-------------------0-0010-----------
---0-0--------0-0-0-0-------------------0100-0----------
--0-0-0--------00-----------------------010-0-0------0--
-0-0-0-0-------0-00-00------0------------0-0-0------0-0-
--0-0-0-------0-0000010----0-0------------0-0------0-0-0
---0-0-------0-00**-0*00--000-0------------0------0-0-0-
----0-----------00-*000-001*00-0-------------------0-0-0
-------------0---0010--0-0-0000---------------------0-0-
------------0-0----0----01*-*10----------------------0--
-----------0-0-0-0-0---00000-0--------------------------
------------0-0-0-0-0-01100*10--------------------------
---0---------0-0---0-0-00-000---------------------------
--0-0---------0-----0-0--0-0----------------------------
-0-0-0---------------0----0------------------------0----
--0-0-0---------------------------------------------0---
---0-0-----------------------------------------------0--
----0----------0-------------0---0--------------------0-
----0---------0-0-----------0-0-0-0----------------0----
--00-0-0-----0-0-0---------0-0---0-0----------0---0-0---
-00-0---0---0-0-0-0-------0-0-----0-0--------0-0-0-0-0--
00-0-----0---0-0-0---------0-0---0-0--------0-0---0-010-
--0-----0-0---0-0--------0--0-0-0-0----------0-0---001--
---0---0-0--0--0--------0-0--0---0------------0-0-010---
----0-0-0--0-0---------0-0-0-------------------0--01----
--0----0--0-000-------0-0-0-0--------------------------0
-0-00----0-00*10-------0---0--------------0-------------
0-0010----000000-------------------------0-00----0-----0
-000*00---01*00-0------0---0-----------00-0010--0-0---0-
00*000-0---0-0-0------0-0-0-0---------011000*000-0-0----
-0100-0----0110--------0-0--0--------0-00-*000110-0-0---
--00-0----0-000---------0--110---0--0-0-01-00--0-0-0----
----0----0-0-0-0----------00000-0-0--0-0-000---00-0-----
----------0-0-0---------01*11*1--0-0--0-0---0---00------
----00-----0-0--------0--00000----0-0--0-----0---0------
---0110-----0----0----10--0110-----0------0---0---------
--000000--------0-0--1-00--00-0----------0-0---0-0------
-01*11*10------0-0-0--1-10---0-0---0--------0---0-------
--000000------0-----0--*-0----0-0-0------0---0------0---
---0110-----------0-----0------0-0--------0--------0-0--
----00--------0--1-00-----------0----------0-0----0-0-0-
-------------0-0--1000----------------------0----0-0-0-0
--------------0-0-00-0--------------------0-------0-0-0-
---------------0-0--0--------------------0-0-------0----
----------------0-----------------------000-0---------0-
---------------------------------------01*00-0-----0-0-0
---------------------------------------000000-----0-0-0-
--------------------------------------0-00*10------0-0-0
---------------------------------------0-000--------0-0-
----------------------------------------0-0----------0--

*** Life<Cell> 25x21 ***

Generation = 0, Population = 23.
--------0--------0---
---------------------
---------------------
---------------------
-0--------------0--0-
----------------0----
---------------------
----0----------------
---------------------
-----------0---------
----------------0----
-------------------0-
---------------------
---------------------
---------------------
----------------0----
---------------------
--------0------------
----------0----------
-------------0----0--
---------------------
----0---------0------
---------0--------0--
--0--0--------0------
--0------------------

Generation = 1, Population = 87.
-------0-0------0-0--
--------0--------0---
---------------------
-0--------------0--0-
0-0------------0100-0
-0-------------010-0-
----0-----------0----
---0-0---------------
----0------0---------
----------0-0---0----
-----------0---0-0-0-
----------------0-0-0
-------------------0-
---------------------
----------------0----
---------------0-0---
--------0-------0----
-------0-00----------
--------00-0-0----0--
----------0-0-0--0-0-
----0--------00---0--
---0-0---0---0-0--0--
--0-00--0-0------0-0-
-0100-0--0---0-0--0--
-010-0--------0------

Generation = 2, Population = 82.
------0-0-0----0-0-0-
---------------------
-0------0-------00-0-
----------------1----
---0----------0--11--
----0---------0---0--
-0--------------1--0-
--0---0----0----0----
----------------0----
----0----0---0-----0-
--------------0---0--
-----------0-----0---
----------------0----
----------------0--0-
---------------------
--------0-----0---0--
----------0----------
------0---1--0--0-0--
--------1---0--------
----0---0--0--100---0
---------00-------1--
-----10-----010-0-1--
--1----0---0----0---0
0--1---0----0-0-0----
0-*-0----0--------0--

Generation = 3, Population = 195.
-----0-----0--0-----0
-0----0---0----00----
0-0----0-0-----0-1--0
-0-0----0-----00*000-
--0----------010-*-0-
-0---0-------0101-1--
0---0-0----0--00*0--0
---0-0-0--0-0--0-0-0-
--0-0-0--0-0-0-010-0-
---0-0--0-0-0---0---0
----0----0-0---0-----
----------0-0-0------
-----------0---01--0-
---------------0100-0
--------0-----0-0-00-
-------0-00--0-0-0-0-
------0-0010-00-0----
-----0-000*0--00---0-
----0-00*00---00--0-0
---0-0-01----0*-1000-
----000--11-00-0-0*00
--0-0*1--00-1-1-1-*00
00---0-10-0-00-0-000-
101---0100------100-0
1-.0-0-00-0-0-0-00-0-
