*** Life<ConwayCell> 87x84 ***

Generation = 0, Population = 78.
....................................................................................
*.............*.....................................................................
....................................................................................
...................*................................................................
....................................................................................
..........................*.........................................................
....................................................................................
....................................................................................
....................................................................................
....................................................................................
....................................................................................
....................................................................................
..........................................*.........................................
................................................................*...................
....................................................................................
..............................................................*.....................
.......................................................*............................
...................*...................................................*.*..........
...........*............................................................*...........
....................................................................................
....................................................................................
............................................................*.......................
....................................................................................
....................................................................................
.................................................................................*..
...................................................*................................
....................................................................................
...................................*................................................
....................................................................................
....................................................................................
......................................................................*.............
....................................................................................
........*...........................................................................
....................................................................................
....................................................................................
....................................................................................
.............................................................................*......
........................*...*................................................*......
.............................................*......................................
.........................*..........................................................
.................................................................................*..
......................................................................*.............
....................................................................................
....................................................................................
....................................................................................
.....................................................*..............................
....................................................................................
....................................................*................*..............
......*.............................................................................
..........................................................................*.........
.......................*............................................................
...............................................*....................................
....................................................................................
...*..................................................................*.............
...........................................*..............*.........................
....................................................................................
...................*................................................................
.............................................*......................................
...............................*....................................................
..............*.....................................................................
.........................................................................*..........
....................................................................................
............................................*.........*....................*........
....................................................................................
........*...........................................................*..*............
...........*....*...................................................................
....................................................................................
*.................................................................................*.
.........*..................................*......*................................
...........*........................................................................
...........................................................*...............*........
...................*................................................................
........................................................*...........................
.........................................*....................................*.....
....................................................................................
....................................................................................
....................................................................................
...................................*................................................
.............*......................................................................
....................................................................................
.........*..................................................*.......................
...*.....*..........................................................................
....................................................................................
.............................................................*...........*..........
........................*........*......................*...........................
.....*..............................................................................
.................................*.................................*..........*.....

Generation = 1, Population = 2.
....................................................................................
....................................................................................
....................................................................................
....................................................................................
....................................................................................
....................................................................................
....................................................................................
....................................................................................
....................................................................................
....................................................................................
....................................................................................
....................................................................................
....................................................................................
....................................................................................
....................................................................................
....................................................................................
....................................................................................
........................................................................*...........
........................................................................*...........
....................................................................................
....................................................................................
....................................................................................
....................................................................................
....................................................................................
....................................................................................
....................................................................................
....................................................................................
....................................................................................
....................................................................................
....................................................................................
....................................................................................
....................................................................................
....................................................................................
....................................................................................
....................................................................................
....................................................................................
....................................................................................
....................................................................................
....................................................................................
....................................................................................
....................................................................................
....................................................................................
....................................................................................
....................................................................................
....................................................................................
....................................................................................
....................................................................................
....................................................................................
....................................................................................
....................................................................................
....................................................................................
....................................................................................
....................................................................................
....................................................................................
....................................................................................
....................................................................................
....................................................................................
....................................................................................
....................................................................................
....................................................................................
....................................................................................
....................................................................................
....................................................................................
....................................................................................
....................................................................................
....................................................................................
....................................................................................
....................................................................................
....................................................................................
....................................................................................
....................................................................................
....................................................................................
....................................................................................
....................................................................................
....................................................................................
....................................................................................
....................................................................................
....................................................................................
....................................................................................
....................................................................................
....................................................................................
....................................................................................
....................................................................................
....................................................................................
....................................................................................
....................................................................................
....................................................................................

Generation = 2, Population = 0.
....................................................................................
....................................................................................
....................................................................................
....................................................................................
....................................................................................
....................................................................................
....................................................................................
....................................................................................
....................................................................................
....................................................................................
....................................................................................
....................................................................................
....................................................................................
....................................................................................
....................................................................................
....................................................................................
....................................................................................
....................................................................................
....................................................................................
....................................................................................
....................................................................................
....................................................................................
....................................................................................
....................................................................................
....................................................................................
....................................................................................
....................................................................................
....................................................................................
....................................................................................
....................................................................................
....................................................................................
....................................................................................
....................................................................................
....................................................................................
....................................................................................
....................................................................................
....................................................................................
....................................................................................
....................................................................................
....................................................................................
....................................................................................
....................................................................................
....................................................................................
....................................................................................
....................................................................................
....................................................................................
....................................................................................
....................................................................................
....................................................................................
....................................................................................
....................................................................................
....................................................................................
....................................................................................
....................................................................................
....................................................................................
....................................................................................
....................................................................................
....................................................................................
....................................................................................
....................................................................................
....................................................................................
....................................................................................
....................................................................................
....................................................................................
....................................................................................
....................................................................................
....................................................................................
....................................................................................
....................................................................................
....................................................................................
....................................................................................
....................................................................................
....................................................................................
....................................................................................
....................................................................................
....................................................................................
....................................................................................
....................................................................................
....................................................................................
....................................................................................
....................................................................................
....................................................................................
....................................................................................
....................................................................................
....................................................................................
....................................................................................
....................................................................................

Generation = 3, Population = 0.
....................................................................................
....................................................................................
....................................................................................
....................................................................................
....................................................................................
....................................................................................
....................................................................................
....................................................................................
....................................................................................
....................................................................................
....................................................................................
....................................................................................
....................................................................................
....................................................................................
....................................................................................
....................................................................................
....................................................................................
....................................................................................
....................................................................................
....................................................................................
....................................................................................
....................................................................................
....................................................................................
....................................................................................
....................................................................................
....................................................................................
....................................................................................
....................................................................................
....................................................................................
....................................................................................
....................................................................................
....................................................................................
....................................................................................
....................................................................................
....................................................................................
....................................................................................
....................................................................................
....................................................................................
....................................................................................
....................................................................................
....................................................................................
....................................................................................
....................................................................................
....................................................................................
....................................................................................
....................................................................................
....................................................................................
....................................................................................
....................................................................................
....................................................................................
....................................................................................
....................................................................................
....................................................................................
....................................................................................
....................................................................................
....................................................................................
....................................................................................
....................................................................................
....................................................................................
....................................................................................
....................................................................................
....................................................................................
....................................................................................
....................................................................................
....................................................................................
....................................................................................
....................................................................................
....................................................................................
....................................................................................
....................................................................................
....................................................................................
....................................................................................
....................................................................................
....................................................................................
....................................................................................
....................................................................................
....................................................................................
....................................................................................
....................................................................................
....................................................................................
....................................................................................
....................................................................................
....................................................................................
....................................................................................
....................................................................................
....................................................................................
....................................................................................

*** Life<ConwayCell> 80x56 ***

Generation = 0, Population = 86.
........................................................
........................................................
.....................................................*..
...........*........................................*...
..........................*........*............*.......
....................................................*...
........................................................
........................................................
........................................................
................................*..*....................
........................................*...............
.......*.....................................*..........
....................................*....*..............
...............................*........................
........................................................
........................................................
...*....*...............................................
........................................................
................................*..........*............
........................................................
........................................................
..............*.........................................
........................*...............................
......*.................................................
......................*.................................
..........*...*.........................................
..................................................*.....
........................................................
..........*..........*..................................
........................................................
...............*...*.....................*..............
........................................................
........................................................
...........................................*............
....*...................................................
........................................................
................*..*.................................*..
.....................*......*...........................
........................................................
...........................*............................
..............*.........................................
.....................*....*.............................
........................................................
........................................................
........................................................
...*....................................................
........................................................
...................................................*....
*.................................................*.....
........................................................
...............*.............*...*......................
....*..........................................*...*....
.......*................................................
........................................................
.....................................................*..
.........................*............................*.
............*...........................................
........................................................
..*..........*..........................................
....*....................*................*.............
............................................*....*......
.......................................*................
............*...........................................
...........................**...........................
.................................*............*.........
........................................................
............................................*.*.........
....**................*.........*.......................
.................*...**.....................*...........
........................................................
....................*...................................
................*...................................*...
........................................................
........................................................
........................................................
..........................................*.............
.....................................................*..
.........................................*..............
........................................................
........................................................

Generation = 1, Population = 7.
........................................................
........................................................
........................................................
........................................................
........................................................
........................................................
........................................................
........................................................
........................................................
........................................................
........................................................
........................................................
........................................................
........................................................
........................................................
........................................................
........................................................
........................................................
........................................................
........................................................
........................................................
........................................................
........................................................
........................................................
........................................................
........................................................
........................................................
........................................................
........................................................
........................................................
........................................................
........................................................
........................................................
........................................................
........................................................
........................................................
........................................................
........................................................
........................................................
........................................................
........................................................
........................................................
........................................................
........................................................
........................................................
........................................................
........................................................
........................................................
........................................................
........................................................
........................................................
........................................................
........................................................
........................................................
........................................................
........................................................
........................................................
........................................................
........................................................
........................................................
........................................................
........................................................
........................................................
........................................................
........................................................
.............................................*..........
........................................................
.....................**......................*..........
.....................**.................................
.....................*..................................
........................................................
........................................................
........................................................
........................................................
........................................................
........................................................
........................................................
........................................................
........................................................
........................................................

Generation = 2, Population = 5.
........................................................
........................................................
........................................................
........................................................
........................................................
........................................................
........................................................
........................................................
........................................................
........................................................
........................................................
........................................................
........................................................
........................................................
........................................................
........................................................
........................................................
........................................................
........................................................
........................................................
........................................................
........................................................
........................................................
........................................................
........................................................
........................................................
........................................................
........................................................
........................................................
........................................................
........................................................
........................................................
........................................................
........................................................
........................................................
........................................................
........................................................
........................................................
........................................................
........................................................
........................................................
........................................................
........................................................
........................................................
........................................................
........................................................
........................................................
........................................................
........................................................
........................................................
........................................................
........................................................
........................................................
........................................................
........................................................
........................................................
........................................................
........................................................
........................................................
........................................................
........................................................
........................................................
........................................................
........................................................
........................................................
........................................................
........................................................
.....................**.................................
....................*...................................
.....................**.................................
........................................................
........................................................
........................................................
........................................................
........................................................
........................................................
........................................................
........................................................
........................................................
........................................................

Generation = 3, Population = 3.
........................................................
........................................................
........................................................
........................................................
........................................................
........................................................
........................................................
........................................................
........................................................
........................................................
........................................................
........................................................
........................................................
........................................................
........................................................
........................................................
........................................................
........................................................
........................................................
........................................................
........................................................
........................................................
........................................................
........................................................
........................................................
........................................................
........................................................
........................................................
........................................................
........................................................
........................................................
........................................................
........................................................
........................................................
........................................................
........................................................
........................................................
........................................................
........................................................
........................................................
........................................................
........................................................
........................................................
........................................................
........................................................
........................................................
........................................................
........................................................
........................................................
........................................................
........................................................
........................................................
........................................................
........................................................
........................................................
........................................................
........................................................
........................................................
........................................................
........................................................
........................................................
........................................................
........................................................
........................................................
........................................................
........................................................
........................................................
.....................*..................................
....................*...................................
.....................*..................................
........................................................
........................................................
........................................................
........................................................
........................................................
........................................................
........................................................
........................................................
........................................................
........................................................

*** Life<ConwayCell> 25x21 ***

Generation = 0, Population = 23.
........*........*...
.....................
.....................
.....................
.*..............*..*.
................*....
.....................
....*................
.....................
...........*.........
................*....
...................*.
.....................
.....................
.....................
................*....
.....................
........*............
..........*..........
.............*....*..
.....................
....*.........*......
.........*........*..
..*..*........*......
..*..................

Generation = 1, Population = 0.
.....................
.....................
.....................
.....................
.....................
.....................
.....................
.....................
.....................
.....................
.....................
.....................
.....................
.....................
.....................
.....................
.....................
.....................
.....................
.....................
.....................
.....................
.....................
.....................
.....................

Generation = 2, Population = 0.
.....................
.....................
.....................
.....................
.....................
.....................
.....................
.....................
.....................
.....................
.....................
.....................
.....................
.....................
.....................
.....................
.....................
.....................
.....................
.....................
.....................
.....................
.....................
.....................
.....................

Generation = 3, Population = 0.
.....................
.....................
.....................
.....................
.....................
.....................
.....................
.....................
.....................
.....................
.....................
.....................
.....................
.....................
.....................
.....................
.....................
.....................
.....................
.....................
.....................
.....................
.....................
.....................
.....................
