*** Life<FredkinCell> 10x6 ***

Generation = 0, Population = 11.
-0----
-----0
--0-0-
-----0
------
-0---0
---0--
0--0--
------
--0---

Generation = 10, Population = 30.
2--36-
21040-
2-1-41
-60-1-
--5---
42--1-
-43-2-
0--42-
---3--
0--432

Generation = 20, Population = 34.
84----
5---23
--3-64
5836-2
-76325
6--55-
46-2--
--483-
-135-5
4-54--

Generation = 30, Population = 22.
-8----
+4-6--
---2-5
---8-4
----4-
-----9
--8--6
-9-8-3
4-4+8-
-66-8-

*** Life<FredkinCell> 8x10 ***

Generation = 0, Population = 11.
---00-----
----------
----0---00
--0-------
-----0----
--0-------
-0--------
-------00-

Generation = 2, Population = 36.
-012-10-00
--0-------
--1101-1-2
0-0-1-----
-0-01--000
0-0-0--00-
---0-0----
--0--01221

Generation = 4, Population = 31.
1---13-0-2
--0-------
11-1-3-1--
0-----001-
-0-23----2
0-----100-
----12--01
---01---23

Generation = 6, Population = 39.
12--351--2
----1-000-
--31-3---2
----20-2-0
1-0-510-2-
--01-0-00-
-00-1-----
0012101---

Generation = 8, Population = 29.
-434----12
--1----02-
1-5315--1-
----2-----
-0--51-042
--2-1-----
---0-4--2-
2---30----

Generation = 10, Population = 31.
---6--10--
1----11--0
-25-------
--2-2-132-
2---73----
--2-322---
---02-1-22
--22-032--

*** Life<FredkinCell> 9x8 ***

Generation = 0, Population = 23.
0-0--0--
--0-----
---0000-
0---0--0
00---0--
-0---0--
----0-0-
00------
0----00-

Generation = 5, Population = 33.
0--100--
21----2-
--0--1--
2----2-1
-0------
-32-12-2
-11-3--0
132--402
-00-05-2

Generation = 10, Population = 34.
3-221520
----2---
----26--
30024-3-
-3222-16
-62--4--
---2---1
4-4-4-2-
2--1--3-

Generation = 15, Population = 41.
3-7-4543
662-5-2-
154---7-
5---646-
1824541-
5---451-
5----0--
-452-44-
3-1-5-6-

Generation = 20, Population = 32.
4---4-7-
874---2-
--5-3---
84--7-8-
2---7-2-
-6634-2-
--6-7013
59---5-5
3------6

Generation = 25, Population = 26.
---2----
----+6-1
-7----8-
--45-6-6
78--752-
---4----
-38--324
--85--7-
-1--8---

Generation = 30, Population = 30.
6--2-9--
-94-+---
-----+8-
-76679--
--2-++-+
-894--4-
+------6
8+--8--5
-3--9-8-

*** Life<FredkinCell> 6x5 ***

Generation = 0, Population = 17.
0000-
-0-00
00-0-
--0-0
---0-
0000-

Generation = 10, Population = 21.
-54--
02334
2--6-
20041
-422-
6153-

Generation = 20, Population = 12.
--6--
--6-+
-7--2
-----
-7245
-487-

*** Life<FredkinCell> 8x7 ***

Generation = 0, Population = 23.
--000--
-0-----
000----
-----00
----000
-0-0-0-
--000-0
--000-0

Generation = 5, Population = 35.
12502-1
0---0-1
2-2-1--
0-0203-
340-1-3
032-11-
1--200-
--233-5

Generation = 10, Population = 29.
125-2-6
1333--2
----2--
-325-54
655-33-
---34--
--153--
---6-05

Generation = 15, Population = 29.
--6221-
1-54153
---42--
1-58-6-
--50337
----55-
---730-
--48-1-

Generation = 20, Population = 23.
------9
-5-5-86
--652--
--5-3-8
---3438
--4-78-
56-7-18
-------

Generation = 25, Population = 31.
-5--7--
-6-8-+7
4-782--
-68+69-
+--5-6-
--4-794
8-6763+
249----

Generation = 30, Population = 29.
8+87---
1-9+1+-
-57---6
-8--7-+
-++----
5-76++5
++----+
-5+--+-

Generation = 35, Population = 25.
++-----
29-+3-+
--79--9
4-++8-+
-++----
7-8--+-
-+-9---
--++--+

*** Life<FredkinCell> 14x15 ***

Generation = 0, Population = 42.
---------------
---------0-----
--0-00----0-0--
--0---0--0---0-
0-0---------00-
0--------0---0-
00-----0----00-
-------0-----0-
-0---0---------
0----0-----0--0
-----0-0-------
-------00-000--
------------0-0
-0---0-----0---

Generation = 8, Population = 91.
2----4-0----11-
-1---4---1-0--1
232--1-2----3--
102-22241--10-0
--3-1-1-221---3
------3-0--2-0-
----3-0-3-2----
-0-------2-1---
-1---4---2--413
-0-1---5112-31-
-11-0--8--1-43-
---2125--01-35-
020-020-1-7-21-
12-2-4-3---0-1-

Generation = 16, Population = 55.
------------6-1
-7---6-35-1-0--
-----2-5----7-3
2----4-93-5-0-6
-6-----3-------
6----4-2---5-24
3----1-1----87-
6------8-6-----
-53----5-------
3-5---0--------
2---27----2--6-
--5---5------6-
--4-23----9-5--
---------4-----

*** Life<FredkinCell> 12x11 ***

Generation = 0, Population = 31.
000---0--00
0---0--0---
-----------
---0-00-0--
00---0---0-
------0-0--
-----0-----
0-----0----
-0-------00
-------0---
--0------00
-0-0-------

Generation = 10, Population = 75.
-244--321-3
3--510--222
4---15-0--5
5-0-13211-1
-21-33--42-
-3--32322-2
-10----2-0-
-21042-6-0-
-3222--1233
3-1-3--111-
-2-1--1-222
----1-12-0-

*** Life<FredkinCell> 15x15 ***

Generation = 0, Population = 45.
---------------
0-0--00------0-
-------0-00-00-
---0----0---0--
------0---0--00
----------00---
-----------0-0-
0------0-00----
--0----------00
000----0-----0-
-0---00--------
-00-----------0
--0------------
-0-0-----0-----
0---------0----

Generation = 9, Population = 112.
-01120230333022
-2---------4-3-
0-----3125-02-1
----2-0-21-----
-20---2--6513-4
240005---2-----
20---31-----4--
161-134-343-150
32---1--1---2--
341-53---2-1---
--611-2--1--424
-31-2-5-02--43-
-340-3-0-----6-
-165131-032-00-
0-00---0---21--

Generation = 18, Population = 0.
---------------
---------------
---------------
---------------
---------------
---------------
---------------
---------------
---------------
---------------
---------------
---------------
---------------
---------------
---------------

*** Life<FredkinCell> 10x15 ***

Generation = 0, Population = 44.
-0---0---0----0
--0----0-----00
00--0--0-0-----
--0------------
-0000-0-0------
--0--0-----0-0-
----------0-0--
----00-0---00--
00---000-000---
-00---00--0----

Generation = 6, Population = 85.
-03-20-3----0--
-120-131-0223--
------134232--1
3---4--3110-2-1
-221430--200--3
2-410--21-1-3--
43-0-003031-20-
1-01---1-1--1-4
41010----1210-2
0---01--02601--

Generation = 12, Population = 67.
-0-26-153--0411
136------15--43
-15-2---56-22--
3-2-8---2--34--
346-563---0--14
--4--1-3---0-1-
---2320-2-1----
-41----2--3-31-
---3--31-3-5--3
-3-2-----5-1--3

Generation = 18, Population = 65.
7-------5--3--2
339293-6-------
-----7-36-5--56
-2-0-43---5-5-2
4---68-2---25--
43830-2--170---
--2----4--2-51-
37-623---2--7--
---6-6--07--7--
--530--3-7-2375

*** Life<FredkinCell> 15x11 ***

Generation = 0, Population = 43.
------0----
-------00-0
-0---0--0-0
------0----
0------0---
--0-0---0--
---0-----0-
--0-0------
---0---0--0
----------0
0--0------0
0----0-0--0
-----0-000-
000--0-0--0
00----0---0

Generation = 9, Population = 66.
40------2--
--001----2-
-----3-330-
0-10---3-0-
053-20-02--
-12-21--1--
-----2--12-
--1-1--4---
-42-1-2--2-
-11155-41--
245-1-2--6-
-4----1---3
32---3-----
0-------12-
-2---15-22-

Generation = 18, Population = 77.
93--46--4-6
5----47--4-
8-------5--
4-3---33--5
2-62-1--223
2-3-5-5----
-63215151--
--7-6------
5----4--32-
652-7--832-
-4-38-6-882
36056-5--3-
--0-3------
575-65--3--
--418-922--

*** Life<FredkinCell> 12x11 ***

Generation = 0, Population = 20.
---0---00--
---0-------
--0-00-----
-----------
0----0-0---
---0-------
----0-----0
0----0-----
-0-0-------
--0--------
--------0--
-------0---

Generation = 4, Population = 45.
1-12------2
-------0---
-0-04-10-10
1----1-----
--111--002-
--00---0---
3-0-020-2--
-11-1--2-0-
00---------
0--1--10---
--------0--
0-00-0-----

Generation = 8, Population = 52.
31--2-13--4
--1--------
200-64-112-
-------0---
-01-301104-
-------2---
---22--1--2
-21---1-02-
-0-4-1-111-
2--113----1
2-0--03---0
---4---1---

Generation = 12, Population = 79.
-2-423----4
1-2---11---
602-----1-1
-020--0-10-
2-2--0---61
3-6-05----1
55-64---404
22316-3--3-
-236-53-310
60211-34-2-
-001-050214
311-4121101

Generation = 16, Population = 49.
82----274--
3--3-3-2---
-44------62
---4---1---
34---12--6-
--81-------
-507-4----4
23-1-25-43-
----66-4411
---22-----5
---1-25-6--
---7---3---

Generation = 20, Population = 67.
9439--3---4
52-403---5-
-666-652-+6
60---20120-
76---33--8-
----352---3
7618--53--4
-------2---
---86----31
7-3---7----
----0-71725
54-86333323

Generation = 24, Population = 55.
-63+45--6--
-3450-54170
9-86----3-7
---7---3---
873---5--+1
3--159----7
9-1----3--6
----7-----2
-6-----8---
-1-24-96249
-2---49-8--
--1+-------

*** Life<FredkinCell> 10x10 ***

Generation = 0, Population = 32.
00-0-0-000
0-00------
----------
0--0-0-0-0
----0--0--
0--0-0-0-0
0-0-0-0---
---00-----
-0--------
--0-0----0

Generation = 7, Population = 56.
2142-2-512
3342----24
23--5-2123
----0-130-
-11---0000
2--20--3-3
1-10--0---
-123--313-
10--5--2-2
-0-232-3--

Generation = 14, Population = 50.
4575-3---2
-56-5-1--7
---2-274--
-3-1-2---3
165-17-23-
4-5-3--8-5
----334-6-
-24-32----
-22-8-1714
-21-7-1---
