*** Life<Cell> 7x19 ***

Generation = 0, Population = 23.
-------0-----------
--------0-----0--0-
------------0-0--0-
------------0-----0
---0------0----0---
00-------000-0---0-
-------0--00----0--

Generation = 5, Population = 59.
00--0---0-1*1-*--*-
1100-0-0-10*-0-*-.-
00--0--0--00*-**-*-
------0-1-*.*.-0-00
-.--00---0.--..0.-0
.-.1--*.1.11----0-*
----00---1**1.-111*

Generation = 10, Population = 63.
----0-1-1-...-.-**0
.1--1-*1*.*..-1.*..
-101*01--01***....1
*..-.1*-1.*..*1*1.-
*.-.*.10--.--*...11
**...-..1*-*0*-..1.
01-.*-10******1..*.

Generation = 15, Population = 40.
.*-1*1.0...****0..-
..*.-.*-...........
*..-.-*1-.-.....*.1
*....1.*.......*..-
**-**.**-1*.0......
*..*.-...*..-...*.*
-**..1.*.........*.

Generation = 20, Population = 47.
..-.*..0.......1..-
..**.****.....**...
...-.-**0.1..**...-
..*..-*...**..*...0
**1*.**.1-*..*.....
*......*.**.**.....
-*********.........

*** Life<Cell> 10x15 ***

Generation = 0, Population = 41.
--00--0-0-0--00
0-0---0---0--0-
--0------0-----
------000-00-0-
0--0-----0-----
---0---0---00--
---0----------0
-----0--0---0-0
----------0--00
0-0--0----0--0-

Generation = 3, Population = 75.
**0.-----11-011
0-1-0-.**-.-*.-
00*010--1-**0-1
*0-*1-1---1--0-
--0*0-0----1-0-
0-0-01--0--..-0
--0.--0001----1
10-00-*00---0*0
---1-00--01-0-0
-00-*00--0*--.1

Generation = 6, Population = 66.
.*-*-***-**---.
0--*10...0.0..1
-...-.0-.1..--*
*--*.1.---..011
110*--1---1*-*-
--0-1.-0.-1..--
1-..--0*-.010-1
*-01.-..0-..1*1
-11.1111*11*101
-1-*..-*--.--*.

Generation = 9, Population = 73.
..-*0***-..-01.
-1***1.*.0.0.**
-.**1*-*.*..***
.1-**1.1--**-.1
-*..*11*-0**-.-
--.--.*-.--..-1
**..01.*1*--01.
*11..1..1-.*...
--*..--.**-..01
**1***-.1-*-*..

Generation = 12, Population = 54.
..-.-.**-*.*1-.
**.......-*-...
*.**1*1..***...
*.-....*.*..-*.
*......**.*.-*1
01.*-..-.1-.*-1
*....1.*****-..
..-.....-0*...*
01...--.**1*...
..*...0...**..*

Generation = 15, Population = 51.
.*-*-.*****.*..
*.*.****.-.-*..
**..1..*.......
*.1...**....-..
*.....**...*1.1
....-..-.*-...*
.*...-.*.****.*
.*-*..**.**.**.
1.*..--..*1....
.*....-........

Generation = 18, Population = 44.
.*-*-...***....
*.*.**.........
*..**.**.......
.*-.......*..*.
....*.....*.*..
....1*.-..-.*.*
..**.-........*
..**.*.*...*...
-****-**..-***.
.....*1*.......

Generation = 21, Population = 41.
.****....*.....
.*****...*.....
.....*..**.....
..1....*.......
......**..*.*..
....1..1.*..*..
.....-...*.....
**...***.......
*....1..***..*.
*...****.......

*** Life<Cell> 12x13 ***

Generation = 0, Population = 44.
-----------0-
0--00---0----
--0--0-0--00-
0---00-------
-00-0----0000
0------0----0
--------0---0
-----00-0----
--0-----000--
-00-----0----
0----0----0-0
0-00----0---0

Generation = 3, Population = 83.
---0-----1-0-
-*0-*0--00-0-
-*-1-*011-*10
--001-*01000*
*1-1.1100.-0-
0--0*1*--**01
-10--0--*-0-1
11--*1.-00--*
00--1***1-1*1
01-0-------0*
.00*0-------1
.-**--1--0---

Generation = 6, Population = 74.
0--0-0101***-
0**-*1-1--1-1
**-*0....*.10
*01-.1.0*-.-.
.*-**-*-0.*10
.--0.-.-*..*1
-1----**.1--1
-*-0.*.1-*.-.
*111*..*10...
1.0--*--.---.
.1..1--111--.
.0..1.-**10-.

Generation = 9, Population = 57.
**---11*-.*.-
*.*1*--*-*.0*
..-.-.*.....-
.-.-.-.-.0*-.
..1..1.1-*..-
.1...-.0**...
...11-*.**11.
-.*-**.-***1.
......**1-*..
..---.--.000.
**...---.11-.
**....1*.*1*.
