*** Life<ConwayCell> 4x20 ***

Generation = 0, Population = 16.
.**.....*....*..*...
*...*...............
....*.*....***.....*
.........**..*......

Generation = 3, Population = 11.
...*................
............***.....
...*......**.**.....
.............**.....

Generation = 6, Population = 9.
...........*..*.....
...........*..*.....
...........*...*....
............***.....

Generation = 9, Population = 11.
..........***.......
..........*.*.**....
..........*....*....
.............**.....

Generation = 12, Population = 8.
.........***........
............*.......
.........***........
...........*........

*** Life<ConwayCell> 8x10 ***

Generation = 0, Population = 31.
**.**.....
.*.***..*.
*......*..
.***.....*
....***.*.
*...*..*..
*.*...*..*
.**..***..

Generation = 2, Population = 19.
**........
.*........
*.......*.
*........*
*........*
*........*
*....*..*.
.***..**..

Generation = 4, Population = 18.
**........
..*.......
..*.......
..*.....**
..*....*..
..*.......
*.*...*..*
.**...*.*.

Generation = 6, Population = 8.
..........
...*......
..........
*...*.....
....*.....
....*.....
..........
.***......

Generation = 8, Population = 7.
..........
..........
..........
....*.....
....*.....
..*.......
..**......
..**......

Generation = 10, Population = 4.
..........
..........
..........
..........
..........
..*.......
.*.*......
..*.......

Generation = 12, Population = 4.
..........
..........
..........
..........
..........
..*.......
.*.*......
..*.......

Generation = 14, Population = 4.
..........
..........
..........
..........
..........
..*.......
.*.*......
..*.......
