*** Life<FredkinCell> 10x10 ***

Generation = 0, Population = 26.
----------
----------
--00---0--
0---0-----
-0-00-----
0000-0----
-00----0-0
--------00
---00--00-
--00-0----

Generation = 3, Population = 49.
0011--0-0-
1000-0-0-0
2--3-00-0-
-12----0--
01--01---1
-1----021-
1101---021
--000-1-0-
--0-1-----
1-3--00--1

Generation = 6, Population = 48.
--2--0-0-0
21---1-1-0
52-----10-
-15--1----
34-0-401-1
22-0--1--3
--12-2-1--
01---01-1-
--02-013--
-1-0-3-111

Generation = 9, Population = 56.
----21-113
32-102--0-
5514-1--1-
--6-4-10-0
3513-512-2
2-21-2----
---313-223
1--1--1210
-3---32-3-
--5-141-14

Generation = 12, Population = 49.
---2--0--6
4331--21-2
-6------4-
246--4-101
-5-335-315
5-2----635
-3-4-3135-
----12-51-
-3-43-53--
----4-12--

Generation = 15, Population = 55.
1-2--3-427
--3-------
-72615-3--
359-57-111
-82-363--6
64-2-349--
343--4---3
---5----2-
13356-5634
-16-7--217

Generation = 18, Population = 52.
23-43-35--
--412623-6
57--2514--
6--3----11
3----6-7-7
6-2--6-+--
45--4--5--
2----2-752
----65-945
-2-28812-8

Generation = 21, Population = 52.
5--44---4-
667-2-3-17
6+-8-6--7-
6-+--923--
-94-3----8
653-2----7
-6-7-83-75
-3-735-8-3
-6687---56
42---9-2--

Generation = 24, Population = 58.
854---3-5+
9-+-3--4--
7-2--9-5+2
-5-47-3623
3-786---19
96-2-7-+47
--5+59-588
-4--66--64
-779----8-
52--++13--

Generation = 27, Population = 54.
8----63--+
9--3---7--
8-5-2-3-+2
7-+47--9-6
--89-----+
-943-+-+4-
5-8+-+55--
3-6+7-4894
5-------+7
6265++-429

Generation = 30, Population = 54.
--484-457-
9-+448-8--
9+----4-+3
-5+-8+5+4-
7-9-673+--
++4--+5-7-
889---6---
--6---4--5
597--9-+-+
----++25-9

*** Life<FredkinCell> 5x15 ***

Generation = 0, Population = 25.
-0-0------0----
--------000----
0-0---0000---0-
0-00---0-------
-0-000--00-0-0-

Generation = 1, Population = 33.
0---0---0-10---
0000--0--1-0-0-
1-1--0111---0-0
10---0-10--0---
--0--10-11----0

Generation = 2, Population = 37.
1-0--000-02-00-
1-11--1-0-010--
--2-0-22---0-0-
-10-0---1-0----
0--00-10-200-0-

Generation = 3, Population = 41.
2-1-011101-0-10
2-22-----1-2-0-
1--01--31-010-0
-2-0-0-1-010---
---1--211311--0

Generation = 4, Population = 35.
3-201------1--1
----001-020-010
2--12-2-2---10-
----0-0----1---
-0020-32-42-00-

Generation = 5, Population = 34.
--3---1-01----2
--221-----12-2-
-02230--3-0----
1200----10--0--
01-----3-531110

Generation = 6, Population = 30.
-04-11--12-1---
--33--1----3---
----4123401-10-
--1--0----1-1-0
---2--3-1---2-1

Generation = 7, Population = 34.
31-022-123-20--
---4102----4-2-
----523----1-1-
-2---101--2--01
----0----5313-2

Generation = 8, Population = 37.
42--3-12-4--1--
203-----021-030
-0----4----2---
1-1-0-121-31---
-1-2--33164-413

Generation = 9, Population = 40.
---0--2325-22-2
--441---1324--1
212-525--013-10
---0--23-0---01
--0--1-42--15-4

Generation = 10, Population = 31.
---1-23-3-2-3-3
2--5------35---
3--------12---1
121--1--11----2
-1--0-3-3-42615
