*** Life<ConwayCell> 14x14 ***

Generation = 0, Population = 44.
..............
.***..........
.***.***......
.**.*.........
.....***......
.**...*.......
.******.......
.***..*...*...
....*......*..
.**.....****..
....*.........
..............
...*..........
..*...***.*...

Generation = 1, Population = 30.
..*...........
.*.**.*.......
*....**.......
.*..*.........
...*.***......
.*............
*...*.**......
.*....*.......
...........*..
...*.....***..
.........**...
..............
.......*......
.......*......

Generation = 2, Population = 32.
..**..........
.****.*.......
****..*.......
....*..*......
..*.***.......
....*.........
**...***......
.....***......
...........*..
.........*.*..
.........*.*..
..............
..............
..............

Generation = 3, Population = 24.
.*..*.........
*...**........
*.....**......
....*..*......
....*.*.......
.*.**..*......
....*..*......
.....*.*......
......*...*...
...........**.
..............
..............
..............
..............

Generation = 4, Population = 28.
....**........
**..***.......
....*.**......
.......*......
....*.**......
...**.**......
...***.**.....
.....*.*......
......*....*..
...........*..
..............
..............
..............
..............

Generation = 5, Population = 16.
....*.*.......
...*...*......
....*..*......
........*.....
...**...*.....
..............
...*....*.....
.....*.**.....
......*.......
..............
..............
..............
..............
..............

Generation = 6, Population = 20.
..............
...*****......
.......**.....
...**..**.....
..............
...**.........
.......**.....
......***.....
......**......
..............
..............
..............
..............
..............

Generation = 7, Population = 14.
....***.......
....*****.....
..............
.......**.....
..............
..............
......*.*.....
..............
......*.*.....
..............
..............
..............
..............
..............

Generation = 8, Population = 4.
....*.........
....*..*......
.....*........
..............
..............
..............
..............
..............
..............
..............
..............
..............
..............
..............

Generation = 9, Population = 2.
..............
....**........
..............
..............
..............
..............
..............
..............
..............
..............
..............
..............
..............
..............

Generation = 10, Population = 0.
..............
..............
..............
..............
..............
..............
..............
..............
..............
..............
..............
..............
..............
..............
