*** Life<FredkinCell> 14x14 ***

Generation = 0, Population = 44.
--------------
-000----------
-000-000------
-00-0---------
-----000------
-00---0-------
-000000-------
-000--0---0---
----0------0--
-00-----0000--
----0---------
--------------
---0----------
--0---000-0---

Generation = 1, Population = 71.
-000----------
0-1-0000------
01--01-10-----
0--0-0--------
-----1110-----
0---00--------
01-1--10--0---
0-1-0-10-0----
-----00-00010-
0110---01---0-
-000-0--0000--
---00---------
----0-000-0---
-0---01-1--0--

Generation = 2, Population = 79.
-111-000------
1-20-1--------
12---20-10----
1-0-0---------
---0-2--10----
1---1-0-0-0---
120-0---0--0--
10-0-02-01000-
-0-0-1---1---0
122-0--120-010
--110-0----1--
-0----00-0-0--
-0--10--------
0-0--1-020--0-

Generation = 3, Population = 85.
-22----10-----
2-----0000----
2300--1-210---
20-0-00-------
-------1-1----
2-0-20---0----
23111--0--01--
-1110-3--2-11-
0-0102-00---01
23--1--2------
00----100-0--0
01-0---1---10-
-1-02---0--00-
-0-0-2-1-100-0

Generation = 4, Population = 80.
-331----------
30-0-1-1------
34--0--1-210--
--01-1--0-0---
-0000----20---
3010-10-01-0--
-4-22---001---
1---10-0--0---
1--2-30-1----2
3---2---2-0-1-
1111002-1-----
-2-1---20-----
---13--0---1--
01-10---22--0-

Generation = 5, Population = 89.
----00-1------
-1210--20000--
---0-21223210-
20----0-------
----121-1-----
4-21-21--2--0-
251--01--1----
2--1--3-0-11-0
-00---1021----
--2030-2------
-2-21-30-00-0-
-30-00---0-1--
0-02-001000---
12---2--330--0

Generation = 6, Population = 106.
-33--1-2-000--
32-2-1-3111---
3--10323343210
310101---0000-
-00-232-----0-
50-22320-300-0
3--22-20-2-100
311-1--01-22--
-1-20--132-1-2
-3-141----0-1-
13--2-4---11-0
------0-------
1--331--1----0
-3-103---4-00-

Generation = 7, Population = 92.
--4-02-30-110-
--230-042-2000
-4-21--44--321
-212-200--111-
01--3------01-
--2--4-------1
-5--30-103-2--
-22--0-1--33--
--0-1-1-43-20-
-----2-22-1--0
2-1-3050-0-20-
-3-1--120-01--
--0-4--1---1--
----1-1----11-

Generation = 8, Population = 90.
-351-30----2--
---4111-3-----
35-3--25-434--
-3---3---02-2-
1-0--321------
50-2252003----
361241---41300
3--111321244--
--1------4--1-
3---43-----01-
-3-24161----1-
----0---1012--
---35102------
--012-----0-20

Generation = 9, Population = 98.
04--0--30-1-0-
3--5-224--2---
4--4-3-64-45--
34-2040-0--1-0
2----43---0-1-
6---3-31---001
47---22-0524-1
4-2-22----5-10
-1----11-5-222
--2----2-01120
---3-2-2-01220
-3-1-0-22--3--
-------3-0-100
-312--11-4--31

Generation = 10, Population = 86.
-55-----1-2--0
--261--531--0-
--0-1-------21
45-----010222-
---03-4-12--20
---2--42-30-1-
58--4--11-3---
5---3-32126--1
--1-1-2--6---3
-----3---12--1
-3-4-3--1-2-3-
0--2-1-330--0-
--0--1--11--1-
14-3232--50---
