*** Life<Cell> 14x14 ***

Generation = 0, Population = 44.
--------------
-000----------
-000-000------
-00-0---------
-----000------
-00---0-------
-000000-------
-000--0---0---
----0------0--
-00-----0000--
----0---------
--------------
---0----------
--0---000-0---

Generation = 1, Population = 71.
-000----------
0-1-0000------
01--01-10-----
0--0-0--------
-----1110-----
0---00--------
01-1--10--0---
0-1-0-10-0----
-----00-00010-
0110---01---0-
-000-0--0000--
---00---------
----0-000-0---
-0---01-1--0--

Generation = 2, Population = 79.
-111-000------
1-*0-1--------
1*---*0-10----
1-0-0---------
---0-*--10----
1---1-0-0-0---
1*0-0---0--0--
10-0-0*-01000-
-0-0-1---1---0
1**-0--1*0-010
--110-0----1--
-0----00-0-0--
-0--10--------
0-0--1-0*0--0-

Generation = 3, Population = 86.
-**----10-----
*-.---0000----
*.00-*1-*10---
*0-0-00-------
-----*-1-1----
*-0-*0---0----
*.111--0--01--
-1110-*--*-11-
0-010*-00---01
*..-1--**-----
00----100-0--0
01-0---1---10-
-1-0*---0--00-
-0-0-*-1*100-0

Generation = 4, Population = 78.
-*.1----------
*-.0---1------
*.1--.*1.*10--
*101-1--0-0---
-000-.1--*0---
.-10.-0-01-0--
*.***---001---
1*--10*0-*0---
10-*-.0------*
*.*-*--..00-1-
1-1100*-------
-*-1---*0-----
---1.--01--1--
01-10.-**---0-

Generation = 5, Population = 80.
-.**0--1------
*-.10--*0000--
*.*0-.*-.**10-
**----0-------
---10**11.----
.-*1.01--*--0-
*....---------
*.-1--*10.-1-0
*-0*0.1------.
*..-.--..11---
*0-*1-*-000-0-
-*0--0-.-0-1--
0-0-.-01*00---
1*--1.1**1---0

Generation = 6, Population = 91.
0.*.-00*-000--
.0.*-1-*-11---
*.*--**-...*10
**--0---00000-
00---..-*.--0-
.0*-.----.00-0
.****0-000-100
*.-*-0*-1.0---
*-1*1**-0101-.
*..-.--**--01-
*-1**0.-1--1-0
0.----0.0-----
1-11.--*.-1--0
-*-1-*-..---0-

Generation = 7, Population = 87.
-**.0--*--110-
*-.*---*---000
*.*--**-....*1
..-1--00---11-
-1--0..1*.-01-
.1.-*0-0-.1--1
*....-1111----
*.1.-1.1-.1110
*-**-..01-1--.
*..-.--..--1*-
*-***1*--00*0-
-.--0--.1001--
*1*-*0-*.0-1--
-*0*-.1..-00--

Generation = 8, Population = 93.
-***-00.00**--
*-.*-1-*0-----
.**00*.1.....-
.*--------0-*-
0*0-1..**.----
**.1*11-0.----
*...*0*--*110-
*.**1-.-1.---1
*-**1.*-*-*1-*
*..-.00**11-*0
.-.**-.0--1.-0
-.---00**-1*--
**.1*10*.1--0-
-.1*-*-..-1-0-

Generation = 9, Population = 93.
-***--1.--*.0-
*0..0-0.--10--
**.1-*.**....-
..01-1--00--.0
-.11*.****0-1-
...*.*-01.100-
*....1*11*--1-
*.*.*-*1*.---*
*-*.-.*0.1**0*
.**-.11..-*1.1
.-..*1.-1--.-1
0.--0-1..0-*-0
.*.-.-1..-1-10
1***1*-..---10

Generation = 10, Population = 82.
-***-0*.-0*.-0
.1..-11.01-1--
*..*0*.**.*..1
..-*0*-01---.-
-.--......-0*-
..**..-1*.--11
.*.*.-.--.--*-
*..*.1.-..111*
*0*.1..-.*..-*
.**0*--.*-.-.-
.0.**-.0--1*0-
-.-110**.-1*0-
...1.-*..--1-1
****-*-..-10--
