*** Life<FredkinCell> 10x10 ***

Generation = 0, Population = 41.
0000--0-0-
-000-00--0
0--00---0-
00-0-----0
-00000-0--
---0------
--------00
0-00000--0
----------
0---0-000-

Generation = 10, Population = 58.
3----331-0
-2--0-2--3
-4-53--514
1-08033-03
46-1---2-0
-315--33-5
11--43-2-2
---23--5-5
1-41-5345-
4-248--020

Generation = 20, Population = 46.
74-5------
53-+4-----
7-7-4-3-2-
--38-6-63-
-+-23---41
7727--884-
-5-1-5----
31-7------
-375-87-54
-0--+-7-5-

Generation = 30, Population = 56.
+--+----36
--6+-+-64-
+9+8+--96+
7--9-6---8
-++--65-9-
--2-9-++-9
-8--9859-5
6667-79-6-
-5--8+-99-
+--9+-+586

Generation = 40, Population = 42.
+6-+6++-5-
+-----+--6
+---+-----
-67-+-+---
+--96-----
+---+-++8+
-9---+5-9+
---+-9--7+
---9-+-++-
--7+-6+---

Generation = 50, Population = 49.
--9--++-8-
-8-+++--9+
++---+89--
+8++------
--+-+--++-
++6-----++
9---+--+++
+9-+--++--
-8--+++-+-
+8++---7-+

Generation = 60, Population = 47.
++-+7+---+
-+------9+
+-++--+---
+--+++-+9-
-----++--9
---++7-+++
---6++--++
-++---+---
++--+-+---
+-++-9+-++

Generation = 70, Population = 45.
---+-+---+
---+-+--+-
++---+++-+
---+++-+-+
+++----+--
++-++----+
--+-+-8--+
+-+++--+-+
+---+++++-
+---+-+---

Generation = 80, Population = 52.
+++-9+++-+
--++++---+
--+++--+++
--+--++--+
+-+-++--++
+--++--+--
-++9+--+-+
---+-++++-
------++++
---+--+-++

Generation = 90, Population = 48.
--++-+---+
+---++++--
-++++---++
+-+-+-+--+
--++----++
---++---+-
++-+---+--
+++--+-+--
+---++++++
++----++-+

Generation = 100, Population = 52.
++--+-----
-++--+-+++
+----+--+-
----++---+
++++--++--
--9+++-++-
-++-++---+
-++++++-++
---++++++-
++--++-++-

*** Life<FredkinCell> 12x12 ***

Generation = 0, Population = 71.
0-00--000-00
0-0-0--0----
00-0-0---00-
------0----0
-00000--0-0-
0000--0-000-
-0000000-000
--0-000-0---
--0-0--00---
0-0----000--
0--0--000-00
----00-0-0-0

Generation = 10, Population = 66.
-1-3-2---3-4
-35---2----3
2-2-41-335--
-11-3-442--2
-1-22--0-241
3--------420
--25243-1--4
------2-721-
152---212---
--1-71---1--
5-2-00--2---
--2-546-5-3-

Generation = 20, Population = 68.
-5---8--5--9
2-9----5-736
-8-58565--5-
465--9--4858
77--6-+---65
58-98---36--
2-4---55-5--
-5-255--+---
4-5--1-----5
23-39-37360-
-3----5-----
78---9-5--97

Generation = 30, Population = 73.
-65---4--74+
-8+584------
-+6+-+885--6
--8-9--+--+-
---48++79-77
-+-++37+----
6956-87+389+
3---+9--+--5
+69---4-----
-73-+-6-5-26
-4--------+2
++---+-99+--

Generation = 40, Population = 70.
+98+8---99--
4+-6--7+7-8-
7----++-----
--+--++++--+
++-8-+-+++--
-+-++89-4+-8
---8-------+
-9+5--+----6
+----------8
-+9++7+--+-8
-6+-9-+-+-+4
-++---++++++

Generation = 50, Population = 71.
+-++-+--+-++
-+--+78+-+--
+--+-++-----
+8+----+++++
+-+-+-+++++-
----++------
+-----++-+--
4++6++--+7--
+-+++----+++
9+-+-+-+--3-
+8+++++---+7
-------++---

Generation = 60, Population = 67.
+-+++--+++++
8+++-++-----
+-++-+---+-+
--++---+++--
++---+--++--
++----++9+++
---++--++++-
-+-9+-+--8--
-+-----+-++-
+-+-+-+-+-7+
+----------+
-----+-++-+-

Generation = 70, Population = 72.
--+-++----+-
+--++++--+++
+--++--+8+++
--+++-----++
-++----++---
---++---++++
+-+++++-++--
-+-++-+---++
+---+---+-++
--+---+---8+
++-+++-++---
+++--+++---+

Generation = 80, Population = 76.
+++-+-++----
+-----++-+--
+--+--+----+
++++---++---
+++---++++++
--+--+-+--++
+-++++-++++-
+++-++-++-+-
++-+-+-++++-
+-+-++-++---
++----------
++-+-+++++-+

Generation = 90, Population = 62.
++--+----++-
+----++++++-
---+---+9+--
--+-+++---+-
-------++-++
-++++---+++-
-----+-++++-
--++----++--
---+-++---+-
-----+-+-+-+
--+--+-+-+++
+-+++---+-++

Generation = 100, Population = 75.
+++-+++-+--+
--+++---+-++
+--++------+
++-++--+-+--
+---+++----+
+-+++-+-++--
+-+---++++-+
+----++--++-
++-+++++----
--+--+++-+-+
+---+-+++++-
+-+--+-++++-

*** Life<FredkinCell> 15x15 ***

Generation = 0, Population = 133.
--000-000-0-00-
-00-00-000-000-
00-00-000--000-
-0---0000-0-00-
---0-00000000-0
000-0-0-0-0000-
--0-0-00---0000
---0--000000--0
00-0---0-00-000
0--000000--0--0
00-00000---00--
-00--0--000---0
0-00----0--00--
0-000-0--0000-0
00--00-000000--

Generation = 10, Population = 128.
----3442-44---6
241-252-1136625
6--4103---10-2-
--023302-1-3---
4-11-2-----5422
4---23---2150--
11-332-022-352-
013---------411
-2-15431-2-2205
3--336---00-2--
-223--5-13-04--
7--3-444-3221-3
54-25-1--233---
0043-3---3--442
4-4--6-223--1--

Generation = 20, Population = 0.
---------------
---------------
---------------
---------------
---------------
---------------
---------------
---------------
---------------
---------------
---------------
---------------
---------------
---------------
---------------

Generation = 30, Population = 0.
---------------
---------------
---------------
---------------
---------------
---------------
---------------
---------------
---------------
---------------
---------------
---------------
---------------
---------------
---------------

Generation = 40, Population = 0.
---------------
---------------
---------------
---------------
---------------
---------------
---------------
---------------
---------------
---------------
---------------
---------------
---------------
---------------
---------------

Generation = 50, Population = 0.
---------------
---------------
---------------
---------------
---------------
---------------
---------------
---------------
---------------
---------------
---------------
---------------
---------------
---------------
---------------

Generation = 60, Population = 0.
---------------
---------------
---------------
---------------
---------------
---------------
---------------
---------------
---------------
---------------
---------------
---------------
---------------
---------------
---------------

Generation = 70, Population = 0.
---------------
---------------
---------------
---------------
---------------
---------------
---------------
---------------
---------------
---------------
---------------
---------------
---------------
---------------
---------------

Generation = 80, Population = 0.
---------------
---------------
---------------
---------------
---------------
---------------
---------------
---------------
---------------
---------------
---------------
---------------
---------------
---------------
---------------

Generation = 90, Population = 0.
---------------
---------------
---------------
---------------
---------------
---------------
---------------
---------------
---------------
---------------
---------------
---------------
---------------
---------------
---------------

Generation = 100, Population = 0.
---------------
---------------
---------------
---------------
---------------
---------------
---------------
---------------
---------------
---------------
---------------
---------------
---------------
---------------
---------------
