*** Life<ConwayCell> 10x10 ***

Generation = 0, Population = 41.
****..*.*.
.***.**..*
*..**...*.
**.*.....*
.*****.*..
...*......
........**
*.*****..*
..........
*...*.***.

Generation = 10, Population = 18.
........*.
.......*.*
.......*.*
**......*.
**........
..........
......*...
.....***..
....**.**.
..........

Generation = 20, Population = 28.
.......**.
.......*.*
.........*
**........
........**
*..*......
......*.**
.*..*...*.
.**.*****.
...****...

Generation = 30, Population = 16.
......**..
......**..
..........
..........
........*.
.......*.*
..**..*...
..*..**..*
......*.*.
..........

Generation = 40, Population = 9.
......**..
......**..
..........
..........
.**.......
**........
..*.......
..........
..........
..........

Generation = 50, Population = 8.
......**..
......**..
..........
**........
**........
..........
..........
..........
..........
..........

Generation = 60, Population = 8.
......**..
......**..
..........
**........
**........
..........
..........
..........
..........
..........

Generation = 70, Population = 8.
......**..
......**..
..........
**........
**........
..........
..........
..........
..........
..........

Generation = 80, Population = 8.
......**..
......**..
..........
**........
**........
..........
..........
..........
..........
..........

Generation = 90, Population = 8.
......**..
......**..
..........
**........
**........
..........
..........
..........
..........
..........

Generation = 100, Population = 8.
......**..
......**..
..........
**........
**........
..........
..........
..........
..........
..........

*** Life<ConwayCell> 12x12 ***

Generation = 0, Population = 71.
*.**..***.**
*.*.*..*....
**.*.*...**.
......*....*
.*****..*.*.
****..*.***.
.*******.***
..*.***.*...
..*.*..**...
*.*....***..
*..*..***.**
....**.*.*.*

Generation = 10, Population = 22.
.*.....*....
.*..........
.*..**..*...
.....*...*..
**......*...
.****...*...
..*****.....
............
............
............
............
............

Generation = 20, Population = 32.
....**......
....**......
......***...
.......***..
.*.**.*...*.
*..***..**..
*...........
**.*.**.....
............
..*..*......
...***......
............

Generation = 30, Population = 23.
.......**...
.**...*..*..
*..*.*......
.**......*..
.....*......
.....***....
.**.........
*..*........
.**.........
..*.........
............
............

Generation = 40, Population = 30.
............
.....**.....
..**.**.***.
..**........
.....*.**.*.
.*****...*..
.**.........
*.*.........
*.*.........
***.........
............
............

Generation = 50, Population = 29.
....*.......
...*****.*..
...****.....
..****....*.
..***...**.*
..**........
............
............
.*..........
*.*.........
*...........
.*..........

Generation = 60, Population = 4.
............
............
.....**.....
.....**.....
............
............
............
............
............
............
............
............

Generation = 70, Population = 4.
............
............
.....**.....
.....**.....
............
............
............
............
............
............
............
............

Generation = 80, Population = 4.
............
............
.....**.....
.....**.....
............
............
............
............
............
............
............
............

Generation = 90, Population = 4.
............
............
.....**.....
.....**.....
............
............
............
............
............
............
............
............

Generation = 100, Population = 4.
............
............
.....**.....
.....**.....
............
............
............
............
............
............
............
............

*** Life<ConwayCell> 15x15 ***

Generation = 0, Population = 133.
..***.***.*.**.
.**.**.***.***.
**.**.***..***.
.*...****.*.**.
...*.********.*
***.*.*.*.****.
..*.*.**...****
...*..******..*
**.*...*.**.***
*..******..*..*
**.*****...**..
.**..*..***...*
*.**....*..**..
*.***.*..****.*
**..**.******..

Generation = 10, Population = 39.
...............
...............
**.............
*..............
*..............
*.*.*..........
*...*.......**.
*.***......*..*
.**........**.*
..............*
.............**
.........*.*.*.
.....*....**...
**..*.*....*...
**...*.........

Generation = 20, Population = 50.
...............
...*...........
..*.*..........
.*..*..........
****..*........
*..****....***.
***........*.*.
*..*.......***.
.*.*...........
.*........*....
.........*...*.
........*....*.
.....*....**...
**..*.*......*.
**...*....***..

Generation = 30, Population = 42.
...............
............*..
......**...*.*.
.....*....*...*
..*...**...*..*
.*.*...........
............**.
*.*....**.**.*.
..*..........*.
**..*..*...**..
.....**........
...............
.....*.........
**..*.*........
**...*.........

Generation = 40, Population = 51.
............**.
............**.
...............
...............
.***...........
..........**...
...*.*...*.....
..*.*.*..***...
.**....*.......
..*.*.**...*.**
..**.***....**.
..**.***....*..
.**..**........
.*..**.........
..***..........

Generation = 50, Population = 14.
............**.
............**.
...............
...............
.....**........
....*.*........
..**...........
.*.............
*..............
..**...........
...............
...............
...............
...............
...............

Generation = 60, Population = 14.
............**.
............**.
...............
...............
...............
.....*.........
...**.*........
.**.*..........
**..*..........
...............
...............
...............
...............
...............
...............

Generation = 70, Population = 19.
............**.
............**.
...............
...............
....*..........
..**.**........
.*...**........
.*...*.........
.*.............
....*..........
.*..*..........
.*.............
...............
...............
...............

Generation = 80, Population = 21.
............**.
............**.
...............
..*.*..........
....*..........
.*....*........
..*.*.*........
.**...*........
....*..........
.****..........
..*............
...............
...............
...............
...............

Generation = 90, Population = 27.
............**.
............**.
.***...........
...............
...............
...............
...*.*.........
...**.*........
......**.......
.....***.......
.....**........
.....*.........
.*..**.........
..***..........
...*...........

Generation = 100, Population = 19.
............**.
............**.
...............
...............
...............
...............
..***..........
.*.............
.*...**........
.....**........
..*............
...*..*........
...***.........
...............
...............
