*** Life<Cell> 10x10 ***

Generation = 0, Population = 41.
0000--0-0-
-000-00--0
0--00---0-
00-0-----0
-00000-0--
---0------
--------00
0-00000--0
----------
0---0-000-

Generation = 10, Population = 44.
.1.**-.**1
*...**1.*.
*.*1.-.**.
1.*....*.*
....1.*---
..-****-.-
*-..**.*-.
*1--10*..*
-.....**.*
--..***0-*

Generation = 20, Population = 12.
..........
..........
..........
..........
.*.....--.
.*........
.**.**....
..1*..*...
1..*.*....
.......--.

Generation = 30, Population = 9.
..........
..........
..........
..........
.......--.
..........
...**.....
..1.**....
-.*.*.....
..**...--.

Generation = 40, Population = 17.
..........
..........
..........
..........
.......0-.
.....***..
....*..**.
.......*.*
....***..*
......*1**

Generation = 50, Population = 0.
..........
..........
..........
..........
..........
..........
..........
..........
..........
..........

Generation = 60, Population = 0.
..........
..........
..........
..........
..........
..........
..........
..........
..........
..........

Generation = 70, Population = 0.
..........
..........
..........
..........
..........
..........
..........
..........
..........
..........

Generation = 80, Population = 0.
..........
..........
..........
..........
..........
..........
..........
..........
..........
..........

Generation = 90, Population = 0.
..........
..........
..........
..........
..........
..........
..........
..........
..........
..........

Generation = 100, Population = 0.
..........
..........
..........
..........
..........
..........
..........
..........
..........
..........

*** Life<Cell> 12x12 ***

Generation = 0, Population = 71.
0-00--000-00
0-0-0--0----
00-0-0---00-
------0----0
-00000--0-0-
0000--0-000-
-0000000-000
--0-000-0---
--0-0--00---
0-0----000--
0--0--000-00
----00-0-0-0

Generation = 10, Population = 60.
.--1*.**..*1
*0*0-.0-..*.
*.-1..1.*..-
.1--11.*..--
.0*...*..0.-
-**.....0-*-
-.*...*..*.*
-.11..*.**-1
-.--....*1**
.0-..**.*-*.
..*..*.1..**
..0*.****.1*

Generation = 20, Population = 41.
......***...
......-**...
......*....*
....****.***
.....***...-
..**.*..1***
*****....*.*
.........*.*
1.....*.....
.-........**
.....*.*..**
............

Generation = 30, Population = 20.
............
........**..
........***.
.......*..*.
.***...*.**-
.*......**..
............
.***........
1...........
............
............
............

Generation = 40, Population = 24.
.......*....
......**....
.....*.*.*..
....**......
.....**.....
............
......*..*..
.**...****..
.***....*...
.**.........
............
............

Generation = 50, Population = 33.
...*....**..
..*.....*.*.
...*.....*.*
...........*
..........*.
......**....
***...**....
............
........***.
......**..*.
.**...*...*.
.**....***..

Generation = 60, Population = 14.
........**..
........*.*.
.........*.*
..........*.
............
............
***.........
............
............
............
.**.........
.**.........

Generation = 70, Population = 14.
........**..
........*.*.
.........*.*
..........*.
............
............
***.........
............
............
............
.**.........
.**.........

Generation = 80, Population = 14.
........**..
........*.*.
.........*.*
..........*.
............
............
***.........
............
............
............
.**.........
.**.........

Generation = 90, Population = 14.
........**..
........*.*.
.........*.*
..........*.
............
............
***.........
............
............
............
.**.........
.**.........

Generation = 100, Population = 14.
........**..
........*.*.
.........*.*
..........*.
............
............
***.........
............
............
............
.**.........
.**.........

*** Life<Cell> 15x15 ***

Generation = 0, Population = 133.
--000-000-0-00-
-00-00-000-000-
00-00-000--000-
-0---0000-0-00-
---0-00000000-0
000-0-0-0-0000-
--0-0-00---0000
---0--000000--0
00-0---0-00-000
0--000000--0--0
00-00000---00--
-00--0--000---0
0-00----0--00--
0-000-0--0000-0
00--00-000000--

Generation = 10, Population = 106.
.....**-0..-***
-.-1.1..1-.*.-*
**....--..-1111
1*1..1.....1...
.-1..*1-0**.1*1
**--1*.-*0*.1-*
*.*0.0.0-1...1*
**..**..-.-**.1
1.**0*1.1-11.0.
.1.*...-.*-....
.***.-*--.1..-1
*0--*****-.**1-
....**...1***.*
0.1.--1**.1...*
.**0...**..**.*

Generation = 20, Population = 75.
.**........-.*.
.**..........**
.......1*...*.*
.......***.**..
***.....-.****1
***...*.**.*...
*....-*-....*..
.*.*.*....*....
**.***...*...-.
*...**.*.**.*..
*.......0*..**.
.---.....*..**.
......*....***.
-....*.*.*....*
......********.

Generation = 30, Population = 61.
.***..***......
*..*..***...***
***.*...*...*.*
......***.....*
......***......
.....****..*.*.
....*..*..***..
....*...*.*....
.*...*..*.**.-.
*.*........*...
.........*.....
*.-..........*.
..*.....***...*
-.......**...*.
...............

Generation = 40, Population = 41.
.**.........**.
*.*.........*.*
.*............*
......*.......*
.....*.*....*.*
.....*.*....**.
..*..*...*.....
..*..**.***....
...*..*...**.-.
.......*.*.....
...*...........
.*.**..........
..**...........
-..............
...............

Generation = 50, Population = 57.
.**.........**.
*.*.........**.
.*.....*.......
........**.....
........**.....
.....**........
.....**.*......
..**....*.*....
..****.*...*.-.
.***.*...*.*...
....***.***....
**..**.........
******.........
0*.**..........
..**...........

Generation = 60, Population = 24.
.**.........**.
*.*.........**.
.*......**.....
........*.*....
.........*.*...
....*.....*....
....*..........
....*..........
.............-.
........**.....
.......*.*.....
........*......
...............
-..............
...............

Generation = 70, Population = 24.
.**.........**.
*.*.........**.
.*......**.....
........*.*....
.........*.*...
....*.....*....
....*..........
....*..........
.............-.
........**.....
.......*.*.....
........*......
...............
-..............
...............

Generation = 80, Population = 24.
.**.........**.
*.*.........**.
.*......**.....
........*.*....
.........*.*...
....*.....*....
....*..........
....*..........
.............-.
........**.....
.......*.*.....
........*......
...............
-..............
...............

Generation = 90, Population = 24.
.**.........**.
*.*.........**.
.*......**.....
........*.*....
.........*.*...
....*.....*....
....*..........
....*..........
.............-.
........**.....
.......*.*.....
........*......
...............
-..............
...............

Generation = 100, Population = 24.
.**.........**.
*.*.........**.
.*......**.....
........*.*....
.........*.*...
....*.....*....
....*..........
....*..........
.............-.
........**.....
.......*.*.....
........*......
...............
-..............
...............
