*** Life<FredkinCell> 41x30 ***

Generation = 0, Population = 4.
------------------------------
------------------------------
------------------------------
------------------------------
------------------------------
------------------------------
------------------------------
------------------------------
------------------------------
------------------------------
------------------------------
------------------------------
------------------------------
------------------------------
------------------------------
------------------------------
------------------------------
------------------------------
------------------------------
---0--------------------------
------------------------------
------------------------------
------------------------------
------------------------------
-------------0-----0----------
------------------------------
------------------------------
------------------------------
------------------------------
------------------------------
------------------------------
------------------------------
------------------------------
------------------------------
------------------------------
------------------------------
------------------------------
------------------------------
------------------------------
-----------------------------0
------------------------------

Generation = 5, Population = 52.
------------------------------
------------------------------
------------------------------
------------------------------
------------------------------
------------------------------
------------------------------
------------------------------
------------------------------
------------------------------
------------------------------
------------------------------
------------------------------
------------------------------
---0--------------------------
--0-0-------------------------
---0--------------------------
------------------------------
-------0----------------------
------0-0----0-----0----------
-------0----0-0---0-0---------
-------------0-----0----------
---0--------------------------
--0-0----0-----0-0-----0------
---0----0-0---0---0---0-0-----
---------0-----0-0-----0------
------------------------------
-------------0-----0----------
------------0-0---0-0---------
-------------0-----0----------
------------------------------
------------------------------
------------------------------
------------------------------
-----------------------------0
----------------------------0-
-----------------------------0
------------------------------
-------------------------0-0-0
------------------------0-----
-------------------------0-0-0

Generation = 10, Population = 60.
------------------------------
------------------------------
------------------------------
------------------------------
------------------------------
------------------------------
------------------------------
------------------------------
------------------------------
---0--------------------------
------------------------------
-0---0------------------------
------------------------------
---0--------------------------
-------------0-----0----------
------------------------------
-----------0---0-0---0--------
---0-------0------------------
-------------0-----0----------
-0---0---0---0----------------
------------------------------
---0-------0------------------
-----0-----0---------0-----0--
------------------------------
---0---0-0---0-----0---0-0---0
---0--------------------------
-----0-----0---------0-----0--
-0---0------------------------
------------------------------
---0-------------------------0
-------------0-----0----------
---------------------------0-0
-----------0---0-0---0--------
------------------------------
-------------0-----0----------
---------------------------0-0
------------------------------
---------------------0-0-----0
------------------------------
-------------------0-0-0-0----
------------------------------

Generation = 15, Population = 295.
------------------------------
------------------------------
------------------------------
------------------------------
---0--------------------------
--0-0-------------------------
-0-0-0------------------------
0-0-0-0-----------------------
-0-0-0-0----------------------
--0-0-0-0----0-----0----------
---0-0-0-0--0-0---0-0---------
----0-0-0-00-0-0-0-0-0--------
-----0-0-0010-0---0-0-0-------
------0-000100-----0-0-0------
-------0010001------0-0-0-----
-------002010-0------0-0-0----
------0-0003-1-1------0-0-0---
-----0-0-00-0-0-0------0-0-0--
----0-0-0--1-2-2-1------0-0-0-
---0-0-0----0-0-0-0------0-0-0
--0-0-0----2-2-2-1--------0-0-
-0-0-0----0-0-0-0----------0--
0-0-0----1-3-1-1--------------
-0-0----0-0-0-0------------0--
--0----1-1-2-1------------0-01
-0-1--0-0-0-0--------------00-
0-0-02-2-1-1---------------1--
-0-0030-0-0---------------02--
--010102-1---------------10-02
--0100010---------------01-200
-0-001000--------------10-020-
0-0-0100-0------------02-100--
-0-0-00-0-0----------10-020---
--0-0--0-0-0--------01-200----
---0----0-0-0------10-020-----
---------0-0-0----02-100------
----------0-0-0--10-020-------
-----------0-0-001-200--------
------------0-00--020---------
-------------00---00----------
---------------0-0------------

Generation = 20, Population = 58.
------------------------------
------------------------------
------------------------------
-------0----------------------
-------------0-----0----------
------------------------------
------------------------------
---0--------------------------
---------0-----0-0-----0------
------------------------------
------------------------------
------------------------------
-------------0-----0----------
------------------------------
------------------------------
-----------1-------0----------
------------------------------
------------------------------
------------------------------
-------0---------------0-----0
-0-0---------------------0---1
------------------------------
------------------------------
-----------1-------0-----1-0-2
-0---1-1-------------0---0-1-6
------------------------------
------------------------------
-------------------------1-2-2
-0-1---------------------1---2
------------------------------
------------------------------
---0-------------------------0
------------------------------
------------------------------
------------------------------
-------0-----0-0--------------
-------------1-----0----------
------------------------------
-------------1-----2----------
---0-----0-2-3-2-2-0----------
---------0-----3-2-----0------

Generation = 25, Population = 202.
------------0-0---0-0---------
-------------0-----0----------
-----------0------------------
----------0-0-----------------
-----------0------------------
------------------------------
------------------------------
-----0-----0---------0-----0--
----0-0---0-0-------0-0---0-0-
-----0-----0---------0-----0--
---0-------0-------0----------
--0-0-----0-0-----0-0---------
---0-------2-------0----------
------------------------------
-----------------------------0
-0-0---------1-----0-----0--01
0---0-------0-0---0-0---0-0-02
-0-0---------0-----0-----0---1
---0-------1-------0-------0-1
--0-0-----0-0-----0-0-----0---
---0-------2-------0-------0-4
------------------------------
---------------------1-0------
---0-0---2-1-----0--04-10--1--
--0---0-0---0---0-0-02-20-0-0-
---1-0---0-0-----0---0-0---0--
---0-------1-------0-0-0------
--0-0-----0-0-----0-----0-----
---2-------0-------0-0-1------
------------------------------
-------------0-0-------------2
-1-0--------01--0--0-----1--03
0---0-------0200--0-0---0-0-01
-0-0---------------------0---0
---0-------00200--0-0--------0
--0-0-----0--3--0--2--------0-
---0-------0-4-2-------------0
------------------------------
---0-0-0-------------1-0------
--0--1--0--2--------01--0--0--
---00201--0-0-------0300--0-0-

Generation = 30, Population = 209.
-------0-0-1---------0-0-0----
-------0-------1--------------
-----0---0---2-----0---0---0--
-----1---0---1---0------------
---0---1-0-1---1-0---0-0-0---0
---0---0-------0---1----------
-0---0-0-0-1-0-0-0-1-0-0-0-0-0
-1---0-----------1---0--------
---2-1-0-0-0-0-0-0-2-0-0-0---0
---1---------------1---1-----1
---0-1-0-0-2-0-0-0-0-1-1---0--
---------------------2---1-1-2
-1---1-0-0-3-1-0-0-1-1---0----
-----------------------0-1----
---1---0-1-0-2-0-0-3---0------
-----------------------1-----4
-----0---0-4-2-1-0---0--------
---------------------1-1---1-2
-------0---1-3-2---2----------
-------------------1-2-----2-3
---------1---3---2------------
-----------------1-1-------3-2
-----------4-1-1--------------
---------------1-3-------6---6
-----------4-1-0--------------
-------------0-1-------1---1--
-----------3-1-1--------------
-----------1-2-------4---5----
---------2-------3-2----------
---------1-1-------1---1------
-------0-----3---1-2-1--------
-------1-2-------4---3--------
-----0-----1-------0-3-2------
---1-1-1-------0---0----------
---3-----3-----------1-4-1----
-2-3---------5---5------------
-1-----1---------------1-2-3--
-1-----0---1---0--------------
-----5-------------------1-2-1
-2---3-------7----------------
-3-3-----------------------1--

*** Life<FredkinCell> 39x15 ***

Generation = 0, Population = 29.
0---0-------0--
---------------
------0--------
--0------------
-0---------0---
---------------
---------------
0--------------
0-----0--------
---------------
------0--------
---------------
--------------0
---------------
--------0------
---------------
--------0------
0-----------0--
---------------
--0-------0----
---------0-----
------00---0---
---------------
---------------
---------------
---------------
---------------
------------0--
---------------
----0-----0----
---------------
----------0----
---------------
---------------
---------------
---------------
----------0----
---------------
----------0---0

Generation = 10, Population = 188.
-02---0---11---
--1-1-----1----
-----23---23-1-
2-1-2-2-0---0--
---0-56--2---1-
--0-2-2-1-0----
2--102---1-12-0
3---2-2-2-0-0--
--1-------3---2
3-0---0-0-----0
320------0-2---
3-----001--0---
---00--12213-0-
2---01--0-1--0-
312-----00-12--
3-0-0--00-02---
1---3-2-1---1--
0-----------0--
-0--1-3-4----1-
--210------30-1
---3--1-2--51-0
212-431-21---13
-0----0-2-0--11
---20---1-11--0
------0-1-1----
0---1---------1
--------000----
--0-0--2---10--
-------11-200-0
-----1--1---10-
--------01-----
0---0-00--01--1
--------1------
--0------------
--0-----0-2---1
----1---------0
0-0-2-0-0---3-0
--0---1-1------
0-------------0

Generation = 20, Population = 151.
------0--1----3
0-2-1-300--02-2
4-----5---3-5--
--------------3
--3--+----3--1-
3-40---1--103--
-2--3-----15--0
--3-4-----4-3--
---------2-----
----1-10--01---
-3--1121----0--
------3-3-2---1
0-2-0-----4-4--
8-----3-3-----2
723-8-1----2--0
------4-----0-1
304-6-3---21--4
----4-----2----
1-1-3-------2-3
------3---2----
-2--03-2--8-6--
---------------
------3-----2-4
----2----------
-0--0-1---412--
---------------
--0---0-2------
1---------1----
0-----1-4---1-1
1---0-----1-2--
----2-2---1-1--
--3---3---2-4-2
----1----1--3-4
2-2-0--1---2---
--------4------
0-------4-2----
-----1--2----1-
0-305-6-----4--
---------0-----

Generation = 30, Population = 259.
+5----4----6125
1---4-7-415--2-
-6227-7-366---5
7------3----4--
--62-++6--5-54-
--5-848-4---532
8-3-8-+26-467--
--33----6--3---
--65--92-------
902-----503-6-6
-51-2-82-1-43-5
----1------3---
3----2--66-577-
+18---8-3---115
+4-19--1---3+2-
5-302-6-2------
-4-1-38--54-+-+
2-2--13-----312
3--1-8-07-4-33-
6-----74---48--
4-1--+-3+-+7--4
----+-4-6-5----
3-5-5-------5-5
4-2-4-63--83---
--4-40-35--16-4
7---41--2-5-31-
---1-1-0-----01
--411--53-541-3
--2332--5--5---
-15--3------2--
523-6-6--62---6
--70----3--2---
3-6--053----6-5
6-3-4-2--1+-13-
-0-1-441------2
--42--255-556-3
423-43--52----4
-3--9----1+-6--
---112-1--0-1--

Generation = 40, Population = 124.
---------------
------82---3---
---------8-----
--3-7-------8--
--6---------9--
3---+-----7-8--
--4---+-----+--
----------7----
--8---+-----+--
+--3-------3--7
-61---------456
--6-3-----8-3--
------6---+----
----6-+-4-+----
------5---2----
8-4---------4--
4---------8----
---------------
-5----+-+-76---
--9-1-----6----
7-----7-------8
---------------
----6-7-4---5-7
------9-6-+----
7---5-------6--
9--45-----77--4
-2-4-23--4-5-4-
---------------
53---------9--3
----3-5-6-5----
+-9-9-8-3-4-+-7
6--------------
--9-6---4-9-+-6
------52---4---
0-------73----6
--6-6----------
7--5-7---3-4---
4-----------7--
4-----6-3-----5

Generation = 50, Population = 201.
--------------8
2-5---+-5-----7
------+--99-+-6
------+74--3--+
+---6-+6--+4+--
5-8-+6--9-8-95-
+-4-+-+--4-----
+-5------------
+3----+-76-6---
+---56--9-8-84-
---3--+78977479
9---4-+49--6--4
68-------8+5+--
+-----+-8-----6
----+-8-8---+-5
+-----------5--
----+-+-4---+--
------4-8------
56----+---87--8
+-------------7
8--86----9+-+6-
--4---------4--
-4+-8------9---
------+4---6---
-45-7----4-6---
----75--7-+--4-
7--53--4-77985-
8-----877--5---
97----4-+37+--6
+-+-------8---3
----+-----8-+--
----4---4-5-5--
----+-----+-+--
+-----+-6-+---7
11----9-+6-0--7
4---8-677--7--4
+--65--5+4-+-86
----+6--+-+-+4-
-62-3---76-6---

*** Life<FredkinCell> 30x27 ***

Generation = 0, Population = 46.
-------------------0-------
----------0-----------0----
------0--------------------
-00--------0---------0-----
----------0------0---------
-------0---------------0---
--------------0------------
-------0------------------0
--------0--------0-------0-
--------------0------------
---------------------------
--------------------------0
--------------------0-0-0--
-------------------0-------
---------------------------
---0-------------0---------
--------------------0------
-------------0-------------
---------------------------
---------------------0-----
---0-------------------0---
-------------0---0-----0---
---------------------------
-----0-------------0---0---
------0------------------0-
--------------0------------
----------------0---------0
---0-----------------------
------0----0------0--------
---------------------------

Generation = 12, Population = 300.
2-1-1-30-3--2123-2--0-0-0--
3-13--23--35--1---1-1---2-0
--2-2---1-62-2---525-10--2-
---3----5----504-73-03301--
--2--11-3253-3----25--2-33-
--4----0--4--232---7----2-3
0-2---4-------21-12----0--1
---213-0-002--3-3-5-4-1-400
---0110--02---31--1-----120
--2---12-3-0-10----2--12---
--0---2---3---1----2--4----
31----1--1-3--3-12000-20303
0------0-04--12-----1-5-431
---2-110-002---3-2---------
------0---0-----0-2-------0
--0--2---0--------0110100-2
--0-0-1-0----122-21-213-3-3
-0---2-0---0-0-0---2-1-5---
------------0-2-----0-3-0--
-2---4-------3-1---1-21-0-2
1-1----22-0-1---1----22-3-2
-2-3--0--2-1---5-0----07---
--------0---------1-1---3--
-2---2---1----42-5-------41
2--12--0--1--4--41-133----3
--1----1--2--1-0--1--0-6-20
----1---------5-0---------3
-0-1-2----21-----221---3-1-
----1-2---31--21-2--1-1-0-2
-0----0----0--41-1----02---

Generation = 24, Population = 304.
41-7----45--415--3---8----4
--6--1-36--64244-53-35-5---
32-33-----7-2---88---516--2
--387--------8-------6---4-
--43835--3--47426-4----287-
---322-1-47--4--3----6-4-37
3--0--4-73-------7--254--6-
--3-3--------5-----1-2-----
-0-14----4-5-5--4---7----8-
-4-34-3-2-3--8-----5--67-32
--1---5--3------6--------43
-8-3-3---76-8-6--4-23----65
-55-2--26-541-6354---277474
--65-5-------3---246-5--16-
0-------1--1--2--5------43-
----------612--0-0-3-4-0-5-
115--------30----+-5-3436--
--29-3-2-3-2--4--24----81--
--------0---1-5-142-5-7-2-5
--1-363-----15-------34---4
1---3-67-4-----8284952-545-
-4-----6--54---------548-7-
------6------------3--4----
-----2-5-7-7-5-7--1-1------
-35-836-35----12---47--6-1-
-1-+----2-66----5--2--5---1
4-4-3---1-4-2-6-1-7-1-3-5-7
3024-------------53324--0--
2---4-83-7--41-2---5---6--6
-----5-------1---8-----3--4

Generation = 36, Population = 332.
--7--8-8--53645-4-3-6-4-44-
9-9+-4--------85---6+---+--
--64---35-9---64+-8-3---756
-+4-9+----5----+8-+9-+7----
--5---+-8-8-8+5--++-84-4-+-
76-------79-48-768++4+-----
--72+-8---62------6-57-2+97
--879-5-73----+6-9-385-+-76
-25----666--87--63-6-----+-
----67-5-7-5--68-8--47---6-
------+08-------7--78----8-
--936-7-9+-----6---4---1-8-
86-75-------59--8---7--+---
-------34------828-8---3--7
---2------------1---4-27---
--1-1--1-3----4--3--------6
6-7---42--4---6-5+68----96-
---------8-4--75-----+4+2-4
--------2-----7-382-----68-
-+---+-+--27------1---955++
-22379-----7556+3+--6-58-8-
--6--6-+47++----4-37--6+3-7
--4---------218--53-4-6-74-
--8+-----+3--6+9-----5--5+4
----+6-2576+-76-+695-6--528
56-+9-9+-48+-896---66-+--85
----------+--3---59--5---4-
96-6-4----88--9---7---9----
545-55+9---2--5467--------7
------355-3---9-5-55--26--8

Generation = 48, Population = 314.
--------7-+6-------4+---8--
--+-7-6--5---7+-3-6-----+--
---7--+-+---8-+-----7---8--
++7-------9+++4---+--+--79+
96+7+--+--+-++---++9-8-5--6
+--+-4-6+-----+-6--+---97-+
+5-4--+--4-------+----75++-
--+-++---37+3+----+-+--+--+
9----+-8+-+7-++++--8-------
396---+75--+--+-4+-+--9+69-
--7-95+6--965+8995-99----++
-++9-9---+--+-+--+8---8---7
----5-6-+-------+-7---9-9--
5-------+-6-9-------367--+-
---63-+--------------------
---------394-------+--5--+-
---67-8-2--+--8---6-----+-+
4-4--+--1--5--------6-7--0-
--2-----3-86----79------+-+
8-5+-+-+3+9-4+5-68-99--96-+
---5---+-++-5-8--+-++8-+-++
4--6-----9++5-5+-6-+---+4+9
+6-------5---3+-4+---8-----
-69+3-----7+49+------8----6
---8+--4-+---------5---+76+
++-+-++-+6--7-+7++9--++-+-+
+4-54-----+-3-----+--++8--+
--+--85--+--8---8++--+-----
+-+5--+-8-9---+-----7-9-4-+
---9574----8----8---------+

Generation = 60, Population = 395.
-+-+-++-----++9+8+9-+-8-+-+
-+----9--8-+---75+---+-++--
+----++9+--+-+--+-++--6---9
++8+-+-+--++-+7+--+--+--9--
+-+--------++-7-++++-++---8
-++---68-++9+-+-+-+--+-+-++
+----7+7---6+++5++-+--+9---
7-+----4-9+--+-+--+-+--+--+
+7-3+++++++---++-----9++---
6+-8--+-7+-+++----6+++----+
+8-++7--+-+++----8++++-+-+-
-+--+----+++----++--+8-77--
+-++--7++--9-++--+++--+----
--+-----+--+-+--9-+--8+---+
--9----7+6-+--3+7+--8-+--+-
-++---6-8++-67--7+---+-+7+-
-1--+9-55-6+-+++++----+-+--
-+--7--+8---+++8-+-8-+--458
-7----6+9--82--+++8--9+6--+
+-7+----5+---+7--+--++-+7++
--9-++----++7--+--8--++---+
76+-9---8+++5--+-9-+9+-+5--
-+--68---+88-6----7-+++++-7
98---+-+7---------+97++-+-+
---+++--++7+-++9--+5--++-7+
--+-+---+8-+-+------+--+-+-
+9-6--+----+6+---9-96++---+
++---+--8---+++-+++--+--8-8
-6+---+-9----6+8+-8--9++8++
+97+---+--++-7--+--+7-3--+-

*** Life<FredkinCell> 5x3 ***

Generation = 0, Population = 13.
0-0
000
0-0
000
000

Generation = 5, Population = 11.
-2-
5-5
0-0
535
030

Generation = 10, Population = 8.
---
+4+
-0-
+6+
-6-

Generation = 15, Population = 11.
161
+7+
0-0
+-+
-9-

Generation = 20, Population = 8.
-9-
+++
-0-
+++
---

Generation = 25, Population = 11.
-+-
+-+
0-0
+++
0+0

Generation = 30, Population = 8.
---
+++
-0-
+++
-+-

*** Life<FredkinCell> 43x11 ***

Generation = 0, Population = 22.
------0----
-----------
----------0
-----------
-----------
-----------
-----------
-----------
-----------
--0----0---
-----------
-----------
---0---0---
--------0--
-----------
-----------
-----------
--------0--
-----------
-----------
--0--------
-----------
-----------
-----------
-------0---
-----------
--------0--
0-------0--
-----------
-----------
-----------
----0------
-----------
-----------
------00-0-
--------0--
-----------
----------0
0----------
-----------
-----------
-0--0------
-----------

Generation = 1, Population = 73.
-----0-0---
------0---0
---------0-
----------0
-----------
-----------
-----------
-----------
--0----0---
-0-0--0-0--
--0----0---
---0---0---
--0-0-0----
---0-----0-
--------0--
-----------
--------0--
-------0-0-
--------0--
--0--------
-0-0-------
--0--------
-----------
-------0---
------0-0--
-------00--
0------010-
-0-----010-
0-------0--
-----------
----0------
---0-0-----
----0------
------00-0-
-----0110-0
------0----
--------0-0
0--------0-
-0--------0
0----------
-0--0------
0-00-0-----
-0--0------

Generation = 2, Population = 76.
----0-0-0-0
-----------
------0-0-0
-----------
----------0
-----------
-----------
--0----0---
-----------
0---00---0-
---0---1---
--0----10--
-0-------0-
------0---0
---0---0---
-----------
-----------
------0---0
--0--------
--------0--
0---0------
-----------
--0----0---
-----------
-----0--10-
0-------1--
------01--0
0-0---0---0
--------1--
0---0---0--
-----------
--0---0----
------00-0-
----0---0--
----01-210-
------1----
0-----00-0-
----------0
0-0--------
-0--0-----0
0----------
--11--0----
-----------

Generation = 3, Population = 175.
---0-------
----0------
-----0-----
------0-0--
---------0-
----------0
--0----0---
-0-0--0-0--
0-0-00-0-0-
-0--11000-0
0----002-0-
------0-1--
0-----00---
-0-0-0-----
--0-0---0-0
---0---0---
------0---0
--0--0-0-0-
-0-0--0-0-0
0-0-0--0-0-
-0-0-0--0--
0-0-0--0---
-0-0--0-0--
--0--0-000-
0---0-00-10
-0---00-2-0
--0--0-2-01
---0-01-101
--0-0-00200
-0-0-0-010-
0-0-0-0-0--
-0-0-01--0-
--0-00-10-0
---01-0010-
---0-213210
0---0-200--
-0---0-1---
--0---00---
-0-00------
0--0-0---0-
--000-0---0
002200-0---
--00--0----

Generation = 4, Population = 69.
--0--------
-----------
--------0--
-----------
------0----
--0----0---
----------0
-----------
---0---1---
0--0--1-1--
-----------
-----------
---0---1---
--0-0--00-0
-----------
-----------
--00---0---
----0---0-0
-----------
-----------
0-----00---
--------0--
--------1--
0-------1--
--00-------
-----------
----0-----2
--0-0-----2
-------1---
-----------
------1010-
--------0--
-----------
----------0
0-01-3---21
----------0
-----------
-0--0-1-0--
--0-1-00-0-
--------0--
-----------
1---11--0-0
0----------

Generation = 5, Population = 171.
-0-0-------
--0-----0--
-------0-0-
------0-0--
--0--0-----
-0-0----0-0
--0----0-0-
---0---0--0
0-010------
-00111-0-0-
0--0--0-0--
---0---1---
------02--0
-0-0-00-1--
--0-0--00-0
--00---0---
-011--0---0
--0--0-----
----0---0-0
0-----00---
-0---011---
0-----0-10-
0------0-0-
-000---020-
00110---1--
--000-----0
--0010---03
-0--10-0-03
--0-0-0-2-0
------0-10-
-----02-210
------1-1--
--------0-0
0-00-0----1
--12--1-232
0-00-0----1
-0--0-0-0-0
0--01-20---
----2--1--0
--0-0-0----
0---00----0
20-22200---
10--00--0-0

Generation = 6, Population = 171.
0-0-0---0--
-----------
--0-------0
--0----0---
----0-----0
0---00---0-
---0--010-0
0-01--010--
-0-------00
011-221-1-0
-----------
0-010-02--0
-0-------0-
0-0-01--20-
--1--------
--1----1---
01--0----0-
--1-----0--
0-00--0----
----0-----0
0-0-01---0-
1-----1-2-0
1-00---1--0
0-1---0-3-0
11---0--2-0
0-1-1---2-1
---1--021-4
0-0-2-1-1-4
----10113-1
--0-0---2-0
----013-321
------2----
0-00-0011-1
-----------
-02303--3-3
-0--0-2----
0--01011--1
--012------
0-0--00200-
00---0-----
1-0-1-00-0-
3--3---1---
--0--------

Generation = 7, Population = 212.
-----0-0-0-
0---0---0-0
-010---0-0-
-0100-0-0--
0-001--0---
-0---1-0--0
---1---2-0-
-01-00-2---
010100-101-
122-3-2--01
-0-0-0-20--
-01-1-131--
0-00-002-1-
-01-12003-0
00-000-000-
0-200-0-00-
1211-0-0--0
--2-0-00---
---1-0-00-0
----1-0----
1----2----0
-0-00--0-01
---10-0-10-
-02----04--
221----0---
10-0--0----
--0-10--2--
---030-----
0--02-2-4--
-0---0---0-
--00-------
0-0000---0-
--11-11-2--
00--1-00---
0---14-3---
-1-0--3-0--
------2200-
-0-2-0--000
101------10
110--10-0--
-0-0-01---0
402----200-
10-----0---

Generation = 8, Population = 68.
0-------0--
--0----0---
--2-0------
-----------
---1---1--0
--------0--
------0----
-----------
------0----
----4--01-2
----------0
-----------
--11---3---
0-----1----
-----------
-----------
-------1---
0-3---11---
--------1--
0-------0--
---00--1--1
--------2--
-----------
----0------
-------1---
--------2--
0------2-0-
0----------
--0--------
----------0
0----------
--1-------0
-------1---
-1--2------
10---5-4---
------4-1--
-----------
-10--------
------0-0--
----0------
1----------
--3--2---1-
------01-0-

Generation = 9, Population = 176.
-00------0-
00100-0----
-03--0-0---
--100--0--0
--0-1-0--0-
---0--0--00
-----0-20--
-----------
----00--0-0
---1-2-12-3
----0--2001
--11---3--0
00220---0--
-010-2-----
0-----0----
-------1---
1-1----20--
---0-02----
--0---0-20-
-0-01---100
1-01121-00-
---00----01
----0---1--
---0-0-0---
----0-0----
1------0---
10----0-2-4
100----0-0-
00-0------1
0-0------0-
-00--------
00-0---0-0-
-01-0-1-2-1
-200-------
2-2---1----
01-----0-0-
-00---2-0--
0212--2-0--
-01-20---1-
1--0-10-0--
-00-10---0-
40-32--2020
--0---12-10

Generation = 10, Population = 169.
----0-0-0-0
1---10---0-
--400-010-0
--2----10--
-01-2-1-010
------1---1
---10-031-0
----0--2--0
----1-0-1-1
--2--3--30-
--00--031-2
0---1-141-1
11--1----10
0-2-1---3--
--10-------
--2----2---
-----0--10-
0-3--1---0-
---10-1----
-------02-1
-01---2--11
1---1-1-2-2
---11-----0
--2---0----
2----0-1---
2---1-0---1
2----0---0-
2-1-----1-4
1---2--1-0-
1-1-----2--
0------0---
11------1--
-1-----1-0-
---1----1-1
3-3--5---3-
--0---4-1-1
01---0321--
1--3--3-1--
1---3-0-0-0
-10--21--0-
1-1----001-
5--4-------
1---002-0--

*** Life<FredkinCell> 42x7 ***

Generation = 0, Population = 15.
-------
-------
-----0-
-------
-0-----
-------
0-----0
-------
-------
-------
-------
-------
----0--
-------
-------
-------
-------
-------
0------
-------
-------
----0-0
-------
--0----
-------
-------
-------
-------
-------
-------
---0---
--0----
-------
--0----
--00---
-------
0------
-------
-------
-------
-------
-------

Generation = 1, Population = 43.
-------
-----0-
----0-0
-0---0-
0-0----
00----0
-0---0-
0-----0
-------
-------
-------
----0--
---0-0-
----0--
-------
-------
-------
0------
-0-----
0------
----0-0
---0---
--0-0-0
-0-0---
--0----
-------
-------
-------
-------
---0---
----0--
-0-----
-------
-01----
-0-10--
0-00---
-0-----
0------
-------
-------
-------
-------

Generation = 2, Population = 46.
-----0-
-------
-0-0---
-------
1--0-00
-------
010-0-0
-------
0-----0
-------
----0--
-------
--0---0
-------
----0--
-------
0------
-------
0-0----
----0-0
0------
----0--
-------
0-----0
-------
--0----
-------
-------
---0---
--0----
-0---0-
0-0-0--
--0----
0-2-0--
-1--10-
--1----
0--0---
-------
0------
-------
-------
-------

Generation = 3, Population = 92.
----0-0
-0-0-0-
0---0--
00---00
-00--11
-00000-
1-1----
-00-0--
-0---0-
0---0-0
---0-0-
--0-0-0
-0-0-0-
--0-0-0
---0-0-
0---0--
-0-----
--0----
---00-0
--00---
-0----0
0--0-0-
0---0-0
-0---0-
0-0---0
-0-0---
--0----
---0---
----0--
-----0-
--0---0
-01----
-0-0---
-03-1--
--01-10
0---00-
-0--0--
---0---
-0-----
0------
-------
-------

Generation = 4, Population = 50.
-0---0-
-------
10---00
-------
-1---2-
-------
-----0-
-------
-1--0--
-------
0-----0
-------
0-----0
-------
0------
-------
----0--
----0-0
--0-1--
--1----
-------
1-0-0-0
1------
0-----0
-------
----0-0
---0---
-------
-------
--0----
--10---
0-----0
0------
0-----0
0--2--1
--1----
--0-1--
--0----
--00---
-------
0------
-------

Generation = 5, Population = 110.
0-0-0-0
0-----0
210-011
0-----0
1-0-0-1
-0-----
----0-0
-0--00-
0-00-0-
00--0-0
-0---0-
-------
-0---0-
------0
-0-----
0---0--
---0100
--00---
-01-200
-0200--
0---0-0
2------
-00-0--
10---0-
0---0--
-------
--0---0
---0---
--0----
-01----
00-10-0
1010-0-
-0-----
-0-0-01
11--112
002-0-0
-0---0-
-0--0--
-0-10--
0-00---
-0-----
0------

Generation = 6, Population = 81.
1-----1
-------
3-1-1-2
-------
21----2
-------
---010-
-------
1-11-1-
-------
-10----
-------
0-0-0--
-------
--0-0-0
----1-0
0---2-1
----0--
0-2---1
--3-1--
1-0-1--
3-0---0
1-1----
----0-0
1--0---
0-0-0-0
-0---0-
--0-0-0
--1----
----0-0
-1--10-
----0--
------0
----1--
-2---23
--3-1-1
----1--
0-0-1--
-10--0-
--1----
0--0---
-------

Generation = 7, Population = 129.
-0---0-
--0-0--
-------
-00-0--
320--2-
00-0000
--11-10
0-0-0--
--22--0
00-0-0-
0210---
00--0--
-----0-
0-----0
-0--1-1
0-00---
-0-0--2
--0010-
--30-0-
-0--200
2---200
---000-
2-200--
--0----
20--0--
10-0-0-
--0-0-0
--1--0-
-020---
-01010-
0-1121-
-0-01-0
-----0-
-0-0---
1---13-
----202
0--0-00
-01-2--
-211--0
0-2--0-
-0--0--
0--0---

Generation = 8, Population = 28.
1-----1
-------
-1-----
-------
----03-
-------
-------
-------
-------
-------
1----0-
-------
-0-----
----0-1
0-----2
--1----
-------
-------
-------
-------
----3--
-------
---1---
--1----
-------
--0----
0-10---
-------
0------
----2-0
-------
--1----
-------
-------
-------
-------
-------
-------
---2---
--3----
0------
--0----

Generation = 9, Population = 75.
-0---0-
00----0
3-1----
-0--00-
---0142
----00-
-------
-------
-------
0----0-
-2--0-0
00---0-
0-0-0-0
00-0--2
-00-103
00-0--0
--0----
-------
-------
----2--
---0-0-
---00--
----0--
-0-----
-------
101----
---10--
--10---
-0--0-0
0--0---
--1-2-0
-0-0---
--0----
-------
-------
-------
-------
---0---
----0--
00-----
-0-----
00-0---

Generation = 10, Population = 79.
-10-0--
-------
4--0112
-------
-201--3
-------
----11-
-------
1----1-
-------
1310---
----0-0
---0-01
----0--
011-2-4
1-----1
0-----2
--0----
----2--
-------
--01--0
--0----
-0--10-
1-1-0--
2-0----
2-2-0--
001-10-
--2-0-0
---0---
----2--
0------
1-----0
-------
--3----
-------
-------
---0---
--1----
02---0-
1-3-0--
0-00---
1---0--

*** Life<FredkinCell> 4x42 ***

Generation = 0, Population = 7.
--------------------------0------------0--
-0------------0---------0-0---------------
-----------------------------------0------
------------------------------------------

Generation = 5, Population = 48.
-----0----0---0---0-00202-3-1010--------0-
----0-0--0-0-0-0-0----1---3---1----0-----0
-0---0----0-------0-0-0--0-00---0-0-0-----
0-0----------0-0-------0--30---0---0------

Generation = 10, Population = 45.
----------------1-3-1---4--120-10-1-00-0--
-0-01---2--0----0-2-------5---2-2-2-0-----
------------------1-----111-30-0--10------
-0-0-00--0--0-0---0---------0---0-0-------

Generation = 15, Population = 83.
00----0--0--2--04--0104-6-7----300--2-3-20
120--1-12--1-1023020--10---0-050-05-----10
0-000-00----0-1010-----23-3--32-0-312-100-
01--112------1-00-------3-6-3--0---00-10--

Generation = 20, Population = 48.
------1-------1----------285---3---1------
651--22-52--3-3---3-211---8-3-----5-2-----
----------1----0---1--2---5---31-1-2-0---0
1----1--0----41--02-0-1-6-9-5-----------0-

Generation = 25, Population = 67.
0-20----30-0----5064-2-----8----------3---
9--2---1-3-5-3-----3421131--------60-----0
-00--02----2113-1-31-1--35--4-4--1532---0-
-4--123-2---1-203--2-1---0-----0--5--0-0-0

Generation = 30, Population = 76.
------405-4361--8-95347---9-51-5----313--0
-----6428---7-83535-5-2--2+25--0--7---3-2-
-----0--0-3--4-1-35-2--5---6--5--66--1-21-
---2-7-326--29-146-4--70-1-1-15-2-------0-

*** Life<FredkinCell> 16x5 ***

Generation = 0, Population = 31.
-0---
-0---
-0000
0-00-
-----
-0-00
--0-0
0--0-
---0-
-0---
-00--
-----
--00-
-000-
-0000
--00-

Generation = 1, Population = 39.
010--
0--00
--111
-0---
000-0
0-01-
0---1
-0-1-
00010
01-0-
0-10-
-0-0-
----0
0--1-
0---1
-----

Generation = 2, Population = 42.
--1-0
1-0--
0-22-
-100-
-1-0-
-0-20
1-00-
01020
----1
1----
1-210
--01-
00-0-
100-0
10---
0---0

Generation = 3, Population = 41.
012--
2---0
103-1
--110
0-0--
-1031
2--11
--13-
-00-2
2100-
2--21
---2-
---1-
2-11-
2----
1--0-

Generation = 4, Population = 38.
--300
-0-01
---2-
--2--
-1-0-
0214-
--02-
0---0
--1--
-21-0
3--32
0-0--
0---0
3-2-0
-00--
200-0

Generation = 5, Population = 38.
--41-
2-01-
-0-3-
---1-
-2-10
13251
-----
-1---
0-21-
-3-01
4-24-
-----
-0-11
403-1
2-10-
31---

Generation = 6, Population = 38.
01--0
-0-21
--3-1
--2--
-302-
24-6-
2-021
---3-
--3--
2--12
-03--
000-0
-102-
-1--2
---1-
-2-0-

Generation = 7, Population = 43.
1-4-1
-1032
--432
----0
--1-0
-----
301-2
0-14-
00-12
--123
4----
1-12-
-2131
42-1-
--12-
3--10

Generation = 8, Population = 32.
-1512
-2-43
---43
-----
-3--1
24---
---2-
----0
-1-2-
--23-
50--2
20---
0-2-2
5----
--23-
-2--1

Generation = 9, Population = 39.
1--2-
23054
-04--
-1-1-
-412-
3-261
301--
-1-4-
0-33-
233--
-----
3----
-2---
62-12
2-34-
3----

Generation = 10, Population = 42.
2--3-
-4165
-1-43
0--20
--23-
4-372
-1-22
02-50
1---2
-----
-03--
-----
03232
--3-3
-04--
4201-

*** Life<FredkinCell> 49x4 ***

Generation = 0, Population = 19.
--0-
---0
----
----
----
---0
----
-0-0
----
----
----
0---
----
--0-
----
----
-0-0
----
----
----
----
----
0---
----
----
0---
---0
----
----
----
----
-0--
-0--
-0--
0---
----
----
----
----
----
----
----
----
----
----
---0
----
----
0-0-

Generation = 12, Population = 96.
--0-
-100
1-0-
-11-
2010
2-0-
2-4-
-530
1-30
3-54
1-1-
3--1
--11
3310
--20
--10
-4-0
0--1
-21-
--10
-2-3
01--
-1--
33-3
-2--
4431
---0
-1-1
----
-320
-4--
-7--
-3--
-825
-0--
-3-1
3041
0--4
3--0
-6-1
11-3
----
1-2-
-1--
01--
---0
----
----
0-0-

Generation = 24, Population = 78.
514-
-5--
---2
----
----
66--
-282
-+-4
3---
+1--
43-6
----
----
--1-
--8-
----
48--
2327
2635
2-1-
----
27-1
4-7-
-7-6
25-5
8---
---2
7-4-
----
64-3
8-5-
---8
--4-
6+3-
4183
5---
----
--4-
+-3-
---3
524-
4504
6--2
-3--
----
-5--
1---
---3
----

Generation = 36, Population = 94.
+98-
6---
497-
-5--
----
--4-
4---
8+68
--88
-2--
-6-8
+3--
-+6-
-7--
9-+9
--6-
7+-5
--4-
-95+
-634
476-
4+-4
-3+7
6--+
----
++--
5--5
-6--
3-49
7-57
---8
----
97--
-+-+
95+5
---3
7-8-
3---
+57-
++-6
75--
-8--
----
-433
-4--
--47
-443
1---
--08

Generation = 48, Population = 80.
++--
9+28
8---
--+-
-+--
--7-
--+-
-+--
--9-
-6+-
-9--
+---
7---
-+7-
+8++
---+
9-+-
976+
9++-
-+7-
---+
9---
+---
----
5--+
-+--
---8
--9-
6---
+-+-
++8+
-+--
-+-+
-+6+
----
8+-8
----
--6-
--+-
++--
-8--
---7
-6--
-747
--4-
7-69
--6-
-7-+
575-

Generation = 60, Population = 97.
-+++
+--+
+---
+-+-
---+
++++
---+
++--
--++
-8--
++--
+9--
9++-
--8+
-++-
+--+
++--
----
+--+
+-9-
8---
--8-
-5-+
---+
8+9-
+---
+-+-
-++-
-8-+
--+-
+--+
+-++
-+++
-+9+
+---
+-79
+-+9
+8-+
+-+6
-+++
+---
++-9
-+--
----
---+
++8+
779-
--7-
8+--

*** Life<FredkinCell> 30x45 ***

Generation = 0, Population = 24.
---------------------------------------------
---------------------------------------------
---------------------------------------------
---------------------------------------------
----------------------------------------0----
-----------------------------0---------------
---------------------------------------------
--------------------------------------0------
----------------------------------------0--0-
-----------------0---------------------------
---------------------------------------------
-------------0------------0------------------
-0--------------0----------------------------
---------------------------------------------
0----------------------------------------0---
---------------------------------------------
----------------------------0----------0-----
---------------------------------------------
-----0-------------------------------0-------
-0------------------------------------0------
----------------0----------------------------
---------------------------------------------
------------0--------------------------------
---------------------------------------------
---------------------------------------------
---------------------------------------------
0--------0-----------------------------------
------------------0--------------------------
---------------0-----------------------------
---------------------------------------------

Generation = 5, Population = 285.
-----------------------------0---------0-0---
----------------------------0-0---------0----
-----------------------------0--------0------
------------------------------------00-00--00
-----------------0-------0-------0-0-010-0021
----------------0-0-----0-0-----0-0-0---0--00
-------------0---0-------00------00-------0--
-0----------0-0-0--------0-0-----0-00--010--0
0-0------------0-0---0----0--0----00-02212-21
00----------0-0-0---0-0-----0-0-----0--000-00
-0-------0---0---0---00------00-------0-0-0--
00---0--0-0-0---0-0-00-0----00-0-----0--00-0-
1-0-0-0--0-0-0-----0-00----0-00--------1200-0
-00-0-------0---0-0-0-------0----------00--0-
----110------0---0--------0-----------0------
02--00------0-0---------00-0----0--0-0-0---0-
010----------0---------0-00----0-00-0-0---0-0
0--------0--0-----------0-------00-0-------0-
1-0--0--0-00-0------------------0---------0--
-10-0-0--0----------0-------0------0---0-0-0-
-0---0-----0-0-----0-0-----0-0----0---0-0-0--
0----0--00--0---0---0-------0--------0-0-----
----0-00120----0-00-----------------0--------
--0--0--00-----0-0-0-------------------0-----
-0------------01100-------------------0------
--0-00------00-00----------------------------
-0--110----021--------0----------------------
--0-00-----00------0-0-0---------------------
----------0-0---0---0-0----------------------
-----------0---0-0---------------------------

Generation = 10, Population = 262.
--------------------------------------1--111-
-------------0-0---0------00---0-------------
-0--------------0---------------0-----0-1--1-
-----------0---0-0---0--0---00-------0-------
1--0----------0---0-----------0---1------2--2
-------------0-----0---0--2---0----1---0----0
110-------------0-----------0------0---0---0-
---------0-----------0---2--2---2----0----2-3
1----0--------------------0------13-----14--4
-0---1-0---0------0--0-1---1--2---1---1-----0
---0-2-001------0-------0---1---0------00-0--
-------1-1------1--23--0-0---2--0-------2----
---0-4--3-100-0---1---2---1------0---12--32--
-1---1------------0--0-----0---0--0----------
----231--1----0-0---0---1----------00--1---0-
-----------------0-----------0------1---2----
22----0-00--00----0---0-----------2------10--
-----1---1---1-0--10------1---0-------0-----0
6322---11-------0---0---0--0--------0---0----
---1-----------111--0---1-------1---------0-0
-1-00-0--00---1--12-0-0---1--0-----------0---
-----2---0---0----0-------0---0-------------0
01----1-1-------0-2---0-0---0--------------0-
------------------0--------------------------
-0--000-11---0------0-----0---0--------------
-1--------0-----0---0-----0-----------0------
2-2-4-513-00----1--0---0----0------0---------
---0----1---2-----0-----0---0-------0---0----
01----1-1-----0--10--0---0-----------0-------
-0--------0---------------0-----------0------

Generation = 15, Population = 672.
21--0----0-0-0---0----00-----0---0--0-----432
-000-0--0-----0-0-0--0110-----0-0-00-0-2--0-1
---00-00---0-----0-0100000-------0121---24043
----0-01--0-0-0-0-01-010111---0--00021--1-2--
-1--2---00-0-0---01-0-2000-0-0-00-1111-0122-5
0-00010-010-0---01-0-1-0--2---1000140--22----
-13-3-2--200-0-0000-1-00------011-02--2---2-0
-2-00201--01---11002-00-1-0--2-0-3---2---1-0-
33202-003---100-00000000---02-201--1--3-4-3--
01-1-2-2010-0-21-110-1310---002-0---0----0---
-2210-1-1-0-01-01-0-2-0000---0-02----11------
0--103-20-0--11-4214-3-2200--200-2---11050---
-2--5701---0--01---01-4-101011--1-1-0-4--5---
0-0--2------01------01-0-12-----00---01--00--
-3-1-6-1----32-0-----00-2---10-1-1---1-21-20-
--0--0--0--0--0-------01-01012--2-0-400020-01
----212--12------------000--0-2--2--20-0023-4
--000300-30-0-22-------1----01-1------0-1000-
-45-1023------103-2---11-1-0-10-20--0--1-000-
-1-1-30-010-12-24--2-10-----0-101000----2-1-1
042-5--11-1-2-1------21--1---0--01-00----220-
-000---0-21-00--1--12--00-2-----0-1-00--2010-
--21--4012---2-1-0413--200-1---010-1-001100-0
--0-0200----22--21-0-01-000---10200-1---10-0-
-3211-1--3-02-2-4-113100-11--1200020------0--
020--01-0--0-2---030-0101--000000010-------0-
3----2----322-----1-3-210--1-001200-0-0-----0
0-0-11--20303-2-3-20-0-0--103-0000-0-0-0-----
2-0-3-102-01-1-----24-10-0-122-00---0-0-0---0
020-011--0--2-------201---1--010-----0---0-0-

Generation = 20, Population = 253.
-22-10--------------------------0-00-------3-
-------------0---0---------------------------
2----0---0----------1-------2----1-----02--4-
-2---1---0-------0------------0---1-4-1---2--
3-----------0-----------2--1--11--2---21-3---
-3-------1---0---2---2-------1---0-----------
21---0--03--------------------------01-32--10
----------1--0---------------2--2-3---5-4----
3------------0-001--1--10--12-224-31--3------
-2---2-------1---1-------2---1---1---1-------
--2-03------111-2--------1-------1--2---1--22
-0---30------------------1-------4--1-------1
--1-5----2-022-2-2-0-0-02--11--2--310-------2
-1----------------3----------1---1-----------
---------13-4-----2-00------------------1----
-3--------1--3---12---0------2------4-----2--
--------1--1-3-330---------0---1-------0--3--
--------------3-------0------1---------------
----1-------2-2-3--------1--0------------1---
---------1---3---45--2----2-----2-----2-3----
--2-5-------2--12------0----0------1----1--1-
-0---------------03------0-------0----2------
------4-1-----2---------01------1------------
--0--------------1----1---1---------1-----1--
03----------2---5---3-------0--00---1---1--10
-3---0-------2-------0-------0----1-------1--
--2-------3-------1-31------11---0-------1---
2-----1--0-------0----0----------------------
-----1------4-------4---0--23--20------01----
-30----------0---0--------3-------0---0------

Generation = 25, Population = 565.
-5---1---1-0-----0-0-0-0-01-00--0-2--1-4454--
-40--10------10---0-0---0--1021-021-1----0---
4-0-1-00--0-1-00-----0----1-2-----33--02-61-3
--------03210-0000--1-1-31304-30-160---0214--
652-2200-01-01----1----0-261-01---3-4----4445
-6---30---2--10003----1--2--0---20-5-1---1---
-1-0-----3---01--1-0----020020-131--1---2462-
----0-------212----21----301-2---3-0--------5
-4---2---3-1-0-232--12------51-2-3---2--6-5--
----07----0-0--1----0-4-0---0-------1-2-211-3
--2-162--20----04-0---0--1-----1-12-4-2-1--3-
01112-141-30----5-545-1--4-------53-3-4--03--
--1-5--------4-2-23-115---1--1-2--61034-3----
0-0--2-0-1--0-0--26--1100-----1-021-----00-0-
-3-1-6---4---4--122--23-5100----2-0-3--422--0
--0-0-001------111--003--0--1----000601--0-0-
---1-12-1-2---166--0-0-2102--1------3-3--2---
0---0-000--0--420-1-0--10--3020-1---0-10-----
--5-----6-2---4---3--0--221------00-0--2-11-0
0-110-0-0-111------22-3---4--24--1-0-0-0-02--
2---------1-3113-5-----0--403---2-2--3134-410
00----0-0-1--102-1--3-1-01--0--0-0----302-2--
---------2-0-2---0---0--1-1---1-1-12--------1
-1------0-1-2-12-------001--11--20--2-----102
2----0-1-3-0--23612---224-20-122502------2---
1--10----------0---1--111-410---1--0------102
--2-43---33--1--322---5-1-0-2---2-0-1-0---0-1
2-102------03------0-1-----0-2-00---2----0-0-
-----31132---1-2-202---1221--5343020211-2-1--
0----1--00------1---2--01---3-101---00-------

Generation = 30, Population = 647.
--4-443-0-1-222--2-1-111-2-1-0-2----63364-7--
-----21--3---2--------1---4-0----3-1---21---1
5--146020-1342-03--1111121-5-1---545--1-78--6
---00---3------2--0-2-----5-6-32-4-1--3--1--6
-751-5120032-21--5--22303474---221-14-----958
-70---0--65-----04--1---1---344121--32----21-
86-042-0-3-13--1---2--11323-5014-24--4----9-4
05--1--21--34-3---131-----32--215--1---08----
5-40-5-036--23---5---3--2-32-2636--2---5+--38
0511-8---22-124-2-1-327--7--11-1-43-315--2-2-
5-5--8324-----6-6-11-------251--72---25---2--
322--4-5--423433--+-6-1-4--4-4-3-641---1---1-
3----93---7--41-4-6-2---52----427-+214--6--3-
0--1---104-014-00---231-0-3101-2-243-2---3-1-
---19-5-6--0--212-413--2--1-231-5--4630--42--
-----01---41283--322--3150--2522321193-1-1---
-71-2-5-2---34--741---0---412---154---4313--8
1---0---2-1-2-9413-213-1-236---2-251102------
-5--2-23------509--06--1-3-----1--1-2--342223
1----31-1-41141277+3---1-140-59--2-02-2-60---
---1-----2----3-764--5-1--4-40------2-4--4-11
--12---1134016222-9-32--03-2---020----432-40-
----424----03-5-3-61-0--1-211-1-------1-3-10-
-2--44-0--11323-325-2--0-----1-1--0--03-304-5
--4-4-416-1-212-7-423-2-722-5-3-5-------1-3-4
---3-25--2--1-322-51--3-4----------0--114-1--
4-4-6-7--5--3-004251---22-1-5-2-3-0-----1-10-
---0---15-----3-41--11012-6----0-01-30--2----
--5-4------2--044----2----3-6-----2-3-4-2----
-8-3-4----2-3-----112231203-41-213300-3------

*** Life<FredkinCell> 7x27 ***

Generation = 0, Population = 43.
--0-------------------0--00
0---0-0-------0-0-0--------
-0----000-------0---00-00--
00------0000------000------
---------------00--0-0-----
0----------0--0----0-----0-
------0-----0----00-----0-0

Generation = 5, Population = 105.
-41----1-0-00----0122-31--3
11-00-3020-----02002-0--020
-213--1-00411-11--1--1--1--
2---0-110-01-10-22--1111-00
---0-0-0---1-01-222340---0-
---0-02-00--010021--120---0
02-0-0--103-12---222-3-100-

Generation = 10, Population = 95.
--3-411--22-22-2-2---74--5-
23-1213--2-04-2--3122-2----
---42-111-6362-2623---0----
42-3-03-231--2215-3-2---2-3
2---0-1-4--23--24-3--32-051
2-31----2--312-03-2415-01--
----0-0--58--3--0-----5-1--

Generation = 15, Population = 108.
-642-61---4---52-7-5--4388-
46-2-4-1--20--223-2-533--25
2--6-54--4749512-3-32---4-4
--1401--4416-4-1+--6--2-306
32-3-425402-6----2--43--361
-35-44--50-6---1-434171--2-
3-531----8+--5--1--3256346-

Generation = 20, Population = 83.
--5249---65-4-52--768---9--
--1-3---53---25---22------5
4---4-5-46-6+7--+3---1-----
442---4-----4741+75----7-28
--2-2-27----8-267--54-96---
8---45--5---4--1-447---4--1
-5-324--3-+--5-1--53----573

Generation = 25, Population = 85.
---2---45-85-4-54+-89-44+--
-------3---072-26-32---155-
94-77+-47697-+4-------2----
-5--27-48-287-9---8--------
-----64---3---497-5-66+8--4
84-5-74-6-1-----776-1----32
----56624-+-3-6432--------6

Generation = 30, Population = 86.
--6--+-68--65---7-8-+-57+8-
8-----8-658--48-964----178-
-5-+-+8----9++----8--43----
9-3----68-5-+------+84-9-4-
7---4--9----945-8-5666-+4--
+--6-8------8-2-+---3-39-6-
3-----74--+2-78--26466+6-9+

*** Life<FredkinCell> 35x23 ***

Generation = 0, Population = 18.
-----------------------
------------0----------
-----------0-----------
-----------------------
---------------0-------
-----------------------
---------------0-------
------------0----------
-----------------------
-----------------------
-----------------------
---------------------0-
------0----------------
----0------------------
-------------0--0------
-----------0-----------
-----------------------
-----------------------
-----------------------
-----------------------
-----------------------
----------------------0
-----------------------
---------------0-------
-----------------------
-----------0-----------
-----------------------
-----------------------
-----------------------
--------------0------0-
-----------------------
-----------------------
------0----------------
-----------------------
-----0-----------------

Generation = 1, Population = 64.
------------0----------
-------------0---------
----------0------------
-----------0---0-------
--------------0-0------
-----------------------
------------0-0-0------
-----------0-0-0-------
------------0----------
-----------------------
---------------------0-
------0-------------0-0
----00-0-------------0-
---0-00------0--0------
----0------00-00-0-----
----------0-00--0------
-----------0-----------
-----------------------
-----------------------
-----------------------
----------------------0
---------------------0-
---------------0------0
--------------0-0------
-----------0---0-------
----------0-0----------
-----------0-----------
-----------------------
--------------0------0-
-------------0-0----0-0
--------------0------0-
------0----------------
-----0-0---------------
-----00----------------
----0-0----------------

Generation = 2, Population = 69.
-----------0-----------
----------0---0--------
---------0---0-0-------
------------0----------
-----------0-0-0-0-----
------------0----------
-------------0-0-0-----
----------0---0--------
---------------0-------
------------0--------0-
------0----------------
----0--------------0---
----1---0----0--0------
--0---1----0---------0-
------0----1--11--0----
----0----0---1---------
-------------0--0------
-----------0-----------
-----------------------
----------------------0
-----------------------
---------------0----0-0
-----------------------
-----------0-0---0----0
-----------------------
---------0---0-0-------
-----------------------
-----------0--0------0-
-----------------------
------------0---0--0---
------0----------------
--------------0------0-
----01--0--------------
-----------------------
---0-010---------------

Generation = 3, Population = 196.
------------0-0--------
-----------------------
--------0-----0-0------
---------0---0---0-----
----------0-------0----
-------------0---------
----------0---0---0----
---------0-0---0-0-----
----------0-0---0----0-
------0----0-0-0----0-0
----00-0----0------0-0-
---0100-0----0--0-0-0--
--002000-0-00-00-0-0-0-
-0-000200-0100000-0-0-0
--0-0010-0020-2200-0-0-
---0-00-0-0002-00-0----
----0----0-00100-0-----
----------0-00--0------
-----------0----------0
---------------------0-
---------------0----0--
--------------0-0--0---
-----------0-0-0-0--0--
----------0---0-0-0--0-
---------0-0---0-0----0
--------0-0-0---0------
---------0-0-000-----0-
----------0-00-0----0-0
-----------00-0-0--0-0-
------0----0-0-0-00-0--
-----0-0----0-0-0--0-0-
----000-0----0-0----0-0
---01200-0----0------0-
---00-000--------------
--0--1-10--------------

Generation = 4, Population = 68.
-----------0---0-------
--------0---0---0------
-------0---------------
------------0----------
-----------0-------0---
------------0----------
-------------------0---
--------0-------0----0-
------0--------0-------
----0------------------
-------------0-00------
-----------00----0---0-
--1-------0------------
0-------1--------------
---------1--1----1--0--
-------0-------1-----0-
------0----------------
----0-----------------0
-------------0--0------
-----------0---0-------
-----------------------
-----------0------0-0--
-----------------------
-----------0-------0---
-----------------------
-------0------00-----00
-----------------------
---------------1-------
------0----------------
----------01-----11--0-
-----1-----------------
-----------------------
--0--3----0------------
--------------0------0-
-0----1--0-------------

Generation = 5, Population = 196.
--------0-0---0--------
---------0---0---0-----
------0---------0------
-------0-----0-----0---
----------0-0-----0-0--
-------------0---------
--------0---0---0-0-00-
------00-0-------0-00-0
----00-00-----0------0-
---0-00------0--0------
----0------0---11----0-
--0--------11--0--0-0-0
00-0----00--0----0---0-
-00----0--0-0----0--0--
0------0--02-0-20-00---
--------00--0-0-00----0
----00---------0-----00
---0-00------0--0----0-
----0------00-0--0----0
----------0-000--------
---------------0--0-0--
----------0-0----0---0-
------------------000--
----------0-0-----0-0--
-------0---0--00---0-00
------0-0----0110---011
-------0------0------00
------0-------0-0------
-----0-0--00---0-00--0-
-----00--0120---02200-0
----0-0---00-----00--0-
--0-------0------------
-0-01-0--0-0--0------0-
-00--00--00--0-0----0-0
0-0--1-10-0---0------0-

Generation = 6, Population = 216.
-------0-0-0---0-0-----
------0-----0-----0----
-----0---0-----0---0---
--------0-0---0-0------
-------0-0---0---0-0-0-
--------0-0-0-0-0----0-
------0----0---0-0-0-1-
----0-1---0-0-0---01---
----1---1------000-0---
--0---1-0--00---10-----
--0---0---01-00--00----
0---1---000--001-------
1---2---11---0-001--0--
0-1---21--111--0-1-----
--0---11---3--23--11--0
0---00--11---2---1-0--1
----1---00--01--00--0--
--0---10---0--------010
------0----1--10--0----
----0----0-0-----00-0-0
-------------0--0------
---------0---0-00-000-0
-----------------------
-------0-0-0-000-01-1-0
-----------------------
-----0---0-001-210--1-2
------0----------------
-------0--00-011--0---0
----01--0--------------
--------01--10--1---1--
--00-110--1------------
----------10--0--00----
01-1231001--0----------
------------0---0--0---
-01002121010-----------

Generation = 7, Population = 341.
--------------0--------
-------------0---------
----0-------0-------0--
-----0-----0---0-----0-
------0---0---0-0----10
------0--0-0-0-0-0--0-0
----00100-0-0-0-0-01-20
---01-2000-0---0001200-
--0020-02000---11-010--
-010002-10--1-0--1-0---
00100010----0-----10---
10002000-1--111---0-0--
-010300---00-101--00-0-
1-2000----222---02-00-0
-0100----1-4--3-012-001
-000-1----00-3-1-201-02
0-002-0---0-1-001-0-1--
-0-000-1-001-0000000--1
--0-001--00-00210-10-0-
---0-00-0--10000-1-----
----0------0010-1--0---
--------0-0-01-1--1-1--
-------0---0--0-00-0---
------0------1-1-12----
-----0-0----0-0-0-0----
----0---0--1-2-3-100---
---------00-0-0-000-0--
----00---011-1-200-0-0-
---0120-1-000-000-0-0-0
--000-0--2-22100-2-0-0-
-011-2-1--2-000-000-0--
000-0---0--1-0-00110---
12-2-----2--100-0000---
0-0-------0-10-0-00-0--
01---------1----0--0---

Generation = 8, Population = 64.
---------------0-------
----0---------------0--
---0-----------0---0---
---------------------1-
------10---0-----------
----0-------0----------
-------1-----0--1------
----2------1--------1--
-----------------------
------------2----------
-----------1-----------
-------------2---0-----
1-------------12-------
--3---------3---------1
-----0--0------3-----12
---1--------0--2---2---
-----------------------
-----------2-----------
-----------------------
---------------------0-
------0----------------
----0-----------0----0-
-------------0--1------
-------0---0-----------
------0----------------
---0---------------1---
-----0-----------------
-----------------------
-----3-----------------
------1------2---3-----
------1----------------
---------------1-------
2-------------1--------
-----------0--0------0-
-2-----------0---------

Generation = 9, Population = 191.
----0---------0-0---0--
-----0---------------0-
--0-----------0-0-0--0-
---0--00---0---0---00-0
----00210-0----------1-
---0-00---------0------
------1-0--0--00-0--0--
---0-0-0--0-00--0--2-0-
----2------00-------0--
-------------0---------
----------0--0---0-----
1----------11--10-0----
-01---------0-2301----0
10-0-0--1--2-00-------2
--100-11-1----340--102-
--0-01--1--0-3030-0-002
---0-------01--0---0---
----------0-0----------
-----------1---------0-
------0-------------0-0
----00-0--------1------
---0-00------1-110--1-0
----0--0---00-0020---0-
--------0-0-01--0------
---0-0-----0-------0---
--0-000-----------0-1--
---00-0------------0---
-----------------------
----1--------0---0-----
------20----2-0-1-2----
-----221-----0-0-0-----
0-----0---------0------
-2---------0-02------0-
00--------0-1-10----0-0
0-1--------10--------0-

Generation = 10, Population = 215.
---0---------0---0-0---
--0---0-----------0--10
-0---000---0-0-0-----1-
------------0------11--
---011-21------00--0---
--0-0-1---00--0-----00-
-----021-0----11--0----
--0-2-2--0---1----1---0
-------0---1-0--1------
----0-----00-10--1--0--
0--------0---101-------
--0--------2-------0--0
1-2--0--1--011-412---01
2--10-----2-3110-2-00-3
0--1--22--0--045-1-21-2
-01--2----01041------13
-----0--0------1-----00
---0-----0--10-0---0-1-
------1----------------
----0------1----0--0-0-
----1---0----1--2------
--0---10---0--0---10-0-
-----------1--11--0----
---000-------2--1--0-0-
----01--0----0--0------
-0---1-0---1-----1---1-
---1-010---------------
---0--0------1---0-0---
---0-300---------------
----0---0--2---0---0---
0---03--0-----0--------
------1----1--0------0-
230---1-----11--0------
---------0--20-10--0---
12-0-------2-000-------

*** Life<FredkinCell> 4x29 ***

Generation = 0, Population = 25.
--------------------0--------
0---0------0-0--0---0--0-00-0
--0-00----0-0-00----0--0-----
--0----0---0-----0-----0-----

Generation = 10, Population = 60.
12-2-3--1-----4-322--20--2122
111-2---301--3---31-1-6-2----
--50-----324232-02---2-14-1--
03--11260-0132237-18---41----

Generation = 20, Population = 64.
-3--76-25-12---4--20652+3----
-82-3-245--53+-235---28-7656-
-4-3-7-32---46881445-5--93-53
3--+51-------+6-+3-+7-1--44--

Generation = 30, Population = 57.
29-7+9-6--2666---6---+7-4-89-
4--4756----+8--5-5--37+---887
--66----4---7--+-6--+8--+8-67
7------75753-+---55+8----55-9

Generation = 40, Population = 66.
4+-9++6----7++++--7-++--9+++8
-+-6+-+6----++--65-5-7--++9-+
6----+-+--9++7+-59-9----+9--+
+--+91-9--6--+87-65+9-4+97-+-

Generation = 50, Population = 58.
-+8+-+6+-+8----+-98--+-+-++--
----++-------+-8----9--+++---
+--6--++-++-+-+-7+--++4+++---
-+-++2-++-+---+++95+-88--7+++

*** Life<FredkinCell> 12x40 ***

Generation = 0, Population = 5.
----------------------------------------
-----------0----------------------------
0---------------------------------------
----------------------------------------
----------------------------------------
----------------------------------------
----------------------------------------
----------------------------------------
------0---------------------------------
----0-----------------------------------
----------------------------------------
---------------0------------------------

Generation = 25, Population = 158.
---040-0-010-0-0---000-------------0----
--27623-10220-0---01200-----------0-0---
---050---00----0---010---0-----0---0----
----------1-1-----------------0-0-------
--40---0----10---0-----0---0------------
03541---2-34131-----------0-0-0-0-------
-02----0-02010-----00------0---0--------
--0-5-4--2-2----3-02400-------0---------
-03--0---02030-0-01020-0---000-0--------
-0414---4-86531-20-1--2---13200---------
-05-10-0---000---010---0---00----------0
0-33410-----------0-0-0-1-------------0-

Generation = 50, Population = 135.
--5-+-7-----------------3-4-----3-1-3-1-
-5-+-2---07--1-----45--2-6-6-3-0---6-5--
7-----6---6---------7---------1-1-1-3-1-
-2-7-3--5---6-----0--53--231-1---2--2---
----5-+---------------0-0-----1---2---0-
---------186-6-4---44---5---54-1--2--32-
----9-6-------7-2-----------0-3-5-1-1---
-1---2---5-7---5-----3---46-2--3-5-12-21
--------5-7-8-5-4-5-4-5-5---5-1-5-----2-
---3+--------4-3----------85--32----3---
------+-3-2---5-2---2-4-3-2-------------
--8-+-3--3-+-3-------1------6------4-342

Generation = 75, Population = 193.
5-9----0---050-----05---60-------0-0---0
+-+++------+-6--6--7-6-6-+--1---2---6-5-
-0+0-0+0-08-+-30-0--90808------0-----0-0
-6---7++-6-++2-24----986--------------3-
+--090-0-0+--050-------------0-0-----0--
---9+--+8-+-7-+-3---92-1----9-------4---
-0-0--7---+----0-0-0--9090-0--40-0-0----
6-5++6+-+7-+9-4---9---7997+--864--------
-----0-0--+----04-60-0-09---609-7--0---0
5-+8-0----+-+-+9--++------++8+-9-+8---8-
--+--0+--0----8-207-70---0--706-50---0-0
-4+---7+----+6-6--77-2--2----6527---8-+-

Generation = 100, Population = 138.
--+---+-----9-6-4-7-----+-----9-4-------
++--++--+------------+++-++---4-48--+--7
----+---+---+---9-8-+-+---+-7-------+-8-
+---++-+-+------+-8+--+--+9--+6-6-------
+-+-+-+---------7-9-----7---+-6-5-9-----
-----+-++--++-----8---+--4---+---+---+--
------------+-+-+-+-----+-------------8-
+7--+--+++--+--+------+--++--+------7---
+-+-+-------+-+-9-----+---+---------+---
+---+--+---++-+++-++---7--+--++-++---+-5
+---+---------+-----+---+-+---+-8-+-6---
--------+--++-----+---+6-++------4--+--8

*** Life<FredkinCell> 34x39 ***

Generation = 0, Population = 35.
------------------0--------------------
---------------------------------------
------0--------------------0-----------
0--------0-----------------------------
----0----------------------------------
---------------------------------------
----------------------------------0----
---------------------------------------
---------------------------------------
---------------------------------------
---------------------------------------
----------------------0---------0------
---------------------------------------
---------------------------------------
---------------------------------------
-0---------------0---------------------
---0------------0---------0------------
--0------------------------------------
---------------------------------------
------------------0--------------------
---------------------------------------
----0--0-------------------------------
----------------------0-----0-0--------
-------0---0---------------------------
----------------------------------0----
---------------------------------------
-----0-------0-0-----------------------
---------------------------------------
----------------0----------------------
---00------0------0--------------------
---------------------------------------
---------------------------------------
---------------------------------------
--0----0--------------------------0----

Generation = 12, Population = 336.
2-0-0-------0------0--2----0-------1--0
---------------------------------------
3-4-1---0------0-------0-------0--1-1--
----------3-1----10--0----0-0-------1--
0-20--2-1---------2----0-------1--0----
--1------------------------------------
2---1-2------------1-------1--0-3--1--0
-----10-0----00--00--00-0-----2-1-----1
--1-0-21------2-----0------1--2--------
2---0-10-------------------------------
--1-------0-------3---10--2-0-00--1-3--
-13-1--0--12-10--12-1-2--05-3-------0--
0----------0----0-------2-1------------
0-304---0-12---------------------------
-----01------1-0--2-----1--1--4-0-1---1
11-4---0--31--12--1--11-1-1--01-0-----0
------------1-222---0-2-----0----------
2-01--532--02-00--1--------------------
-0---------0--0--0-11-------1-----1-0-0
-2-2-111---4--12-101--3--00-0-2-----1--
--------1--11---1-3-0---0-----------0--
----3-42--31--350--3--1-----------1----
-1-----3--0----24----1-00-------2---0-0
-44--2----12-1-3--53-211--0-----1-0----
-------11---0---1---2---1-------1-----0
-------4--14---3--20------0---1-------0
---4-1-----2--1----01----2-00-------0-0
01-02-03---7--11-141--1-------1-------0
---11-------2-------1-------2-----1-2--
---13-----60--313-----10--0---0---5-1--
-1---2-1-----2----0--0-01-------0-2----
1-313---2-02--04--2---1---1-------2-2--
--------1---0---1---1---1-----0---1---1
0-23--2-3-0-2-1---1---1---0---1-1-----0

Generation = 24, Population = 312.
---32---5-42----------5-0-2---2---4-5--
-------4--1----------------------------
4--220----2--4235--22------2--2----4---
52---2--533--2---33------14-----20-----
--4---3-2--11---1-3---3----11------6---
---36------42--3--4--------------------
--12------0---7-2-5---0-------1---2---4
-3-4---------2-1-4-0-------------1-----
1-21------20----1-14------2-----0-1-2--
-------2----3-----5---------------0----
-15--2212--233-------424---4-------0---
-3---434-1------144-----41----2-------2
4---2---4-2---3----21---3----------1---
--8-7------24------13--1--2------------
------4---1-2-2---9---5---2---7-2-----6
----2-------------7--3-4---2---------2-
--30--2-1-94----6--5----3-56------1---0
---------------1----2---------------6--
52--1----1----5----6-3-------2-2---1---
47------52-----423----6-------5-1-----3
0-1---4-----2---6----------4----1-3----
----5--5--569------53------42--3--4----
1---1-2-------1---7-4---4---2---6-----2
--543--2--3-32------------1----2-3-0---
1--3----3--3----2-325---4-------4------
-----------------------1----0-----5----
------02-3-------5---------5-2-------1-
4-3------0--4-3---5----11---1-1-------2
---57-3-1-------1-------2-----------9-4
-465--------8--3-2326--2--414------14--
------1-----3-------7-------4---1---0--
---345----476--6--953--2-0--------3----
0--1----2--0----4-------5---3---3------
----------------------4---3----15---3--

Generation = 36, Population = 354.
---7-2--6----3-1---1------2-----3---6-0
--6-6-482-----61--3---3-------3---0---1
--6----3----+--6-------1------------6--
6---+-57---4-----53------27-7-9--28-433
-1---------23---32-8------------2-----1
--54-------8------8---------------1----
4--4-65-5----5-3---4----2-----4--------
--46-------6------6--36-4-----6-7-6--1-
-----6------43-4--2-4---4-3-----5---3--
5-15---84------------------------------
-177-------75---77-3--6---5-1-3---3----
-634------8-575--6--2-6-----+----1-----
----6---------6-8---3-3----52-5----2--3
9--28-3----5---4--5---------4-----2----
-----4-1----53-2--+-3-6-4-----+-2-2----
-758-6---4-4742--6+--41-3---32--7----4-
4--2----2-+-------8----16--------------
-87----5---4--7--6----354-0---3-3---6-5
6-33----3---------3---5-4-7-6-6--------
7+--5-458----3--59+5---65-5-7---43-53--
--1-2--5------4-------5----6------+3---
-2---9-------7----66-8-----65-1---6---1
3-4-3-3-------16-7----6--3--5--6-2---5-
3-+------6--5--8---7--37---84--46------
3--9----5-----6-----------33----------5
-6----------1----487---5--44--------4--
--3--------4-4--7--2----2--7-----644---
--3-32-------5-----8---5-----------1---
----+-------6----------4--7----8-------
3-6-----69--+--59------55---8-512-+---3
----3---------36-2----2--4----51-2---12
--+---------+----------2----2-----6----
2---3-3-2---------9---4----2--6--------
2-+-773-5---92--6-------1-8-3-6-7---4-2

Generation = 48, Population = 324.
--676-------+-4-9---2-6---42------94---
---4------1-9-----613--1---0-----------
+--+----9--5-------4--+-6-------9-85--6
6-9--7-++-------7-8--27984----+------6-
-3-7-7---4+--6-6+---++-------3-6----6--
-3--+--3---------5-----1--7---------3--
4-------6---3-----+---5-8---6-9--------
--9++-----17------+-4-------------85---
7-----9-----+-8-------------------+---2
-------+--+---------7-12--------8------
-5--68---3---+---+---+---68--5---4--+1-
------78+6----8-+----6--+-------0----27
---6--6-------9-9-76----9--68-+-------4
--+-+------9-------3---3--7-5-----4-5--
+-----8---7+--4---+9--------6-------7-9
-------8--+--9------4--6---------6-----
5---------+67-+---+95------+7-3-8--68--
9-76+--5-3-6-----------+---------------
---8------------+--7----+-------------6
8-+---+9-7--+---8-+--6-9--------9-5--37
4---43----+6-5-+--86------7-----5------
-7-----+--7--9---4--9-----5------5--4--
7-----6-+-----4-9-------9-------+-6---7
----8-------9-----+-------6-6------+5--
--5---8-----7-8-5-----+----94----------
9---4-29-7------4-------------5-------1
-7--6+---95--8-9----25-------6-3-------
6----4--8-------7-7---4-53------+------
6-7-----4--68-9-------6-------7-+--6---
---8---8--+-+------78--6--+-+-----+99--
+--5----+-------------3-6-6---5---6----
----+--7-----2---------5--6------2--+--
--+34-----8---5-8---------45--+---+2---
-----8-7----+-7-6-7---8--6------+------

Generation = 60, Population = 620.
5-+-8--7+9+-+-87+--35---16-254---5+----
+-+-7-++4-6-+8+-89--56--11-3----4-2-+-3
+-----+9--98++-+---6---7+-+7--+8-+-----
----+-++++++-89---+----+---6-9+--8--8--
5--74+++---9+-4---+--+-9+9+78---9----57
--+++-+4+-7+9---86+-78-3---1-295----6-9
7-++----9--75--8-6-+----86+---+4-5---2-
+-+++-+++6-+75658+++--+8--52-5-1+78--77
-++7---+4--6+----8--++-6----9-938----2-
+--+--++6--++-967--6---6-566---49492---
--+----+4-8----++---3-+-7------4--59---
---877-++-++-7--+7+-89-7-6+6+-65-6+88-+
-8----+59----9++-7+8---5+--------754+-5
+9+-+-89-5+++---------35---+7484---7-2-
--++----8--++-87-++------6+5+----4-9-4+
-9----++-6--+-5-9++-9-5--5-+-688+6++7--
----78-4++-9-+++--+---+----+-8------+--
++--+-+-+-+-39----------9-27---5-+---9-
+-7-7-84---896+---98+-++------++7+-7+--
--+--9----+-+-5-+-+--9+-9-+----7+9---5+
---3578----9+-----++----33+-+-+7--+7---
--+-++------+-+-+8+-+-+---------+6---7-
--+-6-7++5--+--9--+8--98+588-8-9+6--8--
+-+---9+5-+---8---+-5-+---8----+8-5-9--
7+5-8--+8-++----7-+-+++9+-8-9--9+-+8+-+
++--+--+6+7---+--+---37+---755-4----70-
+----+36--6++-8++--+-7++-6------+-5--7-
+--767-+--6---+------+8+----9--6-6-6+58
-5+-+-++8---9--++3+-----7-----+--------
6+-+7+9-+-++----+--+++987-+----344-+--8
--++-----8----7+85+7+-5-7---+55-7----43
-7++-----+-+-----8+++-+-73---6--65+6--4
---5-++95--3-38---+36-73+---+-+6---57-8
-+-9+868--+-----+-8-9+--67+-8-+---849--
