*** Life<Cell> 48x42 ***

Generation = 0, Population = 34.
----0----------------0--------------------
----------------------------0-------------
----------------0-------------------------
------------------------------------------
-------------------0------------0---------
----------------------------0-------------
------------------------------------------
--------------0---------------------------
-------------------------------------0----
------------------------------------------
------------------------------------------
----------------0-------------------------
-----------------------------0------------
--------------------------0----------0----
------------------------------------------
--------------0---------------------------
----------------------------------0-------
---------------------------------0--------
------------------------------------------
------------------------------------------
---------------------------0--------0-----
-------0-----------0------0---------------
------------------------------------------
------------------------------------------
--------0-------------------------------0-
-------0---------0------------------------
------------------------------------------
------------------------------------------
------------------------------------------
------------------------------------------
------0-----------------------------------
----------------------------------0-------
------------------------------------------
------------------------------------------
------------------------------------------
-----------------0------------------------
------------------------------------------
--------------------------------0---------
----------------0-------------------------
------------------------------------------
------------------------------------------
------------------------------------------
------------------0----------0------------
--------------------0---------------------
------------------------------------------
------------------------------------------
------------------------------------------
-----------------------0------------------

Generation = 5, Population = 357.
-0-----0-0-----01*--0-----0----010--------
0---0---0---0---00-000-0-------0*0--------
---0-0-----0-00----1110-0-------0---------
------------00------0--0----0-------00----
---0-0----------1---0------010--0--0110---
----0----------00----0---0-010-0-0--00----
----------0----0*00-----0---0---0---------
---------0-0---01------------0--00-------0
----------0-----0---0-----0---00110--0--0-
-------------------0-----0------00--0-0--0
------------0-------0-----0-0--------1----
-----------0-0-----0-0---0-------00--1----
------------0-------0-0-0-0---0-01100-0--0
---------------------0-0-0---0-0-00--0--0-
----------0-----0-0---0-------0----------0
---------0-0---0---0-------0-00-----0-0---
-------0--0-----0-00------0---10---0---0--
------0-0---------0-0------001------0-0---
-------0------0----0---------0------------
--------0----0-0-------0-------00-0-------
---0-----0-0--00-0-----10------110-0------
--0-0-0---0-0-0---0--0*-0----0------------
---0---0---0---0-0----00------0--0--------
----0-------0--------------0------------0-
-----0-0-----------0-0------0----------0-0
--0-----0-0-0-0---0---0--0--------------0-
---0-0-----0-0-----0-0----0-------0-------
------0-0------------------------0-0----0-
---------0-------0----------------0----0-0
--0---0---0-----0-0---------------------0-
-0-0---0-0-0------------------0-------0---
--0-------0-----0-0----------0-0-----0-0--
-----------------0------------0-0-----0---
------0---------0--------------0-0--------
-----0-0-----0-0-0---0----------0-0-------
------0-----0-0-0---0-0----------0-0------
-------------0-------0------0-----0-0-----
------------0-----0-0------0-------0-0----
-----------0-0------10--------0-----0-----
------------0---0--010-------0------------
-----------------0--0-----------0---------
--------------0-0-----0--0-----0----------
-------------0--10--.0----0-------0-------
--------------00*0.----*1--------0--------
----------------0-------0-----------------
------------------0---0-0----0------------
-----------------0--0--0---00-0-----------
-------------------1*0----0-00------------

Generation = 10, Population = 481.
0-0-0---0-01**-****-10--0--0-1-0.--0-0-0--
--------------01-*-1--1---0---10.01---0---
--0---0---0000-0**.*-.1-1-00--0-1-0--1--0-
------------.-1--0--0-----0-.--------0----
----0---00---1-1..--.-0-0*11*1-00--*--.---
------0-------1-.-1-1---1-11*01---11..10--
--0-0-1----0---..-.1-0-00---*1---------00-
----0---0---0-.-.-------0-0-0-0-.0--0-----
--0-0-1---------.--0-0-0---0-1.---.-0-1.-0
------0-0-----0-------0-0-0----0----0*0*--
----0---------0---00-------0-0--0-0--*110-
------01--0-------01--0------0---00-0.10--
----------------00-*-0-0-0---10----1..-*--
-----01-10----0-01--110---01**10*---11-.-0
--------0----------1-0----10----0---1---0-
----0---*---0---00111---00101.-0--0----0-0
------1---0-------0-----0---0------0--11--
-----01--1----00*0.---00---1-1---------0-0
--------0------0--00------0-01-----0-0----
-------0---1---*0*----1--000------0--0---0
------0-------01-0---1-1--10--11..---10---
---------0---0*.-1----.-.1.-01--1-101--0--
0---0---0-----1-0--0-0-.-0--00--0-000---0-
---------0-00---1-0---0--000----11*-10----
0-0---0-------1---0----0------0-0-.-0-0---
-------0---0-01--------1---0---0--00------
0---------------0----------0----0-0-------
-------0-0---------------00-----00--------
0-------------0-0--------0---0----0---1---
-----0---0-----------0--0-0-0-0---0-------
0-0-----0---0-0-0-0--------0--------0---1-
-----------------0-0----0-0-0---0---------
0-----0---0---0-0-0----------0--------0---
-----0---------0---00----00---------------
--------0-------0---1------0---0--------0-
-----------0-----01---001--0------------0-
------0-0---------0-----1----0------------
---------0----------.-01-10-------0---0---
----0-0-0-0---------.-1---0---------------
------------------1.-0-100------0---0---0-
------0-0-0-------*0.-1-0-0----------0----
------------0---.**-.0-0-0--0-----0-------
--------0---1---.00..-------1------0---0--
----------1---10.0.----.--*---0-0---------
----------0---1-.-*-.-----0--0-------0----
------------0--001-*.-0-----0-01--0-------
--------------0-.0.1-0-----1---1----------
-------------0-00--***0------*-110--------

Generation = 15, Population = 920.
---0------****-.....*.-*-**-1****-*-00--*1
--0-00-00---*..*1*-.--.-1-.-.011.*1*-*1*.0
-0-000-10-*0-1*-..*.1..-1---.-.0-1....1*-1
--00*---110*.---**--*-0-01**.-*.*--*-**-0-
--00---11*011.-...*-***-0....-...-0*..*.-*
-0-0--*01-0-1*--*1*-1-01*1.**-.1-1.**..-..
0-00*0.--0-10-1.*-*-1-*..--0.-.0-**.--1---
-000--1---101-.**-.*-00-.*-*--1..001.*-*-*
00*---*0---00*.**.10-------011.11**---.*0.
00--*1-01-0---1-**-11-00.011*0-00-0*0.-.1-
---0*0100----0*-.0*1.--1*--10*01.*.0.*--*1
001*10-.001--0---*1.*---0-***0*0--.-1.*.0-
---0*01--010*10*-.-.1.--1-*--*-.-**.*.*.--
01---**0--0--0--0*1-.**-*0**....***.*...-1
000-----00---0*--10.0-100-.1--**.---.---1-
-000*-**.*---110...**0-0*1..-*..-*0---0.-0
0-*010.-.-00101.11--.1--**-*.0**.-1-1-.*0-
-1-0-1*-1-1-1*...*.*--.-0---0*---01-00-1--
--000-*0--01*.-10*1-.0-.0--.*-***1-1--0---
--01101**10-10-.1.-*1-.***---.---.111--0--
-0-00-0-0--*..-.0-.0-*.--..0*-**..1*0-1-0-
0-0--01100-0-...1.-.0..*...101-0.0---01---
-0-0-00-0-*--0...00--1..--*--0-*-..1-1-10-
--0----1-*1**11*.**0-1---0-*-0.-.**.*1.010
-----0--0-00-0*0-*..-10-01-.1.1-.-*1--1010
--0-0----1---.*--0*-0...-10*--00.*---0*00-
-------0--000*.0--*--10*--01--1-.--1--10--
--0-0-0-0-00-*10------001*.-0-1-0..-0-----
-0-----0----1-0-1-1-1--*-*0-0-0---.0.0*0--
0---0-----0--0-1-----0.*1-0*1001----.0*00-
---0-0-0-0-0--1---1---1--00-0-000--0*000*0
0-0-0---0-0-0----1-0.-00-1**00-001-01000.0
---0-----0-0-0--1-00*0---010000-010-0010.-
0---------0-0-01-00.1--0.-.1-100-0-0-010.-
-0-0-------0-0101-1****-..--00010-0-0-0---
----0-------01**1*-0....**1*-10100-0-00---
-----0------1000-0---0*0.-*---000-0-01-0.-
------0----0-10-010-.--.1.*-.--0-0-0--1-1-
----------1-1---011-.-.---.-.--10-0-0--1-0
0-----0--0-*--00-1..1-0...0-0*1--0-0-0--1-
-0---0-01-0-*00*11.1..**.01-*-*---0-0-0---
--0-0-00-1-0*001...-.1-.*--1**0*---0-0-0--
-----0101-1-*0-0..1..**1---1...0*---0-0-0-
-----010.0*11*1...*--*1.*-.----*1*1--0---0
------00*010*-*-.0.1*1-0-1*----0--000-----
-------0-0--0-*.-****-0.*-011-**----0----0
-------0101-*-1-.*.*-*11-**--.*10-0-00--0-
---------11*-0-..*-...***--*..-*-----*00--

Generation = 20, Population = 762.
01--11-.1-..**........0.-.*1*.***-.1-*0.*.
-----1101-*.......-***..*0.1*1**..*.-**.*.
--*--0.--..1*..-*....*.--1-**...**.......*
0--1*-**.......*..-..*.*1-.......-0.-...-*
---1--01-*0.*.-......*.--*...-.*.**....*-.
---11-.-.0-1..**...11-..*.*..-..1.*....-**
0---.*..-0--..1..-.-*....--0.-.-1....-1--*
0---0-.*-..-...*.-.*0.-..**.--...1-...*..*
-0.-.1.-**.-...***.--*-.1-.*.-.-...-.-.*-.
-0-*...*---*.-.-***.**.-.1-*..*1---....*--
--10.**.**-*.1.*...1*.*1*00***-....-**-*.*
-01....*--..*1-.1.*..-*0--...1*-0-.*.....-
--11*--111-1.-1.1*..*.1-**.*.*...**..*...*
--*00.*....-0-*-...***...0***.*..*.*.*..1-
110.*--**---*-*0*--..---1....***..1-*..*.*
*1--.1..**--**.***.**0.0.*.**..*-.-*..1..0
-1.-.*.**0--*01..-10**10..1.*****--1.*..11
--*-.-*..-*-..**....-1*.*-*10*1--0-**.0.--
--01--.0-0**..-...*1*--..0.*.-....1.*.-**0
0--110-..-1-*.-.*.1*.-..*.*1***--*...-1001
----01101.*...-.1-.1*...*..*.****.*..-.1-1
-0---011-.-1.**..*..-.*.*...-*.-*-**-1*.1-
----0--0*-...-..*-*--**.1-.1.--....*11*---
-------1-.**..*****.1.-101*.-..1*...**.---
--0-----1-***-**-..*1---....*..*.*....*.--
-0---00-..-0-**1--.-0.*.-.***.**..-1-*.---
-------0-*--0..1*-.*0.*.10-*-.1-*-.*--*-0-
-------------..0---000***..1-.--0..0---0-0
------0---0*....-11--10.-.-1-0..11.1.-*1-1
-0-----0--1---1*000---.*.***1-1***...-*-0*
----0------111.11-1-1-..-1.-----10.-.---.1
-0--------1---110****1-*-....-0-0.-1--1...
--------------1--10.*.*-.-.1*--0--.-0-*.*-
-------0-----1-1**.*.1--**..-*1-0*0-1--..*
0-------0----0--*0*...*1..**1-0---*----*--
-0---0------0-.........*..*.010.1-0-11-1-1
--------0--0---.-*.1*..*.-.*-10-0-*0.*-1.0
---0---0--10.--011.-*11.-**1*01-0*--*-.-*-
----0---00****1-0.-0..*--1*0.--.-0*-.--*--
-0--0--00--.-10-*..*-...*.*1-*.-10--*-----
----1--1*10..1-*...-....*11-*1.-0------.1-
---1--01.-0*.1*...*-..0.*-*1.**.-0--*-----
----.0--.-*1.-...*...****--.**.**1-1--0-.*
1-.1-**1*-..1*1.*.*00*1...*1110.*..--0-01-
-------1*0.1.**..**-.-10-.*0.0--1-*1----1-
------1-001-.-..-......*.**..0*.1*---*-*--
------00.---.-*....*...11*...***--1--1-1--
---00-0-1**.10.***1*.*...-****-***.1..----

Generation = 25, Population = 735.
-.*0.-..*.........***.-.1.****.....--.0**.
10*01..**-.*.....*-.**.**.....*.......**.*
-.**0*.-.**..*.-.......11..*.*...........*
-*-**...*.........0.....*-.*.....0.*0..*.*
*1-11101..*...-........**....-.....**..*-*
*******....1..*.**.*1-.**....-.....**..*.*
.11-*..........*.*.**....1.-.1.1.......1-.
.0--0-.*.*.*.*.*.-.*1.1***..1-***.0.......
--.1**..**.-*.*..**.0..*.-...-*....-.1.*-.
-1**.....--.*.***....***.....**.**0.****1.
--.-*...**-*...**.........-...-....***1...
........-1*.*--.......*1--.....0--***....-
0-...1-*1*-..-......*.*-.........***.*.*..
0-*-*..*...-.0.1.....*..*-.*.*....*....**.
*.**.*-*.00-.***.1-.*-.****...*...*-......
..-1.**.**...**..**..0.*..*..**.0*0...-...
*..-....**-*..**.**....-.*.......1.1*....1
-..-.1.*...-.*.*.**.**...*..*.*--*....*.*-
1-1-.*....****1...**.**..-.*.*....*.*..*..
101**--..-*1*.-..***.1.*......*-*...*-.-..
--010.*...*...*.**.1....**.**........**.1.
1-01--.*-.1-.......*-.*.*......1.1...-.**-
*0-0101.***..1*..0*10*...0*...-........*--
-0001--*0..***...***....11**1**..*.......-
100----**1...1..-....11-....***...**..**-1
00-----0...*1...1..1-.............0.....0.
-0----11*..-0....*.*.....*-*-*...-..-..01*
0-00-0*.1*1*..**.--11*...*...*.--*.1..*..*
-0-0-01.---*...***11-1*.*.-*--...*...0**1.
--0-0--1.-.**...1-*..-..*...*0.......-*01.
---0--0--1-.-....--*.1...*.-*.*0.**.*--...
-----010---1--1.........-***..1.*.*-1-*.*.
-0---01-.--1--.*****...-**.**1--*..0.*..*1
0-----0-0*--.*-......1--*.*.**--*.1.*****.
---000----*0--*-***..*..**.*11-.1-*1-0-.*-
--0011----0-0*........*..*.*1*-..1-**-.1-*
-----0-----**01*-*.******-..*.--01**..*.*.
----*-0---...*0-.-.1.--....*...-*.-*.-*-.0
--1-***--0....1*...*.*.*******..-1.-.1..--
0-**-*.-.**.*.-..*.*-.*.**.-.**-*-*-.-*-.-
-0*1.0*..1*...-..*..*....**-.**-*0-----*1.
0*-..-.-...*.*.***.....**-.**..*-.*-.11*00
1000*1--.-.-.*.........*..-.....*-*.***0.*
**.**....1....-....--.....**.....**-*1-.**
1-*1-.1*.1*-....**.1.-1-...-.11--.....1.*-
--01--*0-..-*...-***.........1....-..*-.-1
-00-*..1.**-*1....*..*..........1.**-*-..1
-1*.1-1...*.*-....**.**.*-***.0...***.*.--

Generation = 30, Population = 694.
**.-.1..***...........-*..**.......-1***..
**.***...1.**.....-.........*.......**.*..
......*-....*..-...*...-*...*.......**....
-.1..**...***..*.*-.*...*........-..**....
**...*1...*.*.1**....*..*....**....**...-.
**....*.**.-***.....*-**.....-.*..........
*.--.*.*.....*...*.****.**.0*..**.....**..
.**.--......*....*.........*-0.*..-...*.*.
.1.-...*...1*****.......*....1.*...-...*-.
*..**.....-.***........*..*.....*.*.......
0*..*..***-.........***.*.1.......*...-...
*...*.**.*..*1*....*..*..-.*...---....**.-
*..*..*..*-*.*.***.*..**...*..........*.*.
*1.1...**..*..........**.1.........*.**.*.
.******...11.......**1.*.....*...**.**.**.
.*...**....*.........1.*.*....*..*..**-**.
...*......*............**.*...*.**..**.**1
-**1***..*.*..*.**.**.....*.*...0*...*.**.
.-*-..*..*..*.*...*.*....1..*....*...*.*..
*0***1.*.**..**.***.......**..**....*1....
-*110....**..*.....-**........*....*.*....
*.*.--.*1*-*....***.-.*..........**..*....
.*0..1.****.*1..*1.-0...*1....1..*...**..0
1-*-1--.1......*.******..*...........***..
*0---1-*.*.....*........**...**...**..****
*.1-1--0....**..**..1**.*****..**.......*.
*..*--.....**.....*.***...**-..*.*..-.*.**
*0*-1-.*1.-*....***.1**.....**.-1..-......
*0**--*..-1........1*-.*****--..*....**.-.
-*010---.........***.-.*****.-......*1.*-.
-1*.*--111-......--*.....*.1...1.*....-.*.
1-.--11-.11.-1......*..............**1...*
------.*.-*.01*.....*..**....1--.*.-*.**..
00-.0--*.******..**.*...*.*...--**...*...*
-11.-0-11-..0*....*.*.....**..*..-.**1*..*
-.....-.*-**-..*..***...*..**.**..*...****
0-*---1---1..1**....*....0...**.0******...
*0*0.-.*1*....1-*..-..1........**.**.0..*-
*-*1...--.....-......*.***.....**1**.-..*-
0**.-..1.**...1.....-****...**.-*1.-*-*..1
*0*1***.*-*...*...***......-***-.**---****
*.**.1**....*..*.........-....***..-....--
.011....*...*......*...**.*....****....-.*
...****.**............*...*.....**.-*--..*
.-.*0*..*-*-*.**..*..*-**.*.**..-...*.-..*
--.*1.*.*.*-**..****...*..*...*...-.*...-.
0-***..**..*....**.........**...*..*......
--...-1....**1....*.*....-...*-.*..*..*.-1

*** Life<Cell> 43x42 ***

Generation = 0, Population = 6.
------------------------------------------
------------------------------------------
------------------------------------------
------------------------------------------
------------------------------------------
----------------------------------------0-
------------------------------------------
------------------------------------------
------------------------------------------
------------------------------------------
------------------------------------------
------------------------------------------
------------------------------------------
------------------------------------------
0-----------------------------------------
------------------------------------------
------------------------------------------
------------------0-----------------------
------------------------------------------
------------------------------------------
------------------------------------------
------------------------------------------
--------------------------------0---------
------------------------------------------
------------------------------------------
------------------------------------------
------------------------------------------
------------------------------------------
------------------------------------------
------------------------------------------
------------------------------------------
---------0-----------------------------0--
------------------------------------------
------------------------------------------
------------------------------------------
------------------------------------------
------------------------------------------
------------------------------------------
------------------------------------------
------------------------------------------
------------------------------------------
------------------------------------------
------------------------------------------

Generation = 25, Population = 469.
-----0---00-------------0-0-0--0-0------0-
------0-00-0-----------0-----0--0------0-0
----------0-------------0-0-0-----------0-
---------000--------------------.---------
--------01110---0-0-0-----------.---0-----
0------000*000001----0--0------0.0-0-0--0-
-0----01**1.*---*00-0--0-0--.---0---0----0
--------10.11---0-------0-----------.-0---
-00---00--1.1*.1--0------------0*00-.-----
00-0--1---*---.010-0----------.**-*-*00-0-
--0-0-0.*.*..001*10----------0*0*-1----0--
-0000-.1*-*1-0.-0--0--------0-0-..00-*0-0-
01-1-.**..*1***1-0--0---0-----1---*0.0--1-
00--0--1-.**-..--**0-00010--.0-1-1*0---**1
*-----.*-....-.0.----0--10.-0-1---*0.-*00-
-11.-**0***..-**---0--0-0--0-0------.*-10-
--*0--.1.-.-..-0---0--------1----0--.-.1*-
---11-.-...1.0.0-00-0---.----000....*--..-
-----..*....--*---00-0.------1*--0.*-**-.-
----10.*-**-10.-*-0---1----0-0*0*001--*..-
-------0*1-1111--0-0*0-0----1-------*0*01-
0-----1-1..-1..----1*1------.0---0.0-*-.1-
-0---00-----0-*0.0.-00-0-0.0--0-----001-.-
0---0-0010..-**..*-10-----1---00-0----0---
--0--0--0--*0-.00000-01--0---0--0-0-----1-
-0-0-----011*.-*-1--1---.--------0-0--1-0-
--0-------00-1--11-0--.10---------0----0--
--------------*---*1*0*-------------------
-------------01-11--000-----------------0-
------0-0----0101.*--.0---------0---0--0-0
-0---0-------0---1-0-0-------------0---00-
0-0---0---0-0-----..-1.-------0-0-0-----0-
-0-------00--0-0---*------0----0-0---0-0--
---------0-0-----01.0.-.-0-0--------------
----------0--------0------0---------------
------------------------------------------
------------------------------------------
0-----------------------0---------------0-
-----0---0-------0-----------0-0-----0---0
--0-0-0-0-0-----0-0---0-0-0-0-------0-----
-0---0---0-------00----0-0---0---0---0-0--
-----------------0-0------------0---------
------------------0-----------------------

Generation = 50, Population = 513.
...................-*.***...**......**..--
.***.........1....*............*....*-..--
.**.****.***........-....-..*.-...........
..-.*..*.**.*.*-**.*........*.*...........
.**.....**...*-.***.*-.***.*..-...........
.**.*...*****...*.*....-**.**.***...*.*...
....*.*.**......**......**.**..***.**.**.-
.....*..*.....*........**..-.*-..1***..0*.
**.*.*.**....*......1**...*.**...*..*.-*.*
*.....1..........*..**....--....*..***.*.*
..*.*..*.**...*....**.*...*........*....**
.***.*.*...*...*..**...***..**.*....*.....
..*.*.**.*.*....*.*............*....***...
...*..*........**.............0.*.*.......
..*......***...**........**.*.*0..*.***...
...**....***...**...1*.1*.........*.......
...........*.......**.......*.............
...........**..*.**.*.*....*..............
...........**.*.****.*....................
..-.......*.*.*.***...*..*...*..*.....***.
...-......**..........*.*.......*.**..***.
....**..*....**........*....*...*.........
...*.**.*.1.**.....*..........***..-..***.
...**.***.........***......*.....*....***.
.....*......1...-**..*...**......**.....*.
......*..*..*......***...**.............*.
...*.***..*.*........**....*......1.......
..****.*..***..........*...*..........0*.*
.**...*..*......**0.-..*...*.....-.-..*1.*
......*........**...................*1....
......*..*.....***..........-......*.1...*
***.............**........***......*......
*...**...-.....***........*..*.1.1.1-.*.**
*--*.***.**...1..*....**..*.*.*-......*.*.
...-..........*..*.....**...0..-.-.-*-..*-
.*.-....*.*...*.*........*...*.*.........*
*...***.-.*-.1..1....**...*..***......1.**
0-.**.*.*.-..**....**.*.-....1.1*--1.*11*.
.-*.0*.0...*.........*.*--...*.*.-**..*..0
0..0*.*.*....1.*..*.*...*-*.**.1..-*-1***.
.0-.-.1.1.***.*.-.*.*-..**...**.***.1.*..*
.0*0.-*1.*....0..........**0...-..--*.1-.*
0.-*11---.0.*............1-*.**1**--11--..

Generation = 75, Population = 260.
....................................**..--
....................................*-..--
.......................................*..
......................................*.*.
..**.**..............-................*..*
..**...................-...............**.
..........................................
..*.***...................................
.*.**.................*...............-...
.**..**..............*.*..................
.....***................*.................
......**......**....**.*..................
......**.....**.*..*......................
..........*..**.**..*.....................
.*.......**.***.*...*....*................
*.*............*.........*................
*.*.......*...*..........*................
**..........*.............................
..........................................
..........................................
...........**........***............*.....
...........**.......*******.***......**...
....*...............*....******.....*.....
....**...............**.*...*..........*..
..*.*.*.*.................*.....*......*..
**...**.**.....................***........
*.....*...*......*.*..........*...***..*..
.***....**......*.........*.**.**.**..**..
....*..*.*......*...*.....*..*....*.......
..*.**.**......**...*.....***.............
....*****.......*..*........-....**..**...
.*****.**..........*..............****....
.***.*.*.........**................**.....
.......*..................................
...*.*...*................................
.....*...*.............***................
......*.*.............*.**................
.....**..*............*...*..**..**.......
......***.*..***.......***......****.....-
.......***.**..........***..........*.....
.........***........................**....
..........*....*...................*.*....
-.....-....*..*.....................*.-...

Generation = 100, Population = 140.
....*...............................**..--
....*...............................*-..--
**..**.................................*..
**....................................*.*.
.*...................-................*..*
.......................-...............**.
...*......................................
.....................*....................
...***..............*.*...............-...
....*.....................................
....**....................................
.*........**.........*....................
.*........**.........*....................
.*........................................
.....................*...**...............
.....................*....*...............
...*......................................
.**.*.....................................
*.**......................................
.**.......................................
..........................................
..........................................
.................................***......
....**...........................***......
....**.....................*....*...*.....
..........................*.*...*****.....
.............................*..*...*.....
..........................*..*..*..***....
................***........**...**...*....
.................................*...*..**
.*............*........**............*..**
.*............*.......***...........**....
..............*.......**........**..**....
..........................................
.*.*.................**...................
.*.*................*.....................
..*..................*..**..**............
......................***..*..*...........
............................**...........-
..........................................
............**............................
...........*..*...........................
-.....-.....**........................-...

*** Life<Cell> 16x10 ***

Generation = 0, Population = 30.
---0------
0--------0
----------
-0--0--0--
----0-----
------00--
0-0-0-0-0-
-0--------
-0--------
----0-----
0-------0-
0-----0-0-
----------
----00----
--0------0
00---0---0

Generation = 25, Population = 40.
**..*.**..
*..*.*..*.
.****0....
....-...*-
...*.*....
..*..*....
...*.*....
..**......
..**......
..*.*....*
....*...**
.*.*....**
.*.......*
-........*
..-*.....*
..........

Generation = 50, Population = 20.
..........
...***....
.**..*....
..***....-
..*.......
..*.......
.*.*......
.*.*......
..*.......
..........
..........
..........
........**
-.......**
..-.......
..........

Generation = 75, Population = 20.
..........
....**....
...*.**...
...*.*...-
....*.....
..........
..........
..........
..........
......*...
.....****.
....*....*
.....*.*.*
-......**.
..-.......
..........

Generation = 100, Population = 30.
.....*....
.**...*...
.**.**....
*........-
..*.......
..*...*...
...**.*...
.....*....
..........
.....*....
.***.*....
*....*....
..........
*..*......
...*......
**.**.....

*** Life<Cell> 11x5 ***

Generation = 0, Population = 10.
---0-
--0--
----0
-----
00---
00---
0----
-0---
-----
-----
----0

Generation = 5, Population = 23.
1-0*-
--*-*
-1*--
-.--0
0****
.*---
-*--1
-1---
.*00-
----0
0--0-

Generation = 10, Population = 20.
.-1.*
.1*-.
...--
..-1*
-...*
...1*
-*-.*
.*-*.
*.-*-
11.1-
--*-0

Generation = 15, Population = 16.
.-*..
.....
.**.-
..1.*
-....
.....
..-..
.*0*.
*.*.1
....*
01*1-

Generation = 20, Population = 15.
.....
*....
..*..
*.*..
1.*..
.*...
**-..
*.-..
**...
**...
....0

Generation = 25, Population = 12.
.....
..*..
.*.*.
*..*.
*....
.*.*.
.....
.***.
..*..
.....
....-

Generation = 30, Population = 20.
.....
.....
.....
**.**
*..*.
.***.
..***
...**
.*..*
.***.
..*.-

*** Life<Cell> 25x32 ***

Generation = 0, Population = 36.
-------------------0------------
------------0-------------------
-----------------------0--------
--------------------------------
-----0----------------0---------
-0---------------------0---0----
-----------0--0-----------------
-0------------0-----------------
-------------0---0------------0-
--------------------------------
------0------------------------0
------0------------0---0--------
-------0------------------------
-------0------------------------
--------------------0-----------
-------------------0------------
------0-------------0-----------
---0-0-------0----------0-------
--------------------------------
--------------------------------
-----------------------0--------
------------0-0-----------------
--------------------------0-----
-0------------------------------
0-------------------------------

Generation = 12, Population = 325.
-0-*--*1-0--0..10-1*1-0*1--*0*-1
0...---010--*0.-0...1*-.-*-.1*00
-.100.---0--.0*.*-10.*.0-*.**1.-
1.--1-*0-0*-*-.-0--.01..*11-0-.*
---.10-.1-..*-.-..1--....10100.-
-10--.1*0-.-**.-0..*-...--0*1*.*
000-1--*0*.*.*..1***--.0-*---*-*
1-111.----.1.-.-*10...*.0-*0-0-*
00.-...*1-00-..*1-.....--...1*-.
--0.10..-.0.0-*110*.1*-.*-**0.-0
*-....-.---.--.--.*--*1--.--0..-
-.0-...*-0*.---.*.1--1-----.0..-
1.***.0--.-1..*.*.*.*-**.--.1.1*
111*.-.**--.-..*0*0*--11**0--10-
01-10-..1-0....--*-1--0*.-.--*--
-0**..*--0-----.1*0-*-**11**0---
-11-1-....-1...0.--1.....-*1.1-*
-01--..1--.-.**0*-.*.1.1--*1----
----00-.-*0-----0-**.--11--**-11
-00-0.--1-*-**.0-*1.--0-10*0--0-
---0--*-*0---*-*.**-..0--...--.*
0**--0*-*---.1.-1-0**-*-*---0-1-
0-----1-0-----1---.*00**..11.111
----.-1------0-1-----*0*----1---
----1--1----0--00--1--*-*1----01

Generation = 24, Population = 272.
.**...........**1-...-..*.-.....
..*...**.....**1*...-.***.......
.*.-...**....1*..*....*..*......
.......*1-.-.*.*.*.....***......
1.*....**.**.*.*.*.....*..*****-
.*-*.*..-.**.*.*......*...-...*.
1........**.....**....*...1..**.
........1*..*.*.*...**.......-..
-.**.***.*.-*...*-.**.*-*.......
..-.......*..-...*.....*........
..**...*..*.-**.-...1.**....*...
1...***..*.*.**.......**.-..*.*.
**.*****.***.**.......*.*-.**..*
*...**...*..-.*.....-**1....-.*.
....***.....**.-..1***.**....*..
--.*....1.1.-*...*.....**.....-*
...1***...*.**..**.....*......*.
.-.1-..*.**1..........*.-*.*..*0
--*****..*.*..-1*-**.0*...***..*
**.*..*..*.1**.*****..*-.0.****.
*-0*-*....*-.......*..--.**..-..
.*.1.*...1-*....*.*.....***.....
..........*..1...*.*...**.*...*.
..**.0*..1*-.1...*-1..***..***-*
..*0..1****1...1*1**..***..-*-*.

Generation = 36, Population = 218.
..**.*.............**.**........
.....*....*.*****...*...*.......
**.**....***.*..*.......**......
**.*....*....*..........**..**..
*.*......**.**..*.*****......*.-
.*........*.*.....**...*.***.*..
**...............***.......*....
.*.*..........*...**.*...*.*....
-***.....**...*..-****.....*.*..
..**.......*......***..*.**.*...
..**.....**....*1*..-...........
..**..........***..**.....**....
..**..**.......*..........*..*..
..**.*....*.**..*..*.........*..
.*...*...**.*.........**........
....*...*...*........***...*....
*..*.*....*...........**....*...
.*.****.*.**.........*......*.*1
-...*.........*1*******.....*..*
..**.***......*...*....*....*.*.
*.*.-.........*....***.*....*-..
.*........***.....**.**.....**..
.........*.*.**.*..*............
...*.*...-*.**..**..............
...***........**...........-.-..

Generation = 48, Population = 139.
.*..***.....................***.
*...***.........................
.*..*.....*.................*...
.*.*............................
**.*......**.......***..........
*.**....***........*..........**
........***.......*..*........**
*.*.....**........*..*..........
*..*.............*..............
.*..*............*.*............
..*.*.............*.............
.....*..........................
.....*.....***..................
.*....**..*..*..................
.*..............**..............
.*..**......**..**..............
..*.......*.....****......*..**.
.**.**..*.*.**......*...*.*..**-
....*........*.-...*.*.*..*.....
.*..*....*..........****........
.***-....*......**.**..*.*...-..
...................**..*.*......
..........*..*.....**...........
.........-..**..****............
................***........-.-..

Generation = 60, Population = 111.
................................
................................
................................
...................**...........
...................*.*..........
.................*****........**
.*..............*.**..........**
*..............**.**............
*.****...*..*..*****............
...*....**......................
...*...***.**...................
.....***.......*................
.........*....*.*...............
..*.......*..*...*..............
.*........*......*...........*..
...*.......*...*.**.........***.
...*..............**..........**
...................**.***.....**
...............1*..***.***.....*
..*.*...........*.*..*..*.**...*
..*.**...........*....*.......*.
*...*...........................
............**..................
*.*......-..**..................
.*.........................-.-..

*** Life<Cell> 18x22 ***

Generation = 0, Population = 37.
------------------0-0-
----------------------
--------0------------0
0---------------0---0-
0---------------------
------0---------------
--------0-------------
0-0-----------0-------
--------------0-------
--------------0--0----
-00-----0-------------
---------------0-0---0
---------00--000------
00----------------0-0-
---0------------------
----------------------
--0-----------0-------
----------00-------0--

Generation = 1, Population = 115.
-----------------0---0
--------0---------0-00
0------0-0------0-----
10------0------0-0-0--
10----0---------0---0-
0----0-00-------------
0-0---00-0----0-------
---0----0----010------
0-0----------0-0-0----
-00-----0----0100-0---
0110---0-0----00-----0
-00-----000--0-1--0-0-
00------011001--000-00
1100-----00--000-0---0
000-0-------------0-0-
--00----------0-------
-0-0------00-0-0---0--
--0------0110-0---0-0-

Generation = 2, Population = 109.
--------0-------0----1
0---------------0---1-
1-----0---0-------0000
*-0---0-------0-------
*-0------------------0
--0-0---1-----0-0---0-
1-----1---0---1-------
--0-0-0-----0-*-00----
-01---------0---0-----
0-1---------0-*-10-0-0
1--10-0--1---0-1------
01-----------10*--1-10
-100---0-----*-011----
*-11-----------1010-01
-11--0---00--0-0------
00--------00------000-
0--10-------0---0-----
--------01**10---0-0-0

Generation = 3, Population = 190.
0------0-0-----010----
10----0-0-0----0100-*0
-00--010-0-0--0-001-11
*-10-010--0--0-0--000-
.--00-0-0-------0-----
-01--000-00--01--0-0--
-0---0*000-000-0-0--0-
0-1---10--001-.--10---
-1*00-0----0-0-0-0-0-0
10*-0-0--0-010*0-1----
---*1--00-0--1-*-0000-
----0-00-0--0*-.----*1
0-1-0-0-0---0*01*-0---
*-*-00-0-00---0*1*1-1*
0---0-0-01--0--1-0-0-0
---000-----1-0-0001-10
1-0*10--00-01--0--0-00
0--00--01-***10-------

Generation = 4, Population = 128.
1-------0-----0-*---01
------1-------------*-
1---0---0---0----1*0*-
.0--0-------0-0-0-----
.00-1---------0---0-0-
0-*-------1---*--1----
-10-0-.-----1-1------0
--*-0-*---1--0.-0*1-00
0-.------0---101--0---
*1.---1---0---.1----00
11-.*00-1---0-0*------
0-0--------0-.-.00--**
1-*--01--110-.1*.110--
*-.-11----10---.*.-0**
111----01-------------
----------0*---1-1-0-1
*-1.--0--101-0-1--1---
10----01-1*..-1---0-00

Generation = 5, Population = 176.
-0----00-0---0--.0-0-*
----00-0----0-0-100-.-
---01010-0-0100--**-*1
*1-0-0--0--01-1----0--
*---*0----0-00-00----0
--.0-----0-000*00---00
-*1-10.----0-0*00-0--1
0-*-1-.0---0-1.-1*--1-
1-.-0---0-0-0-----10--
.-.-0-*00--010.-1-0011
*--..----10---1*-0----
-1100---00-1-*-.1---*.
--.0--*00**10.**.---0-
*-*1*--00---0-0***--*.
--*00001*1-----100--0-
-0----000--*000*--1---
*0-.-01-0-----0*0-*-0-
-1---0-*--.*.----01-11

Generation = 6, Population = 185.
1-0-0-1---0-----*10--.
-0------0---1-1-*---.-
100-*---0-----10-..0**
**-1--------*-*-00----
*--0.-0-0---1----0-0-1
00*-0---1-1-1-.-110011
-*-0-1.0-00-11.110-00*
10*---.----11*.--.1---
*1.0-0001---11------00
.-.01-.---01*1*--1-1-*
.-1.*-001-1001**---0-0
-*-1100--1-*0*0.---0..
11.-00*1-..*-....1-0-0
.-.-.-01101-1--..*10**
1-.11-1-.*00-00*1--010
-1-000111-0.--1.0-*0--
*11.1---11--1--.10*-1-
-*0-010*--...-10-1---*

Generation = 7, Population = 180.
-0-----000-00-00*-10-.
110---101000--*0*-00*0
--10.0-010---0*10*.1*.
..1*--1----0.-*01-0-0-
.0-1*0--1000-00-0-010*
-1.---0-*0*---.-----**
1.--1-.-01-0*-***---1*
--.0--.-00-*-..01*----
*-.101--*000**---01-1-
.1.---.--0-*.-.-1--*1*
.--..0--*1----.*000--1
-*1*-110--0.1.-*-01-..
*-*--1.--...0....*1-01
*1.1.-1*-1----0*.*--..
--*--0-1..-1011.--01*-
0*0---*---1.0-*.-1.-11
*--.-0-0-*-1-0-.-1.0--
-.-----*-1...1*10*---.

Generation = 8, Population = 174.
-1------1-0-1--1*----.
**----*-------.-.0--.1
1-*-*---*---11.--..-..
.*-.-0-----1.0.1*01---
.10-*100-11--1-01----.
-**0----.-.010.0--0-..
-.---1.01*0-*-*..--0-*
--.110.0111.1..-*.---0
.-*--*00.---..010-*0*-
.-.01-.-0-0*.1.-*10.**
.-1.*1--*--00-.*11---*
-***-*-1---**.0*11*0**
*-.00*.--..*1***..--1*
**.-*1**--10---***10.*
-1.-1--**.-*1-*.-01-*-
-.-0-0.1---.1-*.0*.0-*
*-1.1-11-*0-110.--.--0
1.---10.-**.*-*--*10-.

Generation = 9, Population = 168.
-*0---10-----00**----.
*.--00.0--0--0.0*-0-.-
*-*-.-10.0--*-*10.*-..
*.1.01-000--.-.-.-*0--
**-1**-1-**0---1-----.
0*.1--0-.-.1*-.1-1--..
-.1--*.-*.-0.1**.----.
--.*-1.1**-.*.*-**1--1
.1*10.--.0-0**1-10*-.0
.-*1-0.-1-1*.-.1.*-..*
.-*..-0-*1-1--..-*000.
-*..-.----0...-.***-..
*1.-1..--...*.....-0-.
***-.*.*-1*1100...*1.*
-**-*0-.*.-.--*.11--.0
0*----.--01.-0*.1*.-1*
.--*-----*--*-1.1-.-11
**0--*-*1**.*1*10.-11.

Generation = 10, Population = 170.
-*100-*-1-0-1--.*11--.
*.-011.-1--0-1.1.-10.-
*-.0.0*1.1-0.1**-.*-..
*.*.--11-1-1.-*-*0*10-
..0-..0*1*.---0*1001-.
-..*-0--*0.*.-.---0-..
1*-01*.-**01.*...-0--.
-0..1***.*1....0..-01*
.*.-1*-0.10-..-1--.0*-
.-.-1-.0*-*..1*-..0..*
.-**.---**-*0-..-.1-1.
-**.1.1-0--*..-.*..0*.
.*.0-..1-*..*.....111.
...1.**.1**-*--*.**-..
1..-*-1.*.-.11..---1.-
1*-000.---*.-1*.*..0-.
.--.10-1-.01*--.--.-*-
.*1-0.-.-****-*--.1*-*

*** Life<Cell> 5x22 ***

Generation = 0, Population = 37.
--0-0-0--000-0----00-0
-------00-0-0-0---0---
-0-----0-000----0--0--
-00------0--0-0--0---0
0-00----0------0----00

Generation = 1, Population = 43.
-0-------1110----0-1--
-00-0---1----0-00010-0
01----010-110--0----00
-------0-1--------00-1
-0-10--0----0---00-01-

Generation = 2, Population = 58.
01--0----*--1--0-10*00
-11--00-*---0----1--01
1---001*-0*-1-01-0-011
0--00---0--0---00-1--*
0--*100100-0-0-0110-*-

Generation = 3, Population = 62.
1--0--0--.11*00----*1-
0-*00--0*000-00-0--01*
*-0--1*.-1*1*-1-0101**
-00-10-011-1-0-1--*-0*
100**---11-1----*---.-

Generation = 4, Population = 55.
*1-1-0--0.-*.1-00-0*--
--*11-01*1-1--1-1--1-.
*1--0-..0*.-.-*1--1*..
0-10--01**0-0-0-0-*0-*
*11.*------*00--.10-.0

Generation = 5, Population = 60.
.*0*0---1*1.*-01--1*1-
-1.*-01-.--*0-*-*11-1.
**0011..1..1.0**01-...
---1101-..111011-0.--.
*--..00111-*11--.*--*1

Generation = 6, Population = 44.
.*-*1-00***.*--*---.-0
--..--*1*1-.-0.-.*-1*.
**--**.*-..-.-..1*-...
-0--*---..*-*-*-0-*-0.
.1-..-1--*0.*--0*.00.*

Generation = 7, Population = 46.
..-.*--1..*..-0.01-.--
0-**--.-.--.--.0.*-**.
**00**.*-*.-.0.*-.-.*.
--11*-11.**-.-.1-0*0-.
.*1..0-11*-..1-1*.-1*.

Generation = 8, Population = 51.
..0*.00-.....1-*1-1.1-
11..10*-*10.-0.1.*-**.
*.--.*.*-**-.-.*1*1.*.
00**.-**..*1.-.-01*-0.
.*-.*-1--*-..---**--*.

Generation = 9, Population = 47.
.*1*.--1.*...*-**1-.*0
-****-.1**-.01.-..-.**
..00....1..-.0***.-.**
-1***-.*...*.-.-1-.--*
**-*.-*-1.-..--1*.-1..

Generation = 10, Population = 49.
.**.*-0*.*..**-.**1.*-
1...*0.-.*0.1*.-.*-*..
..11....**.1.-***.-...
--..*0.**....0.1-1.0-*
**1**0.1-.-..-0**.0-..

*** Life<Cell> 41x39 ***

Generation = 0, Population = 29.
---------------------------------------
---------------------------------------
---------------------------------------
---------------------------------------
---------------------------------------
---------------------------------------
-------------------0-------------------
------------------0--------------------
-----------------------0---------------
------------------0----------0---------
---------------------------------------
---------------------0-------0---------
---------------------------------------
-0------------------------------0------
--------------0---0---------------0----
-----------------------------------0---
------------------------------------0--
---------------------------------------
---------------------------------------
--------------0------------------------
---------------------------------------
------0----------0-----------------0---
----------------------------------0----
---------------------------------------
--------------------------------0------
---------------------------------------
---------------------------------------
----------0----------------------------
---------------------------------------
---------------------------------------
----------0-----------0----------------
------------------------------0--------
-----0---------------------------------
---------------------------------------
-0-------------------------------------
------------------------------0--------
---------------------------------------
--0------------------------------------
---------------------------------------
----------------------------------0----
---------------------------------------

Generation = 25, Population = 590.
---.--**-0--0*..--****1.....1-.1**.*.--
-0**.**0*-10.-**-*.-***-.*****.-..*.1..
---*0**11*0...**01**..**.*01**.*.0..-11
-110-**---.-.-..-*0...**.*.*..*...-...1
-*-11-**.0**.0.*....**-1-.**...*-.***.*
*0.****.-**1....--*..*.*.-*.-**.**..**1
--1-.....*..*.1..********.****-.-1.-...
01..--.1**..**.***.-**..1.**.-..-*..**.
011-..1*.-1-......*....*..1*1.......*..
-1.-.*...--****.***.......**-*0*...**1.
--.**..*-.**......*...-...**...1.....--
*1.-.*.*............*......1....**.*...
.1.-1..*-...1..1.*..*.....1..-..*1**...
.*.-.**1...***...**0*.*1.**.....*-..*..
*.-.*..*...***..-...1..*.1*........*-*.
*...*.**.**-*.......*....*.......**..*1
-..*..*1.**......--.**.-**1.....**.***.
**...*..-.*....*....*.*-.-.....**......
..-..-.**.**.-.-.-....1***.0.*11....1-0
1.*1-..-*..-....*..**.....***0-*..--*..
....1.**-**....-*.**...**11-.*-*-..**-.
.*.-....*.**...*1.**.-....***..*..*1.1.
.-.**..**..-.----.1-*1...0--.-**..**1*-
.*..-*1.....-*-.***.*0.1.*...**..*.1..1
....1.-..1.*.*.*...---.0-*.1...*..1--.-
..0.--...**...*-.*.**0*-*-10-1...*.1*-.
**.-......*....-..*.0*-..0*......-0*.*.
*--****.......***..-1.*1....*.*..-..**.
...*...*.....*...*.**....-.-.*.**..1*1.
*......***.-.**.*.....-*--.-*...0.-*.*.
***.*...*..-.**.**1...****......**..*1-
*...*......*..1*11....*-**...1.-.....-.
*.**1.-....*.-.....-*.*---.**....-.-.-.
0...*0........-.0*-**....-*-.**.**.-.--
*...*-1.***--..-*...*.....-*..*.*.-----
--..--*..0......1...-.......*1.....**0-
-*....*..-.-.-1*.**-*.*.*-.1*0.*.-.-100
.1.....-......*-*-..***......--..1-1---
*-1*.*-***.-.***.--*1*.-*...1....-.0-01
1-.10*.--..-**..1*.*...*.***.*.-*.1*-10
*-0--...*****1*****..-*.*-***.*..-*-0--

Generation = 50, Population = 292.
-.......--.............................
.......-.-......*.*....................
............*..........................
...........-.*....*.......**...**......
.................*........**...**......
...........**.................**.*.....
............*.*.*.*............***.....
..**.....*..*****.*.............*.*....
....*....*......*..*.............**....
.*.*....*.....***...........-..........
..*......*...*.*.......................
.........*.......**....................
..........*....*..*..........-......**.
............**.*...*...............*.*.
........**.....*..*................*.*.
......**..*.....**...........*.....**..
-.....**.*.*....**...........*.........
......**.*.**..........................
..-.....*..**........***..............-
-........*.*.....**.*..................
........**.*....*..*.........*.*.**....
..........*......**.*..*.**....*.**.**.
.....*****.................*.-**....**.
....*...*............**.*...*...***...-
.....**.*..........-.*......**...*..*..
...**...*......-......*.*.*.*..........
.**...*..*..............*.*..***.......
*........*............*.**...****......
.........*...........*..*1...*..*......
........*.............*.*....*...*.....
.......*..........***.*................
..........**.....*...*.**....*.**......
*.........*.*.....**.***.-...**........
....*.......*...-.........*..*.........
*..***...**.****.......*...*.......**..
.....*..*......*....*.*.*..*......***..
*..*.....*.**.**....*****......**.**...
..**......*...*...**..*..**.....*.**..-
...........**.******.............**....
............****..**...........-.**.*..
....-.........****.................*...

Generation = 75, Population = 178.
-.......--.............................
.......-.-...........................*.
.....................................**
...........-................*........**
............................*.*........
...........................**..*.......
.........**..................*.**......
........*..*..................**.......
....*..****............................
...*.*.*.*..................-..........
...*.***.........**....................
...*....*........**....................
....**.......................-.........
......***.....................*...**...
......***.**...........................
............*.....**.............**....
-.....*..***......**...........*..*....
.......****....................*..*....
..-...................................-
-...............*..........***.***.....
...............***.........**..***.....
.............*...............*...***...
.........**..*****............****.....
.........*..**...***...*.......**.....-
..........*.....**.*..*................
...................*..*................
............................*.*....*...
......***.........................*.**.
......*..*........................*.**.
......*.*.....................***......
..*...**....................**......*..
..*..**.****..........**..........**...
..*..*...**...........**.-.......*.....
................-...........**.**......
..............................*........
.......................................
.........**............................
.....*....*.......................**..-
.....*...........................*..*..
.....*.........................-..**...
....-..................................

Generation = 100, Population = 110.
-.......--.............................
.......-.-.............................
.......................................
...........-...........................
.......................................
......*................................
.....*.**..............................
...***.*.*.............................
...*..**.**..................**........
...*..**...*................**.**......
..**...*.**......**........**..**......
..**..***........**.........**..*......
.............................***.......
..............................*........
.......................................
.......................................
-................***...................
.......................................
..-.....***...........................-
-...*....*.............................
.....*.........***.....................
...*.........**..*.....................
***.........*..........................
*..*...........**.....................-
***..**.....**.........................
....*..................................
.....**................................
..............................**.......
.............................*..*......
..............................*.*......
...............................*.......
.......................................
.......................................
................-.........***..........
.......................................
........................**.............
........................*....*.........
........................*.........**..-
....***..................*..*....*..*..
...........................*...-..**...
....-..................................

*** Life<Cell> 22x14 ***

Generation = 0, Population = 27.
--------------
0-------------
----------00--
-0-------0-0--
--------------
--0-----------
--------------
------------0-
---0-0--------
--------------
--------0-----
-----------0--
---0----0---0-
--0-0---------
--------------
--------------
-0------------
--------0-00--
--00----------
-0--0---------
--00----------
--------------

Generation = 5, Population = 136.
0---0----0.10-
.1-0-000--0.-0
00--001-1---.-
1-.1-0-10--.--
-00----0---.0-
-.-0---00-00--
-0----0010**--
0100----*---10
01----0*.-00*0
-0--10-000----
---011-0---0*-
-0-0-001---0-1
0--1-*0-100000
-00-0-*--0*10-
--11--00.00---
01---------*--
01.0-----0----
0-*1----1-.-*.
1-..*1-------0
1-.*0-00-01---
*1..*1110-00--
-*--*00---110-

Generation = 10, Population = 136.
--*0-11.-0...0
.**1001-..1.*1
0-.0*-*-..*1.-
.-.*1.--..-.-1
0.-.0---*1..-1
*.-01--*0-1-*1
-.-1-1-.*1..1-
1101000-**---1
-.100-*..*1-.*
*-----**0.-**-
*-.-...-*..0.0
00--1**.001--.
-*1.-.11.-..-0
--1-**.*-*..10
--1*0-1*.-1*1-
0-10.0--*0-*-1
-*..**--00.11-
--..-.--.1.*..
.-.....-*1*-*0
*1....--...*-1
.*..**..--*0.1
**.-.1--1-1.1*

Generation = 15, Population = 124.
1-*1...**-.***
...1-..***.*.*
--***0.-*...*-
.-*.****..1.**
-.-.*0--.**.-*
.*0-*1*.--*-*-
*.-*0.*..*...-
.--1..*1..-.-.
-...0-...**0**
.******.-*-..*
.-*0*.*1.....1
---...*.0-.--*
-.1...-1.-.*.1
11-.....-...*-
**..-1**.1..--
--1***--*-....
**.***1*0-.*.1
-**..**-.....*
......**.*.1.1
.1.*..--..*.**
.**.*..**-.1*1
..*-*.-.--....

Generation = 20, Population = 104.
--**.*****....
..**-**..*....
0.**.0*-**...-
.-..*..*...**.
-..**.1-...*-*
.**1.....-....
..1*-*.*.**.*-
.-.....*.*..**
-.*.-*.*.***.*
.**.*..*-.-.**
.**-***.*....1
0--***..-0..1.
***....*.*....
1*1.....0*...-
..**.*...*..**
-..*..........
....**.**1....
....****......
...**..*......
......***.....
...**....1...-
...-..0.-.....

Generation = 25, Population = 101.
..***.........
.*..*.........
...**-.-....*1
.-..**..**..**
-.*..*10**..*.
...*.*.**-***.
**.*-..**.**.*
*1***..**.*.**
**..**......*.
.*.**.*.-.****
..*-***....**.
**.....*-.*.1.
**.**..*.*....
-.*..**.-....-
...***..**....
-*......*.*...
.*........*...
.*....**.**...
...****.......
....*..*......
.............-
...-..-.......

Generation = 30, Population = 55.
...**.........
..............
...**1.-.....-
.-............
-...**1-......
....**...-....
....1....***..
.*........**..
*..**.....**..
*...*...-.....
...-....**....
........0.....
.....*........
-**.....-....-
....*.....**..
-...**...**.*.
....**.*.*..*.
...*.......**.
..*......*....
..*...**......
...*..*......-
...0*.-.......

*** Life<Cell> 26x24 ***

Generation = 0, Population = 28.
---0--------------------
--------0---------------
------------------------
------------------------
------------------------
-0----------------------
------------------------
--0----------0----------
---0----------0-----0---
--------------------00--
--------0-0-------------
-----0-------------0----
------------------0-----
------------------0---0-
---------0--------------
-------------0----------
-------------0----------
------------------------
--------0---------------
------------------------
-0-----------------0----
-----------------00-----
------------------------
----------------------0-
-0---0------------------
------------------------

Generation = 10, Population = 232.
--0-----0010111-1-0-*-0-
*.0--0-------*1-------10
--1---0-1-010-1---0-*---
00-1-*-01-------000-*-0-
0--0--00*01-----0-.-1--0
.1.*---.1.---0--0-------
1--*.-*..---01----1-*00-
..--..--0--0-*-10-11*-*-
1-0--.-*--0*--10--.--1.*
*-*10-.1.-0--*.1...--*.*
--1.-01-.----.-1*--1.0-.
*..-.0--1.0001*-*11**-0-
1-0-.-0--.*-**-*--.1.---
1.10---00*.0--***1-.**0-
-.--0*1*--.1-.--1....0-0
01--1--*-*-.0--*-...*0.-
1--0--*..*....-...*11.00
--0-----0----.-*-.1.*--0
1-10--1*-*1-*--10.---1--
---0---0-*--1*..-.1-*-00
1--0---0*.-...--1.1.-*1-
-----0-010*1.-...*.*...-
-0---0--0.*01*---10.--1-
--------0-001---..*-1.00
---0---1.1-0-----*------
--------0----00**.-10---

Generation = 20, Population = 250.
.*-...-..1*0..*-.*.1..**
.*0**-*-.-*.*.*.*.*.*.**
....-.***-**...-1-..**.1
-1.*-..**-...*.***.1**-.
...1*...*-.-*.0-*0***...
....*0-**.*-.***.*.****.
.*...-*.**-*..--*....-0.
.**........-*.*-1..1*1.-
...-..*.-1..*.*..1.*****
...-.....0*1.*..**.*...*
....--.-****.*-.**.****.
.....*1*1.1-*..-....*11-
..-.**.--**...0..1.**.**
....1..*..*.0*.....*.*.*
*...*...-1***......*.0.*
-..****...-.-...0.*....1
*.1.*.*..........*.....*
-.**-1**-.-.*...1*.*...*
*..0--*...*-.*.-*...*.-0
111*.-0...-***...****...
*--***1...1*..-.....-...
1.0*-***...-.....****...
-.*-1.*0*..*.....*****.*
--0.*-*-***-.01..**-..0.
0-0-*.-.**.**-*-.**.*..-
0-0-*-1--1--0.**..**..0-

Generation = 30, Population = 180.
..1...-.................
..-....-.-.....****.***.
.....*.......*....*****.
-...-..*......*...*1.**.
....*....*.***.0*.***...
.**.**.....*..*.*...***.
.*.**0.........*..*.*.*.
...**..**.....*.****.*..
.*.-*..*.*..............
.*.-****..*.............
..**.***..***...........
*.........-.............
.......-....**-..**.**..
*..*.......*..*...*.**..
.......*1*.*..*.........
.**....***..*.....***...
..*..*...*........**....
-.*.**..****.....**...**
..*.*1..***.....***...**
.**..*...*...*..***.....
**..*.......**....*.-...
*...*......***....*.*...
*..-*..*.**..*......*...
*.-..1.**.**.......1..-.
..*-.**...*..1..........
.0**...10**-..........0-

Generation = 40, Population = 133.
..1...-.................
..-....-.-..............
........................
-.............**........
..............***.......
.............*..*..**...
.....0.......****.**.*..
........*.*..*.**.*..**.
........*.......******..
....**.**.*.*...**..**..
....***..**.***.**.***..
.*.........*...*.....*..
*......-....*.0.*..*..*.
.*.*.........*.....*.*..
....*.***.....*.....*...
.......*.**.............
*.....*.....*.........**
*.**....*..***...**.*..*
.....*..*....**.*.*....*
.....*.*...*..*...*...*.
......*....***.*.***0**.
............**..........
..*-....................
.*..........*......-..-.
..*....**....*..........
...*...*-....*........0-

Generation = 50, Population = 107.
..1...-.........*.......
..-....-.-.....***......
.................*......
-...............*.......
.......*.....*..........
......*.*.....*.........
.....0*.**..............
....*.....*.........**..
...*.....***......*.**..
.........**...*.***.*...
......***......*..**.*..
..*.***..*..........**..
....**........-.....*.*.
...*..**.............*.*
...******.........**.*..
....**.**.......**.*.**.
......*.........**.*....
......*.........**......
......*.....*.*..*.*....
.......*....*.*...**....
.......**......*..**0...
.........*..............
..*-....................
.*.*...............-..-.
..*....**...............
.......*-.............0-

*** Life<Cell> 19x13 ***

Generation = 0, Population = 33.
-------------
-0---0-0-0---
-----------0-
-------------
--------0----
0-0----------
---0---------
-----------0-
-------------
-00---0------
-----0-------
-----0-00----
0-0----------
00-----0-----
-----0-------
--------0----
-0--0---0--0-
---0---------
-0-0--0--0---

Generation = 1, Population = 93.
-0---0-0-0---
0-0-0-----00-
-0---0-0-00-0
--------0--0-
0-0----0-0---
--------0----
0---0------0-
---0------0-0
-00---0----0-
0110---0-----
-00-01-00----
0-0-01-110---
10-0-0--0----
-1---00-0----
00--0-000----
-0--00-010-0-
0-0--0-0100-0
--01--0-00-0-
0--100-00-0--

Generation = 2, Population = 77.
-----------0-
-----0---0-1-
--------01---
000--0-0-0---
---0--0---00-
--0-0------0-
-0---0--0----
00----0--0---
---0-0-------
1--1-0-1---0-
0-10---1-----
1-10-*---10--
--0-0--------
0-00---0-0---
11001--11--0-
01-0--01--0--
-01--10---1--
-0---0--1----
-0---101-0---

Generation = 3, Population = 116.
-----0---0010
----0-0--1-*0
000-----1*00-
1-1-0-0-01-0-
000-------1-0
---0--0-0--10
-1-----0---0-
1-00-0-0--0--
-001-1-0-0-0-
*1---1-*0-0-0
---10-0*0000-
*-*-0.011*10-
-0-----0--0--
111-0-010-00-
**1-*0-**---0
-*-1-----01--
-1*-0---10*0-
0---0-0---0--
010-0--*0-0--

Generation = 4, Population = 81.
--------0--*-
0000-0-0---.-
---0---0-.-1-
-----------1-
----0-------1
0---00-0-0---
-----0-1---1-
-----1--0--0-
0-1-----0----
*----*0.--1--
-0-*-1-.-1---
.0*01.--*.--0
110---0-0--0-
----101----1-
..-0*10..----
-.--00-11---0
--*01100*1.10
10-1---------
--1-11-*1-10-

Generation = 5, Population = 133.
0000-0---00.0
1------1---.-
00-100011.0*0
---00--0--0*-
0--01--0-0---
-0-0---1--010
0------*-00*0
1-0-0*0-10010
1--1--001000-
*-110*1.0--0-
-11*0*-.----0
.1.1**01**---
**----1-1001-
111--1*10-0*0
..11.--..--00
-.0111------1
0-*1**-1.*.*-
*1-*0-0--00-0
0--1**-.*-*10

Generation = 6, Population = 103.
---1--00011.-
-00-0--*-1-.-
-1--1---**-.1
-0111------.-
--01-00---1-1
0--1--0-00-*-
1-0000-*0--.1
---01*-------
-01*011--111-
*1--1.-.1--1-
--*.-.0.-1---
.-.-..1-..-00
..-000--*11--
-*--1**--0-.-
..*-.-0*.---1
0.1-*-01-0-0*
11.-..0-**.*0
**0.1-------1
1-1-.*-..0*--

Generation = 7, Population = 125.
-0---011-**.-
1-1010-.---.0
0-0--0--**0.-
1-**--0-010*-
0--*11-00--0-
100--011-10*0
*-1-1-0*---.-
1001-.-010010
---.-**0-*--0
*-1-*.-*-0-*0
0-..0*1*--0-0
.-.1*.*1*.-11
..011-10***-0
1.---..--1-.0
..*1*-1..---*
1.*-.-1-11--.
*-.-..11**..1
..-*--0-1-0-*
*1*1..0..1.10

Generation = 8, Population = 97.
---1---*-...0
*0---1-*0--*-
---1-1-1*.-.1
--*.-0-01*1*0
--0.-----01--
*---0-**0*-*1
.--0-0-.---.-
--1*-.01-1---
-0-.-*.11.-1-
.---*.1.-11.1
11..1.*.-----
.-*-...-..1**
..1*---1..*1-
-*---.*1-*-.-
..*-.-***--0.
*.*-.1-1--1-.
.1.1.**-..***
*.-*10-0*--0*
.-*-..1*.-**-

Generation = 9, Population = 125.
000-001*-...-
.11-1*-.-10*0
01-----*..0.*
-0**11--*.*.-
001*110-01-0-
.00--0**-*0**
.--11-0.0--.1
--**1*1-1-01-
1--*-*.-*.---
*--1*.*.-***-
**.**...-1-0-
.-*-...1..-.*
.*-*1--***.--
1*10-..*0*-*-
..*1.-...---.
..*-**-*-1*0*
*-.*...1***.*
.*-*----*001.
.1.-*****1**-

Generation = 10, Population = 111.
11---1-.0.**0
.*---.-*0*1.-
1*01--0.*.-.*
11..*---*.*.0
1--.*--0---1-
*--10-..-.-.*
.11----.1--.*
10*.*.----1*-
*0-.-..1*.---
*-1*....-*.*1
**..**..0*01-
*1.1...*.*-..
*.-.*01..**10
*.*1-..*1*-.0
...-.1**.-0-*
.**-*.-*1-.-*
.-.*..*-....*
**-*-000.---*
.**-****.*.*0

*** Life<Cell> 35x13 ***

Generation = 0, Population = 24.
-------------
-------------
0-0----------
-------------
--0---0--0---
-------------
-------------
--0--------00
----------0--
---------0---
-------------
-------------
-------------
---0------0--
----------0--
----0--------
-------------
--------00---
0------------
---0---------
-------------
-------------
-------------
-------------
------0------
-------------
----0--------
----0--------
-------------
-------------
-------------
-----0-------
------------0
-------------
----0--------

Generation = 1, Population = 79.
-------------
0-0----------
---0---------
0-----0--0---
-0-0-0-00-0--
--0---0--0---
--0--------00
-0-0-------11
--0---------0
--------0----
---------0---
-------------
---0------0--
--0-0----010-
---00----010-
---0-0----0--
----0---00---
0------0110--
-0-0----00---
0-0-0--------
---0---------
-------------
-------------
------0------
-----0-0-----
----0-0------
---010-------
---010-------
----0--------
-------------
-----0-------
----0-0-----0
-----0-----0-
----0-------0
---0-0-------

Generation = 2, Population = 79.
0-0----------
-------------
----0-0--0---
-------------
--0----11--0-
--1--------00
--1---0--00--
0---0-----0-*
--------0---1
--0----0----0
----------0--
---0-----00--
----------1--
-0--10--0---0
--------0---0
--01--0-001--
0---------0--
---00-01--10-
0-0----------
-0---0--00---
0------------
---0---------
------0------
-------------
--------0----
----1--------
--0----------
--0---0------
----1--------
----00-------
------------0
---0---0-----
----0-----0-0
-----0-------
--0-0-0-----0

Generation = 3, Population = 197.
---0---------
0-0-0-0--0---
---0---00-0--
--0-0-0000-0-
-010--0**001-
-0-0--0000--1
00*000-001---
-000-00-0-1-.
0-0-0----000-
-0-0--0---001
--00---0--100
--0-0---0110-
-0-000--0-*00
0-00*10010101
-0000000--101
001*00-----00
-00-0--00----
---11-1*11-10
-0--00000000-
0---0-00110--
---0-0--00---
0-0-0-0------
---0-0-0-----
------0-0----
----0--0-0---
--00-0--0----
-0101-0------
-01010-0-----
--00*-0------
---0-10-----0
---000-0---0-
--0---0-0-0--
-------0-0---
--0-0-----0--
-0---0-0---0-

Generation = 4, Population = 76.
0-----0--0---
-------------
0-0-0-0------
--1--------10
0-*--01..----
---------1---
1-.---------0
0-----101-*-.
--1------1---
---1-0----1--
----------*--
--1-1------10
----------.--
----.-11*---*
0-----1-----*
1--.----0----
-------------
---**0-.--1-1
--0-1-----1--
----1--1-----
------0------
--------00---
0---0--------
---00--------
--0-------0--
-------------
0-------0----
0----1--0----
----.-1-----0
-------------
-------------
-0--0----0---
----0---0-0--
-------------
0-------0---0

Generation = 5, Population = 185.
-0---0-00-0--
--0-0----0---
--1----0---00
-0-000----0*1
--.001*..0-10
--1--00-0-0-1
*0.---000100-
100--0*-*0.1.
00---000--0--
------0---*0-
--0000---0*-0
-0---0-----*1
--0-0-000-.0-
0---.1--.0-0.
10---0*----0.
*0-.--00-0--0
0--000--0-0-0
---**11.-1*--
-0-0---0-0*00
--00*0--1-0--
----00--00---
0---0-00110--
-0--10--00---
0--1-0----0--
-0--0----0-0-
0-0-----0-0--
10---0-010---
10--1--010--0
0---.--00--0-
------0-----0
-0--0----0---
0-0010-------
-0-010-0-0-0-
0---0-----0-0
-0-----0-0-0-

Generation = 6, Population = 171.
0------110-0-
--1--------00
--*--00-00---
0-1-1--0--1.*
-0.-1-.*.---1
0-----101-1-*
*-.--01--*1--
*-100-.-.-.*.
----0--1--10-
0001001---.1-
--1-----01.-1
0-1011-001-.-
0-----1-1-.--
1-0-**11*---*
*-0-0-.---11*
.-1.00-10---1
1-0-1-0---1-1
000..***--.--
0-0-1---0-.-1
--11.-0-*-1-0
0-0-1---1-0--
---0--1---10-
0-0-------0--
-00--10-00---
0-----------0
1--010--1----
*-----------0
*-10--01--0--
1---.-----0-0
00--01--00---
----1-0-0-0-0
--11--00---0-
0-0-------0--
-0--1----0---
--0-0-0---0--

Generation = 7, Population = 234.
-00---0*-1-1-
00*0-000--0-1
00*0-11011-0-
-0*-*--1---*.
0-.0*1...--1-
1---0--1*1*-.
*0.0-1---*--0
.-*---*0.0.*.
-0-0----01*11
1-1-1-*-00.*-
---0--0---*--
1----*01--1.1
-0-0-0*---.-0
--1-*.*-*01-*
.----0.--0*-*
.0-.110*10---
*0--*-1000--*
1-1.*.**--.--
10-0----10.0*
-0***0--*-*-1
--1--0-0*---0
--0--0-011*10
-01--0--0-1--
01-10*1-11--0
1-000-0--0-0-
-001-100-0---
*01-10001-00-
*-*1111*1010-
--00*0100-1--
-100-*-0-10--
000-*01010-0-
00-*-0-1--0--
-01-1-00-----
--00*00-0-0--
----1--0---0-

Generation = 8, Population = 131.
-------*--0--
--.----1-0---
--.-0-*--*01-
0-.-.0-*-01**
1-*1.***.0-*1
---0101****-.
*1*-0----.---
*0.0--*1.-...
----------.-*
-0----.---..-
--------0-*-1
----1.-*01*.*
--0-0-.-10*0-
---0*.*-*1--*
.00-01.001.-.
*11.-*1.*1---
*--0*0*-1-10.
---.*.*.1-*1-
---1100--1*1*
--...-0-.1*0-
--------.----
---00-----*--
----------*--
----1.-------
*------------
1-------11---
*1*---------0
*0.*---.----0
1-1-.-*------
-----.-------
----.-------0
-1-.-1-------
----*--------
----.--------
--0-*-------0

Generation = 9, Population = 161.
------0.1--1-
--.-0--*-100-
0-.0-1*01.1--
10.0.1-*-1*..
*-*-.....--.-
-01-*1*..**-.
**.-1---0*1--
*-.--0.*.-...
0--0--01--.1.
1-1---.-0-.*-
-0--0---11*-*
--10*.0*-*..*
-0-0-0.-*-.10
-011..*1.*--.
*--0--.1-**-.
**-.1.-..--0-
*--1.1.--0--.
1--.....*1.*-
--0**-10--.-*
--..*-11.-.--
---01-0-.0-0-
--0110---1.1-
---0-----0.0-
0--1-.----0--
.0--0---00---
--0----0**0-0
.**-----10-01
.-.*1-1.---01
*0--.0.0----0
0-0--.0-----0
-0--.0-----0-
0-1.--0-----0
-0-0.--------
--0-.-------0
-0--.0-----0-

Generation = 10, Population = 187.
----00-*---*0
0-.---0.-*1-1
1-*10-.-*.---
*1.1.*0*0**..
*-.-....*--.-
1---*-..*.*0.
*.*0*11-1.-0-
*-.0--.*.0*..
-0--0-1---.*.
*0--1-.-1-.*-
--1-100--**0*
-0*1..1*-...*
01--0-.0.0**-
---*..*-.*-0.
*0-1--**-**-.
**1*-.-.*---1
*-0-*-.--11-.
*01..****-*.-
101**----1.-.
--*..-*-*1.01
----*01-*1-10
-01-*1--1-.-0
0----0--01.10
--0*-.--11---
.----0----0-0
-0111-01..101
.**-1-0---0-*
*-.**1-*101-*
*1-0*-.-0----
1--0-*------1
0-0-.-1---0-0
---.---1-----
----.-0------
-0--.0-------
0---.-0---0--

*** Life<Cell> 30x50 ***

Generation = 0, Population = 37.
-0----------------------00------------------------
-------------------0------------------------------
-------------------0-------------0----------------
--0------------------------------------------0----
--------------------------------------------------
-------------------------0------------------------
----------------------------------------------0---
------------------------------0-------------------
--------------------------------------0----------0
-------------0------------------------------------
-----------------------------------0--------------
------------------------0-------------------------
----------------------0---------------------------
---0----------------------------------------------
--------------------------------------------------
----------0--------------0-----------------------0
-------------------------0--0---------------------
--------------------------------------------------
-----00-------------------------------------------
--------------0--------------0--------------------
----------------0--------------0-----------0-----0
---------------------------------------------0----
--------------------------------------------------
---------------------------------------0----------
-------------0------------------------------------
--------------------------0-----------------------
--------------------------------------------------
--------------------------------------------------
--------------------------------------------------
--------------------0---------------------------0-

Generation = 1, Population = 140.
0-0----------------0---0110-----------------------
-0----------------010---00-------0----------------
--0---------------010-----------0-0----------0----
-0-0---------------0-------------0----------0-0---
--0----------------------0-------------------0----
------------------------0-0-------------------0---
-------------------------0----0--------------0-0--
-----------------------------0-0------0-------0--0
-------------0----------------0------0-0--------0-
------------0-0--------------------0--0----------0
-------------0----------0---------0-0-------------
----------------------00-0---------0--------------
---0-----------------0-00-------------------------
--0-0-----------------0---------------------------
---0------0--------------0-----------------------0
---------0-0------------010-0-------------------0-
----------0-------------0100-0-------------------0
-----00------------------0--0---------------------
----0110------0--------------0--------------------
-----00------0-00-----------0-00-----------0-----0
--------------00-0-----------00-0---------0-00--0-
----------------0--------------0-----------00-0--0
---------------------------------------0-----0----
-------------0------------------------0-0---------
------------0-0-----------0------------0----------
-------------0-----------0-0----------------------
--------------------------0-----------------------
--------------------------------------------------
--------------------0---------------------------0-
-------------------0-0-------------------------0-0

Generation = 2, Population = 145.
-0-0---------------1--01**10-----0----------------
--0--------------0---0-----------------------0----
-0---------------0---0--00-----0---0--------------
0---0--------------1-----0-----------------0---0--
-------------------0-------------0------------0---
--0--------------------0---0--0--------------0----
--------------------------------------0-----0---00
-------------0-----------0--0---0-----------------
-----------------------------------00---0-----00-0
-----------0---0--------0-----0-------------------
----------------------0----------0---00----------0
---0---------0--------1---0-----------------------
--------------------0---1----------0--------------
-0---0----0-------------00-----------------------0
----------------------0--1--0---------------------
---0----0---0----------0---0-------------------0-0
-----00----------------0--11--0-------------------
----------0---0----------1---0-------------------0
---01--10-------0--------0--0--0-----------0-----0
------------0---1----------0---1-------------0----
-----00-------1---0----------1---0-------0---1-0-0
--------------0--------------0---------0---1---0--
-------------0--0--------------0-----------0-----0
--------------------------0----------0---0---0----
-----------0---0----------------------------------
------------------------0---0----------0----------
-------------0------------------------------------
--------------------0-----0---------------------0-
--------------------------------------------------
------------------0-0-0-----------------------0-0-

Generation = 3, Population = 443.
0-0-0------------00-0-1-**-10---0-0----------0----
-0--------------010101-0--00---0-0-0--------0-0---
----0-----------010101001-0---0-0-0-0------0-0-0--
---0-0-----------00*00---10----0-0-0------0-0---0-
0-0-0-------------010--0-0-0--0-0-0--------0------
-0-0---------------0--0-0-0-00-0-0----0---------00
--0----------0---------0-0-00-0-0----0-0---0---011
------------0-0---------0-00-0-0-0-00-0-0---0-000-
-----------0-0-0--------00--0-0-0-0110-0-0---011--
----------0-0-0-0-----00-0---0-0-0-0000-0-----00--
---0-------0-0-0-----0100-0---0-0-0-0110--------0-
--0-0-------0-0-----00*000-0-----0-0-00----------0
-0-0-0----0--0-----0-000*-0-------0-0------------0
0-0-0-0--0-0--------0-00--0-0------0------------0-
-0-0-0--0-0-0--------0---*0--0-----------------0--
--0-0000-0-0-0---------101-1--0---------------0---
---001100-0-0-0-------010-*-0--0---------------0--
---0000000-0-0-00------00*-0---0-----------0----01
--01*11*100-0-0010------010---010---------0-00--01
---000000--0-000*00------00--00*00-------0-00100--
----0110----00*000-0-------00*000-0----00-000*-1--
-----00-------100-0---------0100-0----0-000*00010-
------------0--0-0--------0--00-0----0-0-00100-00-
-----------0-0-00--------0-0---0----0-0-0-000-0--0
----------0-0-0-0-------0-0-0--------0-0-0---0----
-----------0-0-0-------0-0-0-0--------0-0---------
------------0-0-----0---0-0-0----------0--------0-
-------------0-----0-0---0-0-------------------0-0
------------------0---0---0-------------------0---
-----------------0-----0---------------------0---0

Generation = 4, Population = 137.
-0---0-------------110-1**1-10---0----------------
---------------0---*---10-------------------------
-0-------------0-------1*0---0-------0--------0---
0-----0------------.----------0----------0-------0
-0----------------------01------------0----------0
-------------0-----1-0-------1--------------------
-------------------0-------------0-0------0-------
--0---------------------1-1-------0----------0----
----------------------0-----------1-------0--1-*--
---0-----0-------0-------1------------------------
-------------------------------0-------1------0---
----------0---------1-.--1--0-0------------------1
------------------0-----.01-0---------0----------1
-------0-----0------------------------------------
-----10------------------.---------0--------------
------1--------------0--1--------------------0-0--
----------------0----01-1-.--0-10----------0-----0
---1---------------------.-------------------0----
-01-.--.-11---------------------------------------
----------------.-1------------.-1-----0---------0
------------11.-----0----0-11.-----0---1-----.----
--------------------------0--------------1-.-----0
-----00-------------------------------------------
--------------0--------------0-----0-------1------
---------0------10-------------0-----------0-----0
--------------------0-0-------0--------------0--0-
--------------------------------------------------
--------------------0------------------0--------0-
-------------0------------------------------------
----------------0-------0-0-----------------0---0-

Generation = 5, Population = 396.
0-0-0-0--------0--0--1--.**-*10-0-0---------------
-----0--------010-0*-10*100-0----0---0--------0---
--0---0-------010--1--0-.10-0-------0-0--0---0-0-0
-0---0-0-------0---.---0-------0-----00-0-0---0-01
--0---0------0-----1-0-01*0--00------0-0-0------01
-0----------0-0---0*--0-00--0-0--0-0--0---0------0
--0----------0----0100--0-0--0--0-0-0----0-0-0----
-0-0---------------0--00---0------1---------0100--
--00-----0-------0---0-0000------0*1-----0-00*-.0-
--0-0---0-0-----0-0---0-0-0----0--0----0--0--000--
---0-----00------0--0-------0---0-----1-0----0-0-0
---------0-0------00-0.-0*-01---------00------0-0*
-------0--0--0---0-00---.-*-100------0-0--------0*
-----0--0---0-0---0------00-0------0--0----------0
----0*-------0-------0--0.--------0-0--------0-0--
------*0--------0---01-1*1---0-00--0-------00---00
---0--1--------0-0--0-*-*1.-0--*10--------0-0--00-
-0--0----00-----0----00-0.---0-00----------00-0--1
01*-.--.1**0------0--------------0-----0-----0---1
-00------00-00--.0-00----0-00--.0-00--010-------0-
-----------0**.---00-0--0-0**.---00-0-0*00---.----
-----00-----00------0-------0------0---00-0.----0-
----0110------0-----------0--0-----0-----0-1-----0
-----00--0---0-000----------0-00--0-0-----0*0----0
--------0-0---00*10-0-0------0--0--0------0100----
---------0------00-0---0-----0-------------00-00--
----------------------0-------0--------0-----0----
-------------0-----0-0----------------0-0------0-0
------------0-0-0---0---0-0------------0----0-----
-------------0-0-0-----0---0---------------0-0-0-0

Generation = 6, Population = 427.
-----0-0-------1-01-1*-1..*-*-1--0-0-0--------0---
0-----0------0-----*--1*--1---0----------0-------0
---0-0-------0---1-*0-11.---10-0-0-0--10----0---01
0-0-0---0----0-1---.-0-1----00--0------0---0---0-*
-0-0-----------0---*--0-*.10-1---0-001--0-0---00-*
0-0---0----0---0-0-.-0-01-00--10--0------0---0---1
-0---------------0---10-10-----0-010-00-0-0-01-0-1
0--10----0---0---0-1-01-101-00--0---0------0---1--
-------------------00---1------001.*1--00-011.1.-0
-01--0-0--10---0---00--011100-0---1----------1---0
------------------0---1--00-10---00--1*--00-01-101
---0---001--00---01---.01*01*-0-0--------------0-.
-----00---------0---1---*0.0*-10---00--10-----00-.
-----10--000---0----00---1--1-0--------------0-0-1
---01*-00-------0-0--10-1.0-00-000---00----0------
---00-*10----0-----0--0*.-0----------------1---0-1
-00--1*--00---0---001-.1.-.1-00.-100-----0---0-1-0
-1---00-----------0--1--1*-------0-----0---1-0---*
1-.1.--.*..1-0--1---000-01-000-10--0---1---0-----*
---0----------0-.---1-----0--0-.---1-0-------1-0--
-00--11--0-1..*---1---00-01..*---1-----.-1---.----
------------------0-----0---1----0-1-------.---1--
---01--100--00--00--0----0-00--0---1---0---*-----1
------------0---1---0-0---00--11-0---0-----.----01
-----000---0--11.-10---------1---0-------0---1-0-0
--------------0---0---0-0---01--0--0---0------110-
---------0---0--00-------------0-----------0-----0
----------------0-0-0---0-0---0------0---0--000---
-----------0---0----------------------------------
--------------0-0-0-0-0-----0----------0--0-0-----

Generation = 7, Population = 749.
0---0-0-0----00--1*1**1*...-.-*00-----0--0---0-0-0
-0-0-0------0101---.0--.10*0--1------0000-0-0-0--1
----0---0---0-010--*11-**-00--0-0---00*-00---0--1*
-0-----0-0--01-*00-*---*--0--10--0--00-1-------10*
0-----0-0--0-00-000.00--*.--0*-0--01-*0--0----1--*
-----0-0--0-0-01-10.01-1*0--0-*-00100-0-0-0--1--0-
0--00-0--0-0-0-00-010*-0*-0000-101*1011--0-01--1-*
--0*10--0-0-0-0-01-*0---*1*-110010101-00--0101-*0-
000000-0-000-0-0-001--0--0-0-0-11***-0011-1***-.01
01*00---00*10-0-0----0-1***--0--00*-000000-00*-0--
-000-0--000000-0--1-00-0011-*10--1-00*.1011-1-----
--0-00-1-*00110--1-01-.1*.1*.010--000000000-00---.
---00---0-0000----00*---.1.-.-*1--01100*10----110.
---0-*---1-10-0-0-00----0*---01000-000000--00-01--
--0-*.----00-0---------0-.1--101-10-0110--0100----
-0----.*--0-0---0-01---.*11-0-000-00-00--00*0001-*
0-1---.--110---0-0-1*-.*.1*--11.1--10--00-0-01-*--
-*-10--00000-00-001-0*---*0-0-00-1----01000*-1000*
--***11....----0-000-11---01---*1-01000*0-010--00.
00-1000-00----10.-10*--0001---0.010*--01-0-00---00
011-0**00---...0-0*0001101-***0-0*0--0-.0-0--.----
-00000000--0001-0-100-0--00-*--001-*0--0-1-.--0-00
--01*11*-100-100-1-0100---0--0-10-0*000-0-0.0--0-*
---0000-00--1-0-*-0-1--0--1---*--1000-00-0-.-0--1*
----01-10-0--0-*.1-1----0-00-*-0-100-0-00-0-0-01-1
-----000-0-0--1-0-1--0---0-01-0---0-0-0-00-0--**10
--------0-0-0--0-10-0-0---0-00-----0-0-0-00--0-0--
---------0-0-0--10---0-0---0-0------0-0-0-0-1-10-0
----------0-0---0-----0-0-0-0-0------0-0-00--00---
-----------0-0-0-------0---0-0--------0-00---0----

Generation = 8, Population = 291.
-----0---0------0**-**-****1.1*-10----1-------0--1
-----------0-*---10.-11.--.-00--------------------
-----------0------0***-*.11-1------0--.--1-------.
--0-0-----0----.--0.0-0*011----------1-------0-*1.
-------------------.--00..10-.---0---.----------0*
---0--------------1.1*--.1----.--1---------------1
-0-----------------*-.--.---------.---*------10*-*
---.------1--------.--1-.*.-----------1--------*-0
-1----------------------1---0-0--...-----0-...1.-*
--.--0----.--------0-10-...-------.---1------.---0
-----10------------0---1-**0.----*---..*---0-1-1--
--1------.----1-0---*-*-..-*.---0-----1------1-00.
-----0--------0-0---.0-0.*.0*0.*-------.---0---*1.
---1-*0----*------------1*--1----------------0----
---0*.-0--------------0-1.*0---*--------------0--0
--0-0-..0--------01----*.**---11-0-----0-1-.-----.
----0-.------0---1--.-...*.10**.*---1-0------*-.--
-*-----1-11--11-1----.-01.10-0-------------.----1*
11...*-....1-0011-----*-011*--0.---*---.--------1.
------10-10--0*1.0*-.00-11-00-1.1*-.-0-------1---1
----1..11--1*..101.---**1*-.*.-01.-0---.----0.0---
---1---------1------1------0.1-----.-0----0*00-11-
----.--.-------1-----------0--0----.-------.-----.
----------0---1-.---*----0---0.1----------0.0--0**
-----*---------..----0---0--0*-------------1-1----
------------------*---------------1-----------..--
-----00-------------------------------------------
--------------0-----------0--1--------------------
-------------0--1--------------0-----------0-----0
------------0---------------0----------01---01----

Generation = 9, Population = 501.
----0-0-0-00-0-11.*-**1*****.-*-*10--0-0-----0-00-
-----0---001-.0---1.0**.1-.-----00-0--0--0----0--1
--0-0------100----1...-..---*-----0-00.-0-0--0-01.
-0---0---0-----.-01.10-.-**-0----0-00-0--0--0--*-*
--000-----0--------.----..-10.--010--.-------0---*
-00-0------------1-***-1.--0--.-0*1---0------100--
0-00------0--------*-*0-.--------1.--1.0----1*-*-*
---.-----0-0-------.-0-0...-1-0------0*0-0---10*--
0-0--0----0--------1-0-0---0---1-...----1-1...-.0*
-1.-01----.-------01-*1-***00-0--0.--0---0-0-.0001
--0-0-10------0-0-11-01--.*-.----.0--.**0-1--*-*-1
-0-0--0--.---1*-11--*0*1.*-..0-------0------0*-1-.
--0001-----0-01-10--.-0-.*.-.1..------0.--0-0-1*-.
--0*0*1---0.0-0-0----00--.-0*--------------00--101
----..-----0-----00--1-0*..1---*01-----0-0-----00-
-0-0-0..-0---0--0-*1---*...10---0-0-0-----0.-00--.
-01011.0011-01---*--.-.*...--...*--1-----0--0.0.00
-*0-000--**-0*-0*----.-1-.-1010-0--00-0----.-1-0-*
*-....-*...--1-*--0---*01**.--1*100.00-.-----0-0*.
00--0-*-0*10--.*.-*0.110**1---*.-*0.0-0-----------
-----.*-*--**..---*-0-*.**1...-1-*0-0--.--0-1.--00
--0----00--0--1-00-0-0000001.--00--.0-0--11*110**0
---1.--.--0--1--0--------00100-----.-0-----.-0---*
-----0---0-0-0--.--0.---0110-1.-0--------0-*--01*.
----0.0---0---1..-1---0-01001*00--0---------0-0101
------0----------0.0-0---0--11---0-0-------0-0..--
----0110------0---0-------0--0----0---------------
-----00--------01--------0-00-00-----------0-----0
---------------0-0--------0-000-0------00-0--0--0-
-----------0----0----------0-0-0------01*0--1*0--0

Generation = 10, Population = 557.
---0-0---0----0***.-*.*.***..1.-**1-0-1-00--0-011-
--0-0----11*-.--01-.-...*-*00-10-----0-------0-00-
-----0-------1-----...1..110.0--00---1*0---0--0-**
0-000-0-0--001-.01-**10.0.*0-1---1-1-1-1---0-00*1*
-0---------0------0.---0..---.-0----0*---0---1--0.
-11-10----------0--*.*0-.-01--.0-.-0---------*--0-
-0-1-------------00*0.10.--00-0--**-0*.100-0*.-.-.
---*-0--0---0------.0-11...------0--1-.-0------*--
-1-0-10------------*--01-0-10-0-1...--0----..*-.-*
--*0---0--.---0-00-*-.-1**.11---0-.-0--00---0.111*
-0-011-10-----1-10--01*-0..-*10--.-0-***11---*0.0*
0--10-1--.-01-.-*---*1.***-..11---0-0-100--0-.0-0.
----1-0-----0-*-*-0-*0--*.*0.*..-------.-0-0-0*.-.
-0-.1.*0-1-.-01-100-0---1.0-*--000----00-0-1-0-*1*
-00-..0--0---00-01--0*0-*.*-0-0*1*--0-1----100----
010101*.-1-0-100--.*010*...-10---0-0-0-0-1-.-1---*
01*1**.1-----*000*-1.-***..--...*1-*1-0-0--0-.1.1-
-.-1-111-.*--.--*-1--.---*-*---0-----0-1-0-.-*01-*
*1***.1*...1-*-*-01---.-*...0-*.*1-.110.----01--*.
-101--*0-*---0*..0*1**-1..*0-0*.-.1.-0-1--0-01-0-1
011-1**1.--.*..10-.---....*...-*1.---0-.--10*.0---
-0-----1-0-1-----11-111-1---.10-1-0*10-00**.**-*.1
----.1-.0--00*-11----00001----01---.------0.-10-0*
---0----0----1--.---.-00---1--.--10--0--0--.---*..
---0-.11-------..--1------11*.-1---------0-1-1-*1*
----------0-----0-.------10--*-00---0-----0-0-**10
---01*-10----0--0----0---0--01-0-------------0---0
----------------*-0-----0--1---1--0----00---10----
-----00----0--01--0----------1---0-------0---1-0-0
----------0-0---------------010------01*.1-0**10--

*** Life<Cell> 11x20 ***

Generation = 0, Population = 26.
-----------0--------
---------00---------
---0-----0----------
---0--0-----0--0----
-----00------------0
-0-0---------0---0-0
-0---------------0--
------------------0-
-------0--0---------
---------0--------0-
------------0-0-----

Generation = 5, Population = 119.
-00.--**-1------0001
0*0.0*-1.-*-----01-*
01--0111-10*-----1--
--*..11-11*100---0*-
0.-0.1-*-1-*000*0--*
-**00*---*1-.*0*1.1-
0-0.01-101-0-*-1--0-
-.0.00-0-1---0-11-1*
-10--1--.00*-0-0-1--
0*-1-*0.--0000-0-*0*
0100-00.*-----00***-

Generation = 10, Population = 93.
-0-..-..0***-11.1.-*
-.1.*.0.**.*0*1-1*-*
**1.1***-1-*0-11-.-*
00....*-.*.*.----0..
-.*.**-*.*-*.-*.0--.
..*--..11...*.-.-..-
---.**1--.-01***0--*
1.*.-.----*.**0...**
-.-1-*..*01..*--..1.
0.-.1.1*-*-.0.......
-*--000.*--*---***.*

Generation = 15, Population = 75.
.-...-..1...-.***.**
-...*.-*.*.*...*....
*...-...*1-.--..1...
-0..**..****.-*.*-**
-*....-*.*-*....1-*.
**.1.*****....-*-..*
--..**.-1.-*-....--*
.*..1.1-0***..0*.***
-.1.*....*1...1*....
-.-.**..0.1.-.*.*...
-.*1---..1-.--1.....

Generation = 20, Population = 62.
.-...-..-...-*..*...
-...........**..*...
....-****.1.1.......
1*....**.....***.0..
**....-**.......*-**
*..1*.*.......*.-...
-1.....-1.-......*0.
.***1..--*....**....
-*-..***..**..*.*.**
-.*.**..0*..-.*...*.
-.*.**-..--..-......

Generation = 25, Population = 73.
.-...-******........
-...*........*.****.
.....**.**.....**.*.
-....*....****...0.*
..*........***.*.-.*
...*....**...*.....*
1***...*.*1......*-*
.**...**1.....*....*
-.1*.*****........**
-..**...-***-....*.*
-..**.....*..-....*.

Generation = 30, Population = 60.
.-..*1.**....*......
-.........***..*..**
....*...*.......*.**
-.....*.*.**.....-.*
.......*....**...-.*
.....*.*....**....*.
.*......*...**....1.
*.*.....-.*.**......
..1*....*.****....**
1*.*...*-..*-*....**
0...*.*.............
