*** Life<ConwayCell> 41x15 ***

Generation = 0, Population = 17.
...............
...............
...............
...............
...............
...*...........
...............
...............
.......*.......
............*..
...............
...............
...............
..........*....
...............
...............
.....*........*
...............
...............
...............
...............
...............
...............
...............
*.........*...*
....*....*.....
.....*.........
...............
...............
...............
...............
.........*.....
*...*..........
...............
*..............
...............
...............
...............
...*...........
...............
...............

Generation = 5, Population = 0.
...............
...............
...............
...............
...............
...............
...............
...............
...............
...............
...............
...............
...............
...............
...............
...............
...............
...............
...............
...............
...............
...............
...............
...............
...............
...............
...............
...............
...............
...............
...............
...............
...............
...............
...............
...............
...............
...............
...............
...............
...............

Generation = 10, Population = 0.
...............
...............
...............
...............
...............
...............
...............
...............
...............
...............
...............
...............
...............
...............
...............
...............
...............
...............
...............
...............
...............
...............
...............
...............
...............
...............
...............
...............
...............
...............
...............
...............
...............
...............
...............
...............
...............
...............
...............
...............
...............

Generation = 15, Population = 0.
...............
...............
...............
...............
...............
...............
...............
...............
...............
...............
...............
...............
...............
...............
...............
...............
...............
...............
...............
...............
...............
...............
...............
...............
...............
...............
...............
...............
...............
...............
...............
...............
...............
...............
...............
...............
...............
...............
...............
...............
...............

Generation = 20, Population = 0.
...............
...............
...............
...............
...............
...............
...............
...............
...............
...............
...............
...............
...............
...............
...............
...............
...............
...............
...............
...............
...............
...............
...............
...............
...............
...............
...............
...............
...............
...............
...............
...............
...............
...............
...............
...............
...............
...............
...............
...............
...............

Generation = 25, Population = 0.
...............
...............
...............
...............
...............
...............
...............
...............
...............
...............
...............
...............
...............
...............
...............
...............
...............
...............
...............
...............
...............
...............
...............
...............
...............
...............
...............
...............
...............
...............
...............
...............
...............
...............
...............
...............
...............
...............
...............
...............
...............

Generation = 30, Population = 0.
...............
...............
...............
...............
...............
...............
...............
...............
...............
...............
...............
...............
...............
...............
...............
...............
...............
...............
...............
...............
...............
...............
...............
...............
...............
...............
...............
...............
...............
...............
...............
...............
...............
...............
...............
...............
...............
...............
...............
...............
...............

*** Life<ConwayCell> 18x23 ***

Generation = 0, Population = 33.
....*.........*........
................*......
**..*.*...*......*.....
.*.....................
.*..........*..........
.....................*.
.....*.*.*..........*..
.........*.............
............*.*........
....*..................
....................*..
......................*
.......................
..*..*....*............
..........*............
..*.......*......*...*.
...........*...........
......*................

Generation = 10, Population = 6.
.......................
.*.....................
*.*....................
*.*....................
.*.....................
.......................
.......................
.......................
.......................
.......................
.......................
.......................
.......................
.......................
.......................
.......................
.......................
.......................

Generation = 20, Population = 6.
.......................
.*.....................
*.*....................
*.*....................
.*.....................
.......................
.......................
.......................
.......................
.......................
.......................
.......................
.......................
.......................
.......................
.......................
.......................
.......................

Generation = 30, Population = 6.
.......................
.*.....................
*.*....................
*.*....................
.*.....................
.......................
.......................
.......................
.......................
.......................
.......................
.......................
.......................
.......................
.......................
.......................
.......................
.......................

Generation = 40, Population = 6.
.......................
.*.....................
*.*....................
*.*....................
.*.....................
.......................
.......................
.......................
.......................
.......................
.......................
.......................
.......................
.......................
.......................
.......................
.......................
.......................

Generation = 50, Population = 6.
.......................
.*.....................
*.*....................
*.*....................
.*.....................
.......................
.......................
.......................
.......................
.......................
.......................
.......................
.......................
.......................
.......................
.......................
.......................
.......................

*** Life<ConwayCell> 36x10 ***

Generation = 0, Population = 13.
......*...
..........
.....*....
..........
..........
..........
..........
...**..*..
.*........
......*...
..........
..........
..........
...*......
..........
..........
..........
.*........
..........
..........
...*......
..........
....*.....
..........
..........
..........
....*.....
..........
..........
..........
..........
..........
..........
...*......
..........
..........

Generation = 10, Population = 0.
..........
..........
..........
..........
..........
..........
..........
..........
..........
..........
..........
..........
..........
..........
..........
..........
..........
..........
..........
..........
..........
..........
..........
..........
..........
..........
..........
..........
..........
..........
..........
..........
..........
..........
..........
..........

Generation = 20, Population = 0.
..........
..........
..........
..........
..........
..........
..........
..........
..........
..........
..........
..........
..........
..........
..........
..........
..........
..........
..........
..........
..........
..........
..........
..........
..........
..........
..........
..........
..........
..........
..........
..........
..........
..........
..........
..........

Generation = 30, Population = 0.
..........
..........
..........
..........
..........
..........
..........
..........
..........
..........
..........
..........
..........
..........
..........
..........
..........
..........
..........
..........
..........
..........
..........
..........
..........
..........
..........
..........
..........
..........
..........
..........
..........
..........
..........
..........

Generation = 40, Population = 0.
..........
..........
..........
..........
..........
..........
..........
..........
..........
..........
..........
..........
..........
..........
..........
..........
..........
..........
..........
..........
..........
..........
..........
..........
..........
..........
..........
..........
..........
..........
..........
..........
..........
..........
..........
..........

Generation = 50, Population = 0.
..........
..........
..........
..........
..........
..........
..........
..........
..........
..........
..........
..........
..........
..........
..........
..........
..........
..........
..........
..........
..........
..........
..........
..........
..........
..........
..........
..........
..........
..........
..........
..........
..........
..........
..........
..........

*** Life<ConwayCell> 34x42 ***

Generation = 0, Population = 11.
....................*.....................
...........*..............................
..........................................
..........................................
.......*..................................
..........................................
..........................................
..........................................
..........................................
.............*............................
...*.....................................*
..........................................
..........................................
.......................*..................
..........................................
..........................................
....*.....................................
..........................................
..........................................
..........................................
..........................................
..........................................
..........................................
..........................................
....................................*.....
..........................................
..........................................
..............................*...........
..........................................
.............................*............
..........................................
..........................................
..........................................
..........................................

Generation = 1, Population = 0.
..........................................
..........................................
..........................................
..........................................
..........................................
..........................................
..........................................
..........................................
..........................................
..........................................
..........................................
..........................................
..........................................
..........................................
..........................................
..........................................
..........................................
..........................................
..........................................
..........................................
..........................................
..........................................
..........................................
..........................................
..........................................
..........................................
..........................................
..........................................
..........................................
..........................................
..........................................
..........................................
..........................................
..........................................

Generation = 2, Population = 0.
..........................................
..........................................
..........................................
..........................................
..........................................
..........................................
..........................................
..........................................
..........................................
..........................................
..........................................
..........................................
..........................................
..........................................
..........................................
..........................................
..........................................
..........................................
..........................................
..........................................
..........................................
..........................................
..........................................
..........................................
..........................................
..........................................
..........................................
..........................................
..........................................
..........................................
..........................................
..........................................
..........................................
..........................................

Generation = 3, Population = 0.
..........................................
..........................................
..........................................
..........................................
..........................................
..........................................
..........................................
..........................................
..........................................
..........................................
..........................................
..........................................
..........................................
..........................................
..........................................
..........................................
..........................................
..........................................
..........................................
..........................................
..........................................
..........................................
..........................................
..........................................
..........................................
..........................................
..........................................
..........................................
..........................................
..........................................
..........................................
..........................................
..........................................
..........................................

Generation = 4, Population = 0.
..........................................
..........................................
..........................................
..........................................
..........................................
..........................................
..........................................
..........................................
..........................................
..........................................
..........................................
..........................................
..........................................
..........................................
..........................................
..........................................
..........................................
..........................................
..........................................
..........................................
..........................................
..........................................
..........................................
..........................................
..........................................
..........................................
..........................................
..........................................
..........................................
..........................................
..........................................
..........................................
..........................................
..........................................

Generation = 5, Population = 0.
..........................................
..........................................
..........................................
..........................................
..........................................
..........................................
..........................................
..........................................
..........................................
..........................................
..........................................
..........................................
..........................................
..........................................
..........................................
..........................................
..........................................
..........................................
..........................................
..........................................
..........................................
..........................................
..........................................
..........................................
..........................................
..........................................
..........................................
..........................................
..........................................
..........................................
..........................................
..........................................
..........................................
..........................................

Generation = 6, Population = 0.
..........................................
..........................................
..........................................
..........................................
..........................................
..........................................
..........................................
..........................................
..........................................
..........................................
..........................................
..........................................
..........................................
..........................................
..........................................
..........................................
..........................................
..........................................
..........................................
..........................................
..........................................
..........................................
..........................................
..........................................
..........................................
..........................................
..........................................
..........................................
..........................................
..........................................
..........................................
..........................................
..........................................
..........................................

Generation = 7, Population = 0.
..........................................
..........................................
..........................................
..........................................
..........................................
..........................................
..........................................
..........................................
..........................................
..........................................
..........................................
..........................................
..........................................
..........................................
..........................................
..........................................
..........................................
..........................................
..........................................
..........................................
..........................................
..........................................
..........................................
..........................................
..........................................
..........................................
..........................................
..........................................
..........................................
..........................................
..........................................
..........................................
..........................................
..........................................

Generation = 8, Population = 0.
..........................................
..........................................
..........................................
..........................................
..........................................
..........................................
..........................................
..........................................
..........................................
..........................................
..........................................
..........................................
..........................................
..........................................
..........................................
..........................................
..........................................
..........................................
..........................................
..........................................
..........................................
..........................................
..........................................
..........................................
..........................................
..........................................
..........................................
..........................................
..........................................
..........................................
..........................................
..........................................
..........................................
..........................................

Generation = 9, Population = 0.
..........................................
..........................................
..........................................
..........................................
..........................................
..........................................
..........................................
..........................................
..........................................
..........................................
..........................................
..........................................
..........................................
..........................................
..........................................
..........................................
..........................................
..........................................
..........................................
..........................................
..........................................
..........................................
..........................................
..........................................
..........................................
..........................................
..........................................
..........................................
..........................................
..........................................
..........................................
..........................................
..........................................
..........................................

Generation = 10, Population = 0.
..........................................
..........................................
..........................................
..........................................
..........................................
..........................................
..........................................
..........................................
..........................................
..........................................
..........................................
..........................................
..........................................
..........................................
..........................................
..........................................
..........................................
..........................................
..........................................
..........................................
..........................................
..........................................
..........................................
..........................................
..........................................
..........................................
..........................................
..........................................
..........................................
..........................................
..........................................
..........................................
..........................................
..........................................

*** Life<ConwayCell> 4x16 ***

Generation = 0, Population = 29.
.*.**...*****.**
...*....*..***..
*...*.**.***.*.*
......*.***....*

Generation = 5, Population = 10.
.....***........
....*...........
.....*..**......
......***.......

Generation = 10, Population = 12.
.....*..........
....*..***......
...**..**.......
.....*.**.......

Generation = 15, Population = 11.
........*.......
...*..*.*.......
...***..*.......
...***..........

Generation = 20, Population = 7.
................
.......***......
.........*......
......***.......

Generation = 25, Population = 5.
.........*......
..........*.....
........***.....
................

Generation = 30, Population = 4.
................
................
.........*.*....
..........**....

*** Life<ConwayCell> 10x48 ***

Generation = 0, Population = 39.
..............*....*..............*...*.........
........*......*....................*...........
..........................*......*.....*........
.................*........*.............*...*...
....*...............*.......*....*.........*.*..
..........................*.......*.....*.......
*.*..........*.....*.....*........*...**........
........................*......*................
....*..............*...*.....*........*.........
..................*.............................

Generation = 12, Population = 6.
................................................
................................................
................................................
................................................
................................................
.......................................*........
......................................*.*.......
......................................*.*.......
.......................................*........
................................................

Generation = 24, Population = 6.
................................................
................................................
................................................
................................................
................................................
.......................................*........
......................................*.*.......
......................................*.*.......
.......................................*........
................................................

Generation = 36, Population = 6.
................................................
................................................
................................................
................................................
................................................
.......................................*........
......................................*.*.......
......................................*.*.......
.......................................*........
................................................

Generation = 48, Population = 6.
................................................
................................................
................................................
................................................
................................................
.......................................*........
......................................*.*.......
......................................*.*.......
.......................................*........
................................................

Generation = 60, Population = 6.
................................................
................................................
................................................
................................................
................................................
.......................................*........
......................................*.*.......
......................................*.*.......
.......................................*........
................................................

*** Life<ConwayCell> 44x7 ***

Generation = 0, Population = 8.
.......
.......
.......
.......
.......
.......
.......
...*...
.......
.......
.......
.......
*......
...*...
.......
.......
.......
.....*.
.......
.......
....*..
.......
.......
....*..
.......
.......
.......
.......
.......
.......
.......
.*.....
.......
.......
.......
.......
.......
.......
.......
.....*.
.......
.......
.......
.......

Generation = 1, Population = 0.
.......
.......
.......
.......
.......
.......
.......
.......
.......
.......
.......
.......
.......
.......
.......
.......
.......
.......
.......
.......
.......
.......
.......
.......
.......
.......
.......
.......
.......
.......
.......
.......
.......
.......
.......
.......
.......
.......
.......
.......
.......
.......
.......
.......

Generation = 2, Population = 0.
.......
.......
.......
.......
.......
.......
.......
.......
.......
.......
.......
.......
.......
.......
.......
.......
.......
.......
.......
.......
.......
.......
.......
.......
.......
.......
.......
.......
.......
.......
.......
.......
.......
.......
.......
.......
.......
.......
.......
.......
.......
.......
.......
.......

Generation = 3, Population = 0.
.......
.......
.......
.......
.......
.......
.......
.......
.......
.......
.......
.......
.......
.......
.......
.......
.......
.......
.......
.......
.......
.......
.......
.......
.......
.......
.......
.......
.......
.......
.......
.......
.......
.......
.......
.......
.......
.......
.......
.......
.......
.......
.......
.......

Generation = 4, Population = 0.
.......
.......
.......
.......
.......
.......
.......
.......
.......
.......
.......
.......
.......
.......
.......
.......
.......
.......
.......
.......
.......
.......
.......
.......
.......
.......
.......
.......
.......
.......
.......
.......
.......
.......
.......
.......
.......
.......
.......
.......
.......
.......
.......
.......

Generation = 5, Population = 0.
.......
.......
.......
.......
.......
.......
.......
.......
.......
.......
.......
.......
.......
.......
.......
.......
.......
.......
.......
.......
.......
.......
.......
.......
.......
.......
.......
.......
.......
.......
.......
.......
.......
.......
.......
.......
.......
.......
.......
.......
.......
.......
.......
.......

Generation = 6, Population = 0.
.......
.......
.......
.......
.......
.......
.......
.......
.......
.......
.......
.......
.......
.......
.......
.......
.......
.......
.......
.......
.......
.......
.......
.......
.......
.......
.......
.......
.......
.......
.......
.......
.......
.......
.......
.......
.......
.......
.......
.......
.......
.......
.......
.......

Generation = 7, Population = 0.
.......
.......
.......
.......
.......
.......
.......
.......
.......
.......
.......
.......
.......
.......
.......
.......
.......
.......
.......
.......
.......
.......
.......
.......
.......
.......
.......
.......
.......
.......
.......
.......
.......
.......
.......
.......
.......
.......
.......
.......
.......
.......
.......
.......

Generation = 8, Population = 0.
.......
.......
.......
.......
.......
.......
.......
.......
.......
.......
.......
.......
.......
.......
.......
.......
.......
.......
.......
.......
.......
.......
.......
.......
.......
.......
.......
.......
.......
.......
.......
.......
.......
.......
.......
.......
.......
.......
.......
.......
.......
.......
.......
.......

Generation = 9, Population = 0.
.......
.......
.......
.......
.......
.......
.......
.......
.......
.......
.......
.......
.......
.......
.......
.......
.......
.......
.......
.......
.......
.......
.......
.......
.......
.......
.......
.......
.......
.......
.......
.......
.......
.......
.......
.......
.......
.......
.......
.......
.......
.......
.......
.......

Generation = 10, Population = 0.
.......
.......
.......
.......
.......
.......
.......
.......
.......
.......
.......
.......
.......
.......
.......
.......
.......
.......
.......
.......
.......
.......
.......
.......
.......
.......
.......
.......
.......
.......
.......
.......
.......
.......
.......
.......
.......
.......
.......
.......
.......
.......
.......
.......

*** Life<ConwayCell> 11x9 ***

Generation = 0, Population = 24.
....**...
.......*.
......*.*
.*.*.*.*.
....*....
*..*.***.
.*.......
....**..*
..*..*...
...*.*...
......*..

Generation = 25, Population = 8.
......*..
.....*.*.
....*...*
.....*.*.
......*..
.........
.........
.........
.........
.........
.........

Generation = 50, Population = 12.
.....***.
...*....*
...*....*
...*....*
.........
.....***.
.........
.........
.........
.........
.........

Generation = 75, Population = 14.
......**.
....*.*.*
..***..**
.........
......**.
......*..
......*..
.........
.........
.........
.........

Generation = 100, Population = 18.
.....***.
....*.*.*
...***.**
...*..*.*
......**.
.....**..
.........
.........
.........
.........
.........

*** Life<ConwayCell> 40x12 ***

Generation = 0, Population = 37.
.........*..
............
.......*....
*........*..
..**........
............
............
............
............
....*...*...
............
...*........
............
...*........
.*...*......
............
...*........
............
..*.........
............
............
............
.....*......
...*.*......
*...........
............
.*.....*....
............
..*.........
.........*..
........**..
......*.....
...*..*.....
.....*......
*.*.........
.*..........
............
......*..**.
*.......*...
.........*..

Generation = 10, Population = 0.
............
............
............
............
............
............
............
............
............
............
............
............
............
............
............
............
............
............
............
............
............
............
............
............
............
............
............
............
............
............
............
............
............
............
............
............
............
............
............
............

Generation = 20, Population = 0.
............
............
............
............
............
............
............
............
............
............
............
............
............
............
............
............
............
............
............
............
............
............
............
............
............
............
............
............
............
............
............
............
............
............
............
............
............
............
............
............

Generation = 30, Population = 0.
............
............
............
............
............
............
............
............
............
............
............
............
............
............
............
............
............
............
............
............
............
............
............
............
............
............
............
............
............
............
............
............
............
............
............
............
............
............
............
............

Generation = 40, Population = 0.
............
............
............
............
............
............
............
............
............
............
............
............
............
............
............
............
............
............
............
............
............
............
............
............
............
............
............
............
............
............
............
............
............
............
............
............
............
............
............
............

Generation = 50, Population = 0.
............
............
............
............
............
............
............
............
............
............
............
............
............
............
............
............
............
............
............
............
............
............
............
............
............
............
............
............
............
............
............
............
............
............
............
............
............
............
............
............

*** Life<ConwayCell> 18x26 ***

Generation = 0, Population = 5.
....*.....*.......*.......
..........................
...............*..........
..........................
..........................
..........................
..........................
..........................
..........................
..........................
..........................
..........................
..........................
..........................
..........................
..........................
..............*...........
..........................

Generation = 25, Population = 0.
..........................
..........................
..........................
..........................
..........................
..........................
..........................
..........................
..........................
..........................
..........................
..........................
..........................
..........................
..........................
..........................
..........................
..........................

Generation = 50, Population = 0.
..........................
..........................
..........................
..........................
..........................
..........................
..........................
..........................
..........................
..........................
..........................
..........................
..........................
..........................
..........................
..........................
..........................
..........................

Generation = 75, Population = 0.
..........................
..........................
..........................
..........................
..........................
..........................
..........................
..........................
..........................
..........................
..........................
..........................
..........................
..........................
..........................
..........................
..........................
..........................

Generation = 100, Population = 0.
..........................
..........................
..........................
..........................
..........................
..........................
..........................
..........................
..........................
..........................
..........................
..........................
..........................
..........................
..........................
..........................
..........................
..........................

*** Life<ConwayCell> 35x10 ***

Generation = 0, Population = 3.
..........
.....*....
......*...
..........
..........
..........
..........
..........
..........
..........
..........
..........
..........
...*......
..........
..........
..........
..........
..........
..........
..........
..........
..........
..........
..........
..........
..........
..........
..........
..........
..........
..........
..........
..........
..........

Generation = 5, Population = 0.
..........
..........
..........
..........
..........
..........
..........
..........
..........
..........
..........
..........
..........
..........
..........
..........
..........
..........
..........
..........
..........
..........
..........
..........
..........
..........
..........
..........
..........
..........
..........
..........
..........
..........
..........

Generation = 10, Population = 0.
..........
..........
..........
..........
..........
..........
..........
..........
..........
..........
..........
..........
..........
..........
..........
..........
..........
..........
..........
..........
..........
..........
..........
..........
..........
..........
..........
..........
..........
..........
..........
..........
..........
..........
..........

Generation = 15, Population = 0.
..........
..........
..........
..........
..........
..........
..........
..........
..........
..........
..........
..........
..........
..........
..........
..........
..........
..........
..........
..........
..........
..........
..........
..........
..........
..........
..........
..........
..........
..........
..........
..........
..........
..........
..........

Generation = 20, Population = 0.
..........
..........
..........
..........
..........
..........
..........
..........
..........
..........
..........
..........
..........
..........
..........
..........
..........
..........
..........
..........
..........
..........
..........
..........
..........
..........
..........
..........
..........
..........
..........
..........
..........
..........
..........

Generation = 25, Population = 0.
..........
..........
..........
..........
..........
..........
..........
..........
..........
..........
..........
..........
..........
..........
..........
..........
..........
..........
..........
..........
..........
..........
..........
..........
..........
..........
..........
..........
..........
..........
..........
..........
..........
..........
..........

Generation = 30, Population = 0.
..........
..........
..........
..........
..........
..........
..........
..........
..........
..........
..........
..........
..........
..........
..........
..........
..........
..........
..........
..........
..........
..........
..........
..........
..........
..........
..........
..........
..........
..........
..........
..........
..........
..........
..........

*** Life<ConwayCell> 48x5 ***

Generation = 0, Population = 13.
.....
.....
.....
.....
..*..
*.**.
.....
.....
.....
.....
...*.
..**.
....*
.....
*....
....*
.....
....*
.....
.....
.....
.....
.....
.....
.....
.....
.....
.....
.....
.....
.....
.....
.....
.....
.....
.....
*....
.....
.....
.....
.....
.....
.*...
.....
.....
.....
.....
.....

Generation = 10, Population = 13.
.....
.....
.....
..*..
.*.*.
.*.*.
..*..
.....
.....
.....
...*.
..*.*
..*.*
...**
.....
.....
.....
.....
.....
.....
.....
.....
.....
.....
.....
.....
.....
.....
.....
.....
.....
.....
.....
.....
.....
.....
.....
.....
.....
.....
.....
.....
.....
.....
.....
.....
.....
.....

Generation = 20, Population = 13.
.....
.....
.....
..*..
.*.*.
.*.*.
..*..
.....
.....
.....
...*.
..*.*
..*.*
...**
.....
.....
.....
.....
.....
.....
.....
.....
.....
.....
.....
.....
.....
.....
.....
.....
.....
.....
.....
.....
.....
.....
.....
.....
.....
.....
.....
.....
.....
.....
.....
.....
.....
.....

Generation = 30, Population = 13.
.....
.....
.....
..*..
.*.*.
.*.*.
..*..
.....
.....
.....
...*.
..*.*
..*.*
...**
.....
.....
.....
.....
.....
.....
.....
.....
.....
.....
.....
.....
.....
.....
.....
.....
.....
.....
.....
.....
.....
.....
.....
.....
.....
.....
.....
.....
.....
.....
.....
.....
.....
.....

Generation = 40, Population = 13.
.....
.....
.....
..*..
.*.*.
.*.*.
..*..
.....
.....
.....
...*.
..*.*
..*.*
...**
.....
.....
.....
.....
.....
.....
.....
.....
.....
.....
.....
.....
.....
.....
.....
.....
.....
.....
.....
.....
.....
.....
.....
.....
.....
.....
.....
.....
.....
.....
.....
.....
.....
.....

Generation = 50, Population = 13.
.....
.....
.....
..*..
.*.*.
.*.*.
..*..
.....
.....
.....
...*.
..*.*
..*.*
...**
.....
.....
.....
.....
.....
.....
.....
.....
.....
.....
.....
.....
.....
.....
.....
.....
.....
.....
.....
.....
.....
.....
.....
.....
.....
.....
.....
.....
.....
.....
.....
.....
.....
.....

*** Life<ConwayCell> 6x7 ***

Generation = 0, Population = 28.
**.**.*
.******
..*****
.*...**
**.**.*
**..**.

Generation = 25, Population = 8.
.......
.......
.......
**...**
**...**
.......

Generation = 50, Population = 8.
.......
.......
.......
**...**
**...**
.......

Generation = 75, Population = 8.
.......
.......
.......
**...**
**...**
.......

Generation = 100, Population = 8.
.......
.......
.......
**...**
**...**
.......

*** Life<ConwayCell> 9x39 ***

Generation = 0, Population = 22.
.*....*.......................*........
...........*...........................
........*...................**.....*...
..*.................................*..
.......*...............................
..............................*........
..*...............*...............*.*..
..............................*........
*.....*..*......*....*.................

Generation = 1, Population = 1.
.......................................
.............................*.........
.......................................
.......................................
.......................................
.......................................
.......................................
.......................................
.......................................

Generation = 2, Population = 0.
.......................................
.......................................
.......................................
.......................................
.......................................
.......................................
.......................................
.......................................
.......................................

Generation = 3, Population = 0.
.......................................
.......................................
.......................................
.......................................
.......................................
.......................................
.......................................
.......................................
.......................................

Generation = 4, Population = 0.
.......................................
.......................................
.......................................
.......................................
.......................................
.......................................
.......................................
.......................................
.......................................

Generation = 5, Population = 0.
.......................................
.......................................
.......................................
.......................................
.......................................
.......................................
.......................................
.......................................
.......................................

Generation = 6, Population = 0.
.......................................
.......................................
.......................................
.......................................
.......................................
.......................................
.......................................
.......................................
.......................................

Generation = 7, Population = 0.
.......................................
.......................................
.......................................
.......................................
.......................................
.......................................
.......................................
.......................................
.......................................

Generation = 8, Population = 0.
.......................................
.......................................
.......................................
.......................................
.......................................
.......................................
.......................................
.......................................
.......................................

Generation = 9, Population = 0.
.......................................
.......................................
.......................................
.......................................
.......................................
.......................................
.......................................
.......................................
.......................................

Generation = 10, Population = 0.
.......................................
.......................................
.......................................
.......................................
.......................................
.......................................
.......................................
.......................................
.......................................

*** Life<ConwayCell> 4x29 ***

Generation = 0, Population = 19.
.....**...*.*.....*.*..*.....
..*..........*.....*.........
.*....*...**....*.....*......
*..................*.......*.

Generation = 5, Population = 0.
.............................
.............................
.............................
.............................

Generation = 10, Population = 0.
.............................
.............................
.............................
.............................

Generation = 15, Population = 0.
.............................
.............................
.............................
.............................

Generation = 20, Population = 0.
.............................
.............................
.............................
.............................

Generation = 25, Population = 0.
.............................
.............................
.............................
.............................

Generation = 30, Population = 0.
.............................
.............................
.............................
.............................
