*** Life<ConwayCell> 5x5 ***

Generation = 0, Population = 5.
.....
.**..
.*.*.
..*..
.....

Generation = 1, Population = 5.
.....
.**..
.*.*.
..*..
.....

Generation = 2, Population = 5.
.....
.**..
.*.*.
..*..
.....

Generation = 3, Population = 5.
.....
.**..
.*.*.
..*..
.....

Generation = 4, Population = 5.
.....
.**..
.*.*.
..*..
.....

Generation = 5, Population = 5.
.....
.**..
.*.*.
..*..
.....

Generation = 6, Population = 5.
.....
.**..
.*.*.
..*..
.....

Generation = 7, Population = 5.
.....
.**..
.*.*.
..*..
.....

*** Life<ConwayCell> 6x6 ***

Generation = 0, Population = 7.
......
..**..
.*..*.
.*.*..
..*...
......

Generation = 1, Population = 7.
......
..**..
.*..*.
.*.*..
..*...
......

Generation = 2, Population = 7.
......
..**..
.*..*.
.*.*..
..*...
......

Generation = 3, Population = 7.
......
..**..
.*..*.
.*.*..
..*...
......

Generation = 4, Population = 7.
......
..**..
.*..*.
.*.*..
..*...
......

Generation = 5, Population = 7.
......
..**..
.*..*.
.*.*..
..*...
......

Generation = 6, Population = 7.
......
..**..
.*..*.
.*.*..
..*...
......

Generation = 7, Population = 7.
......
..**..
.*..*.
.*.*..
..*...
......

*** Life<ConwayCell> 6x7 ***

Generation = 0, Population = 9.
.......
..*..*.
.*.....
.*...*.
.****..
.......

Generation = 1, Population = 12.
.......
.......
.**....
**.**..
.****..
..**...

Generation = 2, Population = 9.
.......
.......
****...
*...*..
*......
.*..*..

Generation = 3, Population = 11.
.......
.**....
****...
*.**...
**.....
.......

Generation = 4, Population = 7.
.......
*..*...
*......
...*...
***....
.......

Generation = 5, Population = 5.
.......
.......
.......
*.*....
.**....
.*.....

Generation = 6, Population = 5.
.......
.......
.......
..*....
*.*....
.**....

Generation = 7, Population = 5.
.......
.......
.......
.*.....
..**...
.**....

*** Life<ConwayCell> 5x9 ***

Generation = 0, Population = 7.
.........
..*......
....*....
.**.***..
.........

Generation = 1, Population = 7.
.........
.........
.**.*....
...***...
.....*...

Generation = 2, Population = 7.
.........
.........
..*.**...
..**.*...
.....*...

Generation = 3, Population = 8.
.........
.........
..*.**...
..**.**..
....*....

Generation = 4, Population = 9.
.........
.........
..*.***..
..*...*..
...***...

Generation = 5, Population = 9.
.........
.....*...
...*.**..
..*...*..
...***...

Generation = 6, Population = 11.
.........
....***..
....***..
..*...*..
...***...

Generation = 7, Population = 10.
.....*...
....*.*..
...**..*.
......*..
...***...

