*** Life<Cell> 5x5 ***

Generation = 0, Population = 5.
0----
--00-
---0-
----0
-----

Generation = 1, Population = 9.
-000-
001-0
---1-
-----
----0

Generation = 2, Population = 9.
--11-
11---
00---
---00
---0-

Generation = 3, Population = 14.
0-**0
---0-
--010
000-1
--01-

Generation = 4, Population = 13.
--**1
1-1-0
0--*-
1-1-*
0--*-

Generation = 5, Population = 13.
00*.-
*-*-1
-00.0
----*
10-*-

Generation = 6, Population = 11.
--**1
*-.-*
-1-.-
1-1-*
*1-.-

Generation = 7, Population = 11.
00.*-
.-*-*
0--*-
*---.
**-.0

Generation = 8, Population = 15.
11**-
*-*-*
11-*-
*--0.
**0.-

Generation = 9, Population = 12.
--**-
.-.-*
**0*-
.0-1.
**1.-

Generation = 10, Population = 12.
-1.*-
.1.0*
**-*-
.--*.
***.-

*** Life<Cell> 8x8 ***

Generation = 0, Population = 10.
-----0--
----0---
---00---
-----0--
------0-
-0---0--
---0----
----0---

Generation = 1, Population = 16.
------0-
----1---
--01----
---0----
-0---0-0
0-000---
-00--0--
-----0--

Generation = 2, Population = 24.
----00-0
--0--00-
-01-----
-0-100-0
--------
----10-0
-1---10-
-00-010-

Generation = 3, Population = 31.
--001-0-
--10--1-
0---0-00
010*-1--
-0-0----
-0-0*-0-
0*--0*--
0-1-1*-0

Generation = 4, Population = 27.
-0-1*-10
00--10--
1--1-0-1
-*-*0--0
--0--00-
----.0-0
-.--1.-0
10---*--

Generation = 5, Population = 37.
-1-**0*1
--10----
*01*-1-*
-*0*11-1
------10
--0-*101
0.-0-*01
*11--.00

Generation = 6, Population = 33.
0-0**-**
00-1--1-
*1-.0*-.
-.1.--0-
-0-0-0-1
00-0**-*
1.0-1.-*
*-*--*--

Generation = 7, Population = 38.
111**-**
1-1*1-*-
*--*1*0.
0.-*11--
-101011*
--0-.*-*
-.10*.0.
.-.0-.00

Generation = 8, Population = 27.
--*.*-**
-0-.*0.-
*1-.-.-.
1.-.-*01
-*1*1--*
---0..-*
-.-1*.1.
.-*1-*-1

Generation = 9, Population = 33.
--.**0*.
-1-**1*0
*-1.1.0.
*.1*-*--
-*-**--*
-0--.*-*
-.-*.*-*
.1*-1*0-

Generation = 10, Population = 37.
-1**.1.*
--1..*.1
*1*.*.1*
*.-.-*-1
-*1*.11.
010-.*-*
-*-*..1*
.**1**1-

*** Life<Cell> 9x9 ***

Generation = 0, Population = 6.
-----0---
0-----0--
---------
----0----
---------
--0------
---------
---------
----0----

Generation = 1, Population = 17.
0---0----
-0-----0-
0---0-0--
---0-0---
--0-0----
-0-0-----
--0------
----0----
---0-0---

Generation = 2, Population = 14.
---0-0-0-
0-0-----0
-----0---
0--------
---------
0--------
----0----
--0------
--0-0-0--

Generation = 3, Population = 20.
0--------
---------
--0-0-0-0
-0---0---
---------
-0--0----
0-00-0---
-010--0--
-01----0-

Generation = 4, Population = 15.
-0-------
0-0-0-0-0
-----0---
0-------0
----00---
---------
----0----
----0----
0-------0

Generation = 5, Population = 27.
----0-0-0
-0---0---
--0------
-0--0--0-
0--0110-0
-----0---
---010---
0--010--0
-0--0--0-

Generation = 6, Population = 31.
-0-0-0---
0-------0
-0-000-0-
----1----
--01**10-
0---0---0
0-0-*10-0
--1---0--
--1-1-0--

Generation = 7, Population = 33.
------0-0
-0--0----
---111---
-000-00--
001-..-1-
10---0--1
1-1-*---1
00-0---00
-0*---10-

Generation = 8, Population = 23.
-0--00---
0-0-1-0-0
----*----
--1-1-1--
----**---
*-0---0-*
---0*----
---------
--*--0*--

Generation = 9, Population = 33.
---0-1--0
-0---0---
0--1*1--0
-0---0-0-
0--1*.1-0
.-------.
1--1.10-1
--10100--
-0.011.0-

Generation = 10, Population = 34.
-00--*00-
--0---0--
-00*.*0--
0-1-111-0
--1***-1-
.---00--.
-0-*.----
0-*-*---0
0-.-*-.-0

*** Life<Cell> 7x7 ***

Generation = 0, Population = 13.
0-----0
-0---0-
--0-0--
---0---
--0-0--
-0---0-
0-----0

Generation = 1, Population = 4.
-------
-------
---0---
--0-0--
---0---
-------
-------

Generation = 2, Population = 4.
-------
---0---
-------
-0---0-
-------
---0---
-------

Generation = 3, Population = 16.
---0---
--0-0--
-0-0-0-
0-0-0-0
-0-0-0-
--0-0--
---0---

Generation = 4, Population = 0.
-------
-------
-------
-------
-------
-------
-------

Generation = 5, Population = 0.
-------
-------
-------
-------
-------
-------
-------

Generation = 6, Population = 0.
-------
-------
-------
-------
-------
-------
-------

Generation = 7, Population = 0.
-------
-------
-------
-------
-------
-------
-------

Generation = 8, Population = 0.
-------
-------
-------
-------
-------
-------
-------

Generation = 9, Population = 0.
-------
-------
-------
-------
-------
-------
-------

Generation = 10, Population = 0.
-------
-------
-------
-------
-------
-------
-------

*** Life<Cell> 8x8 ***

Generation = 0, Population = 11.
0-------
--00-00-
-0------
------0-
-----0-0
----0---
-------0
--------

Generation = 1, Population = 20.
-000-00-
0-11-110
0--0-0--
-0------
------0-
---0----
----0-0-
-------0

Generation = 2, Population = 22.
-11-----
10-*-**1
1--1-1-0
--00-00-
-0-0-0-0
--0-----
--------
----0---

Generation = 3, Population = 25.
--*--000
--1*-*.-
*------1
0-11-110
0--1-10-
-----0-0
--0-0---
---0-0--

Generation = 4, Population = 28.
-1*-0--1
10-*-*.-
.0-----*
--*---*-
10-*-*-0
0-00-10-
-0-0-0-0
----0-0-

Generation = 5, Population = 33.
--*0--0-
*11*0.*-
*1-1-1-.
00*---*0
-1-*-*--
1-11-*10
--0101--
-0---0--

Generation = 6, Population = 36.
0-.--011
***.1.*1
.*-*0-0*
--.1-1*1
1*-*-*0-
-0-*0.-1
0--*-*-0
0--0-10-

Generation = 7, Population = 36.
1-.--1*-
*.*.*..*
**0.-11.
0-.-0-.-
**-*0.-0
11-*1.-*
1-0*0*01
1001--1-

Generation = 8, Population = 29.
*1.--**-
*.***..*
*.-.0**.
-0.-1-*1
..-.1*01
*-1.*.-*
---.1.1-
--1---*-

Generation = 9, Population = 30.
***0-**-
*.**...*
*.0.1...
--.1--.-
.*0.*.1*
.--.*.1*
1--.*.*-
-0-101.0

Generation = 10, Population = 22.
*..--.*-
*....**.
..1.-...
00.-1-.1
..1.*.-*
.11.*.*.
---....1
---*1**-

*** Life<Cell> 5x5 ***

Generation = 0, Population = 7.
0-0--
0----
-0-0-
----0
---0-

Generation = 1, Population = 8.
1--0-
1-00-
-----
-0-0-
--0--

Generation = 2, Population = 13.
*0-10
*-1-0
000--
0-0-0
-----

Generation = 3, Population = 16.
*10*-
.-*01
1-10-
101--
0-0-0

Generation = 4, Population = 12.
.-1.-
*-.-*
*0*--
*-*-0
101--

Generation = 5, Population = 10.
.1-.0
*-*0.
*-*0-
.-.--
---00

Generation = 6, Population = 11.
.--*-
*0.-*
.-*-0
.-*-0
--111

Generation = 7, Population = 10.
.11.-
.1*-*
.-*--
.0*0-
-0---

Generation = 8, Population = 9.
.--*0
.-.-.
.0.-0
.-.10
11-1-

Generation = 9, Population = 10.
.-1.1
.1.0*
.-.-1
*-.--
**-*-

Generation = 10, Population = 12.
.--.*
.-*1*
.0.-*
*-.10
**-.1

*** Life<Cell> 8x8 ***

Generation = 0, Population = 8.
----0---
--------
0--00---
-0------
---0-0--
--------
-0------
--------

Generation = 1, Population = 20.
---0-0--
0--0----
--0110--
--0-00--
-00---0-
-0-0-0--
0-0-----
-0------

Generation = 2, Population = 17.
0-01--0-
-0------
00-**-0-
---0----
0---00-0
-1------
-----0--
--------

Generation = 3, Population = 29.
-01*00-0
01--0---
1--**--0
-0010000
----11--
--0-0--0
-0--0-0-
-----0--

Generation = 4, Population = 17.
---*11--
---0----
*0-..--1
-1-*-1--
-0--*---
--------
0--010--
-0------

Generation = 5, Population = 34.
--1*-*0-
0101-0-0
*-0.*00-
---.0-00
010-*---
01-0-0--
--01-10-
--0000--

Generation = 6, Population = 30.
0--*-*1-
----0---
*01..1-1
-1-.-1-1
-*10*-00
---101--
0--*1*10
-0-1----

Generation = 7, Population = 35.
-01.1**0
-10--000
*1*.**-*
--0.-*0-
0*-1.-1-
01-*--0-
--0.*.-1
---*-000

Generation = 8, Population = 31.
0--**..-
-*110111
**..*.-*
-11.-.--
-.1**--0
--0*-11-
0--.*.1*
---*01--

Generation = 9, Population = 22.
---...*0
0.-*----
*...*.-*
---.-.--
-.*.*---
01-.-*-0
-00...-*
0-0*1*-0

Generation = 10, Population = 24.
0--....1
1.1.--1-
......0.
0-1*-.-1
0*...--0
1-0*-.-1
0--..*1*
-0-*-.-1

*** Life<Cell> 5x5 ***

Generation = 0, Population = 25.
00000
00000
00000
00000
00000

Generation = 1, Population = 12.
-111-
1---1
1---1
1---1
-111-

Generation = 2, Population = 12.
-*-*-
*-0-*
-0-0-
*-0-*
-*-*-

Generation = 3, Population = 12.
-*1*-
*---*
1---1
*---*
-*1*-

Generation = 4, Population = 12.
-*-*-
*-0-*
-0-0-
*-0-*
-*-*-

Generation = 5, Population = 12.
-*1*-
*---*
1---1
*---*
-*1*-

Generation = 6, Population = 12.
-*-*-
*-0-*
-0-0-
*-0-*
-*-*-

Generation = 7, Population = 12.
-*1*-
*---*
1---1
*---*
-*1*-

Generation = 8, Population = 12.
-*-*-
*-0-*
-0-0-
*-0-*
-*-*-

Generation = 9, Population = 12.
-*1*-
*---*
1---1
*---*
-*1*-

Generation = 10, Population = 12.
-*-*-
*-0-*
-0-0-
*-0-*
-*-*-

