*** Life<FredkinCell> 10x10 ***

Generation = 0, Population = 5.
----------
-----0----
----------
--0-------
----------
0---------
----0-----
-----0----
----------
----------

Generation = 1, Population = 15.
-----0----
----0-0---
--0--0----
-0-0------
0-0-------
-0--0-----
0--0------
------0---
-----0----
----------

Generation = 2, Population = 15.
----------
--00---0--
----------
----00----
----0-----
0----0----
--0---0---
0--0---0--
----0-----
-----0----

Generation = 3, Population = 29.
--00---0--
-0110-0-0-
--0000-0--
---0-10---
0--010----
-00-------
-0--------
-0------0-
0------0--
------0---

Generation = 4, Population = 18.
----------
01---0---0
----1-----
0----21---
----------
--1-00----
0-------0-
-10------0
----------
0----0----

Generation = 5, Population = 42.
00---0---0
121---0-0-
-0-0-00--0
-0---320--
0-0-1-0---
00--110-0-
----00-0--
-210------
000--0---0
-0--0-0---

Generation = 6, Population = 35.
----0-----
--2--01--0
--0---1---
-1-0---100
1---2---0-
-1-022-0-0
0-0---0---
--21---0-0
1-------0-
-1-0-0-0-0

Generation = 7, Population = 44.
--00--0--0
-231-1-00-
--1---2-0-
--0----211
-0-03--010
0-11330-0-
-0100--0--
-2-20---0-
--0--0-0-0
--------0-

Generation = 8, Population = 16.
----0-----
13-----1--
----------
--1-0-----
----------
------1-1-
--2-1---0-
03-----0--
----------
--0--0----

Generation = 9, Population = 45.
00-0-0-0--
243-0-1-0-
001-1--0--
-1---3----
--0-3-0-1-
--1-33--20
0----00-10
14--0-0---
100--0-0--
-1-00-0---

Generation = 10, Population = 39.
--0-0-0---
3--111---0
----2-----
-21-0--21-
--1-4---2-
012---103-
1-2-1-----
2--2--1-00
--1-0---0-
-20110----

*** Life<FredkinCell> 15x15 ***

Generation = 0, Population = 15.
0--------------
-0-------------
--0------------
---0-----------
----0----------
-----0---------
------0--------
-------0-------
--------0------
---------0-----
----------0----
-----------0---
------------0--
-------------0-
--------------0

Generation = 1, Population = 0.
---------------
---------------
---------------
---------------
---------------
---------------
---------------
---------------
---------------
---------------
---------------
---------------
---------------
---------------
---------------

Generation = 2, Population = 0.
---------------
---------------
---------------
---------------
---------------
---------------
---------------
---------------
---------------
---------------
---------------
---------------
---------------
---------------
---------------

Generation = 3, Population = 0.
---------------
---------------
---------------
---------------
---------------
---------------
---------------
---------------
---------------
---------------
---------------
---------------
---------------
---------------
---------------

Generation = 4, Population = 0.
---------------
---------------
---------------
---------------
---------------
---------------
---------------
---------------
---------------
---------------
---------------
---------------
---------------
---------------
---------------

Generation = 5, Population = 0.
---------------
---------------
---------------
---------------
---------------
---------------
---------------
---------------
---------------
---------------
---------------
---------------
---------------
---------------
---------------

Generation = 6, Population = 0.
---------------
---------------
---------------
---------------
---------------
---------------
---------------
---------------
---------------
---------------
---------------
---------------
---------------
---------------
---------------

Generation = 7, Population = 0.
---------------
---------------
---------------
---------------
---------------
---------------
---------------
---------------
---------------
---------------
---------------
---------------
---------------
---------------
---------------

Generation = 8, Population = 0.
---------------
---------------
---------------
---------------
---------------
---------------
---------------
---------------
---------------
---------------
---------------
---------------
---------------
---------------
---------------

Generation = 9, Population = 0.
---------------
---------------
---------------
---------------
---------------
---------------
---------------
---------------
---------------
---------------
---------------
---------------
---------------
---------------
---------------

Generation = 10, Population = 0.
---------------
---------------
---------------
---------------
---------------
---------------
---------------
---------------
---------------
---------------
---------------
---------------
---------------
---------------
---------------

*** Life<FredkinCell> 10x10 ***

Generation = 0, Population = 7.
----------
-0--------
---0-0----
----------
---0--0---
----------
-0--------
----------
----0-----
----------

Generation = 1, Population = 24.
-0--------
0-00-0----
-00---0---
-----00---
--0-00-0--
-0-0--0---
0-0-------
-0--0-----
---0-0----
----0-----

Generation = 2, Population = 16.
---0-0----
---1------
-1---010--
-0--------
---01---0-
----------
----0-0---
----------
-00---0---
----------

Generation = 3, Population = 50.
--01--0---
-0020-00--
020001-10-
010000000-
-00120-0-0
---0--0-0-
---0---0--
-00-0-----
0110-0-0--
-00---0---

Generation = 4, Population = 16.
-----01---
-----0----
-------2-0
----------
--1-3--1--
-0--------
-0-1------
----------
1--10-0-0-
----------

Generation = 5, Population = 38.
----0-20--
----01-0-0
-----11---
--0-0----0
-----00-0-
01-00--0--
01--0-----
00--0-0-0-
-1121----0
0--00-0-0-

Generation = 6, Population = 35.
---1103-00
---2---1--
--0-0-2---
-1---0----
00113111--
---1------
120--0000-
-1--------
1--320--0-
----------

Generation = 7, Population = 52.
--0---4011
---3010--0
---0-1----
-2000100--
11-2-2-20-
--02----0-
231-01--10
02-00-00--
--14-100-0
0--000--0-

Generation = 8, Population = 22.
-0--1-----
-----2---1
-2----22-0
----------
2---331--0
-1--------
-4---2---1
----------
--25--1-0-
-0--------

Generation = 9, Population = 48.
0-01-----1
-------102
0-0---33-1
02--01-0--
---24-220-
-20-0-0---
251-0-0-1-
-200-00-00
--3621---0
0--0--0-0-

Generation = 10, Population = 38.
--121--0-2
---3-----3
12-00-4402
-3---2---0
2--353-310
---2------
3-2112--2-
----------
1-----1-01
-0-1------

*** Life<FredkinCell> 10x10 ***

Generation = 0, Population = 7.
----------
-000000---
-0--------
----------
----------
----------
----------
----------
----------
----------

Generation = 1, Population = 16.
-000000---
0-----10--
01-0000---
-0--------
----------
----------
----------
----------
----------
----------

Generation = 2, Population = 16.
-1--------
100--0210-
---1------
-100000---
-0--------
----------
----------
----------
----------
----------

Generation = 3, Population = 28.
-2---0000-
211-01--10
0-02---00-
0--1--10--
01-0000---
-0--------
----------
----------
----------
----------

Generation = 4, Population = 16.
-3--------
-2-01--121
-1---0----
----------
----------
-100000---
-0--------
----------
----------
----------

Generation = 5, Population = 40.
04000--000
2--12-22-2
0202--0000
-1---0----
-100000---
0-----10--
01-0000---
-0--------
----------
----------

Generation = 6, Population = 30.
---1-0----
-212---3--
-3-----1--
--0--11000
-----1----
110--0210-
---1------
-100000---
-0--------
----------

Generation = 7, Population = 46.
-4-2--00--
2---21242-
0402-0---0
---10--1-1
01--0-0--0
2-1-0---10
0-02---00-
0--1--10--
01-0000---
-0--------

*** Life<FredkinCell> 5x5 ***

Generation = 0, Population = 25.
00000
00000
00000
00000
00000

Generation = 1, Population = 12.
-111-
1---1
1---1
1---1
-111-

Generation = 2, Population = 12.
-2-2-
2-0-2
-0-0-
2-0-2
-2-2-

Generation = 3, Population = 4.
--1--
-----
1---1
-----
--1--

Generation = 4, Population = 12.
-2-2-
2-0-2
-0-0-
2-0-2
-2-2-

Generation = 5, Population = 4.
--1--
-----
1---1
-----
--1--

Generation = 6, Population = 12.
-2-2-
2-0-2
-0-0-
2-0-2
-2-2-

Generation = 7, Population = 4.
--1--
-----
1---1
-----
--1--

Generation = 8, Population = 12.
-2-2-
2-0-2
-0-0-
2-0-2
-2-2-

Generation = 9, Population = 4.
--1--
-----
1---1
-----
--1--

Generation = 10, Population = 12.
-2-2-
2-0-2
-0-0-
2-0-2
-2-2-

*** Life<FredkinCell> 7x7 ***

Generation = 0, Population = 9.
-------
---000-
--0-0--
-0-00--
-------
-0-----
-------

Generation = 1, Population = 16.
---000-
---1110
-------
0-01-0-
---00--
0-0----
-0-----

Generation = 2, Population = 17.
--0-1--
--0-221
0-0-0-0
--1-0-0
--0-1--
-0--0--
-------

Generation = 3, Population = 20.
-01-2-0
00--3--
-----0-
00----1
--1--00
0--010-
-0--0--

Generation = 4, Population = 14.
--2-3--
1--14-1
-------
11---02
-------
---12--
--0-1--

Generation = 5, Population = 30.
00-0400
-0-2---
-0-000-
221-013
00-0100
---2-0-
-0-020-

Generation = 6, Population = 14.
1-----1
----4-1
--0-1--
--2-1--
--1-2--
0-0----
0-----0

Generation = 7, Population = 28.
-0--402
1-025-2
-01--00
-2---1-
00--30-
1-122-0
100--0-

Generation = 8, Population = 0.
-------
-------
-------
-------
-------
-------
-------

Generation = 9, Population = 0.
-------
-------
-------
-------
-------
-------
-------

Generation = 10, Population = 0.
-------
-------
-------
-------
-------
-------
-------

*** Life<FredkinCell> 6x6 ***

Generation = 0, Population = 8.
0----0
-000--
----0-
------
--0---
---0--

Generation = 1, Population = 13.
--000-
-1-1-0
-00--0
--0-0-
-0----
----0-

Generation = 2, Population = 16.
--111-
02-201
0----1
-01---
0-----
-0-0-0

Generation = 3, Population = 20.
0-22--
-30-1-
1000-2
0120-0
-000-0
------

Generation = 4, Population = 13.
-0-3--
0-1---
----03
---1--
--1--1
-000-0

Generation = 5, Population = 18.
--2-1-
-3--11
1-0-14
------
--2002
0111-1

Generation = 6, Population = 13.
----2-
--122-
-0----
0--1--
0--1--
1-2-02

Generation = 7, Population = 17.
--2-30
--2--1
----1-
1-220-
-0-2-2
2--113

Generation = 8, Population = 17.
-03-4-
-33222
1---2-
-133--
0-2--3
--2---

Generation = 9, Population = 20.
0--35-
--4--3
-0-03-
1244-0
-0--0-
2131-3

Generation = 10, Population = 18.
-0-46-
0--22-
-1--44
2-----
0-22-3
32-21-

