*** Life<ConwayCell> 14x14 ***

Generation = 0, Population = 63.
.**.*..***..**
......*..*..*.
..*...*....*.*
....*.....*..*
*....*........
..*.**.*.*.*..
.***.......**.
.....**...*..*
.**...**..*.*.
....*..*****.*
.**...*.*.....
.....*...*....
.*...*.*..**..
....*..**.*...

Generation = 7, Population = 42.
..**.......*..
.*..*.....*.*.
..*.*....*...*
...*....**...*
....**..**...*
...****...***.
...**.*...*.*.
.**.*.........
.**......**...
**.*..........
..............
..............
..............
..............

Generation = 14, Population = 36.
..**..........
.*...*....**..
.*..*.........
..*...****....
...**.*.......
.......*..**..
....**.*****..
....*..***.*..
.....****.*...
..............
..............
..............
..............
..............

Generation = 21, Population = 33.
.****.........
**...*........
*..**.........
****..........
.**.......***.
..............
............**
......*.....**
......**....**
.....*..*.....
......**......
......*.......
..............
..............

*** Life<ConwayCell> 12x11 ***

Generation = 0, Population = 48.
.*.........
..*.*...*..
......**.**
.*..*.**...
**...**.*..
*...*...**.
..**..**..*
*.*.......*
.*.****.*..
....****..*
*..**......
*.....**.**

Generation = 6, Population = 36.
......***..
.....***.**
.*...*.....
*.*.***....
*..****....
.*.**......
...........
.*.........
*........*.
*.*....**.*
.*.....*..*
........**.

Generation = 12, Population = 22.
........**.
........**.
...........
...*.......
..*.*......
..*........
...**..***.
.......*..*
.....**....
.....*.....
.....*....*
......*..*.

*** Life<ConwayCell> 16x19 ***

Generation = 0, Population = 43.
*..................
.....*........*....
.*.............*..*
...*...*.*.........
*....*..........*..
................*..
*.*................
..........*........
.....*.........*.*.
.......*...........
*...*......*..*....
*.*..*........*....
...*..............*
........**.....*...
*...*......**.*.*..
...*..*.......*.*..

Generation = 40, Population = 0.
...................
...................
...................
...................
...................
...................
...................
...................
...................
...................
...................
...................
...................
...................
...................
...................

Generation = 80, Population = 0.
...................
...................
...................
...................
...................
...................
...................
...................
...................
...................
...................
...................
...................
...................
...................
...................

*** Life<ConwayCell> 14x12 ***

Generation = 0, Population = 46.
**.**.......
*...*.*..**.
**.*.*......
....*..*.*.*
.*..*....**.
*.....*...*.
....**....*.
*.*.*..*.*..
.......*....
*...**.*..*.
..*....**.*.
..........**
.......*....
......*.....

Generation = 30, Population = 4.
............
............
....**......
....**......
............
............
............
............
............
............
............
............
............
............

Generation = 60, Population = 4.
............
............
....**......
....**......
............
............
............
............
............
............
............
............
............
............

*** Life<ConwayCell> 12x15 ***

Generation = 0, Population = 19.
..*.....*......
.........*....*
...............
...............
*.*....*.*....*
*...........*..
......*.*....*.
..............*
*.*............
..*............
...............
..........*....

Generation = 10, Population = 0.
...............
...............
...............
...............
...............
...............
...............
...............
...............
...............
...............
...............

*** Life<ConwayCell> 13x15 ***

Generation = 0, Population = 40.
......*.*......
.**.......*....
....*........*.
..*...........*
....*..*..*....
....*........*.
..........**...
....*.*.*......
.*.............
...*..*..***...
...*.**.*..**..
.*.*.......*.**
...*..*...*.*..

Generation = 4, Population = 34.
...............
..**...........
.*..*..........
..*.*..........
...*...........
...............
...............
....*.*........
...**.**.......
...***.**....*.
....*.......***
...*.**....*...
...*.**....****

Generation = 8, Population = 22.
...............
..**...........
.*..*..........
..*.*..........
...*...........
...............
...............
.......*.......
.......**....*.
...........**.*
.........*....*
......*...*..*.
..........***..

Generation = 12, Population = 16.
...............
..**...........
.*..*..........
..*.*..........
...*...........
...............
...............
...............
..........*....
........*.*....
........*..*...
.........*.*...
.........**....

Generation = 16, Population = 28.
...............
..**...........
.*..*..........
..*.*..........
...*...........
...............
...............
..........*....
.........***...
........**..*..
.......***..**.
.......*..***..
.......*****...

Generation = 20, Population = 35.
...............
..**...........
.*..*..........
..*.*..........
...*...........
..........*....
.........***...
........**.**..
.......**.**.*.
......*.*...***
.....**.**.....
......*.*....**
.......*.....*.

*** Life<ConwayCell> 12x13 ***

Generation = 0, Population = 27.
.............
*.*..*....**.
.**....**....
.............
*...........*
........*..*.
............*
.**..........
.............
.......*...*.
*.....*.*..*.
**.....**..*.

Generation = 3, Population = 19.
.............
.**..........
*..*.........
.**..........
.............
.............
.............
.............
.............
.......**.*..
**....*..*.**
**.....*.*...

Generation = 6, Population = 17.
.............
.**..........
*..*.........
.**..........
.............
.............
.............
.........*...
.......*..*..
.......*...*.
**.........*.
**........*..

Generation = 9, Population = 13.
.............
.**..........
*..*.........
.**..........
.............
.............
.............
..........*..
..........*..
.........*...
**...........
**...........

Generation = 12, Population = 10.
.............
.**..........
*..*.........
.**..........
.............
.............
.............
.............
.............
.............
**...........
**...........

Generation = 15, Population = 10.
.............
.**..........
*..*.........
.**..........
.............
.............
.............
.............
.............
.............
**...........
**...........

Generation = 18, Population = 10.
.............
.**..........
*..*.........
.**..........
.............
.............
.............
.............
.............
.............
**...........
**...........

Generation = 21, Population = 10.
.............
.**..........
*..*.........
.**..........
.............
.............
.............
.............
.............
.............
**...........
**...........

Generation = 24, Population = 10.
.............
.**..........
*..*.........
.**..........
.............
.............
.............
.............
.............
.............
**...........
**...........
