*** Life<ConwayCell> 5x5 ***

Generation = 0, Population = 10.
.*...
*.*.*
.*..*
*..**
*....

Generation = 8, Population = 2.
.....
.....
..**.
.....
.....

Generation = 16, Population = 0.
.....
.....
.....
.....
.....

Generation = 24, Population = 0.
.....
.....
.....
.....
.....

*** Life<ConwayCell> 6x6 ***

Generation = 0, Population = 9.
......
.*..*.
......
..*.*.
***...
*....*

Generation = 5, Population = 10.
......
......
..**..
.*..*.
**.**.
.*.*..

Generation = 10, Population = 5.
..*...
..**..
..**..
......
......
......

*** Life<ConwayCell> 5x7 ***

Generation = 0, Population = 10.
..*....
..*..*.
.*..*..
..****.
....*..

Generation = 6, Population = 13.
*..**..
...**..
**.....
..**.*.
..**.*.

Generation = 12, Population = 8.
.*..*..
.*..*..
.*..*..
..*....
..*....

*** Life<ConwayCell> 6x5 ***

Generation = 0, Population = 13.
***..
.**.*
..*..
..*..
..*..
****.

Generation = 3, Population = 8.
..*..
.*.*.
....*
.*.*.
.*.*.
.....

Generation = 6, Population = 4.
..**.
..*..
....*
.....
.....
.....

Generation = 9, Population = 4.
..**.
..**.
.....
.....
.....
.....

Generation = 12, Population = 4.
..**.
..**.
.....
.....
.....
.....

Generation = 15, Population = 4.
..**.
..**.
.....
.....
.....
.....

Generation = 18, Population = 4.
..**.
..**.
.....
.....
.....
.....

Generation = 21, Population = 4.
..**.
..**.
.....
.....
.....
.....

Generation = 24, Population = 4.
..**.
..**.
.....
.....
.....
.....

*** Life<ConwayCell> 5x5 ***

Generation = 0, Population = 9.
...*.
.*...
*.*..
...**
..***

Generation = 8, Population = 12.
.....
**.**
**.**
**.**
.....

Generation = 16, Population = 0.
.....
.....
.....
.....
.....

Generation = 24, Population = 0.
.....
.....
.....
.....
.....

*** Life<ConwayCell> 5x7 ***

Generation = 0, Population = 11.
.....*.
..*.*..
...***.
*..*.**
...*...

Generation = 14, Population = 0.
.......
.......
.......
.......
.......

Generation = 28, Population = 0.
.......
.......
.......
.......
.......

*** Life<ConwayCell> 7x7 ***

Generation = 0, Population = 14.
*...*..
**.....
..***.*
....*..
..*...*
.*....*
...*...

Generation = 5, Population = 5.
.......
.......
***....
.......
.**....
.......
.......

Generation = 10, Population = 0.
.......
.......
.......
.......
.......
.......
.......

*** Life<ConwayCell> 7x7 ***

Generation = 0, Population = 10.
.*....*
...*..*
*......
..*..*.
...*...
.......
.*...*.

Generation = 10, Population = 0.
.......
.......
.......
.......
.......
.......
.......

Generation = 20, Population = 0.
.......
.......
.......
.......
.......
.......
.......

*** Life<ConwayCell> 7x7 ***

Generation = 0, Population = 12.
*......
*....*.
.*...**
*.*..*.
..*....
.......
**.....

Generation = 12, Population = 7.
...*...
..***..
...*...
...*...
...*...
.......
.......

Generation = 24, Population = 12.
...*...
..***..
.**.**.
..***..
...*...
.......
.......

*** Life<ConwayCell> 7x5 ***

Generation = 0, Population = 12.
.*...
.*...
.*..*
..*.*
.*...
*.*..
**..*

Generation = 3, Population = 5.
.....
.....
.....
.....
**...
*....
**...

Generation = 6, Population = 0.
.....
.....
.....
.....
.....
.....
.....

Generation = 9, Population = 0.
.....
.....
.....
.....
.....
.....
.....

Generation = 12, Population = 0.
.....
.....
.....
.....
.....
.....
.....

Generation = 15, Population = 0.
.....
.....
.....
.....
.....
.....
.....

Generation = 18, Population = 0.
.....
.....
.....
.....
.....
.....
.....

Generation = 21, Population = 0.
.....
.....
.....
.....
.....
.....
.....

Generation = 24, Population = 0.
.....
.....
.....
.....
.....
.....
.....

Generation = 27, Population = 0.
.....
.....
.....
.....
.....
.....
.....

*** Life<ConwayCell> 7x7 ***

Generation = 0, Population = 12.
....**.
.......
......*
.**....
*....**
...*...
..*.**.

Generation = 3, Population = 7.
.......
.......
.......
.**....
.*..**.
.......
...**..

Generation = 6, Population = 5.
.......
.......
.......
.**....
.*.*...
..*....
.......

Generation = 9, Population = 5.
.......
.......
.......
.**....
.*.*...
..*....
.......

Generation = 12, Population = 5.
.......
.......
.......
.**....
.*.*...
..*....
.......

*** Life<ConwayCell> 5x7 ***

Generation = 0, Population = 10.
**.*...
....***
.**..*.
.......
...*...

Generation = 14, Population = 0.
.......
.......
.......
.......
.......

Generation = 28, Population = 0.
.......
.......
.......
.......
.......

*** Life<ConwayCell> 5x7 ***

Generation = 0, Population = 10.
.*.....
*..**..
...**..
....*.*
..*.*..

Generation = 3, Population = 7.
.......
...**..
...**..
...***.
.......

Generation = 6, Population = 6.
.......
.......
..*.*..
...**..
...**..

Generation = 9, Population = 2.
.......
.......
.......
....*..
....*..

Generation = 12, Population = 0.
.......
.......
.......
.......
.......

Generation = 15, Population = 0.
.......
.......
.......
.......
.......

*** Life<ConwayCell> 7x5 ***

Generation = 0, Population = 10.
..*.*
.*..*
.*.*.
..*..
..*..
*...*
.....

Generation = 6, Population = 4.
.....
.....
.*.*.
..*..
..*..
.....
.....

Generation = 12, Population = 8.
.....
..*..
.*.*.
*...*
.*.*.
..*..
.....

Generation = 18, Population = 16.
.***.
.***.
*...*
.....
*...*
.***.
.***.

*** Life<ConwayCell> 6x5 ***

Generation = 0, Population = 14.
*..*.
..***
..*..
..**.
..**.
*.***

Generation = 3, Population = 8.
.***.
....*
***..
*....
.....
.....

Generation = 6, Population = 4.
.....
*....
..*..
**...
.....
.....

Generation = 9, Population = 0.
.....
.....
.....
.....
.....
.....

Generation = 12, Population = 0.
.....
.....
.....
.....
.....
.....

Generation = 15, Population = 0.
.....
.....
.....
.....
.....
.....

Generation = 18, Population = 0.
.....
.....
.....
.....
.....
.....

Generation = 21, Population = 0.
.....
.....
.....
.....
.....
.....

*** Life<ConwayCell> 6x7 ***

Generation = 0, Population = 12.
.*..**.
.*..**.
..*...*
....*..
.**....
.*.....

Generation = 4, Population = 6.
...*...
...**..
....*..
.......
.*.....
.*.....

Generation = 8, Population = 6.
...**..
..*..*.
...**..
.......
.......
.......

Generation = 12, Population = 6.
...**..
..*..*.
...**..
.......
.......
.......

Generation = 16, Population = 6.
...**..
..*..*.
...**..
.......
.......
.......

Generation = 20, Population = 6.
...**..
..*..*.
...**..
.......
.......
.......

*** Life<ConwayCell> 5x5 ***

Generation = 0, Population = 9.
.***.
.***.
***..
.....
.....

Generation = 2, Population = 1.
.....
..*..
.....
.....
.....

Generation = 4, Population = 0.
.....
.....
.....
.....
.....

Generation = 6, Population = 0.
.....
.....
.....
.....
.....

Generation = 8, Population = 0.
.....
.....
.....
.....
.....

Generation = 10, Population = 0.
.....
.....
.....
.....
.....

Generation = 12, Population = 0.
.....
.....
.....
.....
.....

Generation = 14, Population = 0.
.....
.....
.....
.....
.....

Generation = 16, Population = 0.
.....
.....
.....
.....
.....

Generation = 18, Population = 0.
.....
.....
.....
.....
.....

Generation = 20, Population = 0.
.....
.....
.....
.....
.....

Generation = 22, Population = 0.
.....
.....
.....
.....
.....

Generation = 24, Population = 0.
.....
.....
.....
.....
.....

