*** Life<Cell> 16x13 ***

Generation = 0, Population = 12.
------------0
--0----------
--0----------
0-----0------
-------------
-------------
---------0---
--------0----
-------------
-------------
----0--0-----
------0------
-------------
----------0--
------------0
-------------

Generation = 40, Population = 50.
.....*****-.-
..........*..
..********...
**.**........
**...**....**
............*
.......*....*
.......*...*.
.**...-.***..
.*....**.**..
.......*..*..
.........*...
.......*.....
......**.*-..
....-..*..*..
....-.-.**...

Generation = 80, Population = 27.
.............
.............
.............
.....**......
.....**..**..
........*....
.........**..
....*...**...
...*....*....
...*....**...
...*....*....
....***......
........*....
......***....
.......*.....
.............


*** Life<Cell> 15x19 ***

Generation = 0, Population = 23.
----0--------------
--0-00-------0-----
-0----0----0-------
-------------------
-----0----0--------
----------0--------
-------------------
00---------0-0--0--
---0---------------
--0----------------
---------------0---
------0------------
--0-0--------------
-------------0-----
-------------------

Generation = 10, Population = 118.
..**.---*1.*.--0-1-
-..1-*..-00...11-*-
0**--.*0-0*--...-.-
.....*.*.0*11..-0**
..-.11*0.111---0*--
.-1.-..-...*.*11-*.
-..1**.0--***0-.1.-
.-...-.--..-0*1**..
-.*1*10..-.**0*.--0
.*-11101-1.-0.-*-0-
--.**-10---.-*1111-
..**.--0.1.--..1-.-
0..0.**1*0**---.11-
-1.-*010-1100.-----
---0--100----.1----


*** Life<Cell> 16x19 ***

Generation = 0, Population = 43.
0------------------
-----0--------0----
-0-------------0--0
---0---0-0---------
0----0----------0--
----------------0--
0-0----------------
----------0--------
-----0---------0-0-
-------0-----------
0---0------0--0----
0-0--0--------0----
---0--------------0
--------00-----0---
0---0------00-0-0--
---0--0-------0-0--

Generation = 40, Population = 49.
.............***...
.**.**......*......
.........*.**....*.
.........-*..*...*.
.........****....*.
..........**.*.....
.............***...
....*.*..***.....-.
........*.*........
..*...*.**..**.....
..*.*..............
.-.*....*..........
....-....*...-.....
...*...............
..*.*-....-........
..**...............

Generation = 80, Population = 26.
..........*........
.........*.*.......
..........*........
.............*.....
............*.*....
............*.*....
.............*.....
.................-.
...................
...................
........*..........
.......*.*.........
..**......*..-.....
..*.*.....*........
..*.*....*1........
...**..*...........


*** Life<Cell> 14x12 ***

Generation = 0, Population = 46.
00-00-------
0---0-0--00-
00-0-0------
----0--0-0-0
-0--0----00-
0-----0---0-
----00----0-
0-0-0--0-0--
-------0----
0---00-0--0-
--0----00-0-
----------00
-------0----
------0-----

Generation = 30, Population = 30.
.....-......
.-..........
.....1***...
......***..-
...1*..**...
......*.....
.*..........
.*......*...
.*****..*...
...*....*...
....****....
...-***.....
-.-.........
.........-..

Generation = 60, Population = 27.
..*.........
.*.*........
.*.*........
..*.....**..
.......*.*..
............
............
............
....***.....
....***..*..
.....**..**.
...-..**..*.
-.-....***..
.........-..


*** Life<Cell> 12x15 ***

Generation = 0, Population = 19.
--0-----0------
---------0----0
---------------
---------------
0-0----0-0----0
0-----------0--
------0-0----0-
--------------0
0-0------------
--0------------
---------------
----------0----

Generation = 10, Population = 77.
.-.-*..*1-**-**
---0---.**-1-.*
*11.1-*1-.-1*.-
*11*1.11-1--..*
...-...-*-**..-
*-..1*-.-1.-.10
1*.1.---*.**..-
*-.-0-.-.1-..1*
1***.-*.-*-**1*
.01-.-*-1*0-1-*
.-..-**1.-*11-.
--.-0--1.1----0

