*** Life<Cell> 12x14 ***

Generation = 0, Population = 20.
-----0---0----
--0---------0-
----00---0----
--------00--0-
--0-----------
--------00----
-----------0--
---------0----
0-------------
-0-----------0
--------------
--0-------0---

Generation = 40, Population = 10.
-*...-........
**............
..-...........
..............
..............
..............
..............
....-.........
.-1...........
......**......
.-...*..*....-
......**......

Generation = 80, Population = 10.
-*...-........
**............
..-...........
..............
..............
..............
..............
....-.........
.-1...........
......**......
.-...*..*....-
......**......


*** Life<Cell> 14x18 ***

Generation = 0, Population = 28.
-0----------------
---0----------0---
-----00-----------
-0--------00------
-------00---------
------------0---0-
--0------0--------
--0---------------
-------0----0-----
-0------00---0----
-------0----------
-------0------0---
--------00----0---
-0----------------

Generation = 40, Population = 72.
.-.*.*..........*.
...*..*..-.....***
......*.......*..*
......**.....*...*
......**....**...*
..*.-..*....**..**
........*.**....*.
..*......***...*..
..**..*...........
....***.******....
***.****....*.....
.********..*.....1
..***...*.**.-...-
...*............--

Generation = 80, Population = 11.
.-................
.........-........
....***...........
..................
..................
....-.............
..................
................**
..........***...**
..................
..................
..................
..................
................-0


*** Life<Cell> 13x10 ***

Generation = 0, Population = 42.
0---0-00--
-0-000-0-0
-0--00----
-0------0-
0-0----0-0
0-00------
---------0
0---00----
------00--
------0-0-
--00--0-00
-0--0---00
---0-00---

Generation = 20, Population = 30.
.-...**...
.*....**..
-.....*...
.....*1*-1
.......*..
........-.
...*...-..
***-*.....
--.*......
...**....-
.*.*.***..
...*.***..
*.*.......

Generation = 40, Population = 16.
.-........
..........
-.........
..........
..........
*.........
*.........
.*........
..........
.....**..-
.**.***...
..**.**...
...**.....

*** Life<Cell> 12x13 ***

Generation = 0, Population = 40.
0---0--0-----
---0---000--0
----0---00--0
--------00-0-
----0---0-0--
-0----0------
0--0---0---00
-0--0--------
-0-0-----0---
--0---0-----0
0-0----------
------00--000

Generation = 20, Population = 51.
**..*....*...
*1.........*.
.*..*-.....*.
....*....*...
--..*........
.-.**..**....
...***.**....
...***1*.1...
0...0****....
..*.**.**..*1
.*.**...-*..*
-.*.*.-..***.


*** Life<Cell> 19x17 ***

Generation = 0, Population = 20.
0----0-----------
--------------0--
-----------------
-----------------
-----------------
-----------------
-----0-----------
-----------------
-----------------
---0-------------
-----00---0------
--------0--------
-----------0-----
--00--0----00----
-----------------
-----------------
----0-----0-000--
-----------------
-----------------

Generation = 30, Population = 92.
*...*..1.-...***1
....*.**.*.....**
...*.....*.*.....
.......*-...-...*
***.*..**..*.....
**.*1..*..*...0..
.-...**..**......
**...***....*....
.........***..**-
.*.....*0.*...*..
..**...**....***.
.1***.*....*1....
..-........**..*.
......***....*.*.
....***..*......*
..-.......-...***
...........-.*.*.
......**....*..*.
...-..**.....**..

