*** Life<Cell> 18x10 ***

Generation = 0, Population = 44.
-------000
0-------0-
----0--0--
--0-------
--0--00---
0---00----
0--00---0-
----00---0
-----0----
---000----
-------0-0
--------0-
-0----0--0
----00----
----0----0
--00---0-0
--0-0-----
-00------0

Generation = 30, Population = 51.
..1**.....
...*.*1...
..........
.....***..
.....**.**
........*.
...*..*...
..*.*.....
.*...*....
*..**.....
.**.......
..........
.....***-.
.....*****
.***....*.
.**.***..*
.*.......*
...*****.*


*** Life<Cell> 13x15 ***

Generation = 0, Population = 52.
-00000-0-0----0
0-0-----0-----0
-0---0-----00--
0----00-----00-
-00-0-0-------0
0---------0----
00-------------
--0-00-0-------
-----------0---
---0---0--0--0-
---00-0------0-
0--00-0--------
00--0--------00

Generation = 10, Population = 89.
-.--*.1..-.1*.1
***1*---*0*01.*
***.***-1-**0..
1.-**.-..--...*
*.*0*...*.1.*.*
*01-.-.-0--10-*
*.....1*1---..1
-*-1..*...1..--
.-...-01*1..-.*
.1*..--.*-..*1.
***1*.**..****.
*1.1*.*..--.-*-
***-..--11***--


*** Life<Cell> 11x11 ***

Generation = 0, Population = 31.
----00-0--0
---0--0-0--
-0---000---
--0-00--0--
---000-----
-----------
---00-000--
00------0--
----0-----0
-----0---0-
--0--------

Generation = 20, Population = 20.
..*........
.**........
.**........
.1.........
.*0....*-..
..**..**...
.***..**...
..........-
.....*...-.
.....*....-
.........--


*** Life<Cell> 18x13 ***

Generation = 0, Population = 50.
-------0-----
----------0--
--0---------0
-0-0---------
---00---0----
00--00-0---0-
--00--0------
0-0-00----0-0
-000-0-------
-------0-----
----00--0----
--------0----
-0-0---0-0---
-------00----
------0------
-000--00-----
----00--00---
------0------

Generation = 20, Population = 60.
-*-*..*....*.
*.**.*0....*.
......*....*.
..*......*...
-..*...**....
.*-.1........
..*..0.......
*....**....*.
*..*1..*.-*..
*..****.*...*
*.*..*..-..*.
**.*.*.*.*.*.
..*.....****.
-..*..**.**.*
....*........
.............
-............
.........-.-.

Generation = 40, Population = 36.
-............
.............
.............
.............
.............
**..*........
*..*...**....
.*.*....*....
.*...*.......
.....*.....*.
.*..**.....*.
.*....****..*
.*.*.....*..*
-.*......*.*.
..........*..
.............
-.....**.....
......**.-.-.


*** Life<Cell> 15x18 ***

Generation = 0, Population = 13.
-----------0------
------------------
------------------
0-----------------
------------------
----------0-------
------------------
-----------------0
------------------
------------------
--00-------0------
-0-0--------------
-0----------------
---------------0-0
------------0-----

Generation = 20, Population = 102.
.-**--**.-0..*1...
-1-..*.1-.----**-.
.-...-.-..-*-.-*..
*.*..*.-...*...*-*
1-*..*.1.**.**1*-*
***..1****.*.*1*-.
*.*.*-1-.****.*-0*
..*.**-***..*.*0-*
*.*.**.*...*-.--..
.........-*-*-*.**
*.**....*..-*...*.
...*....0...*..*-.
.**..**....*....*.
.***-*-.-.1...*..-
-.****-...*.......

