*** Life<Cell> 4x7 ***

Generation = 0, Population = 12.
00-----
--0--0-
0-00-0-
0-0-0-0

Generation = 2, Population = 15.
**---1-
--*0--1
*-**1*-
*---010

Generation = 4, Population = 13.
..-11--
-0*00--
.-***.1
.1-0-*-

Generation = 6, Population = 11.
..---*-
1-.0***
*1....1
.-*--.1

Generation = 8, Population = 10.
..0*1*-
*-.*...
**....-
.1.*-..

Generation = 10, Population = 8.
..**1.-
*-.*...
...*..-
*.*.-..

Generation = 12, Population = 7.
..**..-
.*..*..
.**...-
..*.-..

Generation = 14, Population = 6.
..*...-
.*.....
*..*..-
.*.*-..

Generation = 16, Population = 6.
......-
***....
*..*..-
.*..-..

*** Life<Cell> 14x2 ***

Generation = 0, Population = 13.
00
--
0-
0-
0-
0-
--
-0
-0
0-
-0
0-
-0
-0

Generation = 3, Population = 18.
.1
--
**
00
-0
-*
**
-*
--
0*
0-
0*
01
-1

*** Life<Cell> 4x12 ***

Generation = 0, Population = 14.
0----0-----0
-00-----00--
----0-0-0-0-
0---------00

Generation = 13, Population = 15.
.....1....*-
-.*..-1.-**.
--**0*-...**
-*...*.-.-.1

*** Life<Cell> 10x12 ***

Generation = 0, Population = 18.
------------
--0-0-------
------------
0----0----0-
-----------0
-00-0-0--0--
---0--------
---------0--
------0----0
---00---0---

Generation = 12, Population = 51.
-*-*110--.0-
1.-..*****1-
1-0.*.10**.0
..**1*..1-.*
-.*.-*.-*.*.
1**--*.....-
.*0-....*-**
.1*.-**-.-.*
--*.*..1*.*.
..-.....*...

*** Life<Cell> 5x9 ***

Generation = 0, Population = 1.
---------
---------
---------
---------
----0----

Generation = 4, Population = 4.
----0----
---------
----0----
---------
0-------0

Generation = 8, Population = 4.
----0----
---------
----0----
---------
--0---0--

*** Life<Cell> 15x8 ***

Generation = 0, Population = 16.
--------
--00----
---0----
--------
0-------
--------
-------0
-----0--
--0--0--
0-------
--00--0-
0-------
--------
0--0-0--
--------

Generation = 4, Population = 43.
1--1----
0-*0*-10
--------
-----1--
----11--
0-01----
--00-11-
01-----*
.0----10
0--101--
01*1----
--*-00--
--*.-1--
-..000--
--11--0-

*** Life<Cell> 9x9 ***

Generation = 0, Population = 10.
---------
--0--0---
0-0---0--
-------0-
---------
---------
--00-----
--------0
--0------

Generation = 12, Population = 37.
.-.---*0-
..*.*.*01
.1**....*
1-..0.0**
1-*-1...-
*..*.**..
..**..0*1
--*-.*1*.
1.***.*-.

*** Life<Cell> 8x16 ***

Generation = 0, Population = 5.
--0-------------
----------------
---------------0
----------------
------0---------
----------------
----0-----------
---0------------

Generation = 6, Population = 30.
----0------0----
---0------------
--0-0-0--010-0--
-0-0-0----------
0-0--------100-0
-0-0-0-0--------
0------------0-0
---0-0-0-0------

*** Life<Cell> 6x2 ***

Generation = 0, Population = 2.
-0
--
--
--
0-
--

Generation = 9, Population = 8.
**
0-
**
01
--
0-

*** Life<Cell> 7x3 ***

Generation = 0, Population = 5.
0--
--0
0-0
0--
---
---
---

Generation = 2, Population = 7.
0--
--*
*--
*--
1-0
0--
---

Generation = 4, Population = 9.
0-1
0-.
.1-
*1-
---
--1
1-0

Generation = 6, Population = 11.
*0-
*-.
*.-
*--
*11
-1.
1-*

Generation = 8, Population = 8.
*-*
.0*
*.-
.-1
..*
-..
-1.