*** Life<ConwayCell> 4x7 ***

Generation = 0, Population = 12.
**.....
..*..*.
*.**.*.
*.*.*.*

Generation = 2, Population = 13.
.***...
..****.
..*...*
...****

Generation = 4, Population = 6.
.......
.....*.
......*
...****

Generation = 6, Population = 3.
.......
.......
......*
.....**

Generation = 8, Population = 4.
.......
.......
.....**
.....**

Generation = 10, Population = 4.
.......
.......
.....**
.....**

Generation = 12, Population = 4.
.......
.......
.....**
.....**

Generation = 14, Population = 4.
.......
.......
.....**
.....**

Generation = 16, Population = 4.
.......
.......
.....**
.....**

*** Life<ConwayCell> 14x2 ***

Generation = 0, Population = 13.
**
..
*.
*.
*.
*.
..
.*
.*
*.
.*
*.
.*
.*

Generation = 3, Population = 4.
..
..
..
**
**
..
..
..
..
..
..
..
..
..

*** Life<ConwayCell> 4x12 ***

Generation = 0, Population = 14.
*....*.....*
.**.....**..
....*.*.*.*.
*.........**

Generation = 13, Population = 13.
.*.....***..
.*....*.*.*.
.*....**.**.
............

*** Life<ConwayCell> 10x12 ***

Generation = 0, Population = 18.
............
..*.*.......
............
*....*....*.
...........*
.**.*.*..*..
...*........
.........*..
......*....*
...**...*...

Generation = 12, Population = 18.
............
............
..***.......
.*...*......
*.....*.....
...*...*....
..*.*..*....
...*...*....
*.....*.....
.*...*......

*** Life<ConwayCell> 5x9 ***

Generation = 0, Population = 1.
.........
.........
.........
.........
....*....

Generation = 4, Population = 0.
.........
.........
.........
.........
.........

Generation = 8, Population = 0.
.........
.........
.........
.........
.........

*** Life<ConwayCell> 15x8 ***

Generation = 0, Population = 16.
........
..**....
...*....
........
*.......
........
.......*
.....*..
..*..*..
*.......
..**..*.
*.......
........
*..*.*..
........

Generation = 4, Population = 10.
........
..**....
..**....
........
........
........
........
........
.**.....
*..*....
.**.....
........
........
........
........

*** Life<ConwayCell> 9x9 ***

Generation = 0, Population = 10.
.........
..*..*...
*.*...*..
.......*.
.........
.........
..**.....
........*
..*......

Generation = 12, Population = 0.
.........
.........
.........
.........
.........
.........
.........
.........
.........

*** Life<ConwayCell> 8x16 ***

Generation = 0, Population = 5.
..*.............
................
...............*
................
......*.........
................
....*...........
...*............

Generation = 6, Population = 0.
................
................
................
................
................
................
................
................

*** Life<ConwayCell> 6x2 ***

Generation = 0, Population = 2.
.*
..
..
..
*.
..

Generation = 9, Population = 0.
..
..
..
..
..
..

*** Life<ConwayCell> 7x3 ***

Generation = 0, Population = 5.
*..
..*
*.*
*..
...
...
...

Generation = 2, Population = 0.
...
...
...
...
...
...
...

Generation = 4, Population = 0.
...
...
...
...
...
...
...

Generation = 6, Population = 0.
...
...
...
...
...
...
...

Generation = 8, Population = 0.
...
...
...
...
...
...
...