*** Life<FredkinCell> 4x7 ***

Generation = 0, Population = 12.
00-----
--0--0-
0-00-0-
0-0-0-0

Generation = 2, Population = 15.
22---1-
--20--1
2-2212-
2---010

Generation = 4, Population = 12.
44-11--
-0--0--
4--43-1
--2--3-

Generation = 6, Population = 13.
6--3-2-
---1-22
---6-3-
4120-3-

Generation = 8, Population = 14.
-515-4-
1-3-0-4
51-----
6---052

Generation = 10, Population = 16.
-7372--
3---044
73---4-
8-2125-

Generation = 12, Population = 12.
-9----1
--5--6-
95-74--
-24-25-

Generation = 14, Population = 13.
7------
5251-6-
+--9-5-
926---4

Generation = 16, Population = 14.
9-48-5-
7---086
-63+-7-
--8--6-

*** Life<FredkinCell> 14x2 ***

Generation = 0, Population = 13.
00
--
0-
0-
0-
0-
--
-0
-0
0-
-0
0-
-0
-0

Generation = 3, Population = 18.
31
--
-2
00
-0
-2
22
-3
--
02
0-
02
01
-1

*** Life<FredkinCell> 4x12 ***

Generation = 0, Population = 14.
0----0-----0
-00-----00--
----0-0-0-0-
0---------00

Generation = 13, Population = 23.
445--03-2---
-442-0--36-2
-2-4--6---6-
063----32-+-

*** Life<FredkinCell> 10x12 ***

Generation = 0, Population = 18.
------------
--0-0-------
------------
0----0----0-
-----------0
-00-0-0--0--
---0--------
---------0--
------0----0
---00---0---

Generation = 12, Population = 51.
--06-14--40-
-114-1---221
---2--21-3--
-----041135-
001--53-----
-3521-8-----
-------2-2-2
23-7-43---0-
214-2-------
--1--3--331-

*** Life<FredkinCell> 5x9 ***

Generation = 0, Population = 1.
---------
---------
---------
---------
----0----

Generation = 4, Population = 4.
----0----
---------
----0----
---------
0-------0

Generation = 8, Population = 4.
----0----
---------
----0----
---------
--0---0--

*** Life<FredkinCell> 15x8 ***

Generation = 0, Population = 16.
--------
--00----
---0----
--------
0-------
--------
-------0
-----0--
--0--0--
0-------
--00--0-
0-------
--------
0--0-0--
--------

Generation = 4, Population = 43.
1--1----
0-20--10
--------
-----1--
----11--
0-01----
--00-11-
01-----3
-0----10
0-0101--
0-4-----
--3-00--
--2--1--
-33000--
--11--0-

*** Life<FredkinCell> 9x9 ***

Generation = 0, Population = 10.
---------
--0--0---
0-0---0--
-------0-
---------
---------
--00-----
--------0
--0------

Generation = 12, Population = 39.
--63---1-
416--52--
3-----60-
3-441-12-
1-34--22-
1---212-4
3--5--0--
----2-141
4---2-534

*** Life<FredkinCell> 8x16 ***

Generation = 0, Population = 5.
--0-------------
----------------
---------------0
----------------
------0---------
----------------
----0-----------
---0------------

Generation = 6, Population = 30.
----0------0----
---0------------
--0-0-0--010-0--
-0-0-0----------
0-0--------100-0
-0-0-0-0--------
0------------0-0
---0-0-0-0------

*** Life<FredkinCell> 6x2 ***

Generation = 0, Population = 2.
-0
--
--
--
0-
--

Generation = 9, Population = 9.
33
-0
-3
-0
12
00

*** Life<FredkinCell> 7x3 ***

Generation = 0, Population = 5.
0--
--0
0-0
0--
---
---
---

Generation = 2, Population = 7.
0--
--2
2--
2--
1-0
0--
---

Generation = 4, Population = 8.
0-1
--2
4--
---
1--
--1
1-0

Generation = 6, Population = 8.
--3
0-4
4--
---
1--
1-3
--2

Generation = 8, Population = 0.
---
---
---
---
---
---
---