*** Life<Cell> 31x42 ***

Generation = 0, Population = 16.
------------------------------------------
--------------------0------0--------------
------------------------------------------
------------------------------------------
-------------------0----------------------
------------------------------------------
-----------------------------0------------
-0----------------0-----------------------
------------------------------------------
----------------------------------0-------
------------------------------------------
----------------------------------0-------
------------------------------------------
---------------------------------0--------
------------------------------------------
------------------------------------------
------------------------------------------
------------------------------------------
------------------------------------------
------------------------------------------
-------------------------0----------------
-------------0----------------------------
----------------------0-------------------
------------------------------------------
------------0-----------------------------
-------0----------------------------------
------------------------------------------
------------------------------------------
---0------------------------------------0-
------------------------------------------
------------------------------------------

Generation = 1, Population = 62.
--------------------0------0--------------
-------------------0-0----0-0-------------
--------------------0------0--------------
-------------------0----------------------
------------------0-0---------------------
-------------------0---------0------------
-0----------------0---------0-0-----------
0-0--------------0-0---------0------------
-0----------------0---------------0-------
---------------------------------0-0------
------------------------------------------
---------------------------------0-0------
---------------------------------00-------
--------------------------------0-0-------
---------------------------------0--------
------------------------------------------
------------------------------------------
------------------------------------------
------------------------------------------
-------------------------0----------------
-------------0----------0-0---------------
------------0-0-------0--0----------------
-------------0-------0-0------------------
------------0---------0-------------------
-------0---0-0----------------------------
------0-0---0-----------------------------
-------0----------------------------------
---0------------------------------------0-
--0-0----------------------------------0-0
---0------------------------------------0-
------------------------------------------

Generation = 2, Population = 60.
------------------------------------------
------------------0---0--0---0------------
-------------------0----------------------
--------------------0------0--------------
-----------------0---0-------0------------
-0----------------0-----------------------
-------------------0-------0---0----------
---0------------0---0-------------0-------
-----------------------------0------------
-0----------------0-------------0-0-0-----
------------------------------------------
--------------------------------010-0-----
------------------------------------------
-------------------------------0--10------
------------------------------------------
---------------------------------0--------
------------------------------------------
------------------------------------------
-------------------------0----------------
-------------0----------------------------
----------------------00---0--------------
-----------0---0--------------------------
------------0-------0---00----------------
-------0-----0----------------------------
----------0---0-------0-------------------
-----0---0--------------------------------
---0--------0---------------------------0-
-------0----------------------------------
-0---0--------------------------------0---
------------------------------------------
---0------------------------------------0-

Generation = 3, Population = 180.
------------------0---0--0---0------------
-----------------0---0-00-0-0-0-----------
----------------------0--0-0-0------------
-----------------0--------0-00------------
-0--------------0-----0----00-0-----------
0-0------------------0-----0-0-0----------
-0-0------------0---------0-0-0-0-0-------
--0-0----------0-0---0-----0-0-0-0-0------
-0-0------------0-0-0-------0-0-0---0-----
0-0--------------0-0---------0-0-----0----
-0----------------0--------------0--------
-------------------------------01-1--0----
-------------------------------000-00-----
------------------------------0-00*10-----
-------------------------------0-000------
--------------------------------0-0-------
---------------------------------0--------
-------------------------0----------------
-------------0----------0-0---------------
------------0-0-------00-0-0--------------
-----------0-0-0-----0110-0-0-------------
----------0---0-0---0-0000-0--------------
-------0-------0---0-0-0110---------------
------0-0-0---------0-0-00----------------
-----0-0---0---0-----0-0------------------
---00-0-0---0-0-------0-----------------0-
--0-00-0-0-0-0-------------------------0-0
-0-0-00-0---0-------------------------0-0-
0-0-0-00-----------------------------0-0--
-0-0-0--------------------------------0-0-
--0-0----------------------------------0-0

*** Life<Cell> 27x42 ***

Generation = 0, Population = 56.
-----------------------------0------------
-------------------0-----0------------0---
------------------------------------------
----------------------------------0-------
---------------------0------0-------0-----
-----0------------------------------------
--------0--------0------------------------
---------------000------0-----------------
----------0-------------------------------
--------0-----------0---------0-----------
-----------------0---------0---------0----
---------------------------0----------0---
-----0-----0-------------------0----------
------------0---00---0---0-------0--------
----------------------------------------0-
-----0----00------------------------------
-----0------------------------------------
-----------------0----------------0-------
------------0-----0-----------------------
---------------------------0-----0--0-----
-------------------------------------0----
----------------0------------0------------
---------------0----------------0---------
-----------------0------------------------
-0------0----------0----------------0-----
-0----------------------------------------
------------------------------------------

Generation = 2, Population = 185.
---------------------------0-0-0----------
-----------------0---0-0---0------0-0---0-
---------------------0------00------0-----
-----0-------------0-----0------0---1-0---
--------0--------0-0---0--0---0---1---0---
---0---0-------001------0---------0-------
------0--------1---0-0------0-------0-----
-----0--1----01*-0100-0---0---0-----------
------------0--------------0---------0----
------0---1----0010---0-0--10---0-----0---
-----0----00---0---0-----0---0-0---0---0--
--------0---0---01--00-------00--0--0---0-
---0---0-0---0---1---------1-0---1---0--0-
-----1-----0---1--1------------1---0--0---
-----------1-------------------0------0---
---0---001---0--0----0---0-------00-------
---0---0----0-----0---------------------0-
-----1----00---0---0-------0----01--------
-----0----0---0-0---0----------------0----
----------------00-------0-----0---1--0---
------------0--0--0-------------0--0---0--
--------------0--10------------0-0--0-----
-0------0----0---1-0----------0---0-00----
-1-------------11--1---------0------------
---0--0---0----0-1---0----------0-0---0---
---0-------------0------------------------
-1------0----------0----------------0-----

Generation = 4, Population = 198.
---------------------1---0--0----0--1-----
-----0---------0---0-*-0-0---0----0---0---
--------0--------1-----------*------------
---------------001------1-----1-----.-*---
----------0------*------00---1----.-----0-
-0------00---------00----1----1-------1---
----0-------01-1-1---0-----1---------1----
-----------00*1*0--*-1-----01-----0---0---
-----11----1--10-----0------0--0----1-----
----00----.------1---1--001------10-------
--------1----0---0---1-0-------0-1------00
-----1----10---0*1-----00------0--1-------
-0---1-0-01----1-*---------1-----.-1------
------------11--*--------0----1.--1--0----
-----------.1----01--------0--------01--0-
-0----10-.----11-----------------*--0-1---
-0---*---1-0-------------------0-----0----
-----.------00---0-------0---00--.----0---
--------0-----01*-----0---------1-------0-
-----1----10-----*-----0-----0-00--.-0--0-
-0---0--0----------1-------------0--0----0
-1----------1----1--0----0-------00-------
-----------01----.1*--------0-------0-----
-.-----------1--.--.-1-----0-----0--1-----
-*--11------0--*-.-----0--------0----1--0-
-----0----------1------------0------------
-1------0------0---0------------0---0-----

Generation = 6, Population = 438.
--------0--------0-1-*---*1*0000-0011-1---
---0---0-----0-011-00.0-0*----100-----0-0-
------0--------0-.-1----1--0*.-0-0--0---0-
-0---0--10---01--.110001.-0-011-0-0-.-*-1-
----0--------0---.-*-001--10-1-0--.--01---
---0--01--0-110---1*--000.----1-0-1-0---1-
--0--1---------.-----*-00--.0--0---01--00-
-0--11--1-10-**.*1*.1--000---1--010---0-0-
---0--*1-0-.-0-001-1------11-110--0--11-00
--01-000--.-0111-.-0-110--.-----1--11-0---
-0-----1-1----1--0---.-*-1-101---.--0-01-*
---01.-110---110..10--1-*1---1*-1---00----
-----.---*-0---.0.10-0-1-1-1-1---*--1----0
-1---*01---*-.1-.-*-----1--00-1*0110--*0--
-------1-00..-1--*.10----1-0-0----1--1-1--
---101.--.1*11..-------------0-1-.-1*0--1-
-----.--1--00111010---0----0-1--11-000-0--
-1--0.-0-------1-0-0--------1*---.---00---
-----*0-01*110*-*1000---0-----10*10-011--1
-1-0-.-001.-1--1-.-100---0-0---*---.---1--
------110-111-0000*1-00-----0--10-0*0-0000
-.-0-1-----0.100-101-10------0---0-1-0--0-
-*--0---001-10000**.01-0--0---0-001-**0-00
0*0--1-----11--*.01.---1-------0-0-1.-0---
-.1-.-100-01001.-.00-1---0--0-0-0-00--11--
---1---0-----00---0--0---------0-0--1-----
---0010-0-0-00-----0-0-0------0-----010-0-

Generation = 8, Population = 329.
--------0-0--------*1*0-0.-.00------*0*---
-----0--0--0------0--.0-0.--0----1--1-----
-----------------.---*-0*--**.-*-----1----
--------.-----*--**10-*1.1*00..----1.0.-.-
-----0-----0-----.-.10-*0---1.-0--*-----0-
-0-----.----*.*-0-..*----*-1-----0--*---.-
0----*0--0---10.-*--0.1--00.00----------*-
----*1-011.*1**.....11-0**01-.--*---------
--0-0*.-1--.---0--1.------.*-1---0---..---
0----*--1-.-*.*-0.*--.10*-.1------1.------
------0--.--11----00-*1*-.0*-1---.-----*-.
---*..11-***-..***10----..11-..-1-11*-0---
-1---.-0-*1*--0.0..----10.-.1.-11*01.0-1--
-----.0--00*-..-*-.-1---1---*-..-..---.--1
------0*--0**0*1-...---------*----.--.-.--
-11.0*.-1*-.*-..1011----0-----0-0.-1.*----
-----*011*-0-*1*0*-0---------1-0**--------
-111-*-01--1---*0---0----00-..-11.---*----
---10.-0-..1.-.1.*--0-----01-0**.1*0-.----
----1.1---.*---*1.1.-----0-00--.1-0.011.10
------.*--..-----*..---------0-1*--*---*--
-*------0---.----.0-1.--00---------.1-----
-*-0---1*-.------...-1-*1---------.0*.0---
*.--01---111.--*.0*.111.-1---------*.0----
1**1*-.--0-.-*1*0.*--.-----10---0------.1-
0-0*-*---0-----1-**11--------0----0-*-----
-1----------*--0-000-----------------1----

Generation = 10, Population = 454.
------0-----0----10.1*---.-.0**---0-.-*-0-
---0--11-10--00-1*01-.*10.0---11--1-.1----
-----1--1-01-----*0-0*--.-0*.*1.-101-.-0--
-0---1--.--1--**-..-0-.*...**..--00-.*.0.0
0--0-010----000--.-.*-1.---*..-01-.0-*----
---00--*1*0-*..001...0--0.-11--11---.11-.-
0--00.*---1---**-.1*-.---*0.--1--10---0-*-
1011**1-*1..1..*.*..1.1-*.---.--*1--0-----
--01-*.--0-*01-01*..---001.*---------..00-
0-*-1.1*.-.-...-0..--.-*.1.--0--11-.1-0---
-00-0--1-.1--.---0-0-...0.0.01---*-----*-.
01-...-1-**.-..**.*0-**0..--0**-.-1..*0-10
---10.---.-.1--.-..1---.-.1.**1...*1.0---1
-*000*--1--.1**-**.-----*-0**-*.1..---*1-1
-1--10-.0-0..-**-...---00--1-*0--0.10.1*--
1...*.*-1.-..*.*--11100-01---10**.-1..-0-0
----0.-*1.-**.1.-***00----1-1--0..--------
1*1-1*-*1011*--.01-1--00-*-0..-*1.1-1*1000
-10--.--0..-*0*-.*-1--0-01-11-.....-1.-0--
---0**--0-.**--...1.---010-0-1-..--.*1...*
----1-.*-0..1--10***-1-01-0----..-1.---.1*
-.11-1-1*1-1.----.-1-.00--1-0------*.*-100
0.0-0-1..0*-1111-*..-.1*-10000-0--.0**-1--
*.1--.1-0--*.--*.-......01-1-0---1-..0----
*.**.*.-*-1.*.-**..--.1-011.-0----*1-*1.1-
*1-*-.---*10----**.**1---0-1---01-00*000--
0-0-0----10-.--*-0--01-----00---0--0-1-00-

Generation = 12, Population = 519.
----01*----10-100--***01-.*.-..--*-*.-.0--
----10-*-.-0---0..0*-.*1*.----..--1-*----0
0----*0--10-1--*0.0-0*00*--...-.-10*1.1--1
----1-0-*--*--..-..*-1*......*.----*.*.*.0
-01--0100-1-0----.0..*1**0-.*.1--0*0-.--0-
00-*00*.1.0-***0-*...0-1-.0-.---10*1.--1.-
-00-**.0--*1-*..-...0**-*.*.*---1----1*1*-
10*-..1-*1....*.**.*-*--..*-1.1-*1-10-*---
--*-0.**-*0.-*10*...-000-1..*-1---101*.***
--***.*..-.-.*.--..-0***.*.*1*--*1-.1--1--
1---*111-..*1.1*10--1*..0*-*0*---*0--11.1.
-1-.*.*.-...-*..**.-1..-..1-***-*1....--*0
---1-*-*1.-..-1.-*.*--1.1.**....**...*1--1
-*---***.11.1.*-**.-1-00.-0*.-.*-..--1.1-.
-*00*0-.01-..-..0*..*-0---0*1**-10*1**1.--
-*..**.*-.**.*.**--..**1-*---1*.*.*...--1-
-*---*0*..0...1.0.*.*0--111-1--0..11**1---
.*111.0.1-1..-0.*.---00-1.-*..****1--*1*0-
01-10.1-0.*-*-.*..-.-1*--.-..1*...**-*1*1-
0-0-..*0--**.--.....-100-0-**1-..-*..**.*.
011-.-.*0*.**1-.0*.*-11--1--11-..-1.-01.-.
-*1.-11-**11.--1-.0*-*0*-11-*-0----*.*01--
-.0101*..0*1*11-0...1*1*-1*-*000--*-*.-*--
**-01.*0*1*.*--.***.**..-*-.10-11-0..00-10
*..***.**-*.****.*.--*---1..**---0.1-.1.1-
..0*0.-1-.----0*.....10-0--.-11-10-0.-*-10
------10-1-0.0-*1*---1-00--0*---*1-*-*---1

*** Life<Cell> 12x42 ***

Generation = 0, Population = 28.
------------------------------------------
0-0-------------------------------------0-
0---------------0---------0-0-------------
----------0------0---------0--------------
---------------------0--0---------------0-
---------------------0--------------------
------------------------------------------
0-0---0----0----0------0-0----------------
------------------------0-----------------
------------------00------0----0--------0-
--------------------------0---------------
------------------------------------------

Generation = 1, Population = 89.
0-0-------------------------------------0-
1--0------------0---------0-0----------0-0
100-------0----0---------0-0-0----------0-
0--------0-0------0--0--0---------------0-
----------0------0--0100-0-0-----------0-0
--------------------010-0---------------0-
0-0---0----0----0----0-0-0----------------
---0-0-0--0-0--0-0----0-0-0---------------
0-0---0----0----0-00------0----0--------0-
-----------------0110---0010--0-0------0-0
------------------00-----010---0--------0-
--------------------------0---------------

Generation = 2, Population = 81.
1---------------0---------0-0-------------
--0-0-----0------0---------0----------0---
*-1-----------0---0--0----0-0-0---------1-
1-0-----0---0--0---0-1---0---0----------1-
0---------------0--0--11----0---------0---
0-0---0---00----00-0-----0-0--------------
---------------------1------------------0-
--0-----00---00----0---0-010---0--------0-
----------------------0-------------------
0-0---0----0-----1--10-011--00---0----0---
----------------------------0-------------
------------------00------1----0--------0-

Generation = 3, Population = 196.
-00-0-----0----0---------0-0-0--------0---
-01--0---0-0--0------0----0-0-0------0-00-
.--00---0-0-00------010----0-0-0------00*0
--10---0-0-0-0-----1-*-00---0---------00*0
-0----0-0-000---1-0-0-**0------------0-00-
1--0-0-0-0110--0-1-101000-------------0-0-
0-----0-0000-00-00--0-00--0----0-------010
-0-0---0110-0110--0-00---1-10-0-0------010
0-----0-00-0-00--0-00--00-0000-0-0----0-0-
---0-0-0--0-0---0-11*101-*10-10-0-0--0-0--
0-0---0----0-----00000-000101--0-0----0-0-
-----------------0110----0-00-0-0------0-0

*** Life<Cell> 26x5 ***

Generation = 0, Population = 66.
0000-
0000-
000--
-00--
0--0-
000--
0-0--
0----
-000-
-0-0-
0000-
0-0--
0000-
0-0--
-0-0-
-000-
-0---
00---
-0-0-
0-00-
0000-
0000-
0-00-
0--0-
-00--
-----

Generation = 1, Population = 67.
-11-0
1---0
--1--
0----
100-0
1----
-010-
1--0-
----0
----0
-11-0
---0-
1--10
1-10-
-1-10
01--0
---0-
1100-
01010
1--10
11-10
11-10
-0-10
1-010
-11--
-00--

Generation = 2, Population = 76.
-**-1
---01
-0-00
1---0
*-1--
*0-00
01--0
---1-
0---1
-000-
0**01
00-10
*0-*1
*0*10
0*0--
1-001
---1-
-*11-
1*1--
-0-*1
*--*1
-*-*1
010*1
---*-
--*-0
0--0-

Generation = 3, Population = 68.
0.*0*
----*
----1
*-0-1
*0---
.-01-
--101
-00-0
--00-
0-1-0
-..--
110*1
.10.*
.-.*-
1.11-
*1-1*
000--
-.*-0
*.-10
110.-
*10.*
1.0.*
1*-.-
100.0
01*--
-0---

Generation = 4, Population = 57.
-..-*
1-0-*
0-10-
*0--*
*1100
.----
--*1-
111-1
0-111
--*0-
-..0-
**1.-
*--.*
.0..-
*.**-
.---*
-1---
-.*11
*.1*-
**-.-
.*1..
-.1..
*.0.-
*--*-
--.00
-1---

*** Life<Cell> 47x41 ***

Generation = 0, Population = 16.
---0-------------------------------0-----
--------------------------------------0--
-----------------------------------------
-----------------------------------------
-----------------------------------------
-----------------------------------------
-----------0------------------------0----
-----------------------------------------
-----------------------------------------
-----------------------------------------
--------------0--------------------------
-----------------------------------------
-----------------------------------------
-----------------------------------------
-----------------------------------------
-----------------------------------------
-----------------------------------------
-----------------------------------------
-----------------------------------------
-----------------------------------------
-----------------------------------------
-----------------------------------------
-----------------------------------------
-----------------------------------------
------------------0----------------------
---------------------------------------0-
-----------------------------------------
----------------------0------------------
------0----------------------------------
-----------------------------------------
-----------------------------------------
-----------------------------------------
-------------------------------------0---
-----------------------------------------
------------------------------------0----
-----------------------------------------
-----0-----------------------------------
-----------------------------------------
-----------------------------------------
-----------0-----------------------------
-----------------------------------------
--------------------------------------0--
----------------------------0------------
-----------------------------------------
-----------------------------------------
-----------------------------------------
-----------------------------------------

Generation = 1, Population = 62.
--0-0-----------------------------0-0-0--
---0-------------------------------0-0-0-
--------------------------------------0--
-----------------------------------------
-----------------------------------------
-----------0------------------------0----
----------0-0----------------------0-0---
-----------0------------------------0----
-----------------------------------------
--------------0--------------------------
-------------0-0-------------------------
--------------0--------------------------
-----------------------------------------
-----------------------------------------
-----------------------------------------
-----------------------------------------
-----------------------------------------
-----------------------------------------
-----------------------------------------
-----------------------------------------
-----------------------------------------
-----------------------------------------
-----------------------------------------
------------------0----------------------
-----------------0-0-------------------0-
------------------0-------------------0-0
----------------------0----------------0-
------0--------------0-0-----------------
-----0-0--------------0------------------
------0----------------------------------
-----------------------------------------
-------------------------------------0---
------------------------------------0-0--
------------------------------------00---
-----------------------------------0-0---
-----0------------------------------0----
----0-0----------------------------------
-----0-----------------------------------
-----------0-----------------------------
----------0-0----------------------------
-----------0--------------------------0--
----------------------------0--------0-0-
---------------------------0-0--------0--
----------------------------0------------
-----------------------------------------
-----------------------------------------
-----------------------------------------

Generation = 2, Population = 62.
-0-0-0---------------------------0-0-0---
------------------------------------0---0
---0-------------------------------0-----
--------------------------------------0--
-----------0------------------------0----
-----------------------------------------
---------0---0--------------------0---0--
-----------------------------------------
-----------0--0---------------------0----
-----------------------------------------
------------0---0------------------------
-----------------------------------------
--------------0--------------------------
-----------------------------------------
-----------------------------------------
-----------------------------------------
-----------------------------------------
-----------------------------------------
-----------------------------------------
-----------------------------------------
-----------------------------------------
-----------------------------------------
------------------0----------------------
---------------------------------------0-
----------------0---0--------------------
----------------------0--------------0---
------0-----------0----------------------
--------------------0---0--------------0-
----0---0--------------------------------
----------------------0------------------
------0------------------------------0---
-----------------------------------------
-----------------------------------01--0-
-----------------------------------------
-----0----------------------------0--10--
-----------------------------------------
---0---0----------------------------0----
-----------0-----------------------------
-----0-----------------------------------
---------0---0------------------------0--
----------------------------0------------
-----------0------------------------0---0
--------------------------0---0----------
--------------------------------------0--
----------------------------0------------
-----------------------------------------
-----------------------------------------

*** Life<Cell> 36x18 ***

Generation = 0, Population = 13.
------------------
------------------
------------------
------------------
------------------
------------------
----------0-------
------------------
------------------
------------------
------------------
-----0------0-----
------------------
-------0----------
------------------
------------------
------------------
------0-----------
------------------
------------------
------0-------0---
------------------
----0--------0----
------------------
------------------
-0----------------
------------------
------------------
------------------
------------0-----
-0----------------
--------------0---
------------------
------------------
------------------
------------------

Generation = 1, Population = 52.
------------------
------------------
------------------
------------------
------------------
----------0-------
---------0-0------
----------0-------
------------------
------------------
-----0------0-----
----0-0----0-0----
-----0-0----0-----
------0-0---------
-------0----------
------------------
------0-----------
-----0-0----------
------0-----------
------0-------0---
-----0-0-----0-0--
----0-0------00---
---0-0------0-0---
----0--------0----
-0----------------
0-0---------------
-0----------------
------------------
------------0-----
-0---------0-0----
0-0---------0-0---
-0-----------0-0--
--------------0---
------------------
------------------
------------------

Generation = 2, Population = 38.
------------------
------------------
------------------
------------------
----------0-------
------------------
--------0---0-----
------------------
----------0-------
-----0------0-----
------------------
---0------0---0---
------------------
---------0--0-----
------------------
------00----------
------------------
----0---0---------
------1-------0---
------1-----------
--------0---01--0-
------------------
--0--------0--10--
-0----------------
----0--------0----
---0--------------
------------------
-0----------0-----
-0----------------
----------0-------
---0--------------
----------------0-
-0----------------
--------------0---
------------------
------------------

Generation = 3, Population = 144.
------------------
------------------
------------------
----------0-------
---------0-0------
--------0-0-0-----
-------0-0-0-0----
--------0-0-0-----
-----0---0-00-----
----0-0---00-0----
---0-0----0-0-0---
--0-0----0-0-0-0--
---0-----00-0-0---
--------0-00-0----
------00-0--0-----
-----0110---------
----0-000---------
---0-000-0----0---
----00*00----0-0--
-----0*00---000-0-
------00-0-01*00-0
--0-----0--000000-
---0------0-00*10-
0---0------0-000--
-0---0------0-0---
--0----------0----
-0-0--------0-----
010--------0-0----
010-------0-0-----
-0-0-----0-0------
--0-0-----0-----0-
-0-0-----------0-0
0-0-----------0-0-
-0-----------0-0--
--------------0---
------------------

*** Life<Cell> 38x48 ***

Generation = 0, Population = 67.
----------------------0-------------------0-----
-----------------00---------------------------0-
--------0----0----------------------------------
-------------------------------------0----------
----------0---------------------------0---------
-0---------------0------------------------------
-0------------------------------0-------0-------
-0--------------------------------0---------0---
------------------------------------------------
---0--------------------------------------------
---------0------------------00------------------
------------0-----------------------------------
-----0------------------------------------------
-------------0----------------------------------
-------------0----00--------------0-------------
---------------------------------0------------0-
--------------------------------------0---------
--------0------------------------------------0--
------------------------------------------------
--------------------0---------------------------
------------------------------------------------
--------------------------------0---------------
------------------------------------------------
------------------------------------------------
------------------0----0------------------------
---------0-------0------------------------------
-------0------------0---------------------------
--0---------0------------------0----------------
----------------0-------------------------------
------0--0----0---------------------------------
-------0------------------------0------0--------
------0-----------------------------------------
--------------0---------------0-------------0---
---------0---------------0----0---------0-------
0---0-------------------------------------------
--------------------0-----------------------0---
----0-----0--------------------------------0----
------------------------------------------------

Generation = 1, Population = 239.
-----------------00--0-0-----------------0-0--0-
--------0----0--0110--0-------------------0--0-0
-------0-0--0-0--00------------------0--------0-
--------0-0--0----------------------0-----------
-0-------0-0-----0---------------------0--------
010-------0-----0-0-------------0-----0-0-------
0-0--------------0-------------0-00----0-0--0---
010-----------------------------00-0----0--0-0--
-0-0------------------------------0---------0---
--0-0----0------------------00------------------
---0----0-0-0--------------0110-----------------
-----0---0-0-0--------------00------------------
----0-0-----00----------------------------------
-----0------010---00--------------0-------------
------------010--0110--------------0----------0-
-------------0----00------------0-----0------0-0
--------0------------------------0---0-0-----00-
-------0-0----------------------------0-----0-0-
--------0-----------0------------------------0--
-------------------0-0--------------------------
--------------------0-----------0---------------
-------------------------------0-0--------------
--------------------------------0---------------
------------------0----0------------------------
---------0---------0--0-0-----------------------
-------00-0-----0---0--0------------------------
--0---0-00--0----0-0-0---------0----------------
-0-0---0---0-0--0---0---------0-0---------------
--0---0--0--0-00-0-------------0----------------
-----0--0-0--0-00---------------0------0--------
------0-00----0----------------0-0----0-0-------
-----0--------0---------------0-0------0----0---
------0--0---0-0---------0---010--------0--0-0--
0---0---0-0---0---------0-0--010-------0-0--0---
-0-0-0---0----------0----0----0---------0---0---
0---------0--------0-0-----------------------0--
---0-0---0-0--------0---------------------0-----
----0-----0--------------------------------0----

Generation = 2, Population = 223.
--------0----0------0-0-0---------------0-0-0---
---------------01--10----------------0------0---
------0----0---0------0---------------0---0-----
-0----------------0----------------0---0------0-
-1----------00------------------0---0-----------
-*-0-----------0---0--------------0--0------0---
---0------0-------------------0---1-------0-----
-*---------------0--------------1---0-----0---0-
-1-------0------------------00--0-------0-------
-----0------0---------------------0---------0---
-----0-0---0--------------01--10----------------
---0------0--10---------------------------------
---0---0-0---1----00--------00----0-------------
-----------01--0-----------------0------------0-
-----0-----0---001--10----------0---0-0---------
--------0----1-----------------0---0--------01--
-------------0----00--------------0-0---0-------
------0---0---------0------------0---------0--10
--------------------------------------0---------
--------0---------0---0---------0------------0--
------------------------------------------------
--------------------0---------0---0-------------
------------------0----0------------------------
---------0-------0--------------0---------------
-------0--------0----0---0----------------------
--0----1---00--0---0-----------0----------------
-----0---1------0-----00------------------------
0---0-0---0------0-----------0---0--------------
--------------1---0-0-----------0------0--------
--0-0-001--0----1--------------0----------------
-----0---1----1-0-----------------0--0---0--0---
----0-0-0-----1----------0----1---------0-------
0---0--0----0---0-----------0----------0--0---0-
------00---0--------0--0---00---0-----0---0-1---
0---0-0---0---0---------------1------------01---
---------0--------0---0--0----0---------0-0---0-
0-0-0-0-0---0----------------------------0---0--
--------------------0-----------------------0---

Generation = 3, Population = 611.
-------0-0--0-000---1----0-----------0-0----10--
------0-0--0-00-*11*-0--0-----------0---0--010--
-0---0-0--0-0-01--0000-0-----------0-----0-00-0-
010---0----000-0-0-0--0---------0-0-----0-0--0-0
0-00-------01100--00-----------0-00----0----0-0-
0.-10-----0-000-0-0-0---------0-0010--0---00-0--
--010----0-0---0-0-0---------0-000*000---0100-0-
0.00-----00-----0-0---------0000*000-0--0010-0-0
0*0--0--0-0-0----0---------01100100-0--0-00-0-0-
-0--0100-0---0------------00000000-0----0--0-0--
---001--0----00----------01*11*10-0---------0---
--0100------0-10--00------000000--0-------------
--010-0----0-*-0-0110------0110----0----------0-
---0-0-0-00-*-01-00000------00------0-0------0-0
----0-0-0-01-10--*11*10----------------0----000-
-----0-0-0-00*00000000--------0-----0-0-0--01*0-
------0-0-0-010--011-----------0---0-0-0-0-00000
-----0-0-0-0-0----0--0----------0---0-0-0-0-00*1
------0-0-0-------0-0-0---------00---0-0---0-000
-------0-0-------0-0-0-0-------0-0----0-----0-0-
--------0---------0-0-0-------0-0-0----------0--
------------------00-0-0-----0-0-0-0------------
---------0---------00-0-0-----0-0-0-------------
-------00-0----------0-0-0-----0-0--------------
--0---0100-00------00-0-0-0----00---------------
-0-0-00*0001100-0-0-0000-0----0-0---------------
0-0----00--00------0-0110----0-0-0--------------
-0-0-0-0---0--0-----0-00----0-0---0----0--------
0-0----00-00-0-00----0-------0--------0-0-------
-0---01-*-0-0--0*00-0---------0---0--0-0-0--0---
--0-0-000-00-0*-10-------0----00-0-00-0---00-0--
0--010-0----00*0--------0-0-00-0--0--0----0-0-0-
-0-01001-----000-0--0--0-0--101-0--------01000-0
-----0--0-----0-0--0-00-0-01-010-0---0---010*00-
-0-0--1------0-0--0-0-00-0-000*00-----0-0-01-00-
--0---------0-0--0-0-0-00-0--010-------0-0--0--0
-----------0-0----0-0-0--0----0-----------------
0-0-0-0-0---0------0-0-------------------0-0----

Generation = 4, Population = 230.
--------0-0--0----0-------0-------------------0-
-0-----------11-.-*.-10-------------------0-----
-1--0----0--1----0----0---------0-------0-0-----
-*-------------------------------01------0--0---
-1----0-------1-------0-----------1-------------
1.0*-0-------1---01--0------------------------0-
-0---0--01---0---------------1----.---------1---
1.1--0------0-----------------1-.----10-1-------
-.---1----1---------------------------0---------
-1-----1-----1---0------------------------------
-0---*------------00----01-.--.--01-----0-------
-0------0-------0----------------01---------0-0-
-0-------0---.------------------------0---------
---1----01--.----1---------------------------1--
--------------10-.--.-10----000-------0---------
------------1.------1--------0-------0----0--.1-
-----0----------------------------0-------0-----
----0-------01------------------1--------0----.*
-------------0----10--------------0-------------
----------------0-------0--------1------------1-
------------------1----0--------------0---------
--------00-------0----------0-------0--------0--
-------0------------1---------------------------
--0---------0-------0----------1----------------
--------------0-0--1--1----0--------------------
-----11.-1----1------1----------1---------------
---0---1---1----0-------1-------0------0--------
0-------0-------0----------0-------0------------
------------0-1---0-0--0------0-------------0---
--0--1--.----0--.11------0----1---------0-------
0--01--1---1--.-----0-------0------11------1----
----------0-1-.-----0----------1------------1---
----*-----------0-0-------0-------0-----0--1----
-----10--0---01------1----1--1----0-0-------.---
0-0-0--00---------------------.-1------0--------
------0---------0-------1---------------0-------
0---0-0-0-0-------------------1--------0---00--0
---------0----------0----0----0---------0---0---

Generation = 5, Population = 629.
-0-----0---001---010-00--0-0--------------0--0-0
010-0---000---*0.-*.0*-0--0-----0-------0010--0-
0-00-0--0-00--0-0-----10-------0--0----0-0100---
0*0-0-0--0--0-0--0---------------1-0-------0-0--
-*-0---0-------0-00----0----------*0-----0--0-0-
-.1.-1--00--0*--01*00--------0----1---------00-0
0-010-001*0--10--00--0------0-----.--00-0--0-00-
-*-00-0-0000-------------------0.---0*---0--0---
0*0-0*00-0-000---0------------0-------100-------
0*0---0-0-0-0-0-0--0----00-------00---0-0-------
0-0-0.000----0--0-110--01*1.--.-0--0---0-0--0-0-
0-0--0-0-------0-000----00------0--0--0-0--0---0
0101----010--.--00---------------00--0-0----000-
-00-0--01-0-.-010-0---00----000-------------0-0-
---0----00--01*10.--.1*10--01110-------0--0--00-
-----0-----0-.00---0-000-----1----0-0----010-.-0
------0------1------0--------0--00-0-0----10--00
---0-------01-0---00-----------0-0------0-----..
----0--------10-00*10---0-------0--0-----0----00
-------------0-0-0-0-----0------0-----0------0-0
--------00------0--0--0-----0----0--00-0-----00-
--------110-----0---0--0---0-0-----0-00-----0-0-
--0---0--0--0----0-0*0------0--0----0--------0--
-0-0---0---0-00-0---100----0--0-0---------------
--0--00--0--001--00----0--0-0--00---------------
---00**.0-01-0*0---00---0--0---0*0-----0--------
0-0-00---10-0-0010---0-1-0-0---010-0--0-0-------
-0-0-----0-00-00100-0--00-0-0-0-0-0-0--0----0---
0-0--0--0--0-0-00-1--00-00-0-010---0----0--0-0--
00----10.--0----.*-0---00-0-00*0---00--0-0-00---
-0-1*-0-0----0.--00010---0-0-000--0**0--0-0-----
0--0---0-0-0-0.-0-0010----0-0-1-0-000---0--0-0--
---0.-0--00-0000---000---010-0-0-0100--0-01-----
0-0-0*1---0-01*00-0-0-0--0*10-1-001--0-00--0.---
------111----00-0----0--0-0--0.0-00-0-0---------
--0--01---0----0-0-----0-0----1-0------0-0-00--0
-0-0--1--0-0----0---0---00---0*0------0-0-01-00-
0---0-0------------0-0--0-0--010---------0--10-0

Generation = 6, Population = 599.
-1--0-0--0-1-*-001*11-1-0-0-0---0-------0-1-1-0-
-*-0-------00-*1*-*.1.-10--------00-----11------
--11---01--1-0-1--0-0-*-0-0---0-------0-0-*-1-0-
-.---0--------1--1----0--------00--10--0---1----
-.---0-------1--01--0-0-0----0----.-0---0-0-1---
1.*.---0---01*--1-.-1--0------0--0*--00-00------
-0-*-0---.----10------0----0---0--.---1---1---1-
1.--10----1---0---0--0------0---.--01.001-1---0-
-.-0-.-1-1--11----00----00---1---00-0-------0---
1.10----10-01---1--1----------0--11--01-1---0-0-
-0---.-1-00-----10--1001-.*.--.11--10-0---0-----
-0----01000--11---1------------01--10-----0-000-
-*-*-0-0---0-.00--11--0000--110--11-0-0---------
-----001*-10.--*11-0---------1---00--0----001--0
-0---0---1--1-.--*11*-.-1001*-*10-0-0-0-0-1--1--
---00---000--.----0-1-1----0---00--0---001--1*11
---0---0------00--11--00----010-1-0-0-0-0---001-
--0---0---01*-100---0---0----00--10--0-0--00--..
-----0-----0---011.-10-0--------1-0-0-0---0---1-
----0---00--010--10---0---0-0--01--00----0--01-1
-------0-----0--1-11-0---0--------0-1---0-------
--0---00--100--01--01---0-0---00-00---1----0--10
-----0---1----0-0--1.--0---0----------0---------
0---000-0-0------00--11-----00--10--0--------0--
---0-------01-*--11--0---0---0--1------0--------
0-011..*---*--.----11--0---1--01.-00------------
-0----------101-*--00--*--01------0--0---0--0---
0--------10--0---1---0-------01-10---0--0-------
1---0-----0-0-1---*--11-11---------10--0--01--0-
---00--1*-010--0..-1---1----1-.10--1--0---0-1---
01--*-1-----01.---1-*-00---------0-..10-10-100--
--0---0-010-1-.--0---10--01---*--01-1---1-0---0-
---1.-1-0--0--1-0-0-----0----------1--01-1*1-0--
---01.*-0-1---.1---01--0--.*1---1-*-0-0-1---.---
0---00*-*0------1-0-------1---.------0-000--1--0
----01*-0----0----0-000--1---0*---0-0-0-0-0-1---
--0----00-0-0---------------0-.------0-0--1---10
------10-0-0----0-0-0-0010-00-*-0-----0-----*-0-

Generation = 7, Population = 899.
0*0----00--*0*0-1-*----01----0-0--0----010-----0
0*01--0000011-.-.1..-.0*10--0-0--110--00**1-----
--*-0001*00*1--*--1-1-*01--0-0--000000-010*0---0
-.0001000--0-0---*---0-0--0--0-1111*-0--0-0-0-0-
0.0-0100---0-*-0--001-10-0--0--000*-1-0-10-0-0--
-**.--0-0-01-*--*-.0*00----0----01.0-1---10-0-0-
0-0*0100-.000--1--0-0-----0-----00*00-----*0-0*0
-.-0*-00---00-1--01-0---00-----0.0-1-.--*-*00010
-*-1-.0-0*---*--00--00-0110-----1--01--0--0010--
-**-0--1*101---0*--*-000000---------01---0001--0
-1-0-.-*-1--0000-1--*--*1...--*------0100010-0--
0-01--1--1--0*--0-*-00--000-00------10---01-1-10
0.-.-1--01010*------001--100**1----010-0---0-000
---101-**1*-*--*------00--000*00--100-0-00--*-0-
0-00-1-00*0--1.1-.***1.1*--**1**-010-0-010*-0*--
-00-1---11101.00----*-*-00-1010-100-0-01-*-0-.**
---1-----0-001---0-*00-1----1*-0*010-0--1-1--1--
-0-------01**-----0-1-00-0-----01*100----0-1-0*.
--0-----00-1010-*-*1-10---0-000-*01010----1-0---
---0----110-1*1-0---00-------001-101100----01*1-
--0-0--1-00001--*0--0-----0-0-0-0-10*000---0000-
-0-0--1-1-*-1--1*0-1*----0---011-1-000*00-0-00*1
0-0--100--0000-01--*.0-------0000-0-0010---0-000
-0--111--0--0-------1-*--0--1-01-100-000----0-0-
---100010---*-.00----1-00-00-1--*-000-0-0----0--
-01**...0-0*10*-00----0100-*0-1*.0-100-0-0--0---
0--00--1-10-*1*-.-0---1.101-00-01-1-010---00-0--
1---0---0*-0010----0-1-0000001*-*1-0-10---000-0-
*0--10-00--010----*-0-*0**0-0010-00-1----0-*-0-0
-00111-*.---1---..1--00*-0-0-0.*1-0*--1-0-1-*-0-
1*--*-*--1--1*.0---0*0--000-0-00-1-***---1-*11--
0---10----10*-.---0--*---1*0-0.10-*0----*-1010-0
---**0----0--0-0-0--000---101-1-001-00-*-***----
0-0--.*--0----.-0-01*10---.**1-0--.0-01-*010*0-0
-0--11.-*1---0----1--000----00.-1---0--1-1-1*00-
0-00-*.0--0---0-001-1-101----1.0-0------101-*00-
-0-0001--0-0----0----0-00---1-*-0-0------0*1-0-1
--0--0*-0-0----0------1--1-1--.--0--------00.-1-

Generation = 8, Population = 382.
-.---------.1*1--1.1----------0-0-1-----*-----0-
-.-*-----11-*-*1*-**1*-.-10-----------1-..------
0-.--1--.11.--0.00---0.-----01--------0--1.1----
0.1---------011-0*000--------1-----.-1----1--0--
-.-0-*--0----*----11----------0---.-----------0-
1...-1-----*1*00*1.-.----0------1*.1----------1-
-0-.1----*--------10--0-0---------.-1---0-.---.-
1*-1.01--0---0------------0---1-.10-1.--.-.-1-*-
0*0*0.1--.---*--------0----0------0---1---1-----
1*.--1--.--*----.00*-----1-0--0-0------------00-
-*-1-.-*0----1------.0-.*..*1-.1----01----------
101-0-------1.---0.-1----1-0--0------1----------
1*0.-*----1--.000-11-1-----1..--------0------1--
-----*-..-.0.10.1-00-0-------.--0-----------.-1-
-0---*---.1-1-.-0..***.-.--..-..0-------*-.0-.00
-1--------*1-.1-0000.-.--1--------1---1--.---.*.
-----------1-*-00-1.-1-*-----.0-.----------00*10
0--0-----1-..11-0-1-*------------.---0------0-*.
-------0-1---*--.-**--------11--.-----------10--
--0---------*.----0---------0--*-------------.-1
-----0----------.-1-----------------.---------1-
------*--1.--00-.---.---0-------------.-1-----.-
-------1-----1----0*.-----------1-1----1--------
------*0--------------*----------*------------1-
-----11---0-.-*1----------1---00.-----1-----0---
-1-.....11-.-1.0-1-----*---.--*..-------0----0--
1---100-----.-.0.-----*.*---1-------------------
-------0-.0----0--0-0---------.-.------0----1---
*---*-----0------0*0--.-..----*------------.----
01----1*.0---0-0..*-0-1.-----1..*--.0-------.---
-.--.-*-0---**.-1-11.1--1-----11---..*--1--.---0
1---*-------.0.-----1.----.---.---.-1---*---*---
---*.-----1-----0-0----0------------1-0*-...0---
-0---.*0-1----*--0--.-1---*..-1-10*---*-.-*-.-0-
0-0-*-.-*---0-------0--------1.0------------.---
--1--..--0---------------1--0*.-----0---*---.---
------------0-0-1-0----------0*0---0------.-01--
------*--0----0---------------.-------------*---

Generation = 9, Population = 694.
-.-0-----00*-.----.*-0---00--0-----0--00.0---0-0
0.0.00--0---*1.-.-.*-*0.1*10000-0-1--0*0..-0--0-
11.10-0-.--.---.1-1-11.--0001-0-------101-*-10--
1*------00001*---.111--------*-----.0-------0---
-*---.00-0-01.10-1-------0-----000.0-0----0---10
-...-*0-000.-*--**.-.-0---0---00*..-----0----0*0
010.-10-1.000-110-*100----0---0-0-.-*0-0-0.-1-.-
-.1*.1-0011-011---10----00---0-0.*--**0-.-.0--.0
1.-*1.*1-.-01.0--000-0-0-1-11---1-1010-0-0-010--
-..----1.-0.1---.1-.000------0-0-11-011---0-1110
0.0--.0.11-0--0---11*-0.**.**1*----11-1------00-
---1---10-00-*10--*--0-------0-------*-------0--
-.-*-*0--1--0.---0--0*1--10*..1-0------0----0---
0-0-0*0..-*-**-.---10-0----0-.-010----0-0--0.-*-
010-0.0--.*---*1-....*.-.0-..-..101---00.0.-0*11
0*0--0---1*--*-01-1-.-*00-0---0-10-0-0-10.--1...
00-1-----0-*-*-110-.---.00---.-0.-1--00---111.-1
-00-0--00*1..**01--0*--0----000--.--0-0-------.*
0-00--0--*0--*--.1*.-------0-*00.----0-----0-1-0
-0-0-0-0-1-0..---1---------01-0.1-----------1*--
--0-0----0--010-.0*1----0---0--0----.---0----0--
------*-1-.-1-11.--1.--0-0------0-0---.--0----.-
------0*01--0*---01..-0-0------0-0-0--1-------0-
------.-0-0--000--00-1.0--0---01-*----00----00-0
-0--0*--0--0.-*-01----10-0-0-1-1.0---0-00--0--0-
--1.*..***-.1-.---0----*--0.00**.-----00-0----0-
---0*-1-010-.1.-.00-00.*.0-1-00--------00---00--
-----0--0.10--011-10-10-0---0-.-.-----0-0--0-0--
*--0.00---10-0--01.10-.-..----.00---1--0---.0---
-*0-11-**----1--*..--0-.0---1-...0-.----0---.--0
-*--.0*1---1**.----*.--0-0----**---.**00*1-.1-0-
-0--.00-0-1-*1.------.-00-.---.1--.0*-0-*0-0.0-0
000..-11---0-010-0-00---0-1---1-0011*--*-..*100-
---01..10---01.1----.1---0...--0*-.000*-.0.0.0-0
-01-.1.-*1-0-00--0-0-00--01--*.--00-0-0-0-0-.-0-
00*00..---0---0-0-1-1---1-001..------0-0.0--.0--
--0---1----0--1----0-----0----*10-0-----0-.1-*1-
-----0.00-0-00100-0----------0*0---0-------0*---

Generation = 10, Population = 711.
0.---0---1-*-.----..-1-------1--0---0---*-101-0-
1.-.-1-0--1-**.-.-**1.1.*.-111------01.1.*---0--
*-.*-1-1*11.---.--*---*---11--100-0-0--1*-.1-1--
-.100---11-1**-00.--------00-*-111-.--000--11-00
-*0--*-1-----.*10*-11-1-0----0--11.-1-0-10-01---
1.*.0.10-1-.1.00...0*--0--10-0-1...10-----0--1.-
1--*1*-0-.1------0.*-1--0-10--1-1-.0*-1-0-.---.-
-.-..*--1---1-*-0-*1----1--0--1-.*--..10.-.110.-
-.-***.*-.11*.100-1-010-1*-**1-0-----1----1-*---
-*.00-0*.--.*1--.*0.-1--0---010-0*--1*-----0--*1
-.---.-.-*-1--1-----.-1*.....-.--0-*--*0--1--1--
1--*001*--1-1**10-*-110-0-0--10-1--1-*-0-----1--
1.-*0.----1-1.000----.-00*-**.-01----0--------0-
1011-.1*.-*-**-.-10*--10---10.-1-----01---0-.-*-
1*1-1.10-.*111.--..***.1*--..-..*-*-----.-.--.**
1.------1-.-1*11-0-0.-*----1-1-0-----1--1*1--..*
-1---0-0---*-*0*-1-*0-0.-1--1.0-*-------10*--.1*
0----0-1-.-*.*.1-0-1.00--0--11-0-.10--10--0-00.*
-------0-.--0*-0.-**1--0--01-.-1.---------1-1*-1
---10-0---0-..1-0-00----0-0--01.-1---0--0---**11
---0--01-10-----*-.-0-------10--0-1-.--0-----11-
--0-00*0*1.0---**-0*.-----0-0--1-1----.---0--0.-
-----1-.-*-0-.0-11-.*-----0----1111-00*--0--0---
-0--11*--0----11-0-1--.1------1*-*00--------11--
0--1-*1-----*-*11*11--*1----0*--.10-0--11-0---1-
---...*...-*--.-011111-*00-.1-.**0----11--000-10
---1*0-11*--*-*0*1101-.*.-1-----------0-----1---
1----1001.*-011-------10------*0.---01--100--10-
.---.11--0---1--1*.-11*-..----.11--1-0--0--.---0
-*11**-.*00---00***---1.---0-1*..-0.-0101---.---
1*--.1.-0--*..*-1-1..101--0-00**01-**.1-.-0.-1-0
----.-1-----.*.0-0--1.0---.---.*-0.-.01-.--1.1--
111**---0----1-----11---10-0-0------.-0*-*.*--10
0-01**.----01*.*0---.*---1...1-1.0.---*-*-.1.1--
---0.-.-**0-0-----1-0-10-----..0-1101-11----*0--
11.-1*.-0--0-----0----10----***000----0-.--0*10-
0-1-0---0-0-------0--------01-.*1----0----**0**1
--0-0-*11--01-*-1--------1--01.-----0---0-0-*-1-

*** Life<Cell> 9x24 ***

Generation = 0, Population = 72.
-00----0--------00------
00--0--0-0-0-----00--0--
--000000-0-0-0-0--0-0---
-0------00-00-0---------
00000----0-0-----0---0--
---000---00---0-0000--0-
0--0-00-----0----000-00-
--0-00000----0---0-00---
------------------------

Generation = 1, Population = 102.
--100-0100-0---01----0--
1-0-1----1-100-0---0--0-
001-1---0---0-0-0-1-----
-10--00-11-110---00-00--
11-1------01-----1-00---
-0-11---0-1-00--1-1-0010
-0-1-1--0000--0--11101-0
00-0111-10----0-010-1-0-
--0-00000----0---0-00---

Generation = 2, Population = 103.
00----1----1-00-*0-00---
*0-0-0000*--11010---0--0
-1*-*-0010-0---0-0*-000-
0*---11--*0-*1-----0-10-
**0*-00-----0----*-11000
---**--010--11-0--*-11--
-----*-01111--100------1
1-0-*--0*--0--1-1----0--
0--0-11-----0----101-00-

Generation = 3, Population = 118.
--10--*-000-0--0*1-1-0-0
.10-11-11*01**1*-00-----
0*.0*-11*10-0--101*0-1--
-.00--*--*11**00---1-*1-
*.-*0---0-01-0-00.0-*-11
00-*.0--*----*01--*0----
0-010*-1-*-----1-11-0-0-
*--0*1--.--1-0*0*-0011-0
10--0**-0----00--*-*--10

Generation = 4, Population = 95.
---1--*1-1-11---.-0-----
*----*---.--..-.-1-0---0
1..-.0-*.-1--00*-*.--*--
-.1101*-1.-*..-1000*0.--
*.-.1-0010--0--11*1-*0-*
110..10-*-101*-*--.11--0
-01-1.--1.11--1-0**-11--
*---.*-0*00---.1.--1**-1
-10--.*--0-00----*0*--*-

