*** Life<FredkinCell> 11x11 ***

Generation = 0, Population = 27.
-0----0-00-
0-----0-00-
00---0-----
0--0--0----
----0------
--0-00-----
-------0---
0-------00-
---00------
------000--
-----------

Generation = 1, Population = 56.
--0--01---0
10----1---0
11000-0-00-
1-0----0---
0-0-1-0----
-0---100---
0-0-000--0-
-0-00---110
0-011000-0-
---0001-10-
------000--

Generation = 2, Population = 56.
0--001-0-01
--000--00-1
221-1-1011-
-0----0--0-
101--010---
0-0-0--100-
---0-1---1-
0---10--2-1
-01--111---
0---112---0
---00------

Generation = 3, Population = 57.
-0--12-101-
---11--1--2
33-02--12--
1-0-0--0-10
-1-0-12----
1010-1----0
-----20002-
--0-21---1-
01211222---
--0--2---0-
0-01--0---0

Generation = 4, Population = 56.
0-0--3---2-
1-0-2-1-0--
-41-30123--
2---1--1021
12-11-3--0-
21----010--
00-0-3-----
0-10-20--21
1---2--30--
---0-3201--
---20--0---

*** Life<FredkinCell> 17x36 ***

Generation = 0, Population = 68.
-0----------------------------00--0-
--0------0------0-------------------
------00------------------0---------
0-0---0---------0---0---------------
-00-----------------0-------0--0-0--
-0---0---0-------0------------------
------0----------0-------------0----
---00---------0--0---0-0------------
------0-0-0-----0-0----------0--000-
----0--00----------------0----------
0----0--------0-0---------------0-0-
---------------0--------------------
0-------0-------0----0--0-----------
-0--0-------------------0--------0--
---------------0---0------------0---
-----------------------------0----0-
------------------------------------

Generation = 1, Population = 181.
0--------0------0------------01100-0
---0--000-0----0-0--------0---00--0-
0----0-100----------0----0-0--------
-010-01--------0-0-010----0-0--0-0--
---0-00--0------00-010-----0-00---0-
01--0---0-0-----010-0-------0----0--
-0-00--0-0----0-0-0--0-0------0-0---
--0110--0-0--0-0-1--0---0----0-0000-
---0-0-01--0--00-0-0-0-0-0--0-001-10
0--0---1-00---0---0-----0-0--0---0--
-0----000----0-0-0-------0-----0---0
-----0--0-------0----0--0-------0-0-
----0--0-0-------0--0-0010-------0--
--00-0--0------00--0-0-010--------0-
-0--0---------0-0-0-0---0----0-0--0-
---------------0---0--------0-0-00-0
-----------------------------0----0-

Generation = 2, Population = 171.
-0-0--00------------------0-0122-10-
--0-0-11---0--0-0-0-0---------------
--0-01--11----------1---0-----0--00-
-1---1--0-----0-01----0-------------
0--10--0---------10---0------11--0-0
1-001-0----0--0012-010-0------------
-10-1-0---0----01-100-------0--0100-
--1-2-0010--0--102---0-0------------
0---01----0-0----10-0------0--11---1
--0100---11---10-0---0-----0--------
--00--11--0-0-0-0----0--0----00--0--
-0-----01----0---0------10-------0--
--0--00---0----00-0---11--0-------0-
--11--0--------1------0---0--0-0--10
0-------0----0--1-------1-----0---1-
-0--0-------------------0--0---011--
---------------0---0------------0---

Generation = 3, Population = 299.
0-0--0--0--0--0-0-0-0----0--1--3-210
--1010---00-00------10--0-0-00-0----
--1------200-----0002000-0---0-00110
---0021-1----0--1---10100----0----00
1----------0---0021-1-1-----02200---
21-12-1-----00112---210-0---00000-00
-210----0---0--12-21-0-----0-001--10
0-2--0---100100-1-000---0--00-0-0000
-0--1--0101-100--21--0-0--0100221-1-
00-21--10220-0-101---10-0-0100-0-0-0
------2---1--010-0--01001--00110010-
0-00-00-20-----00----00--1---00-01--
--1-01--00-0-00-10-0-0-2--10-0-0--1-
00-20-100-0--0020-0--01-10100-0-0021
--000-00-0--0-0--0----002000---00-2-
--00-0--0----0-00--0---0100-0--122--
-0--0---------0-0-0-0---0--0----1---

Generation = 4, Population = 189.
--1--100------------1------02-24-3-1
002---1-----11--00--2---------------
-020--0---11-----1----1-----------2-
0--1--2---0-0-0-21--21-11-----------
2----0--0-0-------2--------0--31-0--
--0-3--00-------3----2---0----------
0-2--000--0--00-3----1----01----1-21
--3---001-1--1-1221110---0-1--------
01--2-0-2-2-----0----10-00---133--21
1--3-0--13-10----2---2--1----1---1--
-00-0-3--02-0--1-1001-------1-211-1-
---10------0--0--0-0-1-0-----1----0-
--2---0-1-0-----210------0--01--002-
11--10-1------------0----1--10-----2
0----0-----0--101--0---1----0---1-3-
---------------1---------1---00--3--
0-------0------01--0-0--1-------2---

Generation = 5, Population = 310.
0-2002110---00--00-020----013-35----
113-------0-22001-00300----00-00-000
0-3-01-1-2-2000-0-0-----0--------1-0
1--20-3010-0----3--0321220-0--00-00-
3001----1-100-0----01--0000-0242--0-
-11--0---0---011420-230-0-----000000
---0-11100100-11--21--0--01-0--1--32
--412-11---01202-----1---10200000---
-2---110-03-10--1210-21---010--41-32
20----01---2-0-1-3-0-3-02----20---00
-11-10-1--3-10---2-121-01--0--3-2120
-002-0--200--0-----10---11--02-0---0
0------0------00321-00-21110-2001---
-2-22-1---00--02-00--0-012102-0--02-
1----100--0-0021200---0-2--01000-0--
-----0--0--0----0----0-0--0--1112---
-0-----0-0----0-200---00-----000----

*** Life<FredkinCell> 41x40 ***

Generation = 0, Population = 73.
------0--------0--------------0---------
0----------------------------0----------
---------------0---0--------------------
----------------------------------------
----------------------------------------
---------0-----0----------------0-------
----0-0--------------------------0------
---------------0----------0-0----0------
----------------------------------------
----------------------------------------
----------0--------------------0--------
------------------------------------0---
--0-------------------------------------
----------------------------------------
---------------------------------0------
----------------------------------------
-------0--------------0---0---0--00-----
--------------0----------0---------0----
-------------0-----------------------0--
---0------------------------------------
----------------------0-----------------
------0-------------------0-------------
----------------0-------0---------------
----0-------0-0--------0----------------
-------------0--------------------------
----------------------------------------
------------------------0-------------0-
---0-------0--0---0--0---------0--------
---------------------0----------0-------
-----------------------------------0----
----------------------------------------
--0--0-------------00-------------------
----0----------------0-------0----------
--0--------------0---------------0--0---
------0----------------------------0----
------------------------0---------------
------------------------------0---------
-----------------------------------0----
----------------------------------------
------0----------------------------0----
----------------------------------------

Generation = 2, Population = 251.
----0-0-0----0---0-0--------0-0-0-------
0-0------------------------0---0--------
------0------0-0-----0--------0---------
0--------0-----1-------------0--0-------
----0-0--------1---0-------------0------
-------0---0-0-0-0--------0-0-0--00-----
--0-0-0-0----------------------0---0----
---------0---0-0-0------0-0-0-001--0----
----0-0---0--------------------0-1------
---------------0----------0-0----0--0---
--0-----0---0----------------0---0------
----------------------------------0---0-
0---0-----0--------------------0-0------
------------------------------------0---
--0----0--------------0---0---00-010----
--------------0----------0---------0----
-----0---0---0------0----------1-2-000--
---0--------0---0------0---0-----1---1--
-------0---0---0----------0---0--001---0
-0---00-------0----------00--------0----
-------------0--0---0----------------0--
---0----0---0-0--------01---0-----------
-------------01---0-------1-------------
--0-------0-0-0-1----0---00-------------
-----------0---00---------------------0-
---00------00-----0--0-0-------0--------
-------------0-------10---0-----0---0---
-0---0---0--11-----11--0-----0---0-0----
-------------------0---00-----0---0---0-
--00-0-----0--0---0001---------0-0---0--
----0------------------------0--0-------
0-010--0----------1--00----------0-00---
--0----------------1---0---0---0---0----
0-0-10---------0----0---0------0--10--0-
--------0------------0-------00--1---0--
--0--------------0----0---0------0-10---
------0---------------------0---0--1----
------0-----------------0--------0-0-0--
------------------------------0---------
----0---0------------------------0-0-0--
----------------------------------------

Generation = 4, Population = 243.
--1-------00---0----------0-------0-----
0-0-1----0-----1---------0---0--00------
----0------0-------0---0------0--0------
---------------1----------0-1----0------
------0--------1--------------1---------
0----0-----0-0-----1--------00------0---
0-0-----0------0---0---------0-2-----0--
-----------0-------0--0-0----02-3---10--
--0-------------------------------------
---------0-----0----------------1-------
----0---------0------------0-------0----
---------------0----------0-0---01------
0-----00--------------0---0---1--00-----
--------------0----------0---------0----
----------0--0---------------1-2--------
---0--------------------------------0---
--01-------0------0----------0----1--01-
------0---0-------0--0----0--0-1-------1
---------0------00------0--------------0
----1--0----0-0--------0----------------
-------0-----0----0---0-------0--00-----
--1-------0---2-------1--1----0----0----
------------12----------1---1--------00-
0---------01--2-3--0-0-----1---0--------
---------0-------1---00---------0-------
------0-------------------1--------0----
----------------0---0---0---0-----0---0-
--1-10----1-3--0-0113-02-0-0-------0----
----0--------1---0---2---1--00------0---
--2--------------1-------------0-0--1--0
------0-----------------0----------1--0-
00-1--1--0-0--000-1--2-0-------1--------
0-------0--------0---1--------1-11------
0-----1------0-------0-------1--1----0--
--0-------0--------------------0-------0
--0--01------------0--------1------1----
----0----------------0----1--1----1-----
--0--------------0-------------0-0--0--0
------1----------------------------0----
--0---0---0-------------0------0---0---0
------------------------------0---------

Generation = 6, Population = 567.
1-3-----002-1--2-0-0---00-0-0-0-100-0---
----3-00---0-0-3-0-----1--0-1-0--000----
---------110-0---0-------11-1-010-10----
--0-10---0-1---3-0-1----010---0012-00---
1-0--------1-1-3-0-----0----001102---0--
2-10---0-0---0---0-3-00-0--120-1001-000-
----0-----0--1-0-----0-----0-012-1-1---0
1----0-----0---1-0-2110-0-00-041---23-10
--0-----0-----01---1-------0-1-1---0-1--
-------0-----0-0-0-0--0-0-0-00---10-00--
0------0----0---0-----0--00--00---1--0--
---------0---000-0------012-0--12-0-----
0-0--1--100--01-----0------1-1------0---
---0--------0--10------0--000---0---10--
0-01--000---1--0--0---0---00--12-----00-
-0---00---1---0---1--0---00--0-1--11--10
01--10----0------1--0---0--0-2--0--1----
---1---1------0-1--11---1--112-1-1--03-3
--00---------011--00------2--10--0----12
-----2---10-0---1-1---0---0--010---1---1
-----0-----000-0-1------0------1---00000
-------10-011------001--2---1--101---1--
-------0-000-430-00--11---------00011--1
0-----0-002--0--3010-200--1---1--0------
-------0---200-10------10-----0------0--
0-0--1--0--01-00110-121011--1--0-0-0-0--
----1----0---10-------2--0--010-----0---
0--01--00-1-31101011--241-00-1-0---000-0
--0--------0----1---0-----1-2-11---0--0-
-122-01--0000-0013--030--1-0-1---01--100
1------------0--------0--10-000-0----1--
-2-1113100-0112---122--0-0-----10---10-0
0--------------1-------10---0-1-1-1---00
-1-022--10----1-0-0--2-----01-0---2----1
------------0----0--------0---2-0-0--1-0
--21--310----0------------1--0010---2--1
----------0--------1---00--10---0--11--1
0---10----0----0--------0---01---001-11-
--------0------------0----0--00--11--0--
0-0---------0----0----0---0--0-0-0--1---
------1---------------------0-0-0--1----

*** Life<FredkinCell> 41x40 ***

Generation = 0, Population = 70.
--------------------------0-------------
--0----------------------------0--------
-----0--------------0-------------------
-----------------------0-----------0--0-
----------------------------------------
----------------------------------------
--------------------0--------0----------
---0---------0-------00--------0--------
-0--------------------------------0-----
----------------------------------------
--------------0-------------------0-----
-------------------------------------0--
---0--------------------------0-------0-
0-----------------------0---------------
----------------0-----------------------
--------------------------------------0-
-------------------------0--------------
0-------0--------------0----------------
----------------------------------------
---------------------------------0------
-0---------------0---0-0----0-----------
--------------------------------0-------
----------------------------------------
----------------------------------------
-----0---0-----------------0------------
-------0---------------------0----------
----0-------00---------------0----------
--------0-------------0-----------------
----------------------------------------
------------0----------------------00---
0----------------0-----------------00---
----------------------------------------
----------------------------------------
-----------------------0--0-------------
----------------------------------------
-----0-----------0----------------------
-----0--------------0-------------------
---------0----------00---0--------------
0-----0---------------------------------
------0----------------------------0----
----------------------------------------

Generation = 20, Population = 551.
-0-42-1--2--2----2--13-2----332-----0---
----2------1--413-2-0-353--411--10---4--
03--25-32-4-----13--------4-----2-411---
-2---51------4----33-7-4-11---03-2-3-553
-3-------3------3--044--4----5--3-------
-------32---2--1--2----11---21---2--0---
-8-1-7--2---16---51--4-------1-45---2--2
--0--6-24-13------1--8-----------21-----
-----------4--2-3--54---21--3--3-13-----
--35----6--23-1-2--------5-----302-21---
113------2---52-4-----2--21-----211-----
-3-2433----111-2-00--5-9-1-2-3-3-21--7-2
-3---7-4-32--2--115-5-663--3-31-------70
2-2-6---6-2---4---3-2--40-12-6--0--2----
1---11------3-----2-426-----73132---0--0
-----4--3---------0--4----31--34--------
-1-----3---03-3--2-3------3---4--2332--4
1--4--3-62-0--0---32333--5--0-102--202--
01----4--0------22--5---3-3--7--3--11---
-0-4--4--0---0-----4-2----5-------3---34
---5----32---5---4------133--5--3462-3--
--3--05-----4-1--3--27---45-42-2---23--1
-32-15-------57-2-------15--36---444----
--1--122-32-------2----45320-------1-4-1
43-2--1--5--4--1----25---3---0------62--
3-21-----5-5----32--0---5--2-1-45------0
------9--56-----63131----6--5-121-----55
--53-16---5--6---1--402-----0----246----
-5--13-2-300---------5----1-------2--22-
--1-434-5-0----0-6--12----5-47---5-0--15
-31--1---4---140--3-7--326--2---1425-6--
------4------2----------2---------12-0--
-3-34-4--2-----------4-0----411----3--0-
1--44-4----3--3----6-03-4----61-2-3---35
-4---8--2-------1--2--2-----63---3------
-9---4-------3-----1-----4---1--------3-
862--3--15--4------0----33---1-20------1
-----3-33-5--6--5----7----5-25-1-4-43312
-----6---33-24------3-----22-4----------
-3-------5-----3---1-3-3-2---3---4------
----5+--63---61--3----2--2--2--4-2-3----

Generation = 40, Population = 583.
45---6--+-3-5------1-----7---95--5--47--
----6--4-------2--4-59----++97-54-7--69-
-6--4+------82+-3-3--3-+----+----7556---
-+6--9-5856----53-9--+5-------3----7----
-91-99-------9----6-+----+-4-------9----
26----6-65---6-7-3--7---6++--+4-457864--
--4-6-9-5+-4-9----93--3--+-6----8-------
-9---+9---5---4-5-3--------8------5--46-
3----+3---3-----97---8-5-7---------834-6
7------6----6----4----3--6--5-+-3-173---
---+5+4-5----7-4----+-3-2-7-6++3----+4--
6----7+++-4---46-6-5--+----5-----------6
4---3+-6-54-7-4--7+6-----65----3-7+-2+--
54----47+4---5813---8+5-44--6--272-35-4-
64---5---77-+6---4-4--+-7--2-----35-----
3614--8-------6---7--+---34---88--45----
-7425---3---7-+7----7---55---8-4-8---4-8
-4----62+-----2-5578--995----+63-68---44
--85-5---2-6--8-7-+5-736--641-8----3--+-
------+754-6----------3---+--8---5-4--7-
-6--9---67--+--4--68+-64--6------9--8-+-
7-+5----62--+3----3--+-4-+-68-7+-----7--
-7-43----6--5-9--+--67-5-7--7-78------5-
6--7--7---53-4--78---9-+-----+---6----63
--796------+----+6--37-5--4-88-9---3----
--8-3+--9+-+---------6--8-5+--5766---+--
---2------+5-4---62+4-----6---2---66-6+-
47-----------78-9-+----9-7-6-------+-+--
8+5----6-85-+-2-86--+------2-3-7-5++8+--
--83-----438----7---7-----+7-------9----
-+8-56-----2+5-4--5-+-29-+-----87---9-5+
---5----8----+--------+-+9-----------759
-4-49-------625---4-6----5--------8--5-6
676-5-+6+-6-4-4-55-+---------+89-6------
-9---+---9--554---57------89+----5-6----
-----9--9------3-7------+-68-5---+-----1
--78-+--9--------51-7-----------45-84---
+--575+-+++-4+-679-97+-+8--+99-3-7-9---4
-9--6-----63-----6-----2773-7-39--------
--------------3-6--------9-----8264--6-3
------4--6----------+-4--81-------------

Generation = 60, Population = 825.
+----+----+2-799+88-+9-5+-59+-+8+-+76--6
86+-++-++-+--9----+----+-+---7-+-9+-+7+-
---9-+6-+++++8+75---9-+-+-+---++--++-4+9
+-7-++-+++----++5---9-+--+---+--9---9--9
--++++-4-6----+--+9-+-7-++--7-+9---+----
-+-79--+7-++7-7--+9+++8------++--9-+9-9+
++--+-+-7-99----+-+5++7--+6---+-+9++8+68
-+98--+-++7--+--9+-+-+---+99++--8+-+57+7
8+-+-++++----+-4++5--9++5-5+-7+-----8---
+-9+--+-+--+8----+9--+8--+---9--7-4+89-+
+++-8--6-6----++-++--+87-+8-++--+-9-++++
-7--++----+-----8----++-7+--5+7-9-8+-++-
--8-9----+8--7+5++-8++++7+-++---88-+----
+9-++-++---4++-69--7++----+-+--++6-6++-+
-9-+-------9--+---+8+9+-++-6-9+--779+-9-
9+7--9----9-+-9-9-9--+5-+-885-+--7-+-+88
7+-+--7+-+8+--+--6+---6+-6----+------+-+
-98-+4--+5+9----7+-++9----+++-+7++++-+68
--+-7+-9-4+----6+-+-+--+9++--++--+--+-+-
89+--+--9+--+-------+++-+--------+5+-+9-
-+++--9+-+7+-+7-++--+9-5++--7+--+-+----+
++++-++----7+98+998+9++---++-+-----+-+--
+----++-++-67++-8-7++-8-----++--+-++79--
-8---9--++8--9+6++--4++--9-+---9--8---+6
--9+-+7+----+---++----8+-++6-+--997-+-++
8+----+--++-9+--+5------+--++-+-++++-+98
-++-++--7++--9+++98-+-6-+---++-7-+------
6++-++--++9++-+-+--7-++--+9+-+++-+-+----
------99++-8+-3--+++-++8+-9--7-+-8--+--7
+-+7++--+94--+-+--++-+9++--+--+-7---7+--
+--6--+--+++-7+--++-++6--+8+-+++--+-+---
-++++--7-----+-+-+---7+--+8---+--9-+-++-
-9--+-+-8--+--+----69+8--+-++-+-----3-5+
+-+-+++8++7+---9+---+-9+++-+9--+---+779-
-++---+-8-+--6--+-+-+-+9--+-+---+-----7-
6-+8+-+8--+6859-7-4--+----++-9-----+--+-
-++++++--+-8--6-8+89--7+8+7---8--+---+-+
-+8-++-++---+-9-+--+--8---++++9-++5-8+7+
-+54+++----9-+8----+-+2--+--++-++-----6-
-+8----94+--8+--++3-99---+7-------8--+66
-+-------+---+------+76------+---77++---

Generation = 80, Population = 587.
++---++-----++---+--+---+---+----++-7--8
+++-++-++8----+7----++-+++---+++++--+-+-
+--+--++-+---+----+--++-+--+-+--+-------
-+-++-5-++-+-+-+---+---+--+--+-+-5-+++--
-+++-----+7+---+++-+-+---+6-8-------+9--
--+----++---++--+------+------++----+---
-+++-+----++++-++++--------+-+-+---+----
----+++-+-+---------+-+-++-+-----------+
+-+-+-++-+---+----+----+---+-+++++--9---
+-+----+---+-------+-+--+--------+------
++-++----9-9+++-++-++-9----++--+----+---
-+--+++-++-+-+-+---+8++-+-++-+-+-+-+-+--
-----+--+--+-+--+------+-+--++--+-++-++-
--+-+--+--+--++--7+-+-----++--++--+---9+
-+------6---------+--+-+--+++-+---9++---
-+--+--9++---------+-+8---+--+---+--++-+
++-+---+9------------------++-+----+--+-
+-+-+++---+--+8+--+-++---------+-+++8++-
--+-----+-++--+-------++-+--------------
-----+-----+-+---+-++--++--9-+-+-------+
--++-+----+-++--+-9--+-+-+++--++---+----
+-++----+---+-++--+----++--+--+--+9--+7+
--+8-+----++++--+-+--+--+--+-++--+--+---
----+--+--+------+---++-+-++-----+---+--
-+-+-+--+--+---9-+---++--+-8-+----+--+-+
---+++------+----+---------+---+---+-+--
+--+--+--+++-+++++-++--+---9+--+8+--+-+-
---+-+---+++-+-+-3--+-+--+-+-+-+-+---+--
-----+---+9-+---++---+-----9-++-+-------
++-+--+-+-++--+-+-+-+-----++-+---+------
+++-+-----+-++----++---+-+------+++--+--
-----+--+--+-----+--6++-+--+------------
-+-----+---+--------+-+---+-++---8+--+--
+-----+-+---7-+---9++--+--+-++-+---+----
+--+--+----------+--------+---+-+--+8-8-
---+--++-------+---+--+-+-++-------+-++9
-++--+-+-+--++9++++++-+---+-++-----+----
--+-+-+-----++--++-+-++++++----+---+-+-+
++9-+---++-+--------++---++-----+----+--
-+-+-++----+-+-------++8---------9---++-
9+-++-5--+---+---+----++---+-+9+---+++-7

Generation = 100, Population = 844.
-+-+8+---+-++-+-++-+++--+--++-++---+-+++
--+--+---++--+--++---+--+++++--++++++--+
+---+--------+---+++-++--+--+-+++--+++++
++-+--7--++----+-+-++--+---++++++-+-+---
--++++++-+9+++++---+++++-+9--+++++-----+
+++---+++--++++-+---+-++-++++++-+-+--++-
+++++----++--+---+--+--+++++-++++--+-++-
-+++----++-+++9---++++---++--+--+++-----
-++--+-+-++++-++---++++++-++++-+---+---+
-++-+++-+--++----+-+---+---+---+++++--+-
+-+------+++----+-+-++++-+-++--+++---+++
-+++++-+-+-++-++-----++-+--+-+++-+--9-++
++---++--+---++--+----++----++++-+------
-+++++--+++-----+--+-+-+-+++--+-+----+++
++---+-+-+-+-+---++-++++-+-+++++-+----+8
---++++-+-+-++-++++---++-+-----+++---+++
++++-+-+-+++++---+----+--+-++++-++-+----
+----+--++++-++--+--++++++--+--+++-+-+--
+++------++++--+--++-+-+--+--+++-+----++
-+---++-+-+--+---+++-++-+--+-----+++-+--
-+--++-+++-----+-++--+--+-+-+---+---+--+
+++---+-++-++-++-++----+++-++++-++-+--++
++-8+--++-+--++-+-+++-+--+-+-----+-++--+
--++++-+++++--++-----+-+----+++---+-++--
----+++--+-+-++---+++++---+-++--++---+++
++----+-+----++--+++-+---+++-++----+-+-+
-+---+-++++--+++-+--+-+--+++++--+--+++--
++++++-++--+++-++--++--+-++-+---++-+--+-
--++++--++--+--+++----+---+-+----++++---
+++-++-++++-+--+++--++++++++----++-+---+
--+-+-++-+-+-+--+++-++++9-+++-+++--+++++
-+++++-----+---+-+--+-+-+++------+-++--+
----+----++++++---8+++-+++-+-++--++-++++
--+++++++-+-----++--+--+++---+-+++--+++-
++---+-++---+-+-+++-+-++-+++-+-++-++-+--
-+++-++++++-+-++-++-+-+-++++--+--+----++
++----++++-+-+++--+--+--+++++---+-------
+---++-+-+-++++-+++---++--+--++-++-+----
++----++-+-+-+----++++-+++-+-+-+--+-++-+
+-++-+-+8--+++--++-+--+--+++++---++--+-+
+--+---+---++-++---+++-++++-----9---+++-

Generation = 120, Population = 826.
++-+-++-+-----+--+----------+++++++++-+-
-+--+--+-++-+++--++++-+++---++++++--+---
+++--+-++-++----8+-++++-+---+++----+++-+
+-+--++-++-+--+--++-++++++-++-------+---
+++++++----+-+-+++-++-+--++-++-++++-+-++
+--+-++---+++++------+-+-+---------++-+-
+++---++-+------+-+--+----+-+++----+++++
+-+-++++-+--+++---++++-+++---+--++-+--+-
--++-+-+-+-+-++-----+--++--+-+----++++++
++--++---+--+---+++-+---+-++--++---++++-
-----+----+-++--+++-++----+-+-+---+++---
+--++-+--+--+-++--+----++-++++++++--+---
+---++--+--+-+--+-+--++-+-++++++---++-++
+-+--+-++-++++-+----+---++++----+-+--+--
---++---++---++---+--++---++-+--+-+-+---
+-++----+--++-+-++--++-++++-+++++++-----
++-++---+--++++-++----+---+++--+-+--++--
-++--+++-+----+-+------+-+-++--+-+-+++++
----+--+-++++---++-+-----+-++-----+++--+
---++++-+++-+--++--++--+--++---++-+++++-
+-+-+-+---++---++-++---+++-+-+-+--+----+
-++-----+-+++-++-+------+++-+---++--+---
---+---+--+++++--+++-++-+-+++-----+----+
----++-++-++--++-+--+-+-+++-+--+--+++++-
+--+-+-+--------+-+++++----++++----+++++
-+----+++-+++++-++++-+++-+--+--++--++-+-
---++---+-++-+-++---+--+++-++-++--+-+++-
++----++++-+++--+++++--++--++---+----+++
---+-+-++--++-+++----+++--++++++++--+---
+-++--+----+-+-+-+-++-+--++++---++---+-+
-+++-++-+-+----++++--+-+--+-+-++-+-+--+-
-++---++++-+++-++--+-++++--++-++-+++-+-+
+---+-+++-++-+-9---+++--++-+++----++++++
-+-++--+-+++-+++-+++-++++-+--+----+++++-
+--++---+++-+---+-+++---+-+++++--+-++-+-
-+---+--++-++-++++-+++++-++-++++-+-++---
-++----++-+----++--+-+-++--++-+---++-+++
+++-+++++--+--++--+-++++++++-+++-++----+
+-++++---++-++-++-++++-----+++-+--+--+-+
-+--++---+----++----+-+-----+-+-++++-++-
+-----+-+--+-+-+++-+++++--+++--++--+++-+

Generation = 140, Population = 725.
-+--++--+--+-++--+-+---------+-+---++---
-----+-+--++----+++-----+++-++--++--++-+
++-----++-----++-++---+++++-++----+----+
-++--++-----+--+-++-+++--++---+--+------
-++---+-+-+----++-++-+----+----+++-+----
---++++------+-+-++++++--++-+-+-++--+--+
-+-+-++---++--+--+-++---+-+--++-++--++++
++++-+++--+-+++--+---++-+--+-++---+-----
--+---+----+---+-+---++--+--+----+-----+
-+--++-+-++--+++-+-+---+++---++--++---++
--+-++++-++--+-+++--+--+-+-----++++-+++-
+---+---++---++++-++---+--+----+--+--++-
+---+---+--+-+++-+-+------+++------+---+
+-+-+--+-+---+++------+++++--+--+--++++-
+-++-+--+--++--+---+-++--+--++-++--++---
-+++-++-+----+-+--+-+-----++-++--+--++-+
--+--+++-++---+-------++----++--+++--+-+
-+----+-------++--+------+-+++++++-+--++
+-+++-+++-+--+-+-+-++---+-+-+++-+--+---+
--++-+++-+++---+-+---+---+---++++--+---+
+---+-+--++--+++-++-----+---+++-+-+-+-+-
++--+---+-+--+-++-++++-+-+--+++--+-----+
+-+-------+-+---+----+-++++-+-+-----++-+
+-+--++-+-++-++--++++-++----++++--+---++
+-+++-+---+-------+++-++-++-+-++-++-++-+
+-+--+++++-++++-+--+--++-+---++-+-++--+-
-+-+-++--++-----++---++-+++++---+-----+-
+++---+---++-+-++--+-+++--+-++---+---+--
-+---++-+-+---+-+---++-++++-+-+--+---+--
---+++--+++-+--+-++----++-+--------+-+-+
-------+-+++--++-+++--------+++--++-----
----+-----+-++---+-+++-++------++-++-++-
--++-++--++-++--+-+-++-+--++++----+++-++
-+--++-+-++-+---+----++--+-++----+---+--
-----+++-----++-----+-++-++-+++--------+
---+-+--+++--+++++-++-+++++-+++--++-+--+
-++---++-+---++-+-+--+--+++++++-----+--+
+-+++--+--++-++++-+-++--++++-+-+-+-+-+--
--++-+-+--+--+-++---+-++-+---++-+-++-+--
---+--------+++-+--++-+++-+++---+--+--++
+--+-++---+--++-----+---++-+--++-------+

Generation = 160, Population = 582.
++-+----++--+-+--+--+-+-+--+-++-+-+-+---
+----++----+----+++---+++---+---+------+
------++-++---+----+----++--+-----+--+--
---------+--++---+-+---+-++-++----++++--
---+----------++-----++--+----++-------+
--+-+--++-+--+++---+-+++----+--+---+-+-+
------++--+----+-+------+++--+---+-++-++
--------++---+----+----+--+-+--+-+--+++-
---++------++--+-+---+-+-++-+--+------+-
+-++---++----+----+---++-+------+---+---
+----++---++-+--+++--+-+--+++-+-++---++-
-+------++-+----------+---+-++-----+---+
---+++-+----+---++++-+-++-+++-+++-++----
-+-+---+-+++------+-++--+++-++-++-+++-++
--++++---+---++----++---++---++------+--
--++--+------+---+---++++-++++-+--++---+
-----+---+-+-----+-+-+----++++----++---+
+++-+--++++++-+-+-+-++++---+-+----++-+-+
+--+--++-+--+----+---------+-+---+++++--
---+---++----+-+---+-+-------+-+-+------
-----+-++-++-+++---+++--++-----++--+++--
+------+++--+---+-+----++++-+-+---++----
--+--+-+-++--++-++--+--+-+-+-+-+--++++--
-+-+-++---+----+-+---+-+--+---------++++
-+-----+-+---------++++-++------------++
---+--++++-+--------+-+--+++-----+------
-----+-++++----+-------+--+--+---+---+-+
--+---+-+++-+----++--++---+------+-++-+-
-++--+--------+-++--++-+++--++--+-+----+
--++--+--+--++--+---+-+++++-----------++
---++-+-+-+++---++---+++-----++++--+-+-+
-+---+--++----------------+------+------
+-+--++-+++---+-++++-+-+---+------+-----
---+---+---+++-----++-+--+++-++---+--++-
--+-++---+--++-----++---+----+---+-----+
-+---+---+++-----+-+--+--++----+---+----
+----+-+--------+-+-----++-++-----+--+--
---+-++--+++++--+-------+-+-+-----+----+
+-+-------+--+++-+----+-+----+-+---++--+
-++--+--+---++---+--+--+-+--------------
+---+-----+------+--+-+--+--+-+--+-++---

Generation = 180, Population = 834.
--++--+-++++--+--+-++-+-+---+---++++--+-
-+-+++++---++--+-++++-----+--+--++--+--+
+--+---+--++-+---+---+--+--++-+-----+++-
+-++-+-----+++-+---++++++++---+---+-++-+
+-+++++-++++++-+++++-+-+--+-++++++--+-++
--+++--+++++----+--++++---+--++++++++-++
--++++-++++-+++---+-++++++++++------+--+
++--++-+-++-+-++--+----+-+--+++-+----+-+
-+---++-+---++---+-+++-+--+--++----+-+-+
+---+++-+-+++---+-+----+--+++++++-+++-+-
-+--+--+++++--+-+-++--+++++----++-+-+++-
+--++--++----++++-----+--+++++-----+-+++
+--+----+++----+-++++--+--+--+--++-++++-
+-+-++++---++--+-++++++-+++--+++++-++--+
+---++++---+-+-+--++-+++-+-+-+------+++-
-+-+++++++--+-++-+-+--+--+----+-+-+--+++
-----+++-----+--+-+-+++-+--+++++-+--+---
-++--++++----++++--+--++-++-++-+--+-+-++
-+-+++++++++--++-+-+---+---+++---++-++-+
-+-++--++++++++-+---+++++++-++---+---++-
++-+----+-+---+----+-+++-++-++++----+---
---+--++++++--++-------+-+-++++-+------+
+--+---+---++-------+---++++-+++++----+-
-++--++-+----+-++-++---+--++--+++---+--+
--++-+-+-+---++--+--+--++-+-+-+--++--+--
-+++++-+++---++-++++-+-+---+-++++++----+
+++--+--+++---++++-++++----+++++---+-+--
-+-+------+------+-++--++-------+++-+---
--++++-+++---++--+-+-++++--+--+++++++++-
---+--+---+-+-+--++-++-++--++-+-----+---
-+----+--++-+-+--+-++-+++--+-++++---++++
+-++---++--+-+---++---++--+++-+++-------
--++-+++-++-+-+-++-----++----+++++---+-+
++++-++-+-+++---+-+-++--+-+++-+-+---+-++
-+-++++++++---++-++--+++---+-+-+-+--++--
+--++----++--+++-+-+-++++----+-+--+++-++
---+-++++-++---+++++++++-+++-++-+-+-++++
--+-+---+-+++++-+--+----++-+-+--+++----+
+--+++-++---+-+--+++--++--++-++++-+-+++-
++++++-+----++-+--+-+-++-++--+-----++---
---++--++---+++-+-+--+++-+--+---+++-++--

Generation = 200, Population = 784.
-+---+--++--+-+-+++---+--+-+-++-++-++-+-
+-+----++++-+--+-+----++--+++----++-+++-
---++++++--+--+++++------+-+-++++---+---
-+++---+--+---+++---++---+++++-+--++-+++
-+-+--+---+++++---+-------+-+-+++-+-+---
+--++-+---+--++--+--++-++-++-++-++--++++
++-+-+----++-++--++-+-+-+-+--+-+-+++++-+
++++-+--+-+---+++-++-+-++-+-+-++---+++-+
--+++++-+--+-++--+++-+++-+++-+++-+++----
+---++-+--+----+-+--+++-+---+-+---+-+-+-
+-+-+-+++++-+++++--+--+---------++---+-+
+--++++-+---++++++++-++--+-++----+++--+-
----++---+++-+---++++--+----------------
-----+-+--+-+++----+++++-+--+++++-+-+-+-
---+-+-+-++-+++---++-++-+++++--+-+++--+-
+++++++++-+++-+-----+++-+-+--++-++--+-++
+-+-++-+--+-----+-++--+--+--+----++-+---
++++--+---+--+++-+++---+---+-+-+-+++----
+---++---+-+++-+-++-++--+-+---+-+-------
----+----+-+-+----+----++--+-+++---+--++
+++++--+--+-+--+----++-+--+--++-++--++++
+--+-+-+--+---+--++-+--------+++-+-++---
+-++---++--++-+----++-+-+-+---++-+--+-+-
--++++-----++-+++----++-+-+++--++---+-+-
+++++-+++-------+-+---+----+--++++-+----
+-+-+-++++-+--+++---------+----+++----+-
++++-+--+++-+-+-+--+---+-++-+--++-+++---
+++--++-+-+--+----+---+++--++-+-+----+-+
---+-++-+--+++--------+-+-+++-----++-+-+
++-+-+-+-+++++-++++----++++-+-+++--++-+-
+-++++-+++-++++--+---+---++-++--+--++---
++-+---+-++-+---++--+---+--++--+--++--+-
--+---++--+--++------+-+-+++---+-+--+-+-
-+-+++---+--+--+++---+-+-+++--+-+-+-++-+
--++++--+-+---++++-+-+++++--+-++---++---
-+++---+++-++-++---+----++++----+-++----
--------+++-++--++++-+-++++-+++-+-+-----
-+++--+++-++--++-+--+-++++--++--+++++-++
---++-++++-++-+-+--++-+-++---+++---++-+-
------++-+-++--+-++-+--++--+--+---+-+--+
-++++++--++++++--++-++--++------+--+----

*** Life<FredkinCell> 43x47 ***

Generation = 0, Population = 73.
-----------------------------------------------
---------------0-0-----------------------------
-----------------------------------------------
-0-----00---------------------0----0--------0--
0----------------------------------------------
--------------------------0--------------------
-----------------------------------------------
----------------0------------------------------
-----------------0------------0--0-0-----------
-----------------------------------------------
-0------------------------------0--------------
------0--------------0-------------------------
--0-----------------------0----------0---------
------0-----------------0---0--------0---------
-----------------------------------------------
---------------------0-------------0---0-------
-0--------------------------------------0------
--0---0----------------------------------------
--0--------------------------------------------
------------------0----------------------------
-------0--------------------0------------------
-0---------------------0-----------------------
--0-----------------------0--------------------
-----------0---------0---------0---------------
-------------------0---0-0-----------0---------
------------------0----------------------------
-----------------------------------------------
-----------------------------------------------
---0-------------------------------------------
-----------------------------------------------
---0----------0-----------------0--------------
-----------0-----------------------------------
------------------------------0----------------
0-------0--------------------0-----------------
------------------------------0----------0-----
-----------------------------------------------
----------------0----------00--------------0---
-----------------------------------------------
---------------------------------------------0-
---------------0---------------0---------------
---------------------------------0----00-------
---------------------------------------000-----
-----------------------------------------------

Generation = 10, Population = 644.
00-------------0-0-0--------0-01-----0---------
11----1-1--0---00-----1212--0-1----10-0---000--
0--0--1-1--------1--------1------201-0---------
1-2-28-33-34-013---01-----0--1--42--4-3--34-210
-1----0-3-0-------------1---1---0--3---0-------
00--114230---1---4-20---0--1----2--4--1---000--
-10---1-10------------0---00---------10-00-0---
--0---1---0-------01--012-0-0----11--0---1-----
--20-0-0-1-0--------0----0---2------0-11-200-0-
-1-----20-----10-010-0--2----00--------0----0--
-1-2---1-010------1-------2023----0-----0200-0-
-2-0-1---0101-4-12-----1--1111-1-0--13----0--00
6-----2-1---0---1---2---3--1--002---3---2--1---
-320---10--00-----1---1-21--1--1---2--0-----1--
-----0-1-00------100---101---00-2002-2-------10
-1--0----110-0123--11----200---01---0----1-----
-2012-----01---0-1-0---0-1113-20-31--0-1----0-0
2-------1-32-1--0---0-----00-0-------------0---
-----31-01--0--0-0-10--2-22-----01000---------0
1----23--15-2-01--12---0-------0-----2---------
0--313-------11--0----0-1---1------3--30-------
----0-2-2-0------0-0--21--1---1--0-----1-------
---1-03-0--1-----1--------01-2-0111--2--1----0-
013-----0-03-0---3-2---0110313---3-------------
--0-0----10---12-012-----1-41-1--113--0--100---
--31--0---0010----10-1-02--112-1---1-----------
11-31--0-------100----------001101-----01----0-
001---0-0-0-----1---0--0--0--0-----------------
-1-2--1----1-01---1---0-012--00---------0------
-----------0---1--10-----0---------------------
00-0-2-311-3-0--0--30--1-1030----0---202--0----
0----01-21------1-32-----------------1-110-----
--01--1----1-----0--1--2-020---0-0---20201-----
0-000-1-1-13--110-0-10-2-----------1-31--210---
---0----1-------------12-0-----0-1-1-0-01------
0-----0-2-------0-0--0---------------0---------
-0-0-00---1---0--01--20---2-----0-0--201-------
-------0---0---0---------------0-----21--431---
-0-0-0--0---0---0--00---10----0---1--2--1----00
0----0--2--------0-------------20----1-32----31
---0----------0-0------0----041-1----33----03-1
0-0---01--00---0-----------2-011-311---0---42-3
--------------0-0-0-------12-2-01------1-1----1

Generation = 20, Population = 680.
-----1-1------1-0---------0-3---2---14------0--
313--35---1---------0--4---2-3-23--1-----01----
-14--------------2----0---3--------1----30-----
2--3-----63--5444-343-3236-13-21------43--9-6--
-5-2-2----521-7--41-1--122--2---33--16--2--2-10
--0--25-------2---47----8-136--1-3---34-------2
------2---------23---32------124--1----1------0
-21-12-1----3341--62341152-2--1---4-02-----12-1
---4-3-3----312-1--3-5-----43---24---4-2-4--34-
-6--------1-1-44-3---331------1---------103-0--
---61----1--130-----12----2---2-14-2------3-3--
3--2-----1-3----2-60-3-1--------131--6--43-2--7
-7----335----10-32----218-----4--2---------6---
2-------2--424-32-31-27--3---2------22--5---422
1------4--3-11--24----------2-3-----0----3----2
-41--1-142---------3--12---0-----500-3-5-3-1---
0--4---1-23--0--261-4--0--32-------------4-11--
--8-6--05--54-532-23-----1-------1-----301--0--
---6----1-1-5---0-6---0---4-----5-1--1----1----
24--064-----3---2--3---2--32--4---2---1-1--1--2
--4-2--414-415--2--132-8---3---32------10-----4
1-32-----3-315-5--2--1-------22---24---300-1---
-5----5-0---1---1-1---3-------2-2-----1------00
--4---4-33--0-------23-3---7--22-80------2--0--
3-24-2------2---01-6-4-3-7-53--------1----232--
2------2-----1---0------6-2-2-3----52-0-15-211-
33---2----022---1-02--------1-1--3--0-13--1--00
--6--0----0----132---0---1---------0-3-1-------
17-2--2--1----3--4---310---------2----3-21---10
--3-------4--01-2---0-------2---110007-42--30--
-2--1--5----1-0-1---3--4-11561--3--3--------2-3
------33---3-----364-4-1-2-0-----------5---2---
311--2-4--2-0-----35------321-0-2--246----0424-
-0------404-2----21----22----1-------6-21----5-
--1---1---140---4-1211-61-2----013----8--12-2-2
---1----------5-------2----1---5---0---1-------
-10-1--22--3---102-2--22443-4-----3-1--34----4-
-1---0------111-1-30---0---3-----0---416-----1-
0-03--0-------0-4-----1---14246--44--------3--3
-----------1-----305-----2---------------------
0--6------0120-0-------2--20-93-63-------4---1-
00------2-----2---12210-12-52----513-336-435---
--11---0------0--0-1--2--54--40-23---3-32----3-

Generation = 30, Population = 956.
-6-1-62-1--4--3-------13111-----65-35-3-36110--
6334-3----31-4----3-1-5--74---73-2-3-4-615-5-40
----4--5-34314--1---11--5--09--0-----4128-6--13
335-4+-+-9-+6---8-6---76---4---38-----9---+-7-5
-74----4--757295---5--1-3-2-----5----8-155--2-3
-61-3-6-----3---5-7-57-3+534-3-5674804---245-03
4--2-2-450--43315-----6-3-2-4--+3-69---3831-121
-7-5-44557433------345726-452-54-----8--443-38-
2--7--78-475--9-122-4--7142-6+----2-3-4-----554
--+----------5-645-5----6194-253--2-553-3243067
5---26--44-643--4--23+11-3-7-83-45-4-----7-8--3
3--54814476-867---9-6--5-3-28-5--676-8-6-57-3--
+-----6---34-6334-87--44-12-66--8--79453-2-8---
4+255--------62-65-58580-4--6----44--3---3---4-
----1---1---72632-60324--452-754+-2---4-87---35
58---3-64252-6--489---53-47-1--5+7-549--6-5-4--
095---5---4-4-6-2-2--7-3--9-82737-645257-9441-3
-8--94+2845-5--3-48-4478--6--2---226----0---333
--3+8-----3-52134------52----06-+557----5331-35
465-3-823-+-6-44-----8----84---3--6--7--4-11---
--7-47--1--7463562----3+-57--5-5454--1--2---34-
-1-53--88-3--8973-714-6-447-84--1-6-2-34-42-5-4
589----2-484-354-37583-516--2-8-4-724-3-4-2--4-
---51-6-47-324---------6--985---2+8---1-13-----
---+4--3---432251-4-2-66--37-9-546-+3---7-66-4-
--+2-1----38------4-486--3---------84---5---4-2
3--5--5--5-261----463-034--7------7-2-24-5--3--
62---622---44---8-68--463---5---2----54-20-----
-+4--4--54483----8--4-325--6---4-7245752-4---53
51-53------5-3--62--31--4-----3---02--4---2+--6
---64---3-----30-----326--3----76--63--47-----5
---3---6-2--332757-7--1-0-4-----30----1-4----41
5-------30-+-0-------3284---34-4-31-5-27--2-867
1--34--4-16-5----55--44-5-4-0-------3---6--71--
---63-32812--64----89---23-4-252193-60+2+335--4
13-1--3-4-+0-2-3---6--6-2-2-0-----2---1--5-----
-43-5---8375-4-7341--32-676-44682-8-4638---37--
--3--13-1--2---2-3--5---0-2-----4--05--7-------
--17--2----4234-733-3-2-56-5--8-8---3----5-5-87
-13---44-4-3-2---62---2---2---1--61------------
254-53------31-44-77-742---2---6--4-7+--96-4-36
0-63--35---5-2---4-431--9-6-----+--4-----------
-1444-2---4-4-61---33-7-06-4-7----7-------662--

Generation = 40, Population = 703.
37+---3----6-6-----4---53228-2--95---8-24------
94--74645-------4-9-----------------2--63------
6--6---8---4----3-----1----4-3--7-----4----1-1-
6---7-+-++5+8-98---449++-+9+-69--+-5-++6------6
--6767--4----------76-3--4--7-7---8---4-56-6---
5-3--6--8-8-45-4--------+53-+5----8----375--50-
-4-4-------3--32-+---------5-75+3----14494---3-
------5--8---+-6---6-59----7-7-4---8--6767-----
----6-8--898--9---6+--6-26---+-6++56----3----75
+----52-43---8---------------3--425--74-------8
--++--8-4------47---5+1--638--8---+-7-+----+---
37-6--5---7-----58+--488--64-47--------+6---46+
----8-----4-49--66--+--6--+8-----+8-+--6-3683--
4+--5--76----7--764-------6----4-7--8--3--8--+3
----58---3-------8-2---4----9-98+84+35---9---6-
-+-6---+-2-3-83+59---9-----5-3-7-9-5---9-6---38
-99----6---5-5--3----+----+3-49--+---69----7-5-
69----------5-9--------+-----26--------6385-356
---+9--65-5-------+6----5-+-4-9--8+-------42-3-
67--6--548---57---8-5---8----58----94-3--21-5--
--+------86----5------4-+9++6----6+75-6-3-0--6-
6----++-+-------437-----7------+--7----73------
7++------4--3---5--89--5-73-3-+--4-47+4885435-2
-5-----5+9-----8-9------5--------+-------6---6-
9-3---7-3--9---7-5-8----6-3----68--+----8--9---
----1-8--------6-95-5-86------5-86--636-+-4----
+-98--6856-4----8----8----799---6-8--6-----2---
93---86558--7--4+-7--38----3--4----31-6---33---
3++8-------9--6--------5---9--8-4------3-6-3--7
6-5---5-428------------5-2-------9-----7-------
-5--6-6----9-3-1-2-+--3-3---++-8--5-5------3-5-
---5-----7---4-+-----+-7---4-4-----------6-----
-4-32---4-6+--3--45----+-+---52-8437-8-95--9---
------8-+---7-+6-----4----7-2-616----+4-+5--4-2
2-3+--5-+----7-4-3--+---5-3--3--5---93--+------
56---2-276+----64-----9---54--1----42-2---032--
-45-----+----------5--2----7----5--6-66-+-65---
8---5-35465---26-4---6434---4-----0--+---------
74----48--------95-6-4--7--8-5--+6---4---------
-------68--8-4-65--8----8--+-4-5---+-----------
-96--6-------57-57---87---85---7-----+8-+7-4---
-38---5------8-3----+-4+--7----4-+--3---6----2-
---663-4--51--8---24-1--1---6+--+--4----9----47

Generation = 50, Population = 940.
-9+4478-2+3-465-9+5-382-3-4--677+----8-4-+3--64
---------+-9-+-377-7-5-----6++-5-7+-3+--5-9+3-0
7--7--9-76---79-75++-54667+6-5---6-4----+--6--6
+-+-----++--++--++--6-----+---968-+--++-8+-7+--
-++99--6-++8+-+--799------+7-++---++5-72--3----
7-9-5-8++78--7-78++--+-+-+-7+--5--++26-39-88---
--9-558+-39---8-9-4---9-587+---+--9---66-54-572
---++4--9-76--+-87-9-+-79-9--89--8-+788-6-85-+9
--5-8---5++--++-8----+-+6-8----+-+-86---8-4-++-
-+---766--59+--+--+-4-8-+4++869--6--9-+--7+56--
+-+----8-+6-8-4---+3--3---6++++--7++----888-7-7
88+------++-+-9-6-+-9-----+8+-9--7+---+-9----9+
-+---9-59-----5-++----7-+----+7-++-+--97---9-+-
-+-8-7-+----7--+--8+--+3-5+4-6+78++-9-77-+-9+-8
-+---+----52+4-67-+-+-+7-9----+---7-5--9++-38-+
---------4--------+7-+87+7----6-++---+5++7---7-
4++-+5-+-67--7+----------9+6+-9----99+++--89375
-+-6-7-9----6--78--+----+7--64---5---+--4-636-+
-+8-----7-8--6-----9---79--4--+---++--9-++96-7-
+9-------++--6--3-----7++-++6---4-+---+-----6-8
++++---+-+9---7--7+3-----9+--+8---+-+--+644--8-
93-+5+++-7-+----7-+67-+69-8++54+-6---64-48-5+-4
9-+5--++78+9--79----+--55-584-++--+7-+-++688---
97+84-88+-7-5--------+5---+-5+5----64+-73-4-869
-+8-----4+++8---48-+--+-++------+-5-8-----+-+-6
---5------6-63-87+8-6-+-+---+-6+--7-8--7+-7-9--
-+-+--8--9--9-7---8----6-88-+---+---7+47-----69
----5--9797-8----7-+9--77-6---9328+----77574349
-+-+---------29------------+--+--+-++9-75-----8
+--5----+3+7-593+8+-84--767-868+-92------77---7
46+----+-75-6--4---+---+---+++-+766--77-----79-
-3-9-7--4--8-9--8-+---3+26+-64----46--3-+8-8-7-
--45---964-+7-6--6-+-8---+8--6------------4-9--
442----+-----2---9---49---++-++283-7---9+-----2
-6--8--++7-+3---+-4--3+-5-----8-7-69-5-3+--94--
-8+42-----+4---7985-4-+-877-8--+--5---4-6+3-4-6
7----7--------+-7-5-87--+9++----+5----8+--+-+77
-5--------7-------9278--5+-----4--01--598-+-8-3
+-9+9-5--8-7--+5--6--6-47--+---5+-+--738-9-7+--
--87---8--596+5---5+-383+-4--7--3+3+--6--559-7-
3+--+-----5-678-7+--7+---+85--89-7-+9+---+----8
3----6---4---+---9-6--9+-8++5--6+--54-589-6----
6-+--6-55----5--54--537+-8---+8-+----+-5-7++---

*** Life<FredkinCell> 48x39 ***

Generation = 0, Population = 81.
-----0--------------------0------------
---------------------------0-----------
------------------0---------0----------
--------------0------------------------
-------0------0------------------------
---------------------------------------
--------00------------------------0----
0-------------------------0------------
0------------0-------------0-----------
-------------------0-------0-----------
---------------------------------------
---00----------------------------------
-------------------------0-------0-----
-----------------0-------------0-------
-----------------0---------------------
---0---00-----------0------------------
-------------------0-0-----------------
---------0----------0---0--------------
-------------------0---0---------------
----------0----------------0------0----
---------------------------------0-----
-0-------------------------------------
------------------------------------0--
-----------------------------------0---
-----------0---------0-0---------------
----------------0----------------------
-----------0-0-------------------------
-------0------------------------0------
-0----0--------------------------------
---------------------------------0-0---
---0------------0--------0-------------
---------------------------------------
-----------------------------------0---
---------------------------0-----------
---------------------------------------
--------------------------------0---0--
-----------------------0---------------
---------------------------------------
------0-----------------0---0----------
-0--------------0---------------0------
-----------------------0------------0--
-------------------------------0-------
-0------------------0------------------
--------0-----------0------------------
---------------------------------------
------0------0-0-----------------0-----
------------------------------0--------
---------------------------------------

Generation = 1, Population = 268.
----0-0------------------0-------------
-----0------------0--------------------
--------------0--0-0---------0---------
-------0-----010--0---------0----------
------0-0----010-----------------------
-------000----0-------------------0----
0------0110---------------0------0-0---
10------00---0-----------0--------0----
10----------0-0----0-------10----------
0------------0----0-0-----010----------
---00--------------0-------0-----------
--0110-------------------0-------0-----
---00------------0------0-0----00-0----
----------------010------0----0-00-----
---0---00-------010-0----------0-------
--0-0-0110-------0---------------------
---0---000--------0---0-0--------------
--------0-0--------0-----0-------------
---------00-------0---0----0------0----
---------0-0-------0---0--0-0------0---
-0--------0----------------0----0------
0-0------------------------------0--0--
-0-----------------------------------0-
-----------0---------0-0----------0----
----------0-0---0---0---0----------0---
-------------0-0-0---0-0---------------
-------0--0---0-0---------------0------
-0------0--0-0-----------------0-0-----
0-0--0--------------------------00-0---
-0-0--0---------0--------0------0---0--
--0-0----------0-0------0-0------0-0---
---0------------0--------0---------0---
---------------------------0------0-0--
--------------------------0-0------0---
---------------------------0----0---0--
-----------------------0-------0-0-0-0-
----------------------0-0-------0---0--
------0----------------00---0----------
-0---0-0--------0------0-0-0-0--0------
0-0---0--------0-0-----00---0--0-0--0--
-0--------------0-----0-0------00--0-0-
-0------------------0--0------0-0---0--
0-0-----0----------010---------0-------
-0-----0-0---------010-----------------
------0-0----0-0----0------------0-----
-----0-0----0---0-------------0-0-0----
------0------0-0-------------0-0-0-----
------------------------------0--------

Generation = 2, Population = 270.
---0-0-0----------0-----0-0------------
--------------0----------0---0---------
-----0-0------1-0---0---------0--------
------------0---0----------0-----------
-----0--1---0---0-0---------0-----0----
0-------------1-----------0------------
1-----0---10-00------------0----0---0--
2-0----------------0----0--00----------
2-0-----00-0---0---------0---0----0----
1--00------------0---0---01--0---------
0------------0-----------0-1-----0-----
-01--10----------0-0-------0---0-------
-----------------1-----0---0---1---0---
----0--00------0---00--------0---1-----
---------------0-----0---0-------0-----
-0----1---0------10-0-0-0------0-------
---------------------0-----------------
---0----1-10------0-0-----00------0----
-----------------0-0-0---0-------0-----
-0------01--0-------0---00---0--0---0--
-------------------0---0-------0---00--
---0------0----------------0------00---
-----------0---------0-0---------00---0
-0--------------0----------------0---0-
---------0-0-------0-0-0-0----------0--
-------0------0---0-------------0--0---
-0----0--0---0-0-----0-0---------------
-----0---0------0-------------0--100---
----0---0--0-0--0--------0-------------
-------0-----------------------010-0-0-
-----00-------0---0----0---0-------1---
---------------------------0-----0-1---
---0------------0--------0-------0---0-
-------------------------0---0--0---0--
-----------------------0-----------0---
---------------------------0--0-------0
------0--------------0--10--0----------
-0--------------0-------------------0--
----0---0-------------0-------0-----0--
---0----------0---0-----------01--0----
-1----0-------------00--10--0-----0---0
-1------0-------0---1--------0--10-----
---0--------------0---00------------0--
----------0--0-0--0---0--------0-0-----
-0------------------1---------0--------
----0------0-0-0-0--0----------0---0---
----------------------------0---0------
------0------0-0-----------------0-----

Generation = 3, Population = 691.
--0-----0-----0--0-0---0-0-0-0---------
---0---------0100-0-0-------0----------
----0---0---002-10-0-0---0-0---0-------
-------00--01010-00-0-----0---0---0----
0---0-00-0-010101--0------0--0---0-0---
10---00-0-000-200-0------0--0---0-0-0--
-00--0-0-121-1-0---0----0--1---0-0-0-0-
--10--0-000--000--0-0--0--0-1---0-0-0--
--1-0--011--0-0-00-0-0---1-1-10--0-0---
-0-110--00-0-0-00-0-0-0-012-010--00----
1-00000-----0-0----0-0--010200-00-0----
-1211210-----0--01--0--0-00-0-0100-0---
-00-00000------0020-0-0-0-010002000-0--
---0-00110----0101011--0-0-00-000200---
-0--0-000-0---0101000-----0--0-0010----
0-0--0-1-0-0---0021-----------0-00-----
-0-0--0-0--0-----0--0---0-00---0--0----
--0-0--0--210------0-0----110------0---
-0-0-----0000---0-0---0--1-0-0------0--
0-0----01200-0---0-0----1-0-0-0-----10-
-0-0----000-0-----0---0--0-0-00------0-
--0-0----0---------0-0----0-0--0------0
-0-0--------0---0---0---0--0----0------
0-0------0-----0-0-0-----0------01-----
-0-----00---0-0-0---------0-----00-----
-0------0--0-----0-------0-----0-00----
0-0-----010-0-0---0-0---0-----0-000----
-0-------100----10---0-0-0---0-002-10--
---0------0---0010------0-0---000-0--0-
----00-----0-00-0-0----0-0-0--01-1-1--0
----011------0-0-0-0--0-0-010--00-0-00-
---0-00-------0-0-0----0-0010---01-200-
--0-0----------0-0------0100-0---100--0
---0------------0------0010-0-00-------
----------------------0-00-0-00-0-0---0
------0--------------0-0000--0-0---0-0-
-0---0-0--------0---0-00210--00-----0-0
0-0-0-0-0------0-0---00-00--0-0----010-
-0---0-0-0----0-0-0--0-0-----01---0010-
-00---0-0----0-0-0-0000-00--00-200100-0
0200-0-00-----0-0-00-1002100--000-10-0-
0200--00-0-----0-0002-0000----0021--0-0
-00-0---0-0--0-0001010-10----0-00--0-0-
-0-0-----0-00---0010101-----------0-0--
0-0-0-----00-----000200------0-0-0-0---
-0-0-0----0-------0010------0-----0-0--
----0-0----0-----0--0------0-0-----0---
-----0-0----0---0-----------0-----0----

Generation = 4, Population = 273.
-0-----0-0----1---0---0-----0-0--------
-----------------------0---0---0-------
-----0--10----3-------0-0-0-----0-0----
0---------0-------1-------1------------
1--0-0----01-1----0-------10-----------
-------------------0-------------------
----01------02----0---------0-0-------0
--21----------1-------0-------0--------
--2-1--1-2----1--1-----0-2-----0-1-----
---------------1-0---------------------
--------00-------0----------------1----
---2----------------1-----1------------
0------------0-----0-------2---------0-
---------1---0-----220--0----------1---
-------------0-----1-0-0---------------
-------2--010---1-------0--0------0----
---------------0-1-----0---------------
-0---0-------0--00--0---0---1--0-------
---------------0-0-0---0---1--------1--
---0--012-----0-----0--0------10---0--0
-----------0-------0---0-----1-------1-
-0---0---1------0---0---0--------------
-----------0-0-----0---0--------1-----0
-------0--0----------------0---01-0----
-1----01-------0-0-0-----0-0-----1-----
-1----------0-------0------------1-0---
---0---0-2-----000-------0----------0--
---0-------1----------------0------21--
-00--0----10---------0-0-----------0---
----------------1----------1-0-2-----0-
-------0---001------00-------0---------
-------0----------------------------1--
-0----0----------------0-------0-------
-----------------------1-------1-0-0---
---0--0---------0-------11--0----------
-0--------------0-----------0-------0-0
-------------------0---1---0-------01--
---------------------------0---0-------
-10-------0-------------0---0---0------
-1---0--1---0---------------1---1------
-------------------1---1---1----1-----0
------1------0-1-----------0-----2-0---
-1---00---------1-----------0-0--------
-1--0-------1-----------0-------0------
-----------------------0------------0--
--0------010-----0-1---------0-0-----0-
-0------------------1-----0---0---0----
------0-0----0-0----0------------0-----

Generation = 5, Population = 688.
0-0---0---0--0-0-0-0-0-----------------
-0---0-00---------0---0-----------0----
0---0-0021---0-0--0--0-0--1--------0---
10-0----0-1--01--020--0-00------0-0----
200---0--0-2--1--01------0-10----------
1--00-----000-----0-0-----000-0-------0
--0-120----113---0----0----1--10-----0-
-0-200-0-0--0-20-00--0---0--101--0----0
-030-00---0--02-020-------0-------0----
--0-1--00---------0----0-1-----0-00----
---0---0110----0010-0-----0------0-0---
0-2-1---00---0---1---0---0--------0--0-
-0-0-----0--010---0100--0---0------00-0
0-------1-0-0-0---03--0--0-0------0-00-
-------0-000-10-0-0201--0--0------00---
------1-101-1------0-0-0-00-0----0-0---
-0---0-0--00000--20-0-0-0--00--0--0----
0-0-0-0-----0-00110--0-0-0---00-0---0--
-0-0-0000----0--01--0-01--0---0------00
--0-001-32-0-0---0-0-00-1--0--210-0----
-0-0-000000-0-0-0-0-0-01----0--0---00--
0-0-0-0-0-0--0-0-0-0-0-0-0---0--0----00
-0---0-0-0----0-0-0---0----0----200--0-
-0-----100---0-0-0-----0-0010-01-1-0--0
020--01-0-0-0-0---------0--10--0-2-0---
0200--0--0-0-0--0----0-----0----02-----
-0010-0---000-01-10-0---0-0-0----0-010-
-0-100-0-1-20--010---0-0-0-0-0----0--0-
011-0-0--02-0---1---0---0--000-0--01-0-
-00--0-0--0-00-0-0--0--0--0--1--1--10-0
------110-01-20-0--0110----10100----00-
-0-----10--000------00-0-----0-0---2-0-
0-0--0----------------010-----0101-00--
-0-0------------0-----02-1--0-02----0--
-00-00-0-------010------220010-0-0-00-0
0-00--0--------010-0---000--10------1--
-0--------------0-0-0-0-2-01---0--01-00
-00-------0--------0---00-01--0----01--
0-10-0--00-00----------0-0--10--10-----
02--0-00-000-0-----0---00---20-2-0----0
-2---00-0---00-0--0-0-0-2-02---02--0-0-
-2----20----0------0---0--01--0-----0-0
020--1-0----00---0------0------000-0---
0200--0----0-0--0--------0--0-00-0--0--
-00-0----0000----0-0--0------0-00--0---
---0----01-10---0------0--0-0-0-0-0---0
0-----0-0000-0-0-0--20---0-0-------0-0-
-0---0---0--0---0--010----0---0-0------

Generation = 6, Population = 613.
-0-0----00-00-----0---------------0----
0---------0-------1--0----0------0-----
10---011-2--013-1---0------0----0-0-0--
2-0-----1---1---0--10--01--00--0-------
311000-0---3--201-2-0-0--11--00-0-0---0
2-01------1---2--01--00---1---1--------
1---231--1---4-0010-0--0-0-20-2100--0-0
21--11------1--101-00---0---2---0------
2-4---111--0-1-01310-0-0-2-10100-110--0
--1----------001-0-00-0---2---0--------
1-0-0-0--210-001-2-----0-1-2---001--00-
-1---2---1---1-0-200110-----0------0---
0-0-----01-0-2-0---2---0-0---0----01---
---0------101--1011420-00--1-----21--1-
0----------1-2-----------0-1---------0-
-0------212-20--1211-10--11-10-00--10--
-------------------0-----0-1--------0--
---0--101-2-1---2--00--10--1-1-0-000--0
-----------0-1---2----------------0--11
-0--1-2-4-0-01--010--11--0---0-21---100
---------1-0---0---------0-----10--11-0
---0--1-1-10--------0--1--00--0-1-00--1
-1----01-1---0---------0---1-00--11-010
--------1-------0-------01----1-1-010--
----01-11--0----00---0-----2-0-10--10-0
-------0---1--0---0---0----10---130-00-
-11--01--21--01---1--0---0-------101--0
-----1---2--10--2---0-----01-100--12--0
1--01--00--0---020-01--0-----1---0--01-
---0---1---0--0---0------0-10--2-1-----
--0---2------310--01-210---2-------1---
-----0---0------0------1---1-1---103-10
----0-000--000--0---0---1---0----2-----
-1-----0--------1----0---2--10-3---0-00
----110-0-----0---00--00------01---11--
---1----------0---0----1--00--0--0002--
-100--0---0-----10-------1---0--001--11
-----0--0---0---0--------0------00--2-0
1--10---1---1---------0---------2-001-0
-------1-----100----------0----3-110---
--0--11---0-----00------3----0--3-1-0-0
-----0-----0-0-1-0------00--00-0-2-0-0-
----0--10-----0---10------000-0-----0-0
---1-----0-1-100-0-0--1---00-011-100-0-
-----00---------0---20---00-0---------0
00----00-2-2-----0-110--0--0-0-01--0---
---0--------------0---000--------------
--0-0----1--------012-0------0---0-0-0-

Generation = 7, Population = 911.
----0--0110110---010-0----0--------0---
10-0-00000---01-0020--0--0--------0-0--
21--01-22--0--4-200-1--00--1-----0---0-
--1-0-00----2----0-210-12---1---0---0-0
4--1-1-------1---030101--2---1-0---0-0-
-0--0-00------300-2001---02-0----00-0--
--0--4201-----0-1--01---0-03----1100---
32-2--0000---022-2-----0-0-0---010000--
30501-2-220-02212--1--0-0-021-1102-100-
-0-11--0000-01120-0-10-0-1-10-100-00000
-01--0-01--1-112-----00---0----1-21-110
0-2---------0-0----1--10-------100-1-0-
-0---0-01-0103----0-0--10-02--0-----00-
----0---1-2-200----5-1--100200--03--020
---0----0002-301----0-00-102-0-00100-10
--0----23-313-002----210022-21-11002---
-0-0--00-0---0---2---000-102----0000100
--0-002-2--1---0--0-10021-12-----111--1
-0-00--0--0--20-03-0000101-1----0-1---2
0-00-----2--1-0-12100220110-0----00--11
-0-00---0--1-00--00-000101-0-1--10---1-
-00-0020--2-00-0---0-0020-1-0-1020--0--
0-00-0-2---00-0-0---0-01-0-2-110222----
-0--00012--0-0-01----0--120--02121-21--
---012---0010-00-1--0---00030-021-0-10-
-20-0--1-0-20-100-10-0-0-00-1----4---10
02210-2-0-2----10120----0---0000------1
0001-2-0-3--2---3-0-1--0--12---102----1
-11-2-0-1-21-0-13101-00-000--2--01--12-
0--1---2--010-101-10000-0---1-0--20100-
-0-------0-10421-0-2-3--000--1-0---2000
--0---01--000-0-100000-2--020-0-0----21
-0-0-0111-01-100-0-0--------10-103-----
0-0--0010--000002000---2--00-1040001011
-0--2-10-0---01010-10-1-22001---00-2--0
-0-2-0--0-0--0101-1----20-111-1---11--0
02--0--000-00-00-1-----122-10--0----12-
000----0100010-01-----0-010--0-01-0-30-
-1121---20-02-000----0-0-00-----3--1--1
0-0000----0--2-1-0----0-00-0-00--2--0--
-2-00-2--0----001-0----14-0--100--2--0-
--0--1-00-----0-01-0---0-1----0-2-0---0
------021----010-02-1-0-0--1--10--00---
--0--000-----2110-11---0--1--122-2-10-0
00-001-------00--0-0-----1---00-000----
1100---1----0-----022---1---0--1200-0-0
00----00---0------10-----0-0---000---0-
-0-0-0--0-0------0--3-1-0---0-0-0-----0

Generation = 8, Population = 261.
00------22--------2--------0-----------
---------------------------0-------0---
-------3--0---5-----2-----1---------0--
---01-1-------1-------0----------------
------0--------0--4---2--3--0----0-----
-----------------0---------0---0-------
10---5----------2-------------------0--
---3--11----------0-0-------------1----
------3-3-----------------1--------2---
---------1-0-------02---0----------1---
------------------00---0----0----------
--32------001-1------------0------0----
-------1------0--2-------0-----------1-
-0-------1-------------0-1-------------
--------1----------------2--------1-0--
---0-------24--13---------3-3------3---
0--------------------1-1-----0---------
-0----------1----1-0-------31---0------
-------------3-0-----------2---0-------
--111--1----------21------1-----1--01--
-1----0--------------------------1---2-
-----1---1-------0-------------1-1-0---
---1------------10-------1--0-----3----
---0---23-----------0------1-------3---
---1---------0-1-----0-------0-3---1---
--------01----------0------1-----------
---2-0---------------0-0---------------
----------0----0--------0--3----1-1-1-2
1----0---0----0--------0---------2-----
-0-----------------------0-1-------2-1-
---0--2-0--2-----1----------0----0--1--
-0--------------2---------------1--3---
-----------2---------0-----0-------00--
----------------3--1-----------5---2---
-1---------0-1------1------------------
-------01-----------0---1---2---0-2---1
-3----0--------1---------------1-------
------0------1-1-------------------0---
1--3----------1-----0----1----1-4---1--
-----1--10----------------------------0
---------------1------------0--1--30---
-----------------------1---1-----------
-----1---0--0---------------0-2--------
0-----1-----13-21-----------0---03--1--
-----------------------0---------------
2----0-20-----0-----30-0-0-----------0-
-1----1-------------2-0-0---0---------0
-1--------------0--------------01------

Generation = 9, Population = 675.
110----0330------0-0------010------0---
10-----0000---1---2-0------10-----0----
---00---22-0-160---0-00--0-----------0-
--112-2---1--02---2-1011-01-1----0--0--
---10110--------1--0-0300-1--1-00-0----
20---00--------0------0--02---1-00--0--
21002--0-------0--0-1------3---1--00-0-
322-1--2--------02---0----0------0--0--
---0-041---0------11----02-2-------30--
------0-----0-------30---12-0-----020--
--10-----21-0-1--21---0------0----10---
-1431--0-11-2-20-201---0-01------0-1-0-
-000--0-110103100-0----10102------0-0-0
0-0----1--2---0--1----0---0-------1-02-
-0-0---0---20--10------003--0----1-0-1-
0-0-0---3-33500242---2-0---------------
---0-------0---002-00---0-020-0-0--0---
--0--------1---02---10-2--1-2----1-----
-0000--0--------030--------3--0-0--01--
--2-20--4----1-0-2320----1--------012--
0--00----1-------000------0----1-20---0
-0-00---1-2------10------0--0-1--20-00-
--0200-201-----02-0-0---0-0--1-0---0---
--0-0-0340---0-010-0-----20--0-1---41--
--021--1-0--0---0---0-0-----0---1-021--
-----0-1120--0-0---0-0-0--0-10-0---0---
--2---2-022----1----------------0-0-1-1
0--1-------2----3----0-0-01-0--1-2-----
----2-0-1----0--------0--0---------1120
--01-00-00-1--1--0-----00---------0-0-0
--0-01---00-0-----0------0---1----02---
0-00--0-0------0-----0-----20--0--041--
-0--------0-0------00-0---0-1--10-0110-
-1-----------0-0-00--0-----0--0-0-03---
0-0----00-0---1-1---20--2---1--10-02--0
-------120-0-0-0---010-2-0-1-0-----1-0-
0-0--01-0----0021---0---2---0-0---11--1
00-0-010----1-021---0----1----001-0----
-11-100-20---------0-0--0-0--0---0---01
0--00-01210---01----0----0--2-031-1000-
-----1--00----0-1------1-----10-30410-0
-----1---0--0--1------0-0-0-0-00--00---
0---0---1-001--01------1----1--000--0--
-2-----0-0-1-4-320-----0---011221401-0-
-----1000---00000---200101--0---00--00-
----0-0312---0-0---2-1011-0-0-------0--
-20-----0-----0-0--030-0---0-0-00------
020---0--------0-0--3-1-0---0-0120----0

Generation = 10, Population = 696.
-210--0-44-1--1-0-2------012-0------0--
---00-0-------2-------0--0---0---0---0-
21---11--------12-0-----01-1-----00---0
-02-303-1---2---00--2---2------0---0---
41--12-11-0--12--0--1--11--1--01---0---
----0--0------31--200-1--1-------10----
3-1----11-----01------0--00-0----111--0
-3--2---0--0----1300--0-0--0---01--01--
30--115-3-0-----2-22---01--------2--10-
--1---1--10-111--0--41----31-----0---0-
------001-----2-0---0---------0----1-1-
0---22--0220-13-0--21--10----0--0--20--
-----0--22--1--11-1------2-30-----111--
--10---2--30--110----1-0-11-0-----21---
0-----01--0---0--1---1---4-2-0--0-1-020
-0---0----4-6-----11---10230--0-10---0-
0-0-----0----0-1---1-1-1----------0-1--
--100--0--221-0-310--1---02-31--0-1-0--
01----0----0-3-0-4---0-1-1---0-------1-
0-3-312-----1---13-312--1--0--221--2-11
----1---0----0-001-------1-00-----1----
--011---2--0---0--1-0-----10-0-12--011-
---3-10------00---10-0-1--12-21122-101-
-0---01-510------10-0-0--3-1-1-2---5-0-
-2---------1-0-11--0-0---0-310-3--1--0-
---0--0-2--2---1--1-0-0-00---1--1-010-0
02-----0-3---012---0-----0---0-0-1-1---
-0-------3--20---0--1-0---2--10-1--2-0-
1-10-01-2---0---31-----0-1--0--0-2-22--
-0-2------0----01------110---1---21-111
00--1-2-0-12-421---2-3-0--02--00-01-1-0
-0-1----------0-2-00-----0-3--01-11----
-1-0--1-10-------0-11--1-1--20----1-210
-2-----10-----0-311-01--0---11----14-11
-1-0--1--0---1----0--11----0---2---31--
-----0---10--1-11-11-----------00-2---1
13--0---1--0--1--1-------2---01-00--1--
----01-110-0-1-3-0--1---0---0---201--0-
1-2--11-----2---0-0---00---0--1-4-01--2
---1------10-2-2-------0---0-------11-0
0--0-2---1--001--0--0----10-021------0-
0----22-01--10-20----0------10--22--0-0
---0------11--11-------2--0---211-00---
--0-00-1--02-514-11-10---011---3---2-10
-0---21--0--1-------311-12----0-------0
-100-0-4-31--1-10-03-21--0-01--1-0-01--
---00---1---------1-4--10-----0-----0-0
13-0-0-00-------0-0-40-0-0---012310--0-

Generation = 11, Population = 875.
13---01-55--102----0--0-0--3-10--0-0---
1---10-000-0-03------0-0----010-01-----
3--00-232---0--2-0-02-00----00-00-1----
213----02010--2----230---------100-10-0
5--12-1----3-2---1---0-2--1-011-00-10--
-0011-0-0-1---4-0-3---2--2-00-100--0--0
-1-0--2--1-1-4---1--10-0--13-0-1--2--0-
34-33-1--0--1-2---1-00101-----1120----0
4--0----421-02213----0-1-21----1-31---0
1--11---02--2--20----20001420-1-0102--0
1-1-0----2-101--1------00-02---10212120
-1-33---13-122-0-2-3-1121--0---1-0-3---
0-00-10---01--1-2---00---304----00---1-
002100-3---1-0-2--1-22---22-1---033-020
--00--1-10--031----2020----30--01120131
0---0--2315---02--2-0-1--3--3----10-01-
-01-00---0-00-0--202-2-2---2000---1-2--
----10---0332---421-1-0-1-3-4-00--2-1--
-200--1----1--0----0----02-3-1-0--10-2-
10-----14----1-0-4-4--2--111--3-20----2
0-----0011-1----1--0-0----011-0--2-11-0
-012--20312-0--1--20---2---1011-----2-1
-1-40--2-100011---21--0-0--3-3--33-2120
01000---6-1---00-2------140-0-2--1-61-0
0302-2---0-2----2-0---0------1-4-222-1-
0-0-00-1--030----0---0--1101--00-4-211-
1-22----0420----01--0----1--0-0---0--01
01-1-200-402---0-10------0-3--1--21-1-2
--2--12---211-----0-1--102-0-2--030--20
0103-0---01-00-----0-002---1----13-22--
1100-------3-53-0--3---1-01-0----12-201
---2-----000--10-011-0--0104------24-2-
0--100-1-10-----01----0-120----1---132-
0-0---02-0------42-1----------05-0-----
02--2----1--02-0------202-0--003--0-2--
0--2------1-021220-2100--0-1-0---0---0-
240010--20-100-2-2-00-----0--1211-11--1
-000--1221-11-0-11-0-00--------031-----
------2-2000-0-0-0-0001---01-0--50----3
---20-0---21-30--00-0--100-1-0--1---201
1201-3---2----21--01---14212-32130-10-0
12--0-3-1-------1-----01-1-1--0--3---0-
0-----021----0-2-02-1-0-0-1-1-32-01--0-
---11-1-0---162--22----0--221-24---3-2-
0100-320010--00-00------23--00-0-0--0-1
2---010-1-22---21--4----11-1200----1-0-
0--110-02-0--0-0-0-050--10-00-100-0-10-
24-10--1-1-----0--1--1-10-0-012---10---

Generation = 12, Population = 657.
-41---20--0-21-0--2-0--0-01-0--0-1--0--
-----------------0-----1-------0---0---
---1-13-3200--6-------1-0--1--0-1---0-0
3-41--3-3---------2-4-----1-------0----
611---2--004--2----0-13-1--1----1--2-0-
---------0-0-0-----001-00------1---1---
--1-25-1-22-1-0---00---1--2-0---1---0-0
---44-22----2-3-1-------2--0--2---1---1
--5-1-51--2-1-32-32---------1-12-4---0-
-0---0-0-3---1--10--4---12-31----------
20---0--1-----222--0--0111-3----1-2----
0-----102-223-3-----1--3--1-0-02--04--0
1--1--1-2-12-3----1--1-1--1------1-1-2-
---------1-221---1-533--1---20--1--1---
----0-------14-1--03-3-0---410012------
----1--34-6---134-3-1-2-0-30--01--131--
-12-1-00------1----3-----1-3-----------
--------2----0-053---1-220--5---01-12--
---1----00-2----0--1---1---40--1---11--
---1--2-----1-0-1---1--0--22--423---2-3
1100-0----0--0-0-------1-----1-1-3-2---
-----1--4---1----1-100-----212-12--0-1-
---5-1-3----1--0----00-11--4-4114-----1
--1-------200--11-00---0--11------07--1
14---311---3--0----0---0---3---5-3-3-2-
-2--1----2--10--01-----022-2-----5---2-
-2----2015-1----12-0-------0-----11-1--
-2-2--110--3--0-3--0---0---4--21--2----
-13022---032---1--11-----------0----23-
-2---1--01------1--101-3---2-1-2-4-3-1-
-21111----140--1----1--20----1-------12
-0---0-10-1-0--1-----------5---1-------
11---112-2----0--2-------3-----203----0
-2----1-----00------0--2-2-----6---4-1-
13---11002-0--111---2---32--1-1-00-----
-0-300--21-01-------2---------1---21---
-51--1----0----3---1-0------0--2--221--
--1------202----22-----0---1-------0---
-12-11-0-11121--0-0-11--0-1--11-6-0-1-4
02--111121-----20---1---1--------2----2
-3----2----0---2---2---25--3--3-4--2--1
2----2402----002---020---2-2---0---0-1-
1--0-11-20---11-1-----1--02-2-4---2-0-0
-2--20----022----3-11---0---21-51---13-
---------------0---0-------01--1--00---
--00-----3330----005-2-122---1-120---1-
--0---1--01-0---0-1---0-2-0-1-2-1-1-2-0
-5----020----0010----2-2-0-0----31-1-0-

