*** Life<ConwayCell> 17x36 ***

Generation = 0, Population = 68.
.*............................**..*.
..*......*......*...................
......**..................*.........
*.*...*.........*...*...............
.**.................*.......*..*.*..
.*...*...*.......*..................
......*..........*.............*....
...**.........*..*...*.*............
......*.*.*.....*.*..........*..***.
....*..**................*..........
*....*........*.*...............*.*.
...............*....................
*.......*.......*....*..*...........
.*..*...................*........*..
...............*...*............*...
.............................*....*.
....................................

Generation = 1, Population = 43.
....................................
....................................
.*....**............................
..*...**............................
*.*.................................
.**.............................*...
....**..........***.................
.....*.*........***.............**..
...***..**.......*...............*..
.....*****.....*.*..............*.*.
...............*....................
...............**...................
....................................
....................................
.................................*..
....................................
....................................

Generation = 2, Population = 36.
....................................
....................................
......**............................
..*...**............................
..**................................
.***.............*..................
....***.........*.*.............**..
...*....*.......................**..
.........*........................*.
.....***.*.......................*..
......***.....**....................
...............**...................
....................................
....................................
....................................
....................................
....................................

Generation = 3, Population = 34.
....................................
....................................
......**............................
..**..**............................
....................................
.*...*...........*..................
....**...........*..............**..
....**..........................*.*.
......**.*......................*.*.
.....*...*..........................
.....*..*.....***...................
.......*......***...................
....................................
....................................
....................................
....................................
....................................

Generation = 4, Population = 29.
....................................
....................................
......**............................
......**............................
..*...*.............................
....**..............................
......*.........................**..
....*..........................**.*.
....*.*.*...........................
.....*.*.*.....*....................
......*.*.....*.*...................
..............*.*...................
...............*....................
....................................
....................................
....................................
....................................

Generation = 5, Population = 29.
....................................
....................................
......**............................
.....*..............................
......**............................
.....**.............................
....*..........................***..
.......*.......................**...
....*.***...........................
.....*...*.....*....................
......***.....*.*...................
..............*.*...................
...............*....................
....................................
....................................
....................................
....................................

*** Life<ConwayCell> 41x40 ***

Generation = 0, Population = 73.
......*........*..............*.........
*............................*..........
...............*...*....................
........................................
........................................
.........*.....*................*.......
....*.*..........................*......
...............*..........*.*....*......
........................................
........................................
..........*....................*........
....................................*...
..*.....................................
........................................
.................................*......
........................................
.......*..............*...*...*..**.....
..............*..........*.........*....
.............*.......................*..
...*....................................
......................*.................
......*...................*.............
................*.......*...............
....*.......*.*........*................
.............*..........................
........................................
........................*.............*.
...*.......*..*...*..*.........*........
.....................*..........*.......
...................................*....
........................................
..*..*.............**...................
....*................*.......*..........
..*..............*...............*..*...
......*............................*....
........................*...............
..............................*.........
...................................*....
........................................
......*............................*....
........................................

Generation = 2, Population = 4.
........................................
........................................
........................................
........................................
........................................
........................................
........................................
........................................
........................................
........................................
........................................
........................................
........................................
........................................
........................................
.................................**.....
..................................**....
........................................
........................................
........................................
........................................
........................................
........................................
........................................
........................................
........................................
........................................
........................................
........................................
........................................
........................................
........................................
........................................
........................................
........................................
........................................
........................................
........................................
........................................
........................................
........................................

Generation = 4, Population = 6.
........................................
........................................
........................................
........................................
........................................
........................................
........................................
........................................
........................................
........................................
........................................
........................................
........................................
........................................
..................................*.....
.................................*.*....
.................................*.*....
..................................*.....
........................................
........................................
........................................
........................................
........................................
........................................
........................................
........................................
........................................
........................................
........................................
........................................
........................................
........................................
........................................
........................................
........................................
........................................
........................................
........................................
........................................
........................................
........................................

Generation = 6, Population = 6.
........................................
........................................
........................................
........................................
........................................
........................................
........................................
........................................
........................................
........................................
........................................
........................................
........................................
........................................
..................................*.....
.................................*.*....
.................................*.*....
..................................*.....
........................................
........................................
........................................
........................................
........................................
........................................
........................................
........................................
........................................
........................................
........................................
........................................
........................................
........................................
........................................
........................................
........................................
........................................
........................................
........................................
........................................
........................................
........................................

*** Life<ConwayCell> 41x40 ***

Generation = 0, Population = 70.
..........................*.............
..*............................*........
.....*..............*...................
.......................*...........*..*.
........................................
........................................
....................*........*..........
...*.........*.......**........*........
.*................................*.....
........................................
..............*...................*.....
.....................................*..
...*..........................*.......*.
*.......................*...............
................*.......................
......................................*.
.........................*..............
*.......*..............*................
........................................
.................................*......
.*...............*...*.*....*...........
................................*.......
........................................
........................................
.....*...*.................*............
.......*.....................*..........
....*.......**...............*..........
........*.............*.................
........................................
............*......................**...
*................*.................**...
........................................
........................................
.......................*..*.............
........................................
.....*...........*......................
.....*..............*...................
.........*..........**...*..............
*.....*.................................
......*............................*....
........................................

Generation = 1, Population = 11.
........................................
........................................
........................................
........................................
........................................
........................................
.....................*..................
.....................*..................
........................................
........................................
........................................
........................................
........................................
........................................
........................................
........................................
........................................
........................................
........................................
........................................
........................................
........................................
........................................
........................................
........................................
............................*...........
........................................
........................................
........................................
...................................**...
...................................**...
........................................
........................................
........................................
........................................
........................................
....................**..................
....................**..................
........................................
........................................
........................................

Generation = 2, Population = 8.
........................................
........................................
........................................
........................................
........................................
........................................
........................................
........................................
........................................
........................................
........................................
........................................
........................................
........................................
........................................
........................................
........................................
........................................
........................................
........................................
........................................
........................................
........................................
........................................
........................................
........................................
........................................
........................................
........................................
...................................**...
...................................**...
........................................
........................................
........................................
........................................
........................................
....................**..................
....................**..................
........................................
........................................
........................................

Generation = 3, Population = 8.
........................................
........................................
........................................
........................................
........................................
........................................
........................................
........................................
........................................
........................................
........................................
........................................
........................................
........................................
........................................
........................................
........................................
........................................
........................................
........................................
........................................
........................................
........................................
........................................
........................................
........................................
........................................
........................................
........................................
...................................**...
...................................**...
........................................
........................................
........................................
........................................
........................................
....................**..................
....................**..................
........................................
........................................
........................................

Generation = 4, Population = 8.
........................................
........................................
........................................
........................................
........................................
........................................
........................................
........................................
........................................
........................................
........................................
........................................
........................................
........................................
........................................
........................................
........................................
........................................
........................................
........................................
........................................
........................................
........................................
........................................
........................................
........................................
........................................
........................................
........................................
...................................**...
...................................**...
........................................
........................................
........................................
........................................
........................................
....................**..................
....................**..................
........................................
........................................
........................................

*** Life<ConwayCell> 43x47 ***

Generation = 0, Population = 73.
...............................................
...............*.*.............................
...............................................
.*.....**.....................*....*........*..
*..............................................
..........................*....................
...............................................
................*..............................
.................*............*..*.*...........
...............................................
.*..............................*..............
......*..............*.........................
..*.......................*..........*.........
......*.................*...*........*.........
...............................................
.....................*.............*...*.......
.*......................................*......
..*...*........................................
..*............................................
..................*............................
.......*....................*..................
.*.....................*.......................
..*.......................*....................
...........*.........*.........*...............
...................*...*.*...........*.........
..................*............................
...............................................
...............................................
...*...........................................
...............................................
...*..........*.................*..............
...........*...................................
..............................*................
*.......*....................*.................
..............................*..........*.....
...............................................
................*..........**..............*...
...............................................
.............................................*.
...............*...............*...............
.................................*....**.......
.......................................***.....
...............................................

Generation = 1, Population = 10.
...............................................
...............................................
...............................................
...............................................
...............................................
...............................................
...............................................
...............................................
...............................................
...............................................
...............................................
...............................................
...............................................
...............................................
...............................................
...............................................
...............................................
.**............................................
...............................................
...............................................
...............................................
...............................................
...............................................
...............................................
...............................................
...............................................
...............................................
...............................................
...............................................
...............................................
...............................................
...............................................
...............................................
.............................**................
...............................................
...............................................
...............................................
...............................................
...............................................
...............................................
......................................**.......
......................................***......
........................................*......

Generation = 2, Population = 5.
...............................................
...............................................
...............................................
...............................................
...............................................
...............................................
...............................................
...............................................
...............................................
...............................................
...............................................
...............................................
...............................................
...............................................
...............................................
...............................................
...............................................
...............................................
...............................................
...............................................
...............................................
...............................................
...............................................
...............................................
...............................................
...............................................
...............................................
...............................................
...............................................
...............................................
...............................................
...............................................
...............................................
...............................................
...............................................
...............................................
...............................................
...............................................
...............................................
...............................................
......................................*.*......
......................................*.*......
........................................*......

Generation = 3, Population = 3.
...............................................
...............................................
...............................................
...............................................
...............................................
...............................................
...............................................
...............................................
...............................................
...............................................
...............................................
...............................................
...............................................
...............................................
...............................................
...............................................
...............................................
...............................................
...............................................
...............................................
...............................................
...............................................
...............................................
...............................................
...............................................
...............................................
...............................................
...............................................
...............................................
...............................................
...............................................
...............................................
...............................................
...............................................
...............................................
...............................................
...............................................
...............................................
...............................................
...............................................
...............................................
........................................**.....
.......................................*.......

Generation = 4, Population = 2.
...............................................
...............................................
...............................................
...............................................
...............................................
...............................................
...............................................
...............................................
...............................................
...............................................
...............................................
...............................................
...............................................
...............................................
...............................................
...............................................
...............................................
...............................................
...............................................
...............................................
...............................................
...............................................
...............................................
...............................................
...............................................
...............................................
...............................................
...............................................
...............................................
...............................................
...............................................
...............................................
...............................................
...............................................
...............................................
...............................................
...............................................
...............................................
...............................................
...............................................
...............................................
........................................*......
........................................*......

Generation = 5, Population = 0.
...............................................
...............................................
...............................................
...............................................
...............................................
...............................................
...............................................
...............................................
...............................................
...............................................
...............................................
...............................................
...............................................
...............................................
...............................................
...............................................
...............................................
...............................................
...............................................
...............................................
...............................................
...............................................
...............................................
...............................................
...............................................
...............................................
...............................................
...............................................
...............................................
...............................................
...............................................
...............................................
...............................................
...............................................
...............................................
...............................................
...............................................
...............................................
...............................................
...............................................
...............................................
...............................................
...............................................

*** Life<ConwayCell> 48x39 ***

Generation = 0, Population = 81.
.....*....................*............
...........................*...........
..................*.........*..........
..............*........................
.......*......*........................
.......................................
........**........................*....
*.........................*............
*............*.............*...........
...................*.......*...........
.......................................
...**..................................
.........................*.......*.....
.................*.............*.......
.................*.....................
...*...**...........*..................
...................*.*.................
.........*..........*...*..............
...................*...*...............
..........*................*......*....
.................................*.....
.*.....................................
....................................*..
...................................*...
...........*.........*.*...............
................*......................
...........*.*.........................
.......*........................*......
.*....*................................
.................................*.*...
...*............*........*.............
.......................................
...................................*...
...........................*...........
.......................................
................................*...*..
.......................*...............
.......................................
......*.................*...*..........
.*..............*...............*......
.......................*............*..
...............................*.......
.*..................*..................
........*...........*..................
.......................................
......*......*.*.................*.....
..............................*........
.......................................

Generation = 1, Population = 11.
.......................................
...........................*...........
.......................................
.......................................
.......................................
........*..............................
.......................................
.......................................
..........................**...........
.......................................
.......................................
.......................................
.......................................
.......................................
.......................................
....................*..................
........*..........*.*.................
...................**..................
.......................................
.......................................
.......................................
.......................................
.......................................
.......................................
.......................................
............*..........................
.......................................
.......................................
.......................................
.......................................
.......................................
.......................................
.......................................
.......................................
.......................................
.......................................
.......................................
.......................................
.......................................
.......................................
.......................................
.......................................
.......................................
.......................................
.......................................
.......................................
.......................................
.......................................

Generation = 2, Population = 5.
.......................................
.......................................
.......................................
.......................................
.......................................
.......................................
.......................................
.......................................
.......................................
.......................................
.......................................
.......................................
.......................................
.......................................
.......................................
....................*..................
...................*.*.................
...................**..................
.......................................
.......................................
.......................................
.......................................
.......................................
.......................................
.......................................
.......................................
.......................................
.......................................
.......................................
.......................................
.......................................
.......................................
.......................................
.......................................
.......................................
.......................................
.......................................
.......................................
.......................................
.......................................
.......................................
.......................................
.......................................
.......................................
.......................................
.......................................
.......................................
.......................................

Generation = 3, Population = 5.
.......................................
.......................................
.......................................
.......................................
.......................................
.......................................
.......................................
.......................................
.......................................
.......................................
.......................................
.......................................
.......................................
.......................................
.......................................
....................*..................
...................*.*.................
...................**..................
.......................................
.......................................
.......................................
.......................................
.......................................
.......................................
.......................................
.......................................
.......................................
.......................................
.......................................
.......................................
.......................................
.......................................
.......................................
.......................................
.......................................
.......................................
.......................................
.......................................
.......................................
.......................................
.......................................
.......................................
.......................................
.......................................
.......................................
.......................................
.......................................
.......................................

Generation = 4, Population = 5.
.......................................
.......................................
.......................................
.......................................
.......................................
.......................................
.......................................
.......................................
.......................................
.......................................
.......................................
.......................................
.......................................
.......................................
.......................................
....................*..................
...................*.*.................
...................**..................
.......................................
.......................................
.......................................
.......................................
.......................................
.......................................
.......................................
.......................................
.......................................
.......................................
.......................................
.......................................
.......................................
.......................................
.......................................
.......................................
.......................................
.......................................
.......................................
.......................................
.......................................
.......................................
.......................................
.......................................
.......................................
.......................................
.......................................
.......................................
.......................................
.......................................

Generation = 5, Population = 5.
.......................................
.......................................
.......................................
.......................................
.......................................
.......................................
.......................................
.......................................
.......................................
.......................................
.......................................
.......................................
.......................................
.......................................
.......................................
....................*..................
...................*.*.................
...................**..................
.......................................
.......................................
.......................................
.......................................
.......................................
.......................................
.......................................
.......................................
.......................................
.......................................
.......................................
.......................................
.......................................
.......................................
.......................................
.......................................
.......................................
.......................................
.......................................
.......................................
.......................................
.......................................
.......................................
.......................................
.......................................
.......................................
.......................................
.......................................
.......................................
.......................................

Generation = 6, Population = 5.
.......................................
.......................................
.......................................
.......................................
.......................................
.......................................
.......................................
.......................................
.......................................
.......................................
.......................................
.......................................
.......................................
.......................................
.......................................
....................*..................
...................*.*.................
...................**..................
.......................................
.......................................
.......................................
.......................................
.......................................
.......................................
.......................................
.......................................
.......................................
.......................................
.......................................
.......................................
.......................................
.......................................
.......................................
.......................................
.......................................
.......................................
.......................................
.......................................
.......................................
.......................................
.......................................
.......................................
.......................................
.......................................
.......................................
.......................................
.......................................
.......................................

*** Life<ConwayCell> 9x24 ***

Generation = 0, Population = 72.
.**....*........**......
**..*..*.*.*.....**..*..
..******.*.*.*.*..*.*...
.*......**.**.*.........
*****....*.*.....*...*..
...***...**...*.****..*.
*..*.**.....*....***.**.
..*.*****....*...*.**...
........................

Generation = 1, Population = 67.
***.....*.......***.....
*...*..*....*.....**....
*.******.*.*.**..***....
*.....**.*.*.**.........
**...*.....***.***......
*.....*..***....*..*..*.
..*.....**...*.......**.
...**..*.........*.***..
.....***................

Generation = 2, Population = 63.
**...............***....
*...*..*....**..*.......
*..**......*..*..*.*....
*.**...*...*............
**...*.***...*.***......
*.......**.*.*****...**.
...*...***........**..*.
...***.*............***.
....****............*...

Generation = 3, Population = 59.
**...............**.....
*..**.......**..*..*....
*.*.*......*.*..........
*.**..**..*.*.**.**.....
*.*...**.*...*...*......
**....*.....**.......**.
...*..**.**...******...*
...*................*.*.
...*...*............*...

Generation = 4, Population = 78.
**...............**.....
*.***.......**...**.....
*.*.**.....*...****.....
*.*..****.***.*.***.....
*.**.*..*..*....***.....
***..*...**.**.*......*.
..*...**.....********..*
..***.***......****.**..
.....................*..

