*** Life<Cell> 12x12 ***

Generation = 0, Population = 34.
------------
---0--00-0-0
--0---------
----0-----0-
------0-----
--00-00----0
--0---0---0-
--0---000---
--0-0------0
--00--0-----
-0---------0
-0---00--00-

Generation = 6, Population = 71.
------0-0-1-
101--0-*1-*-
------*-0-11
*0*11*-0**00
-1--.-.-1-*0
01*.-**10.*-
**111-0101--
-*1*01*1..*.
-.1-----0..-
..*---1*1.0*
-1*.--0.-*-*
0..*...-1..*

*** Life<Cell> 8x20 ***

Generation = 0, Population = 59.
--------------------
-00---------00--0---
--0-0-0------0-00--0
---0---000-0--0-0-0-
---00000--0--00-00-0
---0-000---0--000--0
-0-000--0-00-----0-0
-0----000-0--0--0000

Generation = 3, Population = 62.
00--1---000-0-0--00-
*1------1-----*-.-00
1-**1----01*0--..---
00-.--0------0----1*
--0--.1.111--*.-----
-00--1.1--*.*-00----
0*--1--0.1----***---
0*--*-.---10-10-*1-0

*** Life<Cell> 4x2 ***

Generation = 0, Population = 3.
--
-0
-0
-0

Generation = 2, Population = 3.
-1
--
-0
-*

Generation = 4, Population = 5.
-1
-1
-*
1*

Generation = 6, Population = 7.
-*
11
0*
**

Generation = 8, Population = 5.
0.
-*
*.
**

*** Life<Cell> 19x21 ***

Generation = 0, Population = 83.
---------------------
-----0-0-0-0-------0-
--0-0-------0--------
-0-0----0------00----
--0-----0-0----------
--00-----0-------0-0-
--------------0---0--
-0---0---------00----
--------000----------
----0--0---0-------0-
-------0-------0-----
-0---00--0-0---0---0-
----0--0-0-0--0-----0
-0---0-0---0-----0---
---0------00---0---0-
--0--0---00---0---0--
-----0--0---0--0---0-
-0----0---0-------0-0
--00---0--00-000-----

Generation = 4, Population = 145.
----0---1-0-0--------
-00------1---0---*-0-
------*-.-----*-1-1--
--0-1--.---*--.*1--10
*0.01---.0*-0-*------
0*0..-0*-0-----0---0-
--.-0--1-*1-0-11--1-0
---0.-1--.1-0---1-.-1
--0--00-.0.-*0-*----0
010--*---*0----------
----.*-*.-0---.*--1--
-0---*-0-*0*00110-1--
0--.-.--11--.1--0--*-
-0-000-.110--0-0--.10
-.00*-11--1--0------.
0---...---00-0-1-.*11
-11*----1--010--1---1
-0-1---1-.*-*-.-*0---
*0.*.0--10*10.*.**00-

Generation = 8, Population = 159.
-1*1----1100-0-0-101-
.*.-1----*0*-0-*-.--*
*.--.-*-.-1*--.-*----
*-*-.1-.-.-.0..**--..
*-.*1-1..0.-**..-1-0*
-*..*-1.1-*-0--*-----
1-.*0-0.1.-*-1.1-.*0*
--*-.-.--..1-11.11.-*
111----..*.0.-1.1---1
-.**1.1*-.--1.0*-1-11
*1.-*.-...0---..1*.*-
0-10-*..*.-.*.-.0-.11
-10.-.01-.....-1-.-.-
--.0**1.*.00-0.*00.*-
*.**.1**0--*--0.---1*
-*--*.*----000---..-*
0-*..-.0-0.-.---.-1*.
*-11.---.**0.-.-.-1-.
**...0.1.-.*****..-*-

*** Life<Cell> 3x20 ***

Generation = 0, Population = 35.
--------------------
-0000000000000000000
-0-00000000000-0-000

Generation = 6, Population = 24.
-*-.-*-***-*-.1*-...
*--.*--...1.*-01*1*-
*--.1...*...--**1-.*
