*** Life<ConwayCell> 12x12 ***

Generation = 0, Population = 34.
............
...*..**.*.*
..*.........
....*.....*.
......*.....
..**.**....*
..*...*...*.
..*...***...
..*.*......*
..**..*.....
.*.........*
.*...**..**.

Generation = 6, Population = 17.
............
............
............
..**........
..*.**......
............
.....*......
..*.........
...*........
*.*..*......
.*****......
....*.......

*** Life<ConwayCell> 8x20 ***

Generation = 0, Population = 59.
....................
.**.........**..*...
..*.*.*......*.**..*
...*...***.*..*.*.*.
...*****..*..**.**.*
...*.***...*..***..*
.*.***..*.**.....*.*
.*....***.*..*..****

Generation = 3, Population = 34.
..*.........*...*...
..*.........*....*..
.......**...***.***.
.......**........***
..**................
.....*.......**...**
........**...***...*
...*...*............

*** Life<ConwayCell> 4x2 ***

Generation = 0, Population = 3.
..
.*
.*
.*

Generation = 2, Population = 0.
..
..
..
..

Generation = 4, Population = 0.
..
..
..
..

Generation = 6, Population = 0.
..
..
..
..

Generation = 8, Population = 0.
..
..
..
..

*** Life<ConwayCell> 19x21 ***

Generation = 0, Population = 83.
.....................
.....*.*.*.*.......*.
..*.*.......*........
.*.*....*......**....
..*.....*.*..........
..**.....*.......*.*.
..............*...*..
.*...*.........**....
........***..........
....*..*...*.......*.
.......*.......*.....
.*...**..*.*...*...*.
....*..*.*.*..*.....*
.*...*.*...*.....*...
...*......**...*...*.
..*..*...**...*...*..
.....*..*...*..*...*.
.*....*...*.......*.*
..**...*..**.***.....

Generation = 4, Population = 68.
...*.................
...*.................
..**.................
**......**...........
***.....**...........
.*......**....**.....
..*...........**..**.
..............*****..
.......****..........
.....****..*.........
....*.*...**.........
......*..............
............*........
.........**.*........
............*.....**.
...***..*..**....*...
....*...**.**.......*
...........*......**.
........***..........

Generation = 8, Population = 49.
.....................
...*.................
..**.................
..*.....**...........
.......*..*..........
........***...*......
........*.*..*.*.....
.........***.*..*....
.........*.*..**.....
.....................
.....................
.....................
.........*.*.........
.....................
...***..*.........**.
...*.*.....*.**..*...
...***....*.........*
.........*.*......**.
..........*..........

*** Life<ConwayCell> 3x20 ***

Generation = 0, Population = 35.
....................
.*******************
.*.***********.*.***

Generation = 6, Population = 18.
......*****...**.**.
.....*.***.*..**.**.
....................
