*** Life<FredkinCell> 12x12 ***

Generation = 0, Population = 34.
------------
---0--00-0-0
--0---------
----0-----0-
------0-----
--00-00----0
--0---0---0-
--0---000---
--0-0------0
--00--0-----
-0---------0
-0---00--00-

Generation = 6, Population = 69.
------0-0-1-
101----4212-
------2-0-11
3021122-2--0
-1----3-105-
012-1----4-2
2-111--10-1-
-21201--333-
121--------0
--21101---1-
1--3-2-313--
--3---22--3-

*** Life<FredkinCell> 8x20 ***

Generation = 0, Population = 59.
--------------------
-00---------00--0---
--0-0-0------0-00--0
---0---000-0--0-0-0-
---00000--0--00-00-0
---0-000---0--000--0
-0-000--0-00-----0-0
-0----000-0--0--0000

Generation = 3, Population = 63.
00--1---000-0-0--00-
21------1-----2-3-00
1--21----0120--33---
00----0------0----12
--0---1-111---------
-00--1-1--2-2-00----
0---1--031----222---
03--2-3---10-10--1-0

*** Life<FredkinCell> 4x2 ***

Generation = 0, Population = 3.
--
-0
-0
-0

Generation = 2, Population = 3.
-1
--
-0
-2

Generation = 4, Population = 2.
-1
-1
--
--

Generation = 6, Population = 3.
--
-3
-2
-3

Generation = 8, Population = 3.
-3
--
-2
-5

*** Life<FredkinCell> 19x21 ***

Generation = 0, Population = 83.
---------------------
-----0-0-0-0-------0-
--0-0-------0--------
-0-0----0------00----
--0-----0-0----------
--00-----0-------0-0-
--------------0---0--
-0---0---------00----
--------000----------
----0--0---0-------0-
-------0-------0-----
-0---00--0-0---0---0-
----0--0-0-0--0-----0
-0---0-0---0-----0---
---0------00---0---0-
--0--0---00---0---0--
-----0--0---0--0---0-
-0----0---0-------0-0
--00---0--00-000-----

Generation = 4, Population = 143.
----0---1-0-0--------
-00------1---0---2-0-
------2-------2-1-1--
----1--3---2---21--10
2---1---402-0-2------
0---3-02-0-----0---0-
--3-0--1--1-0-11--1-0
---0--1-0---0---1---1
--0--000204020------0
010--3--13-----------
----------02--32--1--
-0-----0---4-0110-1--
0--3---111-031--0--2-
-0-0002--10--0-0--310
--00--1---1--0-------
0-----3---00-0-1--211
-112----1-0010--1---1
-02----1---0----20---
2----0--10-10-22-200-

Generation = 8, Population = 158.
--------110---0---0--
--1-1--0-2---0-----1-
-------04---0--0----1
3-----23----------1--
4---3--1-2610-2-1-1-3
---44-----1----4-1-0-
---1--1----2---11--04
-14----01-1--20----3-
114--0--2---4--41130-
-301-511-43-3-----3-1
---02-----42003----3-
01---4-233-6-03-01---
-30---031--2-3---3-32
--4--02--12--0-0--7-2
--4--0-20---3-0----3-
-0--3-5--12--202-5--3
03-33--111---0--3---5
002-3----34-2---3000-
--4--011-21---3---2--

*** Life<FredkinCell> 3x20 ***

Generation = 0, Population = 35.
--------------------
-0000000000000000000
-0-00000000000-0-000

Generation = 6, Population = 23.
0-132-1---1-1---1-2-
320-222-------0---3-
111413--------------
