*** Life<FredkinCell> 10x10 ***

Generation = 0, Population = 20.
------0--0
--0-----00
0--0--000-
-----00---
-------0--
----------
--0-------
-----0---0
----------
-000---0--

Generation = 100, Population = 49.
+--++++++-
++-+-----+
-++-+-++-+
+---+---+-
+-+-+-+---
-+++-++-++
---+++-++-
-++-+----+
--++---++-
+---++-++-

*** Life<FredkinCell> 5x5 ***

Generation = 0, Population = 10.
-0--0
--00-
000--
00---
-0---

Generation = 20, Population = 15.
-1---
9-9-8
92+-8
+-8-8
613-5

*** Life<FredkinCell> 12x15 ***

Generation = 0, Population = 20.
------0--------
-0-------------
----00-0-----0-
---------0-----
-0-------------
----------0-0--
---0-----------
-0-----0--0----
---------------
-0-0------0----
------------0--
-0------0------

Generation = 100, Population = 88.
-----++--------
-+---++-++++++-
++-+-+-----++++
---++-+++-+-+++
+-++++++--+++-+
-----+----+-+--
---+----+---+-+
-+-++++-+---+-+
9+++++++--+++-+
-+-+-----+++-+-
++--+---+--++--
-+-+--++++++-++

*** Life<FredkinCell> 3x30 ***

Generation = 0, Population = 30.
-0-0--0--0-----0--0-0----0---0
-0-------0--0---00--0-0--0----
0--0-0-00---000-0--00----0-0--

Generation = 100, Population = 35.
--++-+-+--------+--++-+++-+++-
+--+--+-+-------+-----+-++-+--
--+-++-++--+--+++--------++-++

*** Life<FredkinCell> 10x10 ***

Generation = 0, Population = 5.
----------
----------
----------
-----00---
----------
----------
--0-------
-----0----
----------
-0--------

Generation = 1, Population = 19.
----------
----------
-----00---
----0110--
-----00---
--0-------
-0-0-0----
--0-0-0---
-0---0----
0-0-------

Generation = 2, Population = 17.
----------
-----00---
----------
---01--10-
--0-------
------0---
0---0-----
-0-0---0--
--0-------
-0-0-0----

Generation = 3, Population = 42.
-----00---
----0110--
---000000-
---1211210
-0--0-000-
0-0-00-0--
-----000--
--0---0-0-
-0-0-0-0--
0-0---0---

Generation = 4, Population = 12.
----------
----------
--0-------
-00--2---1
----------
-0--------
0-----1---
-----01--0
----------
-0--------

Generation = 5, Population = 30.
----------
--0-------
--10-0---0
01-12-1-1-
--0--0---0
--0---0---
------20-0
0---01-00-
-0---00--0
0-0-------

Generation = 6, Population = 33.
--0-------
-01--1---0
0---0-----
12--3----1
0-1---0---
-010--1---
0-0-0---0-
---01---10
0-----1---
-0-0-00--0

Generation = 7, Population = 53.
--10-0---0
-1-0--1-0-
10101-----
23-1421-1-
1-2-0010-0
01-1-0200-
-01-10201-
---1-110-1
----0-200-
-----1-00-

Generation = 8, Population = 12.
--2-------
-2--------
----------
3----3-2--
----------
-----1----
--2-2-----
-0-----1--
----------
------0--0

Generation = 9, Population = 25.
---0------
0---------
10---0-0--
-3--4---1-
1------0--
--1---2---
-------0--
0---1-1-1-
-0----20-0
-----1-00-

Generation = 10, Population = 33.
0-2-0-----
1--0-1-0--
--1-------
3401---2-1
--2-0-----
01-1-1-0--
0-2-2-2---
---1--2---
--0-0-----
-0--0-0-1-

