*** Life<ConwayCell> 10x10 ***

Generation = 0, Population = 40.
......*..*
*.*.....**
*..*.****.
**...***..
....**.***
*....*....
.***.**.**
.*...*..**
....*.....
.***...*..

Generation = 100, Population = 18.
..........
..........
..........
..........
......**..
.......**.
....*..*.*
....***.**
.....*.*.*
......***.

*** Life<ConwayCell> 1x10 ***

Generation = 0, Population = 4.
.**..**...

Generation = 10, Population = 0.
..........

*** Life<ConwayCell> 30x10 ***

Generation = 0, Population = 50.
......*...
*.*.......
*..*...*..
**........
..........
*.........
........*.
.....*..*.
....*.....
.*.*......
..........
........*.
*....*..*.
......**..
....*..***
*....*....
.**...*..*
.**.......
..........
..*.......
.........*
.........*
......*...
.....**...
.....*...*
..........
.*.*.*..*.
..*..*...*
..........
..*....*..

Generation = 100, Population = 38.
..**..**..
.**.**..*.
..**.....*
....**.**.
..........
.**.*.....
....*.....
.***......
..*.......
..........
..........
..........
....**....
....**....
..........
..........
.....**...
.....**...
..........
..........
..........
..........
..........
..........
..........
...*......
..*.*.....
..*.*.....
...*......
..........

*** Life<ConwayCell> 50x20 ***

Generation = 0, Population = 100.
....................
*...................
................*...
...........*.......*
..................**
.....*..............
*..*.........*......
....................
...............*....
.......*........*...
....................
..*.....*...........
...*...*..*.........
......*..........**.
.......**...........
.........**.........
....................
.*.......*..*..**...
.....*..*...........
....*..*.........*..
........*...........
...............*...*
................*.*.
....................
.*.*..........**....
.......*............
....*.*.*.........*.
.....*.........*....
........**.*........
..*.....*....*...*..
....................
...............*.*..
*....*...***........
......*.............
....*..*.........**.
.............*......
.*...*......*.......
........*.......*...
....*...............
............*.......
......*..*.........*
*.........*.........
....................
*..*......**...**...
...................*
..........*.........
.*.*.....*.*........
..*........*.*......
....*...............
.*..................

Generation = 1000, Population = 42.
....................
....................
....................
..................**
..................**
....................
....................
....................
....................
....................
.....**.............
.....**.............
....................
....................
....................
....................
....................
....................
....................
................**..
................**..
....................
....................
....................
..........*.........
.........*.*........
.........*.*........
..........*.........
....................
......*.....*.......
......*.....*.......
......*.....*.......
....................
........***.........
....................
....................
.....***............
....................
...*.....*..........
...*.....*..........
...*.....*..........
....................
.....***............
....................
...............*....
...............*....
...............*....
....................
....................
....................

