*** Life<Cell> 10x10 ***

Generation = 0, Population = 10.
------0--0
--------0-
------00--
-----00---
----------
----------
--0-------
-----0----
----------
-0--------

Generation = 5, Population = 34.
-0-0-110--
--0-------
-0----.1-0
011-1-0-01
--0----0-1
--0---1---
-----0---0
0---01*-0-
-0---00--0
0-0-------

Generation = 10, Population = 39.
-.-.-.*.-0
*.001*.-0-
-.---*.*0.
*.-1-.....
*----1-***
0-.--1*--*
0-.-0**1-*
----.1.--0
--0-0--00-
-0--0**0.-

*** Life<Cell> 20x20 ***

Generation = 0, Population = 20.
------0-------------
--------------------
---0---0--0-------0-
------0-------------
--------------------
--------------------
------------0-------
---------0-----0----
--------------------
-00----0-----0------
-------------------0
--0-----0-----------
----------------0---
---------------00---
--------------------
--------------------
--------------------
---------------0----
--------------------
--------------------

Generation = 50, Population = 50.
....................
.........*.*..-.....
.......***.**.......
........*...........
.....**.*....**.....
.....*.......***....
.....*.*.*...**.....
......*..*...*......
.*...........****...
*..........*..*..*..
..*.........*.***.-.
...........**.......
*..*........*.*.....
.*.*.........*......
..**................
....................
....................
....................
..........-.........
....................

Generation = 100, Population = 25.
....................
...***..............
..*...*..........**.
..*...*..........**.
..*...*.............
...***..............
..................**
........**........**
........***.........
....................
....................
....................
....................
....................
....................
....................
....................
....................
..........-.........
....................

*** Life<Cell> 40x40 ***

Generation = 0, Population = 100.
---------0------------------------------
------------------------------0----0----
---------------------------0------------
---0--0----0------------------0---------
-------0-------0---0--------0-----0-----
----------------------------------------
00-------0-0----------------------------
--------0-------0------------0----------
--------00---------------------0--------
--0------------------0------------------
-------------------0--------------------
--0-----0-----------0-------------------
----------------0---0--------0------0---
------0-----------0---------------------
-------0-----------0--------------------
----------------------------------------
----0--------------------0--------------
-----------0----------0----------0-0----
-----0----------------------0------0----
--------0---0---0-------0---------------
--------------------------0--0----------
0--------------------------------------0
---0------0-------0------0--------------
------0----0-------0--------------------
-----------------00---------------------
-----0---0------------------------------
---0-0------0-------------0-------------
-0---0---------00-----------------------
------------------------0----------0----
-------0-----0-----------------------0--
--------0-------------------------------
-------------------------------------0--
-------------------------------0--------
---------------000--0-------------------
-0--0-------------0--------------------0
-------0--0----------------------0------
-0-0----0---------0--------------0------
------------0---------------0-----------
----0-----------------------------------
----------------------------------------

Generation = 100, Population = 161.
........................................
...............**.......................
...............**.......................
...**...................................
...**.....**............................
..........*.*......................-....
..........***....................**.....
..........*..*.......-...........**.....
.........***.**.......-.................
.........*...*..........................
..........*..*..........................
..........*.*....................*......
......**........................***.....
.....*.*.......*...............*........
......*........*...**........*..........
...............*.*...*.......*...**.....
...................*..*...*...****......
............*.......*.*..**.............
...........*.*.......*...*.**...........
..........**.**...........**.**.........
..........*****.*.........*..*..........
...........**...*.........*.............
............***...........*.*...........
.......**....*.....*.....**.**..........
.......**.........*.*........*.........-
............*....**.**..............-...
...........*.*....*..*..................
...........*.*....**.**.................
............*......*.*..................
....................*...................
...................................**...
..................*................**...
................**.**.**...**...........
................*.*........**...........
**............*.*.......................
**...........*.**.......................
..............**................**......
..............*.................**......
........................................
........................................

